Feb 13 20:47:40 Manager INFO     : OpenRTM-aist-1.0.0
Feb 13 20:47:40 Manager INFO     : Copyright (C) 2003-2008
Feb 13 20:47:40 Manager INFO     :   Noriaki Ando
Feb 13 20:47:40 Manager INFO     :   Task-intelligence Research Group,
Feb 13 20:47:40 Manager INFO     :   Intelligent Systems Research Institute, AIST
Feb 13 20:47:40 Manager INFO     : Manager starting.
Feb 13 20:47:40 Manager INFO     : Starting local logging.
Feb 13 20:47:40 Manager TRACE    : Manager.initORB()
Feb 13 20:47:40 Manager DEBUG    : corba.args: 
Feb 13 20:47:40 Manager DEBUG    : - config
  - version: 1.0.0
- openrtm
  - version: OpenRTM-aist-1.0.0
- manager
  - instance_name: manager
  - name: manager
  - naming_formats: %h.host_cxt/%n.mgr
  - pid: 1.6.0_26-440123787
  - refstring_path: /var/log/rtcmanager.ref
  - modules
    - load_path: ./
    - abs_path_allowed: YES
  - is_master: NO
  - corba_servant: YES
  - shutdown_on_nortcs: YES
  - shutdown_auto: YES
  - command: rtcd
  - os
    - name: Linux
    - release: UNKNOWN
    - version: 2.6.32-38-generic-pae
    - arch: i386
    - hostname: javatea-desktop
- os
  - name: 
  - release: 
  - version: 
  - arch: 
  - hostname: 
- logger
  - enable: YES
  - file_name: ./rtc1.6.0_26-440123787.log
  - date_format: %b %d %H:%M:%S
  - log_level: PARANOID
  - stream_lock: NO
  - master_logger: 
- module
  - conf_path: 
  - load_path: 
- naming
  - enable: YES
  - type: corba
  - formats: %h.host_cxt/%n.rtc
  - update
    - enable: YES
    - interval: 10.0
- timer
  - enable: YES
  - tick: 0.1
- corba
  - args: 
  - endpoint: 
  - id: omniORB
  - nameservers: localhost
  - master_manager: localhost:2810
  - nameservice
    - replace_endpoint: NO
- exec_cxt
  - periodic
    - type: jp.go.aist.rtm.RTC.executionContext.PeriodicExecutionContext
    - rate: 30.0
  - evdriven
    - type: jp.go.aist.rtm.RTC.executionContext.EventDrivenExecutionContext

Feb 13 20:47:40 Manager DEBUG    : corbaloc: corbaloc:iiop:1.2@localhost:2810/manager
Feb 13 20:47:40 Manager PARANOID : ORB options:  -ORBInitRef manager=corbaloc:iiop:1.2@localhost:2810/manager 
Feb 13 20:47:40 InterceptorInitializer TRACE    : post_init
Feb 13 20:47:40 IopIorInterceptor TRACE    : establish_components()
Feb 13 20:47:40 IopIorInterceptor TRACE    : establish_components()
Feb 13 20:47:40 Manager TRACE    : Manager.initNaming()
Feb 13 20:47:40 Manager TRACE    : Register Naming Server: corba localhost
Feb 13 20:47:40 NamingManager TRACE    : NamingManager.registerNameServer(corba, localhost:2809)
Feb 13 20:47:40 NamingManager TRACE    : createNamingObj(method = corba, nameserver = )localhost:2809
Feb 13 20:47:40 Manager TRACE    : Manager.getORB()
Feb 13 20:47:40 CorbaNaming TRACE    : CorbaNaming.CorbaNaming(localhost:2809)
Feb 13 20:47:40 NamingManager INFO     : NameServer connection succeeded: corba/localhost:2809
Feb 13 20:47:40 Manager TRACE    : Manager.initFactories()
Feb 13 20:47:40 InPortCorbaCdrProvider TRACE    : setInterfaceType(corba_cdr)
Feb 13 20:47:40 InPortCorbaCdrProvider TRACE    : setInterfaceType(corba_cdr)
Feb 13 20:47:40 Manager TRACE    : Manager.initExecContext()
Feb 13 20:47:40 Manager TRACE    : Manager.registerECFactory(jp.go.aist.rtm.RTC.executionContext.PeriodicExecutionContext)
Feb 13 20:47:40 Manager TRACE    : Manager.registerECFactory(jp.go.aist.rtm.RTC.executionContext.ExtTrigExecutionContext)
Feb 13 20:47:40 Manager TRACE    : Manager.registerECFactory(jp.go.aist.rtm.RTC.executionContext.OpenHRPExecutionContext)
Feb 13 20:47:40 Manager TRACE    : Manager.initComposite()
Feb 13 20:47:40 Manager TRACE    : Manager.registerFactory(PeriodicECSharedComposite)
Feb 13 20:47:40 ManagerServant TRACE    : This manager is slave.
Feb 13 20:47:40 ManagerServant TRACE    : findManager(host_port = localhost:2810)
Feb 13 20:47:40 ManagerServant DEBUG    : corbaloc: corbaloc:iiop:1.2@localhost:2810/manager
Feb 13 20:47:40 ManagerServant DEBUG    : CORBA SystemException caught (CORBA.org.omg.CORBA.COMM_FAILURE:   vmcid: SUN  minor code: 201  completed: No)
Feb 13 20:47:40 ManagerServant INFO     : Master manager not found.
Feb 13 20:47:40 Manager TRACE    : Manager.activateManager()
Feb 13 20:47:40 Manager TRACE    : Manager.getPOAManager()
Feb 13 20:47:40 Manager TRACE    : Manager.getPOAManager()
Feb 13 20:47:40 Manager TRACE    : POA Manager activated.
Feb 13 20:47:40 Manager TRACE    : Manager.registerFactory(RS40XCB_ARM)
Feb 13 20:47:40 Manager TRACE    : Manager.createComponent(RS40XCB_ARM)
Feb 13 20:47:40 Manager TRACE    : Manager.procComponentArgs(RS40XCB_ARM)
Feb 13 20:47:40 Manager TRACE    : RTC basic propfile vendor:
Feb 13 20:47:40 Manager TRACE    : RTC basic propfile category:
Feb 13 20:47:40 Manager TRACE    : RTC basic propfile implementation_id:RS40XCB_ARM
Feb 13 20:47:40 Manager TRACE    : RTC basic propfile version:
Feb 13 20:47:40 Manager TRACE    : Manager.getORB()
Feb 13 20:47:40 Manager TRACE    : Manager.getPOA()
Feb 13 20:47:40 Manager TRACE    : Manager.getORB()
Feb 13 20:47:40 Manager TRACE    : Manager.getPOA()
Feb 13 20:47:40 Configuration_impl TRACE    : Configuration_impl.getObjRef()
Feb 13 20:47:40 Torque DEBUG    : Port name: Torque
Feb 13 20:47:40 Torque DEBUG    : setting port.port_type: DataIntPort
Feb 13 20:47:40 Torque DEBUG    : setting dataport.data_type: TimedBooleanSeq
Feb 13 20:47:40 Move DEBUG    : Port name: Move
Feb 13 20:47:40 Move DEBUG    : setting port.port_type: DataIntPort
Feb 13 20:47:40 Move DEBUG    : setting dataport.data_type: TimedLongSeq
Feb 13 20:47:40 Time DEBUG    : Port name: Time
Feb 13 20:47:40 Time DEBUG    : setting port.port_type: DataIntPort
Feb 13 20:47:40 Time DEBUG    : setting dataport.data_type: TimedLongSeq
Feb 13 20:47:40 Angle DEBUG    : Port name: Angle
Feb 13 20:47:40 Angle DEBUG    : setting port.port_type: DataOutPort
Feb 13 20:47:40 Angle DEBUG    : setting dataport.data_type: TimedLongSeq
Feb 13 20:47:40 Angle DEBUG    : available subscription_type: new, flush, periodic
Feb 13 20:47:40 Load DEBUG    : Port name: Load
Feb 13 20:47:40 Load DEBUG    : setting port.port_type: DataOutPort
Feb 13 20:47:40 Load DEBUG    : setting dataport.data_type: TimedLongSeq
Feb 13 20:47:40 Load DEBUG    : available subscription_type: new, flush, periodic
Feb 13 20:47:40 Speed DEBUG    : Port name: Speed
Feb 13 20:47:40 Speed DEBUG    : setting port.port_type: DataOutPort
Feb 13 20:47:40 Speed DEBUG    : setting dataport.data_type: TimedLongSeq
Feb 13 20:47:40 Speed DEBUG    : available subscription_type: new, flush, periodic
Feb 13 20:47:40 Temperature DEBUG    : Port name: Temperature
Feb 13 20:47:40 Temperature DEBUG    : setting port.port_type: DataOutPort
Feb 13 20:47:40 Temperature DEBUG    : setting dataport.data_type: TimedLongSeq
Feb 13 20:47:40 Temperature DEBUG    : available subscription_type: new, flush, periodic
Feb 13 20:47:40 Voltage DEBUG    : Port name: Voltage
Feb 13 20:47:40 Voltage DEBUG    : setting port.port_type: DataOutPort
Feb 13 20:47:40 Voltage DEBUG    : setting dataport.data_type: TimedLongSeq
Feb 13 20:47:40 Voltage DEBUG    : available subscription_type: new, flush, periodic
Feb 13 20:47:40 RTObject_impl TRACE    : RTObject_impl.setProperties()
Feb 13 20:47:40 Configuration_impl TRACE    : Configuration_impl.getDeviceProfile()
Feb 13 20:47:40 Configuration_impl TRACE    : Configuration_impl.set_device_profile()
Feb 13 20:47:40 RTObject_impl TRACE    : RTObject_impl.getTypeName()
Feb 13 20:47:40 RTObject_impl TRACE    : RTObject_impl.setInstanceName(RS40XCB_ARM0)
Feb 13 20:47:40 Manager TRACE    : RTC Created: 
Feb 13 20:47:40 RTObject_impl TRACE    : RTObject_impl.getCategory()
Feb 13 20:47:40 RTObject_impl TRACE    : RTObject_impl.getTypeName()
Feb 13 20:47:40 RTObject_impl TRACE    : RTObject_impl.getInstanceName()
Feb 13 20:47:40 RTObject_impl TRACE    : RTObject_impl.setProperties()
Feb 13 20:47:40 Configuration_impl TRACE    : Configuration_impl.getDeviceProfile()
Feb 13 20:47:40 Configuration_impl TRACE    : Configuration_impl.set_device_profile()
Feb 13 20:47:40 RTObject_impl TRACE    : RTObject_impl.setProperties()
Feb 13 20:47:40 Configuration_impl TRACE    : Configuration_impl.getDeviceProfile()
Feb 13 20:47:40 Configuration_impl TRACE    : Configuration_impl.set_device_profile()
Feb 13 20:47:40 RTObject_impl TRACE    : RTObject_impl.getProperties()
Feb 13 20:47:40 RTObject_impl TRACE    : RTObject_impl.getProperties()
Feb 13 20:47:40 RTObject_impl TRACE    : RTObject_impl.getProperties()
Feb 13 20:47:40 RTObject_impl TRACE    : RTObject_impl.getProperties()
Feb 13 20:47:40 RTObject_impl TRACE    : RTObject_impl.initialize()
Feb 13 20:47:40 Manager TRACE    : Manager.createContext(jp.go.aist.rtm.RTC.executionContext.PeriodicExecutionContext?rate=30.0)
Feb 13 20:47:40 Manager TRACE    : ExecutionContext type: jp.go.aist.rtm.RTC.executionContext.PeriodicExecutionContext
Feb 13 20:47:40 Manager TRACE    : Manager.procContextArgs(jp.go.aist.rtm.RTC.executionContext.PeriodicExecutionContext?rate=30.0,)
Feb 13 20:47:40 Manager TRACE    : EC property rate:30.0
Feb 13 20:47:40 PeriodicExecutionContext TRACE    : PeriodicExecutionContext.set_rate(30.0)
Feb 13 20:47:40 PeriodicExecutionContext TRACE    : PeriodicExecutionContext.getObjRef()
Feb 13 20:47:40 PeriodicExecutionContext TRACE    : PeriodicExecutionContext.bindComponent()
Feb 13 20:47:40 RTObject_impl TRACE    : RTObject_impl.getObjRef()
Feb 13 20:47:40 RTObject_impl TRACE    : RTObject_impl.bindContext()
Feb 13 20:47:40 PeriodicExecutionContext DEBUG    : bindComponent() returns id = 0
Feb 13 20:47:40 RTObject_impl TRACE    : RTObject_impl.on_initialize()
Feb 13 20:47:40 RTObject_impl TRACE    : addInPort(Torque)
Feb 13 20:47:40 RTObject_impl TRACE    : addPort(PortBase)
Feb 13 20:47:40 RTObject_impl TRACE    : RTObject_impl.getObjRef()
Feb 13 20:47:40 RTObject_impl TRACE    : RTObject_impl.get_component_profile()
Feb 13 20:47:40 Torque TRACE    : setOwner(RS40XCB_ARM0)
Feb 13 20:47:40 Torque TRACE    : getName() = RS40XCB_ARM0.Torque
Feb 13 20:47:40 Torque TRACE    : get_port_profile()
Feb 13 20:47:40 Torque TRACE    : init()
Feb 13 20:47:40 Torque DEBUG    : single buffer mode.
Feb 13 20:47:40 Torque TRACE    : initProviders()
Feb 13 20:47:40 Torque DEBUG    : available providers: [corba_cdr]
Feb 13 20:47:40 Torque DEBUG    : dataflow_type push is supported
Feb 13 20:47:40 Torque TRACE    : iinitConsumers()
Feb 13 20:47:40 Torque DEBUG    : available consumer: corba_cdr
Feb 13 20:47:40 Torque DEBUG    : dataflow_type pull is supported
Feb 13 20:47:40 RTObject_impl TRACE    : addInPort(Move)
Feb 13 20:47:40 RTObject_impl TRACE    : addPort(PortBase)
Feb 13 20:47:40 RTObject_impl TRACE    : RTObject_impl.getObjRef()
Feb 13 20:47:40 RTObject_impl TRACE    : RTObject_impl.get_component_profile()
Feb 13 20:47:40 Torque TRACE    : get_port_profile()
Feb 13 20:47:40 Move TRACE    : setOwner(RS40XCB_ARM0)
Feb 13 20:47:40 Move TRACE    : getName() = RS40XCB_ARM0.Move
Feb 13 20:47:40 Torque TRACE    : get_port_profile()
Feb 13 20:47:40 Move TRACE    : get_port_profile()
Feb 13 20:47:40 Torque TRACE    : get_port_profile()
Feb 13 20:47:40 Move TRACE    : init()
Feb 13 20:47:40 Move DEBUG    : single buffer mode.
Feb 13 20:47:40 Move TRACE    : initProviders()
Feb 13 20:47:40 Move DEBUG    : available providers: [corba_cdr]
Feb 13 20:47:40 Move DEBUG    : dataflow_type push is supported
Feb 13 20:47:40 Move TRACE    : iinitConsumers()
Feb 13 20:47:40 Move DEBUG    : available consumer: corba_cdr
Feb 13 20:47:40 Move DEBUG    : dataflow_type pull is supported
Feb 13 20:47:40 RTObject_impl TRACE    : addInPort(Time)
Feb 13 20:47:40 RTObject_impl TRACE    : addPort(PortBase)
Feb 13 20:47:40 RTObject_impl TRACE    : RTObject_impl.getObjRef()
Feb 13 20:47:40 RTObject_impl TRACE    : RTObject_impl.get_component_profile()
Feb 13 20:47:40 Torque TRACE    : get_port_profile()
Feb 13 20:47:40 Move TRACE    : get_port_profile()
Feb 13 20:47:40 Time TRACE    : setOwner(RS40XCB_ARM0)
Feb 13 20:47:40 Time TRACE    : getName() = RS40XCB_ARM0.Time
Feb 13 20:47:40 Torque TRACE    : get_port_profile()
Feb 13 20:47:40 Move TRACE    : get_port_profile()
Feb 13 20:47:40 Time TRACE    : get_port_profile()
Feb 13 20:47:40 Torque TRACE    : get_port_profile()
Feb 13 20:47:40 Move TRACE    : get_port_profile()
Feb 13 20:47:40 Time TRACE    : init()
Feb 13 20:47:40 Time DEBUG    : single buffer mode.
Feb 13 20:47:40 Time TRACE    : initProviders()
Feb 13 20:47:40 Time DEBUG    : available providers: [corba_cdr]
Feb 13 20:47:40 Time DEBUG    : dataflow_type push is supported
Feb 13 20:47:40 Time TRACE    : iinitConsumers()
Feb 13 20:47:40 Time DEBUG    : available consumer: corba_cdr
Feb 13 20:47:40 Time DEBUG    : dataflow_type pull is supported
Feb 13 20:47:40 RTObject_impl TRACE    : addOutPort(Angle)
Feb 13 20:47:40 RTObject_impl TRACE    : addPort(PortBase)
Feb 13 20:47:40 RTObject_impl TRACE    : RTObject_impl.getObjRef()
Feb 13 20:47:40 RTObject_impl TRACE    : RTObject_impl.get_component_profile()
Feb 13 20:47:40 Torque TRACE    : get_port_profile()
Feb 13 20:47:40 Move TRACE    : get_port_profile()
Feb 13 20:47:40 Time TRACE    : get_port_profile()
Feb 13 20:47:40 Angle TRACE    : setOwner(RS40XCB_ARM0)
Feb 13 20:47:40 Angle TRACE    : getName() = RS40XCB_ARM0.Angle
Feb 13 20:47:40 Torque TRACE    : get_port_profile()
Feb 13 20:47:40 Move TRACE    : get_port_profile()
Feb 13 20:47:40 Time TRACE    : get_port_profile()
Feb 13 20:47:40 Angle TRACE    : get_port_profile()
Feb 13 20:47:40 Torque TRACE    : get_port_profile()
Feb 13 20:47:40 Move TRACE    : get_port_profile()
Feb 13 20:47:40 Time TRACE    : get_port_profile()
Feb 13 20:47:40 Angle TRACE    : init()
Feb 13 20:47:40 Angle PARANOID : given properties:
Feb 13 20:47:40 Angle DEBUG    : 
Feb 13 20:47:40 Angle PARANOID : updated properties:
Feb 13 20:47:40 Angle DEBUG    : 
Feb 13 20:47:40 Angle TRACE    : initConsumers()
Feb 13 20:47:40 Angle DEBUG    : available InPortConsumer: [corba_cdr]
Feb 13 20:47:40 Angle DEBUG    : dataflow_type pull is supported
Feb 13 20:47:40 Angle TRACE    : initProviders()
Feb 13 20:47:40 Angle DEBUG    : available providers: [corba_cdr]
Feb 13 20:47:40 Angle DEBUG    : dataflow_type pull is supported
Feb 13 20:47:40 RTObject_impl TRACE    : addOutPort(Load)
Feb 13 20:47:40 RTObject_impl TRACE    : addPort(PortBase)
Feb 13 20:47:40 RTObject_impl TRACE    : RTObject_impl.getObjRef()
Feb 13 20:47:40 RTObject_impl TRACE    : RTObject_impl.get_component_profile()
Feb 13 20:47:40 Torque TRACE    : get_port_profile()
Feb 13 20:47:40 Move TRACE    : get_port_profile()
Feb 13 20:47:40 Time TRACE    : get_port_profile()
Feb 13 20:47:40 Angle TRACE    : get_port_profile()
Feb 13 20:47:40 Load TRACE    : setOwner(RS40XCB_ARM0)
Feb 13 20:47:40 Load TRACE    : getName() = RS40XCB_ARM0.Load
Feb 13 20:47:40 Torque TRACE    : get_port_profile()
Feb 13 20:47:40 Move TRACE    : get_port_profile()
Feb 13 20:47:40 Time TRACE    : get_port_profile()
Feb 13 20:47:40 Angle TRACE    : get_port_profile()
Feb 13 20:47:40 Load TRACE    : get_port_profile()
Feb 13 20:47:40 Torque TRACE    : get_port_profile()
Feb 13 20:47:40 Move TRACE    : get_port_profile()
Feb 13 20:47:40 Time TRACE    : get_port_profile()
Feb 13 20:47:40 Angle TRACE    : get_port_profile()
Feb 13 20:47:40 Load TRACE    : init()
Feb 13 20:47:40 Load PARANOID : given properties:
Feb 13 20:47:40 Load DEBUG    : 
Feb 13 20:47:40 Load PARANOID : updated properties:
Feb 13 20:47:40 Load DEBUG    : 
Feb 13 20:47:40 Load TRACE    : initConsumers()
Feb 13 20:47:40 Load DEBUG    : available InPortConsumer: [corba_cdr]
Feb 13 20:47:40 Load DEBUG    : dataflow_type pull is supported
Feb 13 20:47:40 Load TRACE    : initProviders()
Feb 13 20:47:40 Load DEBUG    : available providers: [corba_cdr]
Feb 13 20:47:40 Load DEBUG    : dataflow_type pull is supported
Feb 13 20:47:40 RTObject_impl TRACE    : addOutPort(Speed)
Feb 13 20:47:40 RTObject_impl TRACE    : addPort(PortBase)
Feb 13 20:47:40 RTObject_impl TRACE    : RTObject_impl.getObjRef()
Feb 13 20:47:40 RTObject_impl TRACE    : RTObject_impl.get_component_profile()
Feb 13 20:47:40 Torque TRACE    : get_port_profile()
Feb 13 20:47:40 Move TRACE    : get_port_profile()
Feb 13 20:47:40 Time TRACE    : get_port_profile()
Feb 13 20:47:40 Angle TRACE    : get_port_profile()
Feb 13 20:47:40 Load TRACE    : get_port_profile()
Feb 13 20:47:40 Speed TRACE    : setOwner(RS40XCB_ARM0)
Feb 13 20:47:40 Speed TRACE    : getName() = RS40XCB_ARM0.Speed
Feb 13 20:47:40 Torque TRACE    : get_port_profile()
Feb 13 20:47:40 Move TRACE    : get_port_profile()
Feb 13 20:47:40 Time TRACE    : get_port_profile()
Feb 13 20:47:40 Angle TRACE    : get_port_profile()
Feb 13 20:47:40 Load TRACE    : get_port_profile()
Feb 13 20:47:40 Speed TRACE    : get_port_profile()
Feb 13 20:47:40 Torque TRACE    : get_port_profile()
Feb 13 20:47:40 Move TRACE    : get_port_profile()
Feb 13 20:47:40 Time TRACE    : get_port_profile()
Feb 13 20:47:40 Angle TRACE    : get_port_profile()
Feb 13 20:47:40 Load TRACE    : get_port_profile()
Feb 13 20:47:40 Speed TRACE    : init()
Feb 13 20:47:40 Speed PARANOID : given properties:
Feb 13 20:47:40 Speed DEBUG    : 
Feb 13 20:47:40 Speed PARANOID : updated properties:
Feb 13 20:47:40 Speed DEBUG    : 
Feb 13 20:47:40 Speed TRACE    : initConsumers()
Feb 13 20:47:40 Speed DEBUG    : available InPortConsumer: [corba_cdr]
Feb 13 20:47:40 Speed DEBUG    : dataflow_type pull is supported
Feb 13 20:47:40 Speed TRACE    : initProviders()
Feb 13 20:47:40 Speed DEBUG    : available providers: [corba_cdr]
Feb 13 20:47:40 Speed DEBUG    : dataflow_type pull is supported
Feb 13 20:47:40 RTObject_impl TRACE    : addOutPort(Temperature)
Feb 13 20:47:40 RTObject_impl TRACE    : addPort(PortBase)
Feb 13 20:47:40 RTObject_impl TRACE    : RTObject_impl.getObjRef()
Feb 13 20:47:40 RTObject_impl TRACE    : RTObject_impl.get_component_profile()
Feb 13 20:47:40 Torque TRACE    : get_port_profile()
Feb 13 20:47:40 Move TRACE    : get_port_profile()
Feb 13 20:47:40 Time TRACE    : get_port_profile()
Feb 13 20:47:40 Angle TRACE    : get_port_profile()
Feb 13 20:47:40 Load TRACE    : get_port_profile()
Feb 13 20:47:40 Speed TRACE    : get_port_profile()
Feb 13 20:47:40 Temperature TRACE    : setOwner(RS40XCB_ARM0)
Feb 13 20:47:40 Temperature TRACE    : getName() = RS40XCB_ARM0.Temperature
Feb 13 20:47:40 Torque TRACE    : get_port_profile()
Feb 13 20:47:40 Move TRACE    : get_port_profile()
Feb 13 20:47:40 Time TRACE    : get_port_profile()
Feb 13 20:47:40 Angle TRACE    : get_port_profile()
Feb 13 20:47:40 Load TRACE    : get_port_profile()
Feb 13 20:47:40 Speed TRACE    : get_port_profile()
Feb 13 20:47:40 Temperature TRACE    : get_port_profile()
Feb 13 20:47:40 Torque TRACE    : get_port_profile()
Feb 13 20:47:40 Move TRACE    : get_port_profile()
Feb 13 20:47:40 Time TRACE    : get_port_profile()
Feb 13 20:47:40 Angle TRACE    : get_port_profile()
Feb 13 20:47:40 Load TRACE    : get_port_profile()
Feb 13 20:47:40 Speed TRACE    : get_port_profile()
Feb 13 20:47:40 Temperature TRACE    : init()
Feb 13 20:47:40 Temperature PARANOID : given properties:
Feb 13 20:47:40 Temperature DEBUG    : 
Feb 13 20:47:40 Temperature PARANOID : updated properties:
Feb 13 20:47:40 Temperature DEBUG    : 
Feb 13 20:47:40 Temperature TRACE    : initConsumers()
Feb 13 20:47:40 Temperature DEBUG    : available InPortConsumer: [corba_cdr]
Feb 13 20:47:40 Temperature DEBUG    : dataflow_type pull is supported
Feb 13 20:47:40 Temperature TRACE    : initProviders()
Feb 13 20:47:40 Temperature DEBUG    : available providers: [corba_cdr]
Feb 13 20:47:40 Temperature DEBUG    : dataflow_type pull is supported
Feb 13 20:47:40 RTObject_impl TRACE    : addOutPort(Voltage)
Feb 13 20:47:40 RTObject_impl TRACE    : addPort(PortBase)
Feb 13 20:47:40 RTObject_impl TRACE    : RTObject_impl.getObjRef()
Feb 13 20:47:40 RTObject_impl TRACE    : RTObject_impl.get_component_profile()
Feb 13 20:47:40 Torque TRACE    : get_port_profile()
Feb 13 20:47:40 Move TRACE    : get_port_profile()
Feb 13 20:47:40 Time TRACE    : get_port_profile()
Feb 13 20:47:40 Angle TRACE    : get_port_profile()
Feb 13 20:47:40 Load TRACE    : get_port_profile()
Feb 13 20:47:40 Speed TRACE    : get_port_profile()
Feb 13 20:47:40 Temperature TRACE    : get_port_profile()
Feb 13 20:47:40 Voltage TRACE    : setOwner(RS40XCB_ARM0)
Feb 13 20:47:40 Voltage TRACE    : getName() = RS40XCB_ARM0.Voltage
Feb 13 20:47:40 Torque TRACE    : get_port_profile()
Feb 13 20:47:40 Move TRACE    : get_port_profile()
Feb 13 20:47:40 Time TRACE    : get_port_profile()
Feb 13 20:47:40 Angle TRACE    : get_port_profile()
Feb 13 20:47:40 Load TRACE    : get_port_profile()
Feb 13 20:47:40 Speed TRACE    : get_port_profile()
Feb 13 20:47:40 Temperature TRACE    : get_port_profile()
Feb 13 20:47:40 Voltage TRACE    : get_port_profile()
Feb 13 20:47:40 Torque TRACE    : get_port_profile()
Feb 13 20:47:40 Move TRACE    : get_port_profile()
Feb 13 20:47:40 Time TRACE    : get_port_profile()
Feb 13 20:47:40 Angle TRACE    : get_port_profile()
Feb 13 20:47:40 Load TRACE    : get_port_profile()
Feb 13 20:47:40 Speed TRACE    : get_port_profile()
Feb 13 20:47:40 Temperature TRACE    : get_port_profile()
Feb 13 20:47:40 Voltage TRACE    : init()
Feb 13 20:47:40 Voltage PARANOID : given properties:
Feb 13 20:47:40 Voltage DEBUG    : 
Feb 13 20:47:40 Voltage PARANOID : updated properties:
Feb 13 20:47:40 Voltage DEBUG    : 
Feb 13 20:47:40 Voltage TRACE    : initConsumers()
Feb 13 20:47:40 Voltage DEBUG    : available InPortConsumer: [corba_cdr]
Feb 13 20:47:40 Voltage DEBUG    : dataflow_type pull is supported
Feb 13 20:47:40 Voltage TRACE    : initProviders()
Feb 13 20:47:40 Voltage DEBUG    : available providers: [corba_cdr]
Feb 13 20:47:40 Voltage DEBUG    : dataflow_type pull is supported
Feb 13 20:47:40 RTObject_impl TRACE    : RTObject_impl.bindParameter(portname,/dev/ttyUSB0)
Feb 13 20:47:40 RTObject_impl TRACE    : RTObject_impl.bindParameter(baudrate,115200)
Feb 13 20:47:40 RTObject_impl TRACE    : RTObject_impl.bindParameter(startID,1)
Feb 13 20:47:40 RTObject_impl TRACE    : RTObject_impl.bindParameter(endID,7)
Feb 13 20:47:40 RTObject_impl TRACE    : RTObject_impl.onInitialize()
Feb 13 20:47:40 RTObject_impl DEBUG    : EC[0] starting
Feb 13 20:47:40 PeriodicExecutionContext TRACE    : PeriodicExecutionContext.start()
Feb 13 20:47:40 RTObject_impl TRACE    : RTObject_impl.on_startup(0)
Feb 13 20:47:40 RTObject_impl TRACE    : RTObject_impl.onStartup(0)
Feb 13 20:47:40 PeriodicExecutionContext TRACE    : PeriodicExecutionContext.open()
Feb 13 20:47:40 PeriodicExecutionContext TRACE    : PeriodicExecutionContext.run()
Feb 13 20:47:40 Manager TRACE    : RTC initialization succeeded: 
Feb 13 20:47:40 PeriodicExecutionContext TRACE    : PeriodicExecutionContext.svc()
Feb 13 20:47:40 RTObject_impl TRACE    : RTObject_impl.getInstanceName()
Feb 13 20:47:40 Manager TRACE    : Manager.registerComponent(RS40XCB_ARM0)
Feb 13 20:47:40 RTObject_impl TRACE    : RTObject_impl.getInstanceName()
Feb 13 20:47:40 RTObject_impl TRACE    : RTObject_impl.getNamingNames()
Feb 13 20:47:40 Manager TRACE    : Bind name: javatea-desktop.host_cxt/RS40XCB_ARM0.rtc
Feb 13 20:47:40 NamingManager TRACE    : NamingManager.bindObject(javatea-desktop.host_cxt/RS40XCB_ARM0.rtc)
Feb 13 20:47:40 RTObject_impl TRACE    : RTObject_impl.getObjRef()
Feb 13 20:47:40 CorbaNaming TRACE    : in  CorbaNaming.rebindByString(javatea-desktop.host_cxt/RS40XCB_ARM0.rtc)
Feb 13 20:47:40 CorbaNaming TRACE    : in  CorbaNaming.rebind([Lorg.omg.CosNaming.NameComponent;@7ecd78,true)
Feb 13 20:47:40 CorbaNaming TRACE    :     isNamingContext is false.
Feb 13 20:47:40 CorbaNaming TRACE    : out  CorbaNaming.rebind()
Feb 13 20:47:40 CorbaNaming TRACE    : out CorbaNaming.rebindByString(javatea-desktop.host_cxt/RS40XCB_ARM0.rtc)
Feb 13 20:47:40 Manager TRACE    : Manager.runManager(): blocking mode
Feb 13 20:47:41 Manager VERBOSE  : Manager.cleanupComponents()
Feb 13 20:47:41 Manager VERBOSE  : 0 components are marked as finalized.
Feb 13 20:47:42 Manager VERBOSE  : Manager.cleanupComponents()
Feb 13 20:47:42 Manager VERBOSE  : 0 components are marked as finalized.
Feb 13 20:47:42 RTObject_impl TRACE    : RTObject_impl.get_component_profile()
Feb 13 20:47:42 Torque TRACE    : get_port_profile()
Feb 13 20:47:42 Move TRACE    : get_port_profile()
Feb 13 20:47:42 Time TRACE    : get_port_profile()
Feb 13 20:47:42 Angle TRACE    : get_port_profile()
Feb 13 20:47:42 Load TRACE    : get_port_profile()
Feb 13 20:47:42 Speed TRACE    : get_port_profile()
Feb 13 20:47:42 Temperature TRACE    : get_port_profile()
Feb 13 20:47:42 Voltage TRACE    : get_port_profile()
Feb 13 20:47:42 RTObject_impl TRACE    : RTObject_impl.get_configuration()
Feb 13 20:47:42 RTObject_impl TRACE    : RTObject_impl.get_owned_contexts()
Feb 13 20:47:42 RTObject_impl TRACE    : RTObject_impl.get_participating_contexts()
Feb 13 20:47:42 PeriodicExecutionContext TRACE    : PeriodicExecutionContext.get_component_state()
Feb 13 20:47:42 PeriodicExecutionContext TRACE    : PeriodicExecutionContext.is_running()
Feb 13 20:47:42 Configuration_impl TRACE    : Configuration_impl.get_configuration_sets()
Feb 13 20:47:42 Configuration_impl TRACE    : Configuration_impl.get_active_configuration_set()
Feb 13 20:47:42 RTObject_impl TRACE    : RTObject_impl.get_owned_organizations()
Feb 13 20:47:42 PeriodicExecutionContext TRACE    : PeriodicExecutionContext.get_profile()
Feb 13 20:47:42 PeriodicExecutionContext TRACE    : PeriodicExecutionContext.is_running()
Feb 13 20:47:42 RTObject_impl TRACE    : RTObject_impl.get_context_handle()
Feb 13 20:47:42 PeriodicExecutionContext TRACE    : PeriodicExecutionContext.get_profile()
Feb 13 20:47:42 PeriodicExecutionContext TRACE    : PeriodicExecutionContext.is_running()
Feb 13 20:47:43 RTObject_impl TRACE    : RTObject_impl.get_component_profile()
Feb 13 20:47:43 Torque TRACE    : get_port_profile()
Feb 13 20:47:43 Move TRACE    : get_port_profile()
Feb 13 20:47:43 Time TRACE    : get_port_profile()
Feb 13 20:47:43 Angle TRACE    : get_port_profile()
Feb 13 20:47:43 Load TRACE    : get_port_profile()
Feb 13 20:47:43 Speed TRACE    : get_port_profile()
Feb 13 20:47:43 Temperature TRACE    : get_port_profile()
Feb 13 20:47:43 Voltage TRACE    : get_port_profile()
Feb 13 20:47:43 RTObject_impl TRACE    : RTObject_impl.get_owned_contexts()
Feb 13 20:47:43 RTObject_impl TRACE    : RTObject_impl.get_participating_contexts()
Feb 13 20:47:43 PeriodicExecutionContext TRACE    : PeriodicExecutionContext.get_component_state()
Feb 13 20:47:43 PeriodicExecutionContext TRACE    : PeriodicExecutionContext.is_running()
Feb 13 20:47:43 Configuration_impl TRACE    : Configuration_impl.get_configuration_sets()
Feb 13 20:47:43 Configuration_impl TRACE    : Configuration_impl.get_active_configuration_set()
Feb 13 20:47:43 PeriodicExecutionContext TRACE    : PeriodicExecutionContext.get_profile()
Feb 13 20:47:43 PeriodicExecutionContext TRACE    : PeriodicExecutionContext.is_running()
Feb 13 20:47:43 RTObject_impl TRACE    : RTObject_impl.get_context_handle()
Feb 13 20:47:43 Manager VERBOSE  : Manager.cleanupComponents()
Feb 13 20:47:43 Manager VERBOSE  : 0 components are marked as finalized.
Feb 13 20:47:43 PeriodicExecutionContext TRACE    : PeriodicExecutionContext.get_profile()
Feb 13 20:47:43 PeriodicExecutionContext TRACE    : PeriodicExecutionContext.is_running()
Feb 13 20:47:43 RTObject_impl TRACE    : RTObject_impl.get_component_profile()
Feb 13 20:47:43 Torque TRACE    : get_port_profile()
Feb 13 20:47:43 Move TRACE    : get_port_profile()
Feb 13 20:47:43 Time TRACE    : get_port_profile()
Feb 13 20:47:43 Angle TRACE    : get_port_profile()
Feb 13 20:47:43 Load TRACE    : get_port_profile()
Feb 13 20:47:43 Speed TRACE    : get_port_profile()
Feb 13 20:47:43 Temperature TRACE    : get_port_profile()
Feb 13 20:47:43 Voltage TRACE    : get_port_profile()
Feb 13 20:47:43 RTObject_impl TRACE    : RTObject_impl.get_owned_contexts()
Feb 13 20:47:43 RTObject_impl TRACE    : RTObject_impl.get_participating_contexts()
Feb 13 20:47:43 PeriodicExecutionContext TRACE    : PeriodicExecutionContext.get_component_state()
Feb 13 20:47:43 PeriodicExecutionContext TRACE    : PeriodicExecutionContext.is_running()
Feb 13 20:47:43 Configuration_impl TRACE    : Configuration_impl.get_configuration_sets()
Feb 13 20:47:43 Configuration_impl TRACE    : Configuration_impl.get_active_configuration_set()
Feb 13 20:47:43 PeriodicExecutionContext TRACE    : PeriodicExecutionContext.get_profile()
Feb 13 20:47:43 PeriodicExecutionContext TRACE    : PeriodicExecutionContext.is_running()
Feb 13 20:47:44 Manager VERBOSE  : Manager.cleanupComponents()
Feb 13 20:47:44 Manager VERBOSE  : 0 components are marked as finalized.
Feb 13 20:47:44 RTObject_impl TRACE    : RTObject_impl.get_component_profile()
Feb 13 20:47:44 Torque TRACE    : get_port_profile()
Feb 13 20:47:44 Move TRACE    : get_port_profile()
Feb 13 20:47:44 Time TRACE    : get_port_profile()
Feb 13 20:47:44 Angle TRACE    : get_port_profile()
Feb 13 20:47:44 Load TRACE    : get_port_profile()
Feb 13 20:47:44 Speed TRACE    : get_port_profile()
Feb 13 20:47:44 Temperature TRACE    : get_port_profile()
Feb 13 20:47:44 Voltage TRACE    : get_port_profile()
Feb 13 20:47:44 RTObject_impl TRACE    : RTObject_impl.get_owned_contexts()
Feb 13 20:47:44 RTObject_impl TRACE    : RTObject_impl.get_participating_contexts()
Feb 13 20:47:44 PeriodicExecutionContext TRACE    : PeriodicExecutionContext.get_component_state()
Feb 13 20:47:44 PeriodicExecutionContext TRACE    : PeriodicExecutionContext.is_running()
Feb 13 20:47:44 Configuration_impl TRACE    : Configuration_impl.get_configuration_sets()
Feb 13 20:47:44 Configuration_impl TRACE    : Configuration_impl.get_active_configuration_set()
Feb 13 20:47:44 PeriodicExecutionContext TRACE    : PeriodicExecutionContext.get_profile()
Feb 13 20:47:44 PeriodicExecutionContext TRACE    : PeriodicExecutionContext.is_running()
Feb 13 20:47:45 Manager VERBOSE  : Manager.cleanupComponents()
Feb 13 20:47:45 Manager VERBOSE  : 0 components are marked as finalized.
Feb 13 20:47:45 RTObject_impl TRACE    : RTObject_impl.get_component_profile()
Feb 13 20:47:45 Torque TRACE    : get_port_profile()
Feb 13 20:47:45 Move TRACE    : get_port_profile()
Feb 13 20:47:45 Time TRACE    : get_port_profile()
Feb 13 20:47:45 Angle TRACE    : get_port_profile()
Feb 13 20:47:45 Load TRACE    : get_port_profile()
Feb 13 20:47:45 Speed TRACE    : get_port_profile()
Feb 13 20:47:45 Temperature TRACE    : get_port_profile()
Feb 13 20:47:45 Voltage TRACE    : get_port_profile()
Feb 13 20:47:45 RTObject_impl TRACE    : RTObject_impl.get_owned_contexts()
Feb 13 20:47:45 RTObject_impl TRACE    : RTObject_impl.get_participating_contexts()
Feb 13 20:47:45 PeriodicExecutionContext TRACE    : PeriodicExecutionContext.get_component_state()
Feb 13 20:47:45 PeriodicExecutionContext TRACE    : PeriodicExecutionContext.is_running()
Feb 13 20:47:45 Configuration_impl TRACE    : Configuration_impl.get_configuration_sets()
Feb 13 20:47:45 Configuration_impl TRACE    : Configuration_impl.get_active_configuration_set()
Feb 13 20:47:45 PeriodicExecutionContext TRACE    : PeriodicExecutionContext.get_profile()
Feb 13 20:47:45 PeriodicExecutionContext TRACE    : PeriodicExecutionContext.is_running()
Feb 13 20:47:46 Manager VERBOSE  : Manager.cleanupComponents()
Feb 13 20:47:46 Manager VERBOSE  : 0 components are marked as finalized.
Feb 13 20:47:46 RTObject_impl TRACE    : RTObject_impl.get_component_profile()
Feb 13 20:47:46 Torque TRACE    : get_port_profile()
Feb 13 20:47:46 Move TRACE    : get_port_profile()
Feb 13 20:47:46 Time TRACE    : get_port_profile()
Feb 13 20:47:46 Angle TRACE    : get_port_profile()
Feb 13 20:47:46 Load TRACE    : get_port_profile()
Feb 13 20:47:46 Speed TRACE    : get_port_profile()
Feb 13 20:47:46 Temperature TRACE    : get_port_profile()
Feb 13 20:47:46 Voltage TRACE    : get_port_profile()
Feb 13 20:47:46 RTObject_impl TRACE    : RTObject_impl.get_owned_contexts()
Feb 13 20:47:46 RTObject_impl TRACE    : RTObject_impl.get_participating_contexts()
Feb 13 20:47:46 PeriodicExecutionContext TRACE    : PeriodicExecutionContext.get_component_state()
Feb 13 20:47:46 PeriodicExecutionContext TRACE    : PeriodicExecutionContext.is_running()
Feb 13 20:47:46 Configuration_impl TRACE    : Configuration_impl.get_configuration_sets()
Feb 13 20:47:46 Configuration_impl TRACE    : Configuration_impl.get_active_configuration_set()
Feb 13 20:47:46 PeriodicExecutionContext TRACE    : PeriodicExecutionContext.get_profile()
Feb 13 20:47:46 PeriodicExecutionContext TRACE    : PeriodicExecutionContext.is_running()
Feb 13 20:47:47 Manager VERBOSE  : Manager.cleanupComponents()
Feb 13 20:47:47 Manager VERBOSE  : 0 components are marked as finalized.
Feb 13 20:47:47 RTObject_impl TRACE    : RTObject_impl.get_component_profile()
Feb 13 20:47:47 Torque TRACE    : get_port_profile()
Feb 13 20:47:47 Move TRACE    : get_port_profile()
Feb 13 20:47:47 Time TRACE    : get_port_profile()
Feb 13 20:47:47 Angle TRACE    : get_port_profile()
Feb 13 20:47:47 Load TRACE    : get_port_profile()
Feb 13 20:47:47 Speed TRACE    : get_port_profile()
Feb 13 20:47:47 Temperature TRACE    : get_port_profile()
Feb 13 20:47:47 Voltage TRACE    : get_port_profile()
Feb 13 20:47:47 RTObject_impl TRACE    : RTObject_impl.get_owned_contexts()
Feb 13 20:47:47 RTObject_impl TRACE    : RTObject_impl.get_participating_contexts()
Feb 13 20:47:47 PeriodicExecutionContext TRACE    : PeriodicExecutionContext.get_component_state()
Feb 13 20:47:47 PeriodicExecutionContext TRACE    : PeriodicExecutionContext.is_running()
Feb 13 20:47:47 Configuration_impl TRACE    : Configuration_impl.get_configuration_sets()
Feb 13 20:47:47 Configuration_impl TRACE    : Configuration_impl.get_active_configuration_set()
Feb 13 20:47:47 PeriodicExecutionContext TRACE    : PeriodicExecutionContext.get_profile()
Feb 13 20:47:47 PeriodicExecutionContext TRACE    : PeriodicExecutionContext.is_running()
Feb 13 20:47:48 Manager VERBOSE  : Manager.cleanupComponents()
Feb 13 20:47:48 Manager VERBOSE  : 0 components are marked as finalized.
Feb 13 20:47:48 RTObject_impl TRACE    : RTObject_impl.get_component_profile()
Feb 13 20:47:48 Torque TRACE    : get_port_profile()
Feb 13 20:47:48 Move TRACE    : get_port_profile()
Feb 13 20:47:48 Time TRACE    : get_port_profile()
Feb 13 20:47:48 Angle TRACE    : get_port_profile()
Feb 13 20:47:48 Load TRACE    : get_port_profile()
Feb 13 20:47:48 Speed TRACE    : get_port_profile()
Feb 13 20:47:48 Temperature TRACE    : get_port_profile()
Feb 13 20:47:48 Voltage TRACE    : get_port_profile()
Feb 13 20:47:48 RTObject_impl TRACE    : RTObject_impl.get_owned_contexts()
Feb 13 20:47:48 RTObject_impl TRACE    : RTObject_impl.get_participating_contexts()
Feb 13 20:47:48 PeriodicExecutionContext TRACE    : PeriodicExecutionContext.get_component_state()
Feb 13 20:47:48 PeriodicExecutionContext TRACE    : PeriodicExecutionContext.is_running()
Feb 13 20:47:48 Configuration_impl TRACE    : Configuration_impl.get_configuration_sets()
Feb 13 20:47:48 Configuration_impl TRACE    : Configuration_impl.get_active_configuration_set()
Feb 13 20:47:48 PeriodicExecutionContext TRACE    : PeriodicExecutionContext.get_profile()
Feb 13 20:47:48 PeriodicExecutionContext TRACE    : PeriodicExecutionContext.is_running()
Feb 13 20:47:49 Manager VERBOSE  : Manager.cleanupComponents()
Feb 13 20:47:49 Manager VERBOSE  : 0 components are marked as finalized.
Feb 13 20:47:49 RTObject_impl TRACE    : RTObject_impl.get_component_profile()
Feb 13 20:47:49 Torque TRACE    : get_port_profile()
Feb 13 20:47:49 Move TRACE    : get_port_profile()
Feb 13 20:47:49 Time TRACE    : get_port_profile()
Feb 13 20:47:49 Angle TRACE    : get_port_profile()
Feb 13 20:47:49 Load TRACE    : get_port_profile()
Feb 13 20:47:49 Speed TRACE    : get_port_profile()
Feb 13 20:47:49 Temperature TRACE    : get_port_profile()
Feb 13 20:47:49 Voltage TRACE    : get_port_profile()
Feb 13 20:47:49 RTObject_impl TRACE    : RTObject_impl.get_owned_contexts()
Feb 13 20:47:49 RTObject_impl TRACE    : RTObject_impl.get_participating_contexts()
Feb 13 20:47:49 PeriodicExecutionContext TRACE    : PeriodicExecutionContext.get_component_state()
Feb 13 20:47:49 PeriodicExecutionContext TRACE    : PeriodicExecutionContext.is_running()
Feb 13 20:47:49 Configuration_impl TRACE    : Configuration_impl.get_configuration_sets()
Feb 13 20:47:49 Configuration_impl TRACE    : Configuration_impl.get_active_configuration_set()
Feb 13 20:47:49 PeriodicExecutionContext TRACE    : PeriodicExecutionContext.get_profile()
Feb 13 20:47:49 PeriodicExecutionContext TRACE    : PeriodicExecutionContext.is_running()
Feb 13 20:47:50 Manager TRACE    : Manager.shutdownOnNoRtcs()
Feb 13 20:47:50 Manager TRACE    : Manager.getComponents()
Feb 13 20:47:50 Manager VERBOSE  : Manager.cleanupComponents()
Feb 13 20:47:50 Manager VERBOSE  : 0 components are marked as finalized.
Feb 13 20:47:50 NamingManager TRACE    : NamingManager.update()
Feb 13 20:47:50 NamingOnCorba TRACE    : isAlive()
Feb 13 20:47:50 PeriodicExecutionContext TRACE    : PeriodicExecutionContext.activate_component()
Feb 13 20:47:50 RTObject_impl TRACE    : RTObject_impl.on_activated(0)
Feb 13 20:47:50 RTObject_impl TRACE    : RTObject_impl.onActivated(0)
Feb 13 20:47:50 Torque TRACE    : activateInterfaces()
Feb 13 20:47:50 Move TRACE    : activateInterfaces()
Feb 13 20:47:50 Time TRACE    : activateInterfaces()
Feb 13 20:47:50 RTObject_impl TRACE    : RTObject_impl.on_execute(0)
Feb 13 20:47:50 Torque TRACE    : isNew()
Feb 13 20:47:50 Torque DEBUG    : no connectors
Feb 13 20:47:50 Time TRACE    : isNew()
Feb 13 20:47:50 Time DEBUG    : no connectors
Feb 13 20:47:50 Move TRACE    : isNew()
Feb 13 20:47:50 Move DEBUG    : no connectors
Feb 13 20:47:50 RTObject_impl TRACE    : RTObject_impl.on_deactivated(0)
Feb 13 20:47:50 Torque TRACE    : deactivateInterfaces()
Feb 13 20:47:50 Move TRACE    : deactivateInterfaces()
Feb 13 20:47:50 Time TRACE    : deactivateInterfaces()
Feb 13 20:47:50 RTObject_impl TRACE    : RTObject_impl.onDeactivated(0)
Feb 13 20:47:50 RTObject_impl TRACE    : RTObject_impl.on_aborting(0)
Feb 13 20:47:50 RTObject_impl TRACE    : RTObject_impl.onAborting(0)
Feb 13 20:47:50 RTObject_impl TRACE    : RTObject_impl.on_error(0)
Feb 13 20:47:50 RTObject_impl TRACE    : RTObject_impl.onError(0)
Feb 13 20:47:50 RTObject_impl TRACE    : RTObject_impl.on_error(0)
Feb 13 20:47:50 RTObject_impl TRACE    : RTObject_impl.onError(0)
Feb 13 20:47:50 RTObject_impl TRACE    : RTObject_impl.on_error(0)
Feb 13 20:47:50 RTObject_impl TRACE    : RTObject_impl.onError(0)
Feb 13 20:47:50 RTObject_impl TRACE    : RTObject_impl.on_error(0)
Feb 13 20:47:50 RTObject_impl TRACE    : RTObject_impl.onError(0)
Feb 13 20:47:50 RTObject_impl TRACE    : RTObject_impl.on_error(0)
Feb 13 20:47:50 RTObject_impl TRACE    : RTObject_impl.onError(0)
Feb 13 20:47:50 RTObject_impl TRACE    : RTObject_impl.on_error(0)
Feb 13 20:47:50 RTObject_impl TRACE    : RTObject_impl.onError(0)
Feb 13 20:47:50 RTObject_impl TRACE    : RTObject_impl.on_error(0)
Feb 13 20:47:50 RTObject_impl TRACE    : RTObject_impl.onError(0)
Feb 13 20:47:50 RTObject_impl TRACE    : RTObject_impl.on_error(0)
Feb 13 20:47:50 RTObject_impl TRACE    : RTObject_impl.onError(0)
Feb 13 20:47:50 RTObject_impl TRACE    : RTObject_impl.on_error(0)
Feb 13 20:47:50 RTObject_impl TRACE    : RTObject_impl.onError(0)
Feb 13 20:47:50 RTObject_impl TRACE    : RTObject_impl.get_component_profile()
Feb 13 20:47:50 Torque TRACE    : get_port_profile()
Feb 13 20:47:50 Move TRACE    : get_port_profile()
Feb 13 20:47:50 Time TRACE    : get_port_profile()
Feb 13 20:47:50 Angle TRACE    : get_port_profile()
Feb 13 20:47:50 Load TRACE    : get_port_profile()
Feb 13 20:47:50 Speed TRACE    : get_port_profile()
Feb 13 20:47:50 Temperature TRACE    : get_port_profile()
Feb 13 20:47:50 Voltage TRACE    : get_port_profile()
Feb 13 20:47:50 RTObject_impl TRACE    : RTObject_impl.get_owned_contexts()
Feb 13 20:47:50 RTObject_impl TRACE    : RTObject_impl.get_participating_contexts()
Feb 13 20:47:50 PeriodicExecutionContext TRACE    : PeriodicExecutionContext.get_component_state()
Feb 13 20:47:50 PeriodicExecutionContext TRACE    : PeriodicExecutionContext.is_running()
Feb 13 20:47:50 Configuration_impl TRACE    : Configuration_impl.get_configuration_sets()
Feb 13 20:47:50 Configuration_impl TRACE    : Configuration_impl.get_active_configuration_set()
Feb 13 20:47:50 PeriodicExecutionContext TRACE    : PeriodicExecutionContext.get_profile()
Feb 13 20:47:50 PeriodicExecutionContext TRACE    : PeriodicExecutionContext.is_running()
Feb 13 20:47:50 RTObject_impl TRACE    : RTObject_impl.on_error(0)
Feb 13 20:47:50 RTObject_impl TRACE    : RTObject_impl.onError(0)
Feb 13 20:47:50 RTObject_impl TRACE    : RTObject_impl.on_error(0)
Feb 13 20:47:50 RTObject_impl TRACE    : RTObject_impl.onError(0)
Feb 13 20:47:50 RTObject_impl TRACE    : RTObject_impl.on_error(0)
Feb 13 20:47:50 RTObject_impl TRACE    : RTObject_impl.onError(0)
Feb 13 20:47:50 RTObject_impl TRACE    : RTObject_impl.on_error(0)
Feb 13 20:47:50 RTObject_impl TRACE    : RTObject_impl.onError(0)
Feb 13 20:47:50 RTObject_impl TRACE    : RTObject_impl.on_error(0)
Feb 13 20:47:50 RTObject_impl TRACE    : RTObject_impl.onError(0)
Feb 13 20:47:50 RTObject_impl TRACE    : RTObject_impl.on_error(0)
Feb 13 20:47:50 RTObject_impl TRACE    : RTObject_impl.onError(0)
Feb 13 20:47:50 RTObject_impl TRACE    : RTObject_impl.on_error(0)
Feb 13 20:47:50 RTObject_impl TRACE    : RTObject_impl.onError(0)
Feb 13 20:47:50 RTObject_impl TRACE    : RTObject_impl.on_error(0)
Feb 13 20:47:50 RTObject_impl TRACE    : RTObject_impl.onError(0)
Feb 13 20:47:51 RTObject_impl TRACE    : RTObject_impl.on_error(0)
Feb 13 20:47:51 RTObject_impl TRACE    : RTObject_impl.onError(0)
Feb 13 20:47:51 RTObject_impl TRACE    : RTObject_impl.on_error(0)
Feb 13 20:47:51 RTObject_impl TRACE    : RTObject_impl.onError(0)
Feb 13 20:47:51 RTObject_impl TRACE    : RTObject_impl.on_error(0)
Feb 13 20:47:51 RTObject_impl TRACE    : RTObject_impl.onError(0)
Feb 13 20:47:51 RTObject_impl TRACE    : RTObject_impl.on_error(0)
Feb 13 20:47:51 RTObject_impl TRACE    : RTObject_impl.onError(0)
Feb 13 20:47:51 RTObject_impl TRACE    : RTObject_impl.on_error(0)
Feb 13 20:47:51 RTObject_impl TRACE    : RTObject_impl.onError(0)
Feb 13 20:47:51 Manager VERBOSE  : Manager.cleanupComponents()
Feb 13 20:47:51 Manager VERBOSE  : 0 components are marked as finalized.
Feb 13 20:47:51 RTObject_impl TRACE    : RTObject_impl.on_error(0)
Feb 13 20:47:51 RTObject_impl TRACE    : RTObject_impl.onError(0)
Feb 13 20:47:51 RTObject_impl TRACE    : RTObject_impl.on_error(0)
Feb 13 20:47:51 RTObject_impl TRACE    : RTObject_impl.onError(0)
Feb 13 20:47:51 RTObject_impl TRACE    : RTObject_impl.on_error(0)
Feb 13 20:47:51 RTObject_impl TRACE    : RTObject_impl.onError(0)
Feb 13 20:47:51 RTObject_impl TRACE    : RTObject_impl.on_error(0)
Feb 13 20:47:51 RTObject_impl TRACE    : RTObject_impl.onError(0)
Feb 13 20:47:51 RTObject_impl TRACE    : RTObject_impl.on_error(0)
Feb 13 20:47:51 RTObject_impl TRACE    : RTObject_impl.onError(0)
Feb 13 20:47:51 RTObject_impl TRACE    : RTObject_impl.on_error(0)
Feb 13 20:47:51 RTObject_impl TRACE    : RTObject_impl.onError(0)
Feb 13 20:47:51 RTObject_impl TRACE    : RTObject_impl.on_error(0)
Feb 13 20:47:51 RTObject_impl TRACE    : RTObject_impl.onError(0)
Feb 13 20:47:51 RTObject_impl TRACE    : RTObject_impl.on_error(0)
Feb 13 20:47:51 RTObject_impl TRACE    : RTObject_impl.onError(0)
Feb 13 20:47:51 RTObject_impl TRACE    : RTObject_impl.on_error(0)
Feb 13 20:47:51 RTObject_impl TRACE    : RTObject_impl.onError(0)
Feb 13 20:47:51 RTObject_impl TRACE    : RTObject_impl.on_error(0)
Feb 13 20:47:51 RTObject_impl TRACE    : RTObject_impl.onError(0)
Feb 13 20:47:51 RTObject_impl TRACE    : RTObject_impl.on_error(0)
Feb 13 20:47:51 RTObject_impl TRACE    : RTObject_impl.onError(0)
Feb 13 20:47:51 RTObject_impl TRACE    : RTObject_impl.on_error(0)
Feb 13 20:47:51 RTObject_impl TRACE    : RTObject_impl.onError(0)
Feb 13 20:47:51 RTObject_impl TRACE    : RTObject_impl.on_error(0)
Feb 13 20:47:51 RTObject_impl TRACE    : RTObject_impl.onError(0)
Feb 13 20:47:51 RTObject_impl TRACE    : RTObject_impl.on_error(0)
Feb 13 20:47:51 RTObject_impl TRACE    : RTObject_impl.onError(0)
Feb 13 20:47:51 RTObject_impl TRACE    : RTObject_impl.on_error(0)
Feb 13 20:47:51 RTObject_impl TRACE    : RTObject_impl.onError(0)
Feb 13 20:47:51 RTObject_impl TRACE    : RTObject_impl.get_component_profile()
Feb 13 20:47:51 Torque TRACE    : get_port_profile()
Feb 13 20:47:51 RTObject_impl TRACE    : RTObject_impl.on_error(0)
Feb 13 20:47:51 RTObject_impl TRACE    : RTObject_impl.onError(0)
Feb 13 20:47:51 Move TRACE    : get_port_profile()
Feb 13 20:47:51 Time TRACE    : get_port_profile()
Feb 13 20:47:51 Angle TRACE    : get_port_profile()
Feb 13 20:47:51 Load TRACE    : get_port_profile()
Feb 13 20:47:51 Speed TRACE    : get_port_profile()
Feb 13 20:47:51 Temperature TRACE    : get_port_profile()
Feb 13 20:47:51 Voltage TRACE    : get_port_profile()
Feb 13 20:47:51 RTObject_impl TRACE    : RTObject_impl.get_owned_contexts()
Feb 13 20:47:51 RTObject_impl TRACE    : RTObject_impl.get_participating_contexts()
Feb 13 20:47:51 PeriodicExecutionContext TRACE    : PeriodicExecutionContext.get_component_state()
Feb 13 20:47:51 PeriodicExecutionContext TRACE    : PeriodicExecutionContext.is_running()
Feb 13 20:47:51 Configuration_impl TRACE    : Configuration_impl.get_configuration_sets()
Feb 13 20:47:51 Configuration_impl TRACE    : Configuration_impl.get_active_configuration_set()
Feb 13 20:47:51 RTObject_impl TRACE    : RTObject_impl.on_error(0)
Feb 13 20:47:51 RTObject_impl TRACE    : RTObject_impl.onError(0)
Feb 13 20:47:51 PeriodicExecutionContext TRACE    : PeriodicExecutionContext.get_profile()
Feb 13 20:47:51 PeriodicExecutionContext TRACE    : PeriodicExecutionContext.is_running()
Feb 13 20:47:51 RTObject_impl TRACE    : RTObject_impl.on_error(0)
Feb 13 20:47:51 RTObject_impl TRACE    : RTObject_impl.onError(0)
Feb 13 20:47:51 RTObject_impl TRACE    : RTObject_impl.on_error(0)
Feb 13 20:47:51 RTObject_impl TRACE    : RTObject_impl.onError(0)
Feb 13 20:47:51 RTObject_impl TRACE    : RTObject_impl.on_error(0)
Feb 13 20:47:51 RTObject_impl TRACE    : RTObject_impl.onError(0)
Feb 13 20:47:51 RTObject_impl TRACE    : RTObject_impl.on_error(0)
Feb 13 20:47:51 RTObject_impl TRACE    : RTObject_impl.onError(0)
Feb 13 20:47:51 RTObject_impl TRACE    : RTObject_impl.on_error(0)
Feb 13 20:47:51 RTObject_impl TRACE    : RTObject_impl.onError(0)
Feb 13 20:47:51 RTObject_impl TRACE    : RTObject_impl.on_error(0)
Feb 13 20:47:51 RTObject_impl TRACE    : RTObject_impl.onError(0)
Feb 13 20:47:51 RTObject_impl TRACE    : RTObject_impl.on_error(0)
Feb 13 20:47:51 RTObject_impl TRACE    : RTObject_impl.onError(0)
Feb 13 20:47:52 RTObject_impl TRACE    : RTObject_impl.on_error(0)
Feb 13 20:47:52 RTObject_impl TRACE    : RTObject_impl.onError(0)
Feb 13 20:47:52 RTObject_impl TRACE    : RTObject_impl.on_error(0)
Feb 13 20:47:52 RTObject_impl TRACE    : RTObject_impl.onError(0)
Feb 13 20:47:52 RTObject_impl TRACE    : RTObject_impl.on_error(0)
Feb 13 20:47:52 RTObject_impl TRACE    : RTObject_impl.onError(0)
Feb 13 20:47:52 RTObject_impl TRACE    : RTObject_impl.on_error(0)
Feb 13 20:47:52 RTObject_impl TRACE    : RTObject_impl.onError(0)
Feb 13 20:47:52 Manager VERBOSE  : Manager.cleanupComponents()
Feb 13 20:47:52 Manager VERBOSE  : 0 components are marked as finalized.
Feb 13 20:47:52 RTObject_impl TRACE    : RTObject_impl.on_error(0)
Feb 13 20:47:52 RTObject_impl TRACE    : RTObject_impl.onError(0)
Feb 13 20:47:52 RTObject_impl TRACE    : RTObject_impl.on_error(0)
Feb 13 20:47:52 RTObject_impl TRACE    : RTObject_impl.onError(0)
Feb 13 20:47:52 RTObject_impl TRACE    : RTObject_impl.on_error(0)
Feb 13 20:47:52 RTObject_impl TRACE    : RTObject_impl.onError(0)
Feb 13 20:47:52 RTObject_impl TRACE    : RTObject_impl.on_error(0)
Feb 13 20:47:52 RTObject_impl TRACE    : RTObject_impl.onError(0)
Feb 13 20:47:52 RTObject_impl TRACE    : RTObject_impl.on_error(0)
Feb 13 20:47:52 RTObject_impl TRACE    : RTObject_impl.onError(0)
Feb 13 20:47:52 RTObject_impl TRACE    : RTObject_impl.on_error(0)
Feb 13 20:47:52 RTObject_impl TRACE    : RTObject_impl.onError(0)
Feb 13 20:47:52 RTObject_impl TRACE    : RTObject_impl.on_error(0)
Feb 13 20:47:52 RTObject_impl TRACE    : RTObject_impl.onError(0)
Feb 13 20:47:52 RTObject_impl TRACE    : RTObject_impl.on_error(0)
Feb 13 20:47:52 RTObject_impl TRACE    : RTObject_impl.onError(0)
Feb 13 20:47:52 RTObject_impl TRACE    : RTObject_impl.on_error(0)
Feb 13 20:47:52 RTObject_impl TRACE    : RTObject_impl.onError(0)
Feb 13 20:47:52 RTObject_impl TRACE    : RTObject_impl.on_error(0)
Feb 13 20:47:52 RTObject_impl TRACE    : RTObject_impl.onError(0)
Feb 13 20:47:52 RTObject_impl TRACE    : RTObject_impl.on_error(0)
Feb 13 20:47:52 RTObject_impl TRACE    : RTObject_impl.onError(0)
Feb 13 20:47:52 RTObject_impl TRACE    : RTObject_impl.on_error(0)
Feb 13 20:47:52 RTObject_impl TRACE    : RTObject_impl.onError(0)
Feb 13 20:47:52 RTObject_impl TRACE    : RTObject_impl.on_error(0)
Feb 13 20:47:52 RTObject_impl TRACE    : RTObject_impl.onError(0)
Feb 13 20:47:52 RTObject_impl TRACE    : RTObject_impl.on_error(0)
Feb 13 20:47:52 RTObject_impl TRACE    : RTObject_impl.onError(0)
Feb 13 20:47:52 RTObject_impl TRACE    : RTObject_impl.on_error(0)
Feb 13 20:47:52 RTObject_impl TRACE    : RTObject_impl.onError(0)
Feb 13 20:47:52 RTObject_impl TRACE    : RTObject_impl.on_error(0)
Feb 13 20:47:52 RTObject_impl TRACE    : RTObject_impl.onError(0)
Feb 13 20:47:52 RTObject_impl TRACE    : RTObject_impl.get_component_profile()
Feb 13 20:47:52 Torque TRACE    : get_port_profile()
Feb 13 20:47:52 Move TRACE    : get_port_profile()
Feb 13 20:47:52 Time TRACE    : get_port_profile()
Feb 13 20:47:52 Angle TRACE    : get_port_profile()
Feb 13 20:47:52 Load TRACE    : get_port_profile()
Feb 13 20:47:52 RTObject_impl TRACE    : RTObject_impl.on_error(0)
Feb 13 20:47:52 RTObject_impl TRACE    : RTObject_impl.onError(0)
Feb 13 20:47:52 Speed TRACE    : get_port_profile()
Feb 13 20:47:52 Temperature TRACE    : get_port_profile()
Feb 13 20:47:52 Voltage TRACE    : get_port_profile()
Feb 13 20:47:52 RTObject_impl TRACE    : RTObject_impl.get_owned_contexts()
Feb 13 20:47:52 RTObject_impl TRACE    : RTObject_impl.get_participating_contexts()
Feb 13 20:47:52 PeriodicExecutionContext TRACE    : PeriodicExecutionContext.get_component_state()
Feb 13 20:47:52 PeriodicExecutionContext TRACE    : PeriodicExecutionContext.is_running()
Feb 13 20:47:52 Configuration_impl TRACE    : Configuration_impl.get_configuration_sets()
Feb 13 20:47:52 Configuration_impl TRACE    : Configuration_impl.get_active_configuration_set()
Feb 13 20:47:52 PeriodicExecutionContext TRACE    : PeriodicExecutionContext.get_profile()
Feb 13 20:47:52 PeriodicExecutionContext TRACE    : PeriodicExecutionContext.is_running()
Feb 13 20:47:52 RTObject_impl TRACE    : RTObject_impl.on_error(0)
Feb 13 20:47:52 RTObject_impl TRACE    : RTObject_impl.onError(0)
Feb 13 20:47:52 RTObject_impl TRACE    : RTObject_impl.on_error(0)
Feb 13 20:47:52 RTObject_impl TRACE    : RTObject_impl.onError(0)
Feb 13 20:47:52 RTObject_impl TRACE    : RTObject_impl.on_error(0)
Feb 13 20:47:52 RTObject_impl TRACE    : RTObject_impl.onError(0)
Feb 13 20:47:52 RTObject_impl TRACE    : RTObject_impl.on_error(0)
Feb 13 20:47:52 RTObject_impl TRACE    : RTObject_impl.onError(0)
Feb 13 20:47:52 RTObject_impl TRACE    : RTObject_impl.on_error(0)
Feb 13 20:47:52 RTObject_impl TRACE    : RTObject_impl.onError(0)
Feb 13 20:47:52 RTObject_impl TRACE    : RTObject_impl.on_error(0)
Feb 13 20:47:52 RTObject_impl TRACE    : RTObject_impl.onError(0)
