Feb 13 20:48:02 Manager INFO     : OpenRTM-aist-1.0.0
Feb 13 20:48:02 Manager INFO     : Copyright (C) 2003-2008
Feb 13 20:48:02 Manager INFO     :   Noriaki Ando
Feb 13 20:48:02 Manager INFO     :   Task-intelligence Research Group,
Feb 13 20:48:02 Manager INFO     :   Intelligent Systems Research Institute, AIST
Feb 13 20:48:02 Manager INFO     : Manager starting.
Feb 13 20:48:02 Manager INFO     : Starting local logging.
Feb 13 20:48:02 Manager TRACE    : Manager.initORB()
Feb 13 20:48:02 Manager DEBUG    : corba.args: 
Feb 13 20:48:02 Manager DEBUG    : - config
  - version: 1.0.0
- openrtm
  - version: OpenRTM-aist-1.0.0
- manager
  - instance_name: manager
  - name: manager
  - naming_formats: %h.host_cxt/%n.mgr
  - pid: 1.6.0_261918737811
  - refstring_path: /var/log/rtcmanager.ref
  - modules
    - load_path: ./
    - abs_path_allowed: YES
  - is_master: NO
  - corba_servant: YES
  - shutdown_on_nortcs: YES
  - shutdown_auto: YES
  - command: rtcd
  - os
    - name: Linux
    - release: UNKNOWN
    - version: 2.6.32-38-generic-pae
    - arch: i386
    - hostname: javatea-desktop
- os
  - name: 
  - release: 
  - version: 
  - arch: 
  - hostname: 
- logger
  - enable: YES
  - file_name: ./rtc1.6.0_261918737811.log
  - date_format: %b %d %H:%M:%S
  - log_level: PARANOID
  - stream_lock: NO
  - master_logger: 
- module
  - conf_path: 
  - load_path: 
- naming
  - enable: YES
  - type: corba
  - formats: %h.host_cxt/%n.rtc
  - update
    - enable: YES
    - interval: 10.0
- timer
  - enable: YES
  - tick: 0.1
- corba
  - args: 
  - endpoint: 
  - id: omniORB
  - nameservers: localhost
  - master_manager: localhost:2810
  - nameservice
    - replace_endpoint: NO
- exec_cxt
  - periodic
    - type: jp.go.aist.rtm.RTC.executionContext.PeriodicExecutionContext
    - rate: 30.0
  - evdriven
    - type: jp.go.aist.rtm.RTC.executionContext.EventDrivenExecutionContext

Feb 13 20:48:02 Manager DEBUG    : corbaloc: corbaloc:iiop:1.2@localhost:2810/manager
Feb 13 20:48:02 Manager PARANOID : ORB options:  -ORBInitRef manager=corbaloc:iiop:1.2@localhost:2810/manager 
Feb 13 20:48:02 InterceptorInitializer TRACE    : post_init
Feb 13 20:48:03 IopIorInterceptor TRACE    : establish_components()
Feb 13 20:48:03 IopIorInterceptor TRACE    : establish_components()
Feb 13 20:48:03 Manager TRACE    : Manager.initNaming()
Feb 13 20:48:03 Manager TRACE    : Register Naming Server: corba localhost
Feb 13 20:48:03 NamingManager TRACE    : NamingManager.registerNameServer(corba, localhost:2809)
Feb 13 20:48:03 NamingManager TRACE    : createNamingObj(method = corba, nameserver = )localhost:2809
Feb 13 20:48:03 Manager TRACE    : Manager.getORB()
Feb 13 20:48:03 CorbaNaming TRACE    : CorbaNaming.CorbaNaming(localhost:2809)
Feb 13 20:48:03 NamingManager INFO     : NameServer connection succeeded: corba/localhost:2809
Feb 13 20:48:03 Manager TRACE    : Manager.initFactories()
Feb 13 20:48:03 InPortCorbaCdrProvider TRACE    : setInterfaceType(corba_cdr)
Feb 13 20:48:03 InPortCorbaCdrProvider TRACE    : setInterfaceType(corba_cdr)
Feb 13 20:48:03 Manager TRACE    : Manager.initExecContext()
Feb 13 20:48:03 Manager TRACE    : Manager.registerECFactory(jp.go.aist.rtm.RTC.executionContext.PeriodicExecutionContext)
Feb 13 20:48:03 Manager TRACE    : Manager.registerECFactory(jp.go.aist.rtm.RTC.executionContext.ExtTrigExecutionContext)
Feb 13 20:48:03 Manager TRACE    : Manager.registerECFactory(jp.go.aist.rtm.RTC.executionContext.OpenHRPExecutionContext)
Feb 13 20:48:03 Manager TRACE    : Manager.initComposite()
Feb 13 20:48:03 Manager TRACE    : Manager.registerFactory(PeriodicECSharedComposite)
Feb 13 20:48:03 ManagerServant TRACE    : This manager is slave.
Feb 13 20:48:03 ManagerServant TRACE    : findManager(host_port = localhost:2810)
Feb 13 20:48:03 ManagerServant DEBUG    : corbaloc: corbaloc:iiop:1.2@localhost:2810/manager
Feb 13 20:48:03 ManagerServant DEBUG    : CORBA SystemException caught (CORBA.org.omg.CORBA.COMM_FAILURE:   vmcid: SUN  minor code: 201  completed: No)
Feb 13 20:48:03 ManagerServant INFO     : Master manager not found.
Feb 13 20:48:03 Manager TRACE    : Manager.activateManager()
Feb 13 20:48:03 Manager TRACE    : Manager.getPOAManager()
Feb 13 20:48:03 Manager TRACE    : Manager.getPOAManager()
Feb 13 20:48:03 Manager TRACE    : POA Manager activated.
Feb 13 20:48:03 Manager TRACE    : Manager.registerFactory(RS40XCB_ARM)
Feb 13 20:48:03 Manager TRACE    : Manager.createComponent(RS40XCB_ARM)
Feb 13 20:48:03 Manager TRACE    : Manager.procComponentArgs(RS40XCB_ARM)
Feb 13 20:48:03 Manager TRACE    : RTC basic propfile vendor:
Feb 13 20:48:03 Manager TRACE    : RTC basic propfile category:
Feb 13 20:48:03 Manager TRACE    : RTC basic propfile implementation_id:RS40XCB_ARM
Feb 13 20:48:03 Manager TRACE    : RTC basic propfile version:
Feb 13 20:48:03 Manager TRACE    : Manager.getORB()
Feb 13 20:48:03 Manager TRACE    : Manager.getPOA()
Feb 13 20:48:03 Manager TRACE    : Manager.getORB()
Feb 13 20:48:03 Manager TRACE    : Manager.getPOA()
Feb 13 20:48:03 Configuration_impl TRACE    : Configuration_impl.getObjRef()
Feb 13 20:48:03 Torque DEBUG    : Port name: Torque
Feb 13 20:48:03 Torque DEBUG    : setting port.port_type: DataIntPort
Feb 13 20:48:03 Torque DEBUG    : setting dataport.data_type: TimedBooleanSeq
Feb 13 20:48:03 Move DEBUG    : Port name: Move
Feb 13 20:48:03 Move DEBUG    : setting port.port_type: DataIntPort
Feb 13 20:48:03 Move DEBUG    : setting dataport.data_type: TimedLongSeq
Feb 13 20:48:03 Time DEBUG    : Port name: Time
Feb 13 20:48:03 Time DEBUG    : setting port.port_type: DataIntPort
Feb 13 20:48:03 Time DEBUG    : setting dataport.data_type: TimedLongSeq
Feb 13 20:48:03 Angle DEBUG    : Port name: Angle
Feb 13 20:48:03 Angle DEBUG    : setting port.port_type: DataOutPort
Feb 13 20:48:03 Angle DEBUG    : setting dataport.data_type: TimedLongSeq
Feb 13 20:48:03 Angle DEBUG    : available subscription_type: new, flush, periodic
Feb 13 20:48:03 Load DEBUG    : Port name: Load
Feb 13 20:48:03 Load DEBUG    : setting port.port_type: DataOutPort
Feb 13 20:48:03 Load DEBUG    : setting dataport.data_type: TimedLongSeq
Feb 13 20:48:03 Load DEBUG    : available subscription_type: new, flush, periodic
Feb 13 20:48:03 Speed DEBUG    : Port name: Speed
Feb 13 20:48:03 Speed DEBUG    : setting port.port_type: DataOutPort
Feb 13 20:48:03 Speed DEBUG    : setting dataport.data_type: TimedLongSeq
Feb 13 20:48:03 Speed DEBUG    : available subscription_type: new, flush, periodic
Feb 13 20:48:03 Temperature DEBUG    : Port name: Temperature
Feb 13 20:48:03 Temperature DEBUG    : setting port.port_type: DataOutPort
Feb 13 20:48:03 Temperature DEBUG    : setting dataport.data_type: TimedLongSeq
Feb 13 20:48:03 Temperature DEBUG    : available subscription_type: new, flush, periodic
Feb 13 20:48:03 Voltage DEBUG    : Port name: Voltage
Feb 13 20:48:03 Voltage DEBUG    : setting port.port_type: DataOutPort
Feb 13 20:48:03 Voltage DEBUG    : setting dataport.data_type: TimedLongSeq
Feb 13 20:48:03 Voltage DEBUG    : available subscription_type: new, flush, periodic
Feb 13 20:48:03 RTObject_impl TRACE    : RTObject_impl.setProperties()
Feb 13 20:48:03 Configuration_impl TRACE    : Configuration_impl.getDeviceProfile()
Feb 13 20:48:03 Configuration_impl TRACE    : Configuration_impl.set_device_profile()
Feb 13 20:48:03 RTObject_impl TRACE    : RTObject_impl.getTypeName()
Feb 13 20:48:03 RTObject_impl TRACE    : RTObject_impl.setInstanceName(RS40XCB_ARM0)
Feb 13 20:48:03 Manager TRACE    : RTC Created: 
Feb 13 20:48:03 RTObject_impl TRACE    : RTObject_impl.getCategory()
Feb 13 20:48:03 RTObject_impl TRACE    : RTObject_impl.getTypeName()
Feb 13 20:48:03 RTObject_impl TRACE    : RTObject_impl.getInstanceName()
Feb 13 20:48:03 RTObject_impl TRACE    : RTObject_impl.setProperties()
Feb 13 20:48:03 Configuration_impl TRACE    : Configuration_impl.getDeviceProfile()
Feb 13 20:48:03 Configuration_impl TRACE    : Configuration_impl.set_device_profile()
Feb 13 20:48:03 RTObject_impl TRACE    : RTObject_impl.setProperties()
Feb 13 20:48:03 Configuration_impl TRACE    : Configuration_impl.getDeviceProfile()
Feb 13 20:48:03 Configuration_impl TRACE    : Configuration_impl.set_device_profile()
Feb 13 20:48:03 RTObject_impl TRACE    : RTObject_impl.getProperties()
Feb 13 20:48:03 RTObject_impl TRACE    : RTObject_impl.getProperties()
Feb 13 20:48:03 RTObject_impl TRACE    : RTObject_impl.getProperties()
Feb 13 20:48:03 RTObject_impl TRACE    : RTObject_impl.getProperties()
Feb 13 20:48:03 RTObject_impl TRACE    : RTObject_impl.initialize()
Feb 13 20:48:03 Manager TRACE    : Manager.createContext(jp.go.aist.rtm.RTC.executionContext.PeriodicExecutionContext?rate=30.0)
Feb 13 20:48:03 Manager TRACE    : ExecutionContext type: jp.go.aist.rtm.RTC.executionContext.PeriodicExecutionContext
Feb 13 20:48:03 Manager TRACE    : Manager.procContextArgs(jp.go.aist.rtm.RTC.executionContext.PeriodicExecutionContext?rate=30.0,)
Feb 13 20:48:03 Manager TRACE    : EC property rate:30.0
Feb 13 20:48:03 PeriodicExecutionContext TRACE    : PeriodicExecutionContext.set_rate(30.0)
Feb 13 20:48:03 PeriodicExecutionContext TRACE    : PeriodicExecutionContext.getObjRef()
Feb 13 20:48:03 PeriodicExecutionContext TRACE    : PeriodicExecutionContext.bindComponent()
Feb 13 20:48:03 RTObject_impl TRACE    : RTObject_impl.getObjRef()
Feb 13 20:48:03 RTObject_impl TRACE    : RTObject_impl.bindContext()
Feb 13 20:48:03 PeriodicExecutionContext DEBUG    : bindComponent() returns id = 0
Feb 13 20:48:03 RTObject_impl TRACE    : RTObject_impl.on_initialize()
Feb 13 20:48:03 RTObject_impl TRACE    : addInPort(Torque)
Feb 13 20:48:03 RTObject_impl TRACE    : addPort(PortBase)
Feb 13 20:48:03 RTObject_impl TRACE    : RTObject_impl.getObjRef()
Feb 13 20:48:03 RTObject_impl TRACE    : RTObject_impl.get_component_profile()
Feb 13 20:48:03 Torque TRACE    : setOwner(RS40XCB_ARM0)
Feb 13 20:48:03 Torque TRACE    : getName() = RS40XCB_ARM0.Torque
Feb 13 20:48:03 Torque TRACE    : get_port_profile()
Feb 13 20:48:03 Torque TRACE    : init()
Feb 13 20:48:03 Torque DEBUG    : single buffer mode.
Feb 13 20:48:03 Torque TRACE    : initProviders()
Feb 13 20:48:03 Torque DEBUG    : available providers: [corba_cdr]
Feb 13 20:48:03 Torque DEBUG    : dataflow_type push is supported
Feb 13 20:48:03 Torque TRACE    : iinitConsumers()
Feb 13 20:48:03 Torque DEBUG    : available consumer: corba_cdr
Feb 13 20:48:03 Torque DEBUG    : dataflow_type pull is supported
Feb 13 20:48:03 RTObject_impl TRACE    : addInPort(Move)
Feb 13 20:48:03 RTObject_impl TRACE    : addPort(PortBase)
Feb 13 20:48:03 RTObject_impl TRACE    : RTObject_impl.getObjRef()
Feb 13 20:48:03 RTObject_impl TRACE    : RTObject_impl.get_component_profile()
Feb 13 20:48:03 Torque TRACE    : get_port_profile()
Feb 13 20:48:03 Move TRACE    : setOwner(RS40XCB_ARM0)
Feb 13 20:48:03 Move TRACE    : getName() = RS40XCB_ARM0.Move
Feb 13 20:48:03 Torque TRACE    : get_port_profile()
Feb 13 20:48:03 Move TRACE    : get_port_profile()
Feb 13 20:48:03 Torque TRACE    : get_port_profile()
Feb 13 20:48:03 Move TRACE    : init()
Feb 13 20:48:03 Move DEBUG    : single buffer mode.
Feb 13 20:48:03 Move TRACE    : initProviders()
Feb 13 20:48:03 Move DEBUG    : available providers: [corba_cdr]
Feb 13 20:48:03 Move DEBUG    : dataflow_type push is supported
Feb 13 20:48:03 Move TRACE    : iinitConsumers()
Feb 13 20:48:03 Move DEBUG    : available consumer: corba_cdr
Feb 13 20:48:03 Move DEBUG    : dataflow_type pull is supported
Feb 13 20:48:03 RTObject_impl TRACE    : addInPort(Time)
Feb 13 20:48:03 RTObject_impl TRACE    : addPort(PortBase)
Feb 13 20:48:03 RTObject_impl TRACE    : RTObject_impl.getObjRef()
Feb 13 20:48:03 RTObject_impl TRACE    : RTObject_impl.get_component_profile()
Feb 13 20:48:03 Torque TRACE    : get_port_profile()
Feb 13 20:48:03 Move TRACE    : get_port_profile()
Feb 13 20:48:03 Time TRACE    : setOwner(RS40XCB_ARM0)
Feb 13 20:48:03 Time TRACE    : getName() = RS40XCB_ARM0.Time
Feb 13 20:48:03 Torque TRACE    : get_port_profile()
Feb 13 20:48:03 Move TRACE    : get_port_profile()
Feb 13 20:48:03 Time TRACE    : get_port_profile()
Feb 13 20:48:03 Torque TRACE    : get_port_profile()
Feb 13 20:48:03 Move TRACE    : get_port_profile()
Feb 13 20:48:03 Time TRACE    : init()
Feb 13 20:48:03 Time DEBUG    : single buffer mode.
Feb 13 20:48:03 Time TRACE    : initProviders()
Feb 13 20:48:03 Time DEBUG    : available providers: [corba_cdr]
Feb 13 20:48:03 Time DEBUG    : dataflow_type push is supported
Feb 13 20:48:03 Time TRACE    : iinitConsumers()
Feb 13 20:48:03 Time DEBUG    : available consumer: corba_cdr
Feb 13 20:48:03 Time DEBUG    : dataflow_type pull is supported
Feb 13 20:48:03 RTObject_impl TRACE    : addOutPort(Angle)
Feb 13 20:48:03 RTObject_impl TRACE    : addPort(PortBase)
Feb 13 20:48:03 RTObject_impl TRACE    : RTObject_impl.getObjRef()
Feb 13 20:48:03 RTObject_impl TRACE    : RTObject_impl.get_component_profile()
Feb 13 20:48:03 Torque TRACE    : get_port_profile()
Feb 13 20:48:03 Move TRACE    : get_port_profile()
Feb 13 20:48:03 Time TRACE    : get_port_profile()
Feb 13 20:48:03 Angle TRACE    : setOwner(RS40XCB_ARM0)
Feb 13 20:48:03 Angle TRACE    : getName() = RS40XCB_ARM0.Angle
Feb 13 20:48:03 Torque TRACE    : get_port_profile()
Feb 13 20:48:03 Move TRACE    : get_port_profile()
Feb 13 20:48:03 Time TRACE    : get_port_profile()
Feb 13 20:48:03 Angle TRACE    : get_port_profile()
Feb 13 20:48:03 Torque TRACE    : get_port_profile()
Feb 13 20:48:03 Move TRACE    : get_port_profile()
Feb 13 20:48:03 Time TRACE    : get_port_profile()
Feb 13 20:48:03 Angle TRACE    : init()
Feb 13 20:48:03 Angle PARANOID : given properties:
Feb 13 20:48:03 Angle DEBUG    : 
Feb 13 20:48:03 Angle PARANOID : updated properties:
Feb 13 20:48:03 Angle DEBUG    : 
Feb 13 20:48:03 Angle TRACE    : initConsumers()
Feb 13 20:48:03 Angle DEBUG    : available InPortConsumer: [corba_cdr]
Feb 13 20:48:03 Angle DEBUG    : dataflow_type pull is supported
Feb 13 20:48:03 Angle TRACE    : initProviders()
Feb 13 20:48:03 Angle DEBUG    : available providers: [corba_cdr]
Feb 13 20:48:03 Angle DEBUG    : dataflow_type pull is supported
Feb 13 20:48:03 RTObject_impl TRACE    : addOutPort(Load)
Feb 13 20:48:03 RTObject_impl TRACE    : addPort(PortBase)
Feb 13 20:48:03 RTObject_impl TRACE    : RTObject_impl.getObjRef()
Feb 13 20:48:03 RTObject_impl TRACE    : RTObject_impl.get_component_profile()
Feb 13 20:48:03 Torque TRACE    : get_port_profile()
Feb 13 20:48:03 Move TRACE    : get_port_profile()
Feb 13 20:48:03 Time TRACE    : get_port_profile()
Feb 13 20:48:03 Angle TRACE    : get_port_profile()
Feb 13 20:48:03 Load TRACE    : setOwner(RS40XCB_ARM0)
Feb 13 20:48:03 Load TRACE    : getName() = RS40XCB_ARM0.Load
Feb 13 20:48:03 Torque TRACE    : get_port_profile()
Feb 13 20:48:03 Move TRACE    : get_port_profile()
Feb 13 20:48:03 Time TRACE    : get_port_profile()
Feb 13 20:48:03 Angle TRACE    : get_port_profile()
Feb 13 20:48:03 Load TRACE    : get_port_profile()
Feb 13 20:48:03 Torque TRACE    : get_port_profile()
Feb 13 20:48:03 Move TRACE    : get_port_profile()
Feb 13 20:48:03 Time TRACE    : get_port_profile()
Feb 13 20:48:03 Angle TRACE    : get_port_profile()
Feb 13 20:48:03 Load TRACE    : init()
Feb 13 20:48:03 Load PARANOID : given properties:
Feb 13 20:48:03 Load DEBUG    : 
Feb 13 20:48:03 Load PARANOID : updated properties:
Feb 13 20:48:03 Load DEBUG    : 
Feb 13 20:48:03 Load TRACE    : initConsumers()
Feb 13 20:48:03 Load DEBUG    : available InPortConsumer: [corba_cdr]
Feb 13 20:48:03 Load DEBUG    : dataflow_type pull is supported
Feb 13 20:48:03 Load TRACE    : initProviders()
Feb 13 20:48:03 Load DEBUG    : available providers: [corba_cdr]
Feb 13 20:48:03 Load DEBUG    : dataflow_type pull is supported
Feb 13 20:48:03 RTObject_impl TRACE    : addOutPort(Speed)
Feb 13 20:48:03 RTObject_impl TRACE    : addPort(PortBase)
Feb 13 20:48:03 RTObject_impl TRACE    : RTObject_impl.getObjRef()
Feb 13 20:48:03 RTObject_impl TRACE    : RTObject_impl.get_component_profile()
Feb 13 20:48:03 Torque TRACE    : get_port_profile()
Feb 13 20:48:03 Move TRACE    : get_port_profile()
Feb 13 20:48:03 Time TRACE    : get_port_profile()
Feb 13 20:48:03 Angle TRACE    : get_port_profile()
Feb 13 20:48:03 Load TRACE    : get_port_profile()
Feb 13 20:48:03 Speed TRACE    : setOwner(RS40XCB_ARM0)
Feb 13 20:48:03 Speed TRACE    : getName() = RS40XCB_ARM0.Speed
Feb 13 20:48:03 Torque TRACE    : get_port_profile()
Feb 13 20:48:03 Move TRACE    : get_port_profile()
Feb 13 20:48:03 Time TRACE    : get_port_profile()
Feb 13 20:48:03 Angle TRACE    : get_port_profile()
Feb 13 20:48:03 Load TRACE    : get_port_profile()
Feb 13 20:48:03 Speed TRACE    : get_port_profile()
Feb 13 20:48:03 Torque TRACE    : get_port_profile()
Feb 13 20:48:03 Move TRACE    : get_port_profile()
Feb 13 20:48:03 Time TRACE    : get_port_profile()
Feb 13 20:48:03 Angle TRACE    : get_port_profile()
Feb 13 20:48:03 Load TRACE    : get_port_profile()
Feb 13 20:48:03 Speed TRACE    : init()
Feb 13 20:48:03 Speed PARANOID : given properties:
Feb 13 20:48:03 Speed DEBUG    : 
Feb 13 20:48:03 Speed PARANOID : updated properties:
Feb 13 20:48:03 Speed DEBUG    : 
Feb 13 20:48:03 Speed TRACE    : initConsumers()
Feb 13 20:48:03 Speed DEBUG    : available InPortConsumer: [corba_cdr]
Feb 13 20:48:03 Speed DEBUG    : dataflow_type pull is supported
Feb 13 20:48:03 Speed TRACE    : initProviders()
Feb 13 20:48:03 Speed DEBUG    : available providers: [corba_cdr]
Feb 13 20:48:03 Speed DEBUG    : dataflow_type pull is supported
Feb 13 20:48:03 RTObject_impl TRACE    : addOutPort(Temperature)
Feb 13 20:48:03 RTObject_impl TRACE    : addPort(PortBase)
Feb 13 20:48:03 RTObject_impl TRACE    : RTObject_impl.getObjRef()
Feb 13 20:48:03 RTObject_impl TRACE    : RTObject_impl.get_component_profile()
Feb 13 20:48:03 Torque TRACE    : get_port_profile()
Feb 13 20:48:03 Move TRACE    : get_port_profile()
Feb 13 20:48:03 Time TRACE    : get_port_profile()
Feb 13 20:48:03 Angle TRACE    : get_port_profile()
Feb 13 20:48:03 Load TRACE    : get_port_profile()
Feb 13 20:48:03 Speed TRACE    : get_port_profile()
Feb 13 20:48:03 Temperature TRACE    : setOwner(RS40XCB_ARM0)
Feb 13 20:48:03 Temperature TRACE    : getName() = RS40XCB_ARM0.Temperature
Feb 13 20:48:03 Torque TRACE    : get_port_profile()
Feb 13 20:48:03 Move TRACE    : get_port_profile()
Feb 13 20:48:03 Time TRACE    : get_port_profile()
Feb 13 20:48:03 Angle TRACE    : get_port_profile()
Feb 13 20:48:03 Load TRACE    : get_port_profile()
Feb 13 20:48:03 Speed TRACE    : get_port_profile()
Feb 13 20:48:03 Temperature TRACE    : get_port_profile()
Feb 13 20:48:03 Torque TRACE    : get_port_profile()
Feb 13 20:48:03 Move TRACE    : get_port_profile()
Feb 13 20:48:03 Time TRACE    : get_port_profile()
Feb 13 20:48:03 Angle TRACE    : get_port_profile()
Feb 13 20:48:03 Load TRACE    : get_port_profile()
Feb 13 20:48:03 Speed TRACE    : get_port_profile()
Feb 13 20:48:03 Temperature TRACE    : init()
Feb 13 20:48:03 Temperature PARANOID : given properties:
Feb 13 20:48:03 Temperature DEBUG    : 
Feb 13 20:48:03 Temperature PARANOID : updated properties:
Feb 13 20:48:03 Temperature DEBUG    : 
Feb 13 20:48:03 Temperature TRACE    : initConsumers()
Feb 13 20:48:03 Temperature DEBUG    : available InPortConsumer: [corba_cdr]
Feb 13 20:48:03 Temperature DEBUG    : dataflow_type pull is supported
Feb 13 20:48:03 Temperature TRACE    : initProviders()
Feb 13 20:48:03 Temperature DEBUG    : available providers: [corba_cdr]
Feb 13 20:48:03 Temperature DEBUG    : dataflow_type pull is supported
Feb 13 20:48:03 RTObject_impl TRACE    : addOutPort(Voltage)
Feb 13 20:48:03 RTObject_impl TRACE    : addPort(PortBase)
Feb 13 20:48:03 RTObject_impl TRACE    : RTObject_impl.getObjRef()
Feb 13 20:48:03 RTObject_impl TRACE    : RTObject_impl.get_component_profile()
Feb 13 20:48:03 Torque TRACE    : get_port_profile()
Feb 13 20:48:03 Move TRACE    : get_port_profile()
Feb 13 20:48:03 Time TRACE    : get_port_profile()
Feb 13 20:48:03 Angle TRACE    : get_port_profile()
Feb 13 20:48:03 Load TRACE    : get_port_profile()
Feb 13 20:48:03 Speed TRACE    : get_port_profile()
Feb 13 20:48:03 Temperature TRACE    : get_port_profile()
Feb 13 20:48:03 Voltage TRACE    : setOwner(RS40XCB_ARM0)
Feb 13 20:48:03 Voltage TRACE    : getName() = RS40XCB_ARM0.Voltage
Feb 13 20:48:03 Torque TRACE    : get_port_profile()
Feb 13 20:48:03 Move TRACE    : get_port_profile()
Feb 13 20:48:03 Time TRACE    : get_port_profile()
Feb 13 20:48:03 Angle TRACE    : get_port_profile()
Feb 13 20:48:03 Load TRACE    : get_port_profile()
Feb 13 20:48:03 Speed TRACE    : get_port_profile()
Feb 13 20:48:03 Temperature TRACE    : get_port_profile()
Feb 13 20:48:03 Voltage TRACE    : get_port_profile()
Feb 13 20:48:03 Torque TRACE    : get_port_profile()
Feb 13 20:48:03 Move TRACE    : get_port_profile()
Feb 13 20:48:03 Time TRACE    : get_port_profile()
Feb 13 20:48:03 Angle TRACE    : get_port_profile()
Feb 13 20:48:03 Load TRACE    : get_port_profile()
Feb 13 20:48:03 Speed TRACE    : get_port_profile()
Feb 13 20:48:03 Temperature TRACE    : get_port_profile()
Feb 13 20:48:03 Voltage TRACE    : init()
Feb 13 20:48:03 Voltage PARANOID : given properties:
Feb 13 20:48:03 Voltage DEBUG    : 
Feb 13 20:48:03 Voltage PARANOID : updated properties:
Feb 13 20:48:03 Voltage DEBUG    : 
Feb 13 20:48:03 Voltage TRACE    : initConsumers()
Feb 13 20:48:03 Voltage DEBUG    : available InPortConsumer: [corba_cdr]
Feb 13 20:48:03 Voltage DEBUG    : dataflow_type pull is supported
Feb 13 20:48:03 Voltage TRACE    : initProviders()
Feb 13 20:48:03 Voltage DEBUG    : available providers: [corba_cdr]
Feb 13 20:48:03 Voltage DEBUG    : dataflow_type pull is supported
Feb 13 20:48:03 RTObject_impl TRACE    : RTObject_impl.bindParameter(portname,/dev/ttyUSB0)
Feb 13 20:48:03 RTObject_impl TRACE    : RTObject_impl.bindParameter(baudrate,115200)
Feb 13 20:48:03 RTObject_impl TRACE    : RTObject_impl.bindParameter(startID,1)
Feb 13 20:48:03 RTObject_impl TRACE    : RTObject_impl.bindParameter(endID,7)
Feb 13 20:48:03 RTObject_impl TRACE    : RTObject_impl.onInitialize()
Feb 13 20:48:03 RTObject_impl DEBUG    : EC[0] starting
Feb 13 20:48:03 PeriodicExecutionContext TRACE    : PeriodicExecutionContext.start()
Feb 13 20:48:03 RTObject_impl TRACE    : RTObject_impl.on_startup(0)
Feb 13 20:48:03 RTObject_impl TRACE    : RTObject_impl.onStartup(0)
Feb 13 20:48:03 PeriodicExecutionContext TRACE    : PeriodicExecutionContext.open()
Feb 13 20:48:03 PeriodicExecutionContext TRACE    : PeriodicExecutionContext.run()
Feb 13 20:48:03 Manager TRACE    : RTC initialization succeeded: 
Feb 13 20:48:03 PeriodicExecutionContext TRACE    : PeriodicExecutionContext.svc()
Feb 13 20:48:03 RTObject_impl TRACE    : RTObject_impl.getInstanceName()
Feb 13 20:48:03 Manager TRACE    : Manager.registerComponent(RS40XCB_ARM0)
Feb 13 20:48:03 RTObject_impl TRACE    : RTObject_impl.getInstanceName()
Feb 13 20:48:03 RTObject_impl TRACE    : RTObject_impl.getNamingNames()
Feb 13 20:48:03 Manager TRACE    : Bind name: javatea-desktop.host_cxt/RS40XCB_ARM0.rtc
Feb 13 20:48:03 NamingManager TRACE    : NamingManager.bindObject(javatea-desktop.host_cxt/RS40XCB_ARM0.rtc)
Feb 13 20:48:03 RTObject_impl TRACE    : RTObject_impl.getObjRef()
Feb 13 20:48:03 CorbaNaming TRACE    : in  CorbaNaming.rebindByString(javatea-desktop.host_cxt/RS40XCB_ARM0.rtc)
Feb 13 20:48:03 CorbaNaming TRACE    : in  CorbaNaming.rebind([Lorg.omg.CosNaming.NameComponent;@7ecd78,true)
Feb 13 20:48:03 CorbaNaming TRACE    :     isNamingContext is false.
Feb 13 20:48:03 CorbaNaming TRACE    : out  CorbaNaming.rebind()
Feb 13 20:48:03 CorbaNaming TRACE    : out CorbaNaming.rebindByString(javatea-desktop.host_cxt/RS40XCB_ARM0.rtc)
Feb 13 20:48:03 Manager TRACE    : Manager.runManager(): blocking mode
Feb 13 20:48:03 Manager VERBOSE  : Manager.cleanupComponents()
Feb 13 20:48:03 Manager VERBOSE  : 0 components are marked as finalized.
Feb 13 20:48:04 Manager VERBOSE  : Manager.cleanupComponents()
Feb 13 20:48:04 Manager VERBOSE  : 0 components are marked as finalized.
Feb 13 20:48:05 Manager VERBOSE  : Manager.cleanupComponents()
Feb 13 20:48:05 Manager VERBOSE  : 0 components are marked as finalized.
Feb 13 20:48:06 Manager VERBOSE  : Manager.cleanupComponents()
Feb 13 20:48:06 Manager VERBOSE  : 0 components are marked as finalized.
Feb 13 20:48:07 Manager VERBOSE  : Manager.cleanupComponents()
Feb 13 20:48:07 Manager VERBOSE  : 0 components are marked as finalized.
Feb 13 20:48:08 Manager VERBOSE  : Manager.cleanupComponents()
Feb 13 20:48:08 Manager VERBOSE  : 0 components are marked as finalized.
Feb 13 20:48:09 Manager VERBOSE  : Manager.cleanupComponents()
Feb 13 20:48:09 Manager VERBOSE  : 0 components are marked as finalized.
Feb 13 20:48:10 Manager VERBOSE  : Manager.cleanupComponents()
Feb 13 20:48:10 Manager VERBOSE  : 0 components are marked as finalized.
Feb 13 20:48:11 Manager VERBOSE  : Manager.cleanupComponents()
Feb 13 20:48:11 Manager VERBOSE  : 0 components are marked as finalized.
Feb 13 20:48:12 Manager TRACE    : Manager.shutdownOnNoRtcs()
Feb 13 20:48:12 Manager TRACE    : Manager.getComponents()
Feb 13 20:48:12 Manager VERBOSE  : Manager.cleanupComponents()
Feb 13 20:48:12 Manager VERBOSE  : 0 components are marked as finalized.
Feb 13 20:48:13 NamingManager TRACE    : NamingManager.update()
Feb 13 20:48:13 NamingOnCorba TRACE    : isAlive()
Feb 13 20:48:13 Manager VERBOSE  : Manager.cleanupComponents()
Feb 13 20:48:13 Manager VERBOSE  : 0 components are marked as finalized.
Feb 13 20:48:14 Manager VERBOSE  : Manager.cleanupComponents()
Feb 13 20:48:14 Manager VERBOSE  : 0 components are marked as finalized.
Feb 13 20:48:15 Manager VERBOSE  : Manager.cleanupComponents()
Feb 13 20:48:15 Manager VERBOSE  : 0 components are marked as finalized.
Feb 13 20:48:16 Manager VERBOSE  : Manager.cleanupComponents()
Feb 13 20:48:16 Manager VERBOSE  : 0 components are marked as finalized.
Feb 13 20:48:17 Manager VERBOSE  : Manager.cleanupComponents()
Feb 13 20:48:17 Manager VERBOSE  : 0 components are marked as finalized.
Feb 13 20:48:18 Manager VERBOSE  : Manager.cleanupComponents()
Feb 13 20:48:18 Manager VERBOSE  : 0 components are marked as finalized.
Feb 13 20:48:19 Manager VERBOSE  : Manager.cleanupComponents()
Feb 13 20:48:19 Manager VERBOSE  : 0 components are marked as finalized.
Feb 13 20:48:20 Manager VERBOSE  : Manager.cleanupComponents()
Feb 13 20:48:20 Manager VERBOSE  : 0 components are marked as finalized.
Feb 13 20:48:21 Manager VERBOSE  : Manager.cleanupComponents()
Feb 13 20:48:21 Manager VERBOSE  : 0 components are marked as finalized.
Feb 13 20:48:22 Manager TRACE    : Manager.shutdownOnNoRtcs()
Feb 13 20:48:22 Manager TRACE    : Manager.getComponents()
Feb 13 20:48:22 Manager VERBOSE  : Manager.cleanupComponents()
Feb 13 20:48:22 Manager VERBOSE  : 0 components are marked as finalized.
Feb 13 20:48:23 NamingManager TRACE    : NamingManager.update()
Feb 13 20:48:23 NamingOnCorba TRACE    : isAlive()
Feb 13 20:48:23 Manager VERBOSE  : Manager.cleanupComponents()
Feb 13 20:48:23 Manager VERBOSE  : 0 components are marked as finalized.
Feb 13 20:48:24 RTObject_impl TRACE    : RTObject_impl.get_component_profile()
Feb 13 20:48:24 Torque TRACE    : get_port_profile()
Feb 13 20:48:24 Move TRACE    : get_port_profile()
Feb 13 20:48:24 Time TRACE    : get_port_profile()
Feb 13 20:48:24 Angle TRACE    : get_port_profile()
Feb 13 20:48:24 Load TRACE    : get_port_profile()
Feb 13 20:48:24 Speed TRACE    : get_port_profile()
Feb 13 20:48:24 Temperature TRACE    : get_port_profile()
Feb 13 20:48:24 Voltage TRACE    : get_port_profile()
Feb 13 20:48:24 RTObject_impl TRACE    : RTObject_impl.get_configuration()
Feb 13 20:48:24 RTObject_impl TRACE    : RTObject_impl.get_owned_contexts()
Feb 13 20:48:24 RTObject_impl TRACE    : RTObject_impl.get_participating_contexts()
Feb 13 20:48:24 PeriodicExecutionContext TRACE    : PeriodicExecutionContext.get_component_state()
Feb 13 20:48:24 PeriodicExecutionContext TRACE    : PeriodicExecutionContext.is_running()
Feb 13 20:48:24 Configuration_impl TRACE    : Configuration_impl.get_configuration_sets()
Feb 13 20:48:24 Configuration_impl TRACE    : Configuration_impl.get_active_configuration_set()
Feb 13 20:48:24 RTObject_impl TRACE    : RTObject_impl.get_owned_organizations()
Feb 13 20:48:24 PeriodicExecutionContext TRACE    : PeriodicExecutionContext.get_profile()
Feb 13 20:48:24 PeriodicExecutionContext TRACE    : PeriodicExecutionContext.is_running()
Feb 13 20:48:24 RTObject_impl TRACE    : RTObject_impl.get_context_handle()
Feb 13 20:48:24 PeriodicExecutionContext TRACE    : PeriodicExecutionContext.get_profile()
Feb 13 20:48:24 PeriodicExecutionContext TRACE    : PeriodicExecutionContext.is_running()
Feb 13 20:48:24 Manager VERBOSE  : Manager.cleanupComponents()
Feb 13 20:48:24 Manager VERBOSE  : 0 components are marked as finalized.
Feb 13 20:48:25 RTObject_impl TRACE    : RTObject_impl.get_component_profile()
Feb 13 20:48:25 Torque TRACE    : get_port_profile()
Feb 13 20:48:25 Move TRACE    : get_port_profile()
Feb 13 20:48:25 Time TRACE    : get_port_profile()
Feb 13 20:48:25 Angle TRACE    : get_port_profile()
Feb 13 20:48:25 Load TRACE    : get_port_profile()
Feb 13 20:48:25 Speed TRACE    : get_port_profile()
Feb 13 20:48:25 Temperature TRACE    : get_port_profile()
Feb 13 20:48:25 Voltage TRACE    : get_port_profile()
Feb 13 20:48:25 RTObject_impl TRACE    : RTObject_impl.get_owned_contexts()
Feb 13 20:48:25 RTObject_impl TRACE    : RTObject_impl.get_participating_contexts()
Feb 13 20:48:25 PeriodicExecutionContext TRACE    : PeriodicExecutionContext.get_component_state()
Feb 13 20:48:25 PeriodicExecutionContext TRACE    : PeriodicExecutionContext.is_running()
Feb 13 20:48:25 Configuration_impl TRACE    : Configuration_impl.get_configuration_sets()
Feb 13 20:48:25 Configuration_impl TRACE    : Configuration_impl.get_active_configuration_set()
Feb 13 20:48:25 PeriodicExecutionContext TRACE    : PeriodicExecutionContext.get_profile()
Feb 13 20:48:25 PeriodicExecutionContext TRACE    : PeriodicExecutionContext.is_running()
Feb 13 20:48:25 RTObject_impl TRACE    : RTObject_impl.get_context_handle()
Feb 13 20:48:25 PeriodicExecutionContext TRACE    : PeriodicExecutionContext.get_profile()
Feb 13 20:48:25 PeriodicExecutionContext TRACE    : PeriodicExecutionContext.is_running()
Feb 13 20:48:25 RTObject_impl TRACE    : RTObject_impl.get_component_profile()
Feb 13 20:48:25 Torque TRACE    : get_port_profile()
Feb 13 20:48:25 Move TRACE    : get_port_profile()
Feb 13 20:48:25 Time TRACE    : get_port_profile()
Feb 13 20:48:25 Angle TRACE    : get_port_profile()
Feb 13 20:48:25 Load TRACE    : get_port_profile()
Feb 13 20:48:25 Speed TRACE    : get_port_profile()
Feb 13 20:48:25 Temperature TRACE    : get_port_profile()
Feb 13 20:48:25 Voltage TRACE    : get_port_profile()
Feb 13 20:48:25 RTObject_impl TRACE    : RTObject_impl.get_owned_contexts()
Feb 13 20:48:25 RTObject_impl TRACE    : RTObject_impl.get_participating_contexts()
Feb 13 20:48:25 PeriodicExecutionContext TRACE    : PeriodicExecutionContext.get_component_state()
Feb 13 20:48:25 PeriodicExecutionContext TRACE    : PeriodicExecutionContext.is_running()
Feb 13 20:48:25 Configuration_impl TRACE    : Configuration_impl.get_configuration_sets()
Feb 13 20:48:25 Configuration_impl TRACE    : Configuration_impl.get_active_configuration_set()
Feb 13 20:48:25 PeriodicExecutionContext TRACE    : PeriodicExecutionContext.get_profile()
Feb 13 20:48:25 PeriodicExecutionContext TRACE    : PeriodicExecutionContext.is_running()
Feb 13 20:48:25 Manager VERBOSE  : Manager.cleanupComponents()
Feb 13 20:48:25 Manager VERBOSE  : 0 components are marked as finalized.
Feb 13 20:48:26 RTObject_impl TRACE    : RTObject_impl.get_component_profile()
Feb 13 20:48:26 Torque TRACE    : get_port_profile()
Feb 13 20:48:26 Move TRACE    : get_port_profile()
Feb 13 20:48:26 Time TRACE    : get_port_profile()
Feb 13 20:48:26 Angle TRACE    : get_port_profile()
Feb 13 20:48:26 Load TRACE    : get_port_profile()
Feb 13 20:48:26 Speed TRACE    : get_port_profile()
Feb 13 20:48:26 Temperature TRACE    : get_port_profile()
Feb 13 20:48:26 Voltage TRACE    : get_port_profile()
Feb 13 20:48:26 RTObject_impl TRACE    : RTObject_impl.get_owned_contexts()
Feb 13 20:48:26 RTObject_impl TRACE    : RTObject_impl.get_participating_contexts()
Feb 13 20:48:26 PeriodicExecutionContext TRACE    : PeriodicExecutionContext.get_component_state()
Feb 13 20:48:26 PeriodicExecutionContext TRACE    : PeriodicExecutionContext.is_running()
Feb 13 20:48:26 Configuration_impl TRACE    : Configuration_impl.get_configuration_sets()
Feb 13 20:48:26 Configuration_impl TRACE    : Configuration_impl.get_active_configuration_set()
Feb 13 20:48:26 PeriodicExecutionContext TRACE    : PeriodicExecutionContext.get_profile()
Feb 13 20:48:26 PeriodicExecutionContext TRACE    : PeriodicExecutionContext.is_running()
Feb 13 20:48:26 Manager VERBOSE  : Manager.cleanupComponents()
Feb 13 20:48:26 Manager VERBOSE  : 0 components are marked as finalized.
Feb 13 20:48:27 RTObject_impl TRACE    : RTObject_impl.get_component_profile()
Feb 13 20:48:27 Torque TRACE    : get_port_profile()
Feb 13 20:48:27 Move TRACE    : get_port_profile()
Feb 13 20:48:27 Time TRACE    : get_port_profile()
Feb 13 20:48:27 Angle TRACE    : get_port_profile()
Feb 13 20:48:27 Load TRACE    : get_port_profile()
Feb 13 20:48:27 Speed TRACE    : get_port_profile()
Feb 13 20:48:27 Temperature TRACE    : get_port_profile()
Feb 13 20:48:27 Voltage TRACE    : get_port_profile()
Feb 13 20:48:27 RTObject_impl TRACE    : RTObject_impl.get_owned_contexts()
Feb 13 20:48:27 RTObject_impl TRACE    : RTObject_impl.get_participating_contexts()
Feb 13 20:48:27 PeriodicExecutionContext TRACE    : PeriodicExecutionContext.get_component_state()
Feb 13 20:48:27 PeriodicExecutionContext TRACE    : PeriodicExecutionContext.is_running()
Feb 13 20:48:27 Configuration_impl TRACE    : Configuration_impl.get_configuration_sets()
Feb 13 20:48:27 Configuration_impl TRACE    : Configuration_impl.get_active_configuration_set()
Feb 13 20:48:27 PeriodicExecutionContext TRACE    : PeriodicExecutionContext.get_profile()
Feb 13 20:48:27 PeriodicExecutionContext TRACE    : PeriodicExecutionContext.is_running()
Feb 13 20:48:27 Manager VERBOSE  : Manager.cleanupComponents()
Feb 13 20:48:27 Manager VERBOSE  : 0 components are marked as finalized.
Feb 13 20:48:28 RTObject_impl TRACE    : RTObject_impl.get_component_profile()
Feb 13 20:48:28 Torque TRACE    : get_port_profile()
Feb 13 20:48:28 Move TRACE    : get_port_profile()
Feb 13 20:48:28 Time TRACE    : get_port_profile()
Feb 13 20:48:28 Angle TRACE    : get_port_profile()
Feb 13 20:48:28 Load TRACE    : get_port_profile()
Feb 13 20:48:28 Speed TRACE    : get_port_profile()
Feb 13 20:48:28 Temperature TRACE    : get_port_profile()
Feb 13 20:48:28 Voltage TRACE    : get_port_profile()
Feb 13 20:48:28 RTObject_impl TRACE    : RTObject_impl.get_owned_contexts()
Feb 13 20:48:28 RTObject_impl TRACE    : RTObject_impl.get_participating_contexts()
Feb 13 20:48:28 PeriodicExecutionContext TRACE    : PeriodicExecutionContext.get_component_state()
Feb 13 20:48:28 PeriodicExecutionContext TRACE    : PeriodicExecutionContext.is_running()
Feb 13 20:48:28 Configuration_impl TRACE    : Configuration_impl.get_configuration_sets()
Feb 13 20:48:28 Configuration_impl TRACE    : Configuration_impl.get_active_configuration_set()
Feb 13 20:48:28 PeriodicExecutionContext TRACE    : PeriodicExecutionContext.get_profile()
Feb 13 20:48:28 PeriodicExecutionContext TRACE    : PeriodicExecutionContext.is_running()
Feb 13 20:48:28 Torque TRACE    : notify_connect()
Feb 13 20:48:28 Torque TRACE    : publishInterfaces()
Feb 13 20:48:28 Torque DEBUG    : ConnectorProfile::properties are as follows.
Feb 13 20:48:28 Torque DEBUG    : - data_type: TimedBooleanSeq
- interface_type: corba_cdr
- dataflow_type: push
- subscription_type: flush
- publisher
  - push_policy: all
- serializer
  - cdr
    - endian: little,big

Feb 13 20:48:28 Torque DEBUG    : dataflow_type = push .... create PushConnector
Feb 13 20:48:28 Torque DEBUG    : interface_type:  corba_cdr
Feb 13 20:48:28 InPortCorbaCdrProvider TRACE    : setInterfaceType(corba_cdr)
Feb 13 20:48:28 Torque DEBUG    : provider created
Feb 13 20:48:28 InPortCorbaCdrProvider TRACE    : publishInterface()
Feb 13 20:48:28 InPortCorbaCdrProvider DEBUG    : dataport.data_type:TimedBooleanSeq
dataport.interface_type:corba_cdr
dataport.dataflow_type:push
dataport.subscription_type:flush
dataport.publisher.push_policy:all
dataport.serializer.cdr.endian:little,big

Feb 13 20:48:28 Torque TRACE    : InPortPushConnector create
Feb 13 20:48:28 Torque PARANOID : connector push backed: 1
Feb 13 20:48:28 Torque DEBUG    : publishInterface() successfully finished.
Feb 13 20:48:28 Torque TRACE    : subscribeInterfaces()
Feb 13 20:48:28 Torque DEBUG    : ConnectorProfile::properties are as follows.
Feb 13 20:48:28 Torque DEBUG    : - data_type: TimedBooleanSeq
- interface_type: corba_cdr
- dataflow_type: push
- subscription_type: flush
- publisher
  - push_policy: all
- serializer
  - cdr
    - endian: little,big
- provider: 
- buffer: 
- corba_cdr
  - inport_ior: IOR:000000000000001a49444c3a4f70656e52544d2f496e506f72744364723a312e30000000000000010000000000000082000102000000000a3132372e302e312e31009fb800000031afabcb0000000020768a811100000001000000000000000100000008526f6f74504f410000000008000000100000000014000000000000020000000100000020000000000001000100000002050100010001002000010109000000010001010000000026000000020002
  - inport_ref: IOR:000000000000001a49444c3a4f70656e52544d2f496e506f72744364723a312e30000000000000010000000000000082000102000000000a3132372e302e312e31009fb800000031afabcb0000000020768a811100000001000000000000000100000008526f6f74504f410000000008000000100000000014000000000000020000000100000020000000000001000100000002050100010001002000010109000000010001010000000026000000020002

Feb 13 20:48:28 Torque TRACE    : Little Endian = true
Feb 13 20:48:28 Torque DEBUG    : dataflow_type is push.
Feb 13 20:48:28 Torque TRACE    : getConnectorById(id = 31aa0b17-cd68-4f48-b3bd-b1d89782efa5)
Feb 13 20:48:28 InPortConnector TRACE    : profile()
Feb 13 20:48:28 InPortConnector TRACE    : id() = 31aa0b17-cd68-4f48-b3bd-b1d89782efa5
Feb 13 20:48:28 InPortConnector TRACE    : profile()
Feb 13 20:48:28 Torque DEBUG    : subscribeInterfaces() successfully finished.
Feb 13 20:48:28 Torque PARANOID : 0 connectors are existing.
Feb 13 20:48:28 Torque PARANOID : New connector_id. Push backed.
Feb 13 20:48:29 Manager VERBOSE  : Manager.cleanupComponents()
Feb 13 20:48:29 Manager VERBOSE  : 0 components are marked as finalized.
Feb 13 20:48:29 RTObject_impl TRACE    : RTObject_impl.get_component_profile()
Feb 13 20:48:29 Torque TRACE    : get_port_profile()
Feb 13 20:48:29 Move TRACE    : get_port_profile()
Feb 13 20:48:29 Time TRACE    : get_port_profile()
Feb 13 20:48:29 Angle TRACE    : get_port_profile()
Feb 13 20:48:29 Load TRACE    : get_port_profile()
Feb 13 20:48:29 Speed TRACE    : get_port_profile()
Feb 13 20:48:29 Temperature TRACE    : get_port_profile()
Feb 13 20:48:29 Voltage TRACE    : get_port_profile()
Feb 13 20:48:29 RTObject_impl TRACE    : RTObject_impl.get_owned_contexts()
Feb 13 20:48:29 RTObject_impl TRACE    : RTObject_impl.get_participating_contexts()
Feb 13 20:48:29 PeriodicExecutionContext TRACE    : PeriodicExecutionContext.get_component_state()
Feb 13 20:48:29 PeriodicExecutionContext TRACE    : PeriodicExecutionContext.is_running()
Feb 13 20:48:29 Configuration_impl TRACE    : Configuration_impl.get_configuration_sets()
Feb 13 20:48:29 Configuration_impl TRACE    : Configuration_impl.get_active_configuration_set()
Feb 13 20:48:29 PeriodicExecutionContext TRACE    : PeriodicExecutionContext.get_profile()
Feb 13 20:48:29 PeriodicExecutionContext TRACE    : PeriodicExecutionContext.is_running()
Feb 13 20:48:30 Manager VERBOSE  : Manager.cleanupComponents()
Feb 13 20:48:30 Manager VERBOSE  : 0 components are marked as finalized.
Feb 13 20:48:30 RTObject_impl TRACE    : RTObject_impl.get_component_profile()
Feb 13 20:48:30 Torque TRACE    : get_port_profile()
Feb 13 20:48:30 Move TRACE    : get_port_profile()
Feb 13 20:48:30 Time TRACE    : get_port_profile()
Feb 13 20:48:30 Angle TRACE    : get_port_profile()
Feb 13 20:48:30 Load TRACE    : get_port_profile()
Feb 13 20:48:30 Speed TRACE    : get_port_profile()
Feb 13 20:48:30 Temperature TRACE    : get_port_profile()
Feb 13 20:48:30 Voltage TRACE    : get_port_profile()
Feb 13 20:48:30 RTObject_impl TRACE    : RTObject_impl.get_owned_contexts()
Feb 13 20:48:30 RTObject_impl TRACE    : RTObject_impl.get_participating_contexts()
Feb 13 20:48:30 PeriodicExecutionContext TRACE    : PeriodicExecutionContext.get_component_state()
Feb 13 20:48:30 PeriodicExecutionContext TRACE    : PeriodicExecutionContext.is_running()
Feb 13 20:48:30 Configuration_impl TRACE    : Configuration_impl.get_configuration_sets()
Feb 13 20:48:30 Configuration_impl TRACE    : Configuration_impl.get_active_configuration_set()
Feb 13 20:48:30 PeriodicExecutionContext TRACE    : PeriodicExecutionContext.get_profile()
Feb 13 20:48:30 PeriodicExecutionContext TRACE    : PeriodicExecutionContext.is_running()
Feb 13 20:48:31 Manager VERBOSE  : Manager.cleanupComponents()
Feb 13 20:48:31 Manager VERBOSE  : 0 components are marked as finalized.
Feb 13 20:48:31 RTObject_impl TRACE    : RTObject_impl.get_component_profile()
Feb 13 20:48:31 Torque TRACE    : get_port_profile()
Feb 13 20:48:31 Move TRACE    : get_port_profile()
Feb 13 20:48:31 Time TRACE    : get_port_profile()
Feb 13 20:48:31 Angle TRACE    : get_port_profile()
Feb 13 20:48:31 Load TRACE    : get_port_profile()
Feb 13 20:48:31 Speed TRACE    : get_port_profile()
Feb 13 20:48:31 Temperature TRACE    : get_port_profile()
Feb 13 20:48:31 Voltage TRACE    : get_port_profile()
Feb 13 20:48:31 RTObject_impl TRACE    : RTObject_impl.get_owned_contexts()
Feb 13 20:48:31 RTObject_impl TRACE    : RTObject_impl.get_participating_contexts()
Feb 13 20:48:31 PeriodicExecutionContext TRACE    : PeriodicExecutionContext.get_component_state()
Feb 13 20:48:31 PeriodicExecutionContext TRACE    : PeriodicExecutionContext.is_running()
Feb 13 20:48:31 Configuration_impl TRACE    : Configuration_impl.get_configuration_sets()
Feb 13 20:48:31 Configuration_impl TRACE    : Configuration_impl.get_active_configuration_set()
Feb 13 20:48:31 PeriodicExecutionContext TRACE    : PeriodicExecutionContext.get_profile()
Feb 13 20:48:31 PeriodicExecutionContext TRACE    : PeriodicExecutionContext.is_running()
Feb 13 20:48:32 Manager VERBOSE  : Manager.cleanupComponents()
Feb 13 20:48:32 Manager VERBOSE  : 0 components are marked as finalized.
Feb 13 20:48:32 Move TRACE    : notify_connect()
Feb 13 20:48:32 Move TRACE    : publishInterfaces()
Feb 13 20:48:32 Move DEBUG    : ConnectorProfile::properties are as follows.
Feb 13 20:48:32 Move DEBUG    : - data_type: TimedLongSeq
- interface_type: corba_cdr
- dataflow_type: push
- subscription_type: flush
- publisher
  - push_policy: all
- serializer
  - cdr
    - endian: little,big

Feb 13 20:48:32 Move DEBUG    : dataflow_type = push .... create PushConnector
Feb 13 20:48:32 Move DEBUG    : interface_type:  corba_cdr
Feb 13 20:48:32 InPortCorbaCdrProvider TRACE    : setInterfaceType(corba_cdr)
Feb 13 20:48:32 Move DEBUG    : provider created
Feb 13 20:48:32 InPortCorbaCdrProvider TRACE    : publishInterface()
Feb 13 20:48:32 InPortCorbaCdrProvider DEBUG    : dataport.data_type:TimedLongSeq
dataport.interface_type:corba_cdr
dataport.dataflow_type:push
dataport.subscription_type:flush
dataport.publisher.push_policy:all
dataport.serializer.cdr.endian:little,big

Feb 13 20:48:32 Move TRACE    : InPortPushConnector create
Feb 13 20:48:32 Move PARANOID : connector push backed: 1
Feb 13 20:48:32 Move DEBUG    : publishInterface() successfully finished.
Feb 13 20:48:32 Move TRACE    : subscribeInterfaces()
Feb 13 20:48:32 Move DEBUG    : ConnectorProfile::properties are as follows.
Feb 13 20:48:32 Move DEBUG    : - data_type: TimedLongSeq
- interface_type: corba_cdr
- dataflow_type: push
- subscription_type: flush
- publisher
  - push_policy: all
- serializer
  - cdr
    - endian: little,big
- provider: 
- buffer: 
- corba_cdr
  - inport_ior: IOR:000000000000001a49444c3a4f70656e52544d2f496e506f72744364723a312e30000000000000010000000000000082000102000000000a3132372e302e312e31009fb800000031afabcb0000000020768a811100000001000000000000000100000008526f6f74504f410000000008000000110000000014000000000000020000000100000020000000000001000100000002050100010001002000010109000000010001010000000026000000020002
  - inport_ref: IOR:000000000000001a49444c3a4f70656e52544d2f496e506f72744364723a312e30000000000000010000000000000082000102000000000a3132372e302e312e31009fb800000031afabcb0000000020768a811100000001000000000000000100000008526f6f74504f410000000008000000110000000014000000000000020000000100000020000000000001000100000002050100010001002000010109000000010001010000000026000000020002

Feb 13 20:48:32 Move TRACE    : Little Endian = true
Feb 13 20:48:32 Move DEBUG    : dataflow_type is push.
Feb 13 20:48:32 Move TRACE    : getConnectorById(id = 47645638-64a2-4706-b6af-746718268865)
Feb 13 20:48:32 InPortConnector TRACE    : profile()
Feb 13 20:48:32 InPortConnector TRACE    : id() = 47645638-64a2-4706-b6af-746718268865
Feb 13 20:48:32 InPortConnector TRACE    : profile()
Feb 13 20:48:32 Move DEBUG    : subscribeInterfaces() successfully finished.
Feb 13 20:48:32 Move PARANOID : 0 connectors are existing.
Feb 13 20:48:32 Move PARANOID : New connector_id. Push backed.
Feb 13 20:48:32 RTObject_impl TRACE    : RTObject_impl.get_component_profile()
Feb 13 20:48:32 Torque TRACE    : get_port_profile()
Feb 13 20:48:32 Move TRACE    : get_port_profile()
Feb 13 20:48:32 Time TRACE    : get_port_profile()
Feb 13 20:48:32 Angle TRACE    : get_port_profile()
Feb 13 20:48:32 Load TRACE    : get_port_profile()
Feb 13 20:48:32 Speed TRACE    : get_port_profile()
Feb 13 20:48:32 Temperature TRACE    : get_port_profile()
Feb 13 20:48:32 Voltage TRACE    : get_port_profile()
Feb 13 20:48:32 RTObject_impl TRACE    : RTObject_impl.get_owned_contexts()
Feb 13 20:48:32 RTObject_impl TRACE    : RTObject_impl.get_participating_contexts()
Feb 13 20:48:32 PeriodicExecutionContext TRACE    : PeriodicExecutionContext.get_component_state()
Feb 13 20:48:32 PeriodicExecutionContext TRACE    : PeriodicExecutionContext.is_running()
Feb 13 20:48:32 Configuration_impl TRACE    : Configuration_impl.get_configuration_sets()
Feb 13 20:48:32 Configuration_impl TRACE    : Configuration_impl.get_active_configuration_set()
Feb 13 20:48:32 PeriodicExecutionContext TRACE    : PeriodicExecutionContext.get_profile()
Feb 13 20:48:32 PeriodicExecutionContext TRACE    : PeriodicExecutionContext.is_running()
Feb 13 20:48:33 Manager TRACE    : Manager.shutdownOnNoRtcs()
Feb 13 20:48:33 Manager TRACE    : Manager.getComponents()
Feb 13 20:48:33 Manager VERBOSE  : Manager.cleanupComponents()
Feb 13 20:48:33 Manager VERBOSE  : 0 components are marked as finalized.
Feb 13 20:48:33 NamingManager TRACE    : NamingManager.update()
Feb 13 20:48:33 NamingOnCorba TRACE    : isAlive()
Feb 13 20:48:33 RTObject_impl TRACE    : RTObject_impl.get_component_profile()
Feb 13 20:48:33 Torque TRACE    : get_port_profile()
Feb 13 20:48:33 Move TRACE    : get_port_profile()
Feb 13 20:48:33 Time TRACE    : get_port_profile()
Feb 13 20:48:33 Angle TRACE    : get_port_profile()
Feb 13 20:48:33 Load TRACE    : get_port_profile()
Feb 13 20:48:33 Speed TRACE    : get_port_profile()
Feb 13 20:48:33 Temperature TRACE    : get_port_profile()
Feb 13 20:48:33 Voltage TRACE    : get_port_profile()
Feb 13 20:48:33 RTObject_impl TRACE    : RTObject_impl.get_owned_contexts()
Feb 13 20:48:33 RTObject_impl TRACE    : RTObject_impl.get_participating_contexts()
Feb 13 20:48:33 PeriodicExecutionContext TRACE    : PeriodicExecutionContext.get_component_state()
Feb 13 20:48:33 PeriodicExecutionContext TRACE    : PeriodicExecutionContext.is_running()
Feb 13 20:48:33 Configuration_impl TRACE    : Configuration_impl.get_configuration_sets()
Feb 13 20:48:33 Configuration_impl TRACE    : Configuration_impl.get_active_configuration_set()
Feb 13 20:48:33 PeriodicExecutionContext TRACE    : PeriodicExecutionContext.get_profile()
Feb 13 20:48:33 PeriodicExecutionContext TRACE    : PeriodicExecutionContext.is_running()
Feb 13 20:48:34 Manager VERBOSE  : Manager.cleanupComponents()
Feb 13 20:48:34 Manager VERBOSE  : 0 components are marked as finalized.
Feb 13 20:48:34 PeriodicExecutionContext TRACE    : PeriodicExecutionContext.activate_component()
Feb 13 20:48:34 RTObject_impl TRACE    : RTObject_impl.on_activated(0)
Feb 13 20:48:34 RTObject_impl TRACE    : RTObject_impl.onActivated(0)
Feb 13 20:48:34 Torque TRACE    : activateInterfaces()
Feb 13 20:48:34 InPortConnector TRACE    : profile()
Feb 13 20:48:34 InPortConnector TRACE    : name() = RS40XCB_ARM_TEST0.Torque_RS40XCB_ARM0.Torque
Feb 13 20:48:34 InPortConnector TRACE    : profile()
Feb 13 20:48:34 InPortConnector TRACE    : profile()
Feb 13 20:48:34 InPortConnector TRACE    : id() = 31aa0b17-cd68-4f48-b3bd-b1d89782efa5
Feb 13 20:48:34 InPortConnector TRACE    : profile()
Feb 13 20:48:34 Torque DEBUG    : activate connector: RS40XCB_ARM_TEST0.Torque_RS40XCB_ARM0.Torque 31aa0b17-cd68-4f48-b3bd-b1d89782efa5
Feb 13 20:48:34 Move TRACE    : activateInterfaces()
Feb 13 20:48:34 InPortConnector TRACE    : profile()
Feb 13 20:48:34 InPortConnector TRACE    : name() = RS40XCB_ARM_TEST0.Move_RS40XCB_ARM0.Move
Feb 13 20:48:34 InPortConnector TRACE    : profile()
Feb 13 20:48:34 InPortConnector TRACE    : profile()
Feb 13 20:48:34 InPortConnector TRACE    : id() = 47645638-64a2-4706-b6af-746718268865
Feb 13 20:48:34 InPortConnector TRACE    : profile()
Feb 13 20:48:34 Move DEBUG    : activate connector: RS40XCB_ARM_TEST0.Move_RS40XCB_ARM0.Move 47645638-64a2-4706-b6af-746718268865
Feb 13 20:48:34 Time TRACE    : activateInterfaces()
Feb 13 20:48:34 RTObject_impl TRACE    : RTObject_impl.on_execute(0)
Feb 13 20:48:34 Torque TRACE    : isNew()
Feb 13 20:48:34 Torque DEBUG    : isNew() = false, no readable data
Feb 13 20:48:34 Time TRACE    : isNew()
Feb 13 20:48:34 Time DEBUG    : no connectors
Feb 13 20:48:34 Move TRACE    : isNew()
Feb 13 20:48:34 Move DEBUG    : isNew() = false, no readable data
Feb 13 20:48:34 RTObject_impl TRACE    : RTObject_impl.get_component_profile()
Feb 13 20:48:34 Torque TRACE    : get_port_profile()
Feb 13 20:48:34 Move TRACE    : get_port_profile()
Feb 13 20:48:34 Time TRACE    : get_port_profile()
Feb 13 20:48:34 Angle TRACE    : get_port_profile()
Feb 13 20:48:34 Load TRACE    : get_port_profile()
Feb 13 20:48:34 Speed TRACE    : get_port_profile()
Feb 13 20:48:34 Temperature TRACE    : get_port_profile()
Feb 13 20:48:34 Voltage TRACE    : get_port_profile()
Feb 13 20:48:34 RTObject_impl TRACE    : RTObject_impl.get_owned_contexts()
Feb 13 20:48:34 RTObject_impl TRACE    : RTObject_impl.get_participating_contexts()
Feb 13 20:48:34 PeriodicExecutionContext TRACE    : PeriodicExecutionContext.get_component_state()
Feb 13 20:48:34 PeriodicExecutionContext TRACE    : PeriodicExecutionContext.is_running()
Feb 13 20:48:34 Configuration_impl TRACE    : Configuration_impl.get_configuration_sets()
Feb 13 20:48:34 Configuration_impl TRACE    : Configuration_impl.get_active_configuration_set()
Feb 13 20:48:34 PeriodicExecutionContext TRACE    : PeriodicExecutionContext.get_profile()
Feb 13 20:48:34 PeriodicExecutionContext TRACE    : PeriodicExecutionContext.is_running()
Feb 13 20:48:34 Angle TRACE    : DataType write()
Feb 13 20:48:34 Load TRACE    : DataType write()
Feb 13 20:48:34 Speed TRACE    : DataType write()
Feb 13 20:48:34 Temperature TRACE    : DataType write()
Feb 13 20:48:34 Voltage TRACE    : DataType write()
Feb 13 20:48:34 RTObject_impl TRACE    : RTObject_impl.onExecute(0)
Feb 13 20:48:34 RTObject_impl TRACE    : RTObject_impl.on_state_update(0)
Feb 13 20:48:34 RTObject_impl TRACE    : RTObject_impl.onStateUpdete(0)
Feb 13 20:48:34 RTObject_impl TRACE    : RTObject_impl.on_execute(0)
Feb 13 20:48:34 Torque TRACE    : isNew()
Feb 13 20:48:34 Torque DEBUG    : isNew() = false, no readable data
Feb 13 20:48:34 Time TRACE    : isNew()
Feb 13 20:48:34 Time DEBUG    : no connectors
Feb 13 20:48:34 Move TRACE    : isNew()
Feb 13 20:48:34 Move DEBUG    : isNew() = false, no readable data
Feb 13 20:48:35 Manager VERBOSE  : Manager.cleanupComponents()
Feb 13 20:48:35 Manager VERBOSE  : 0 components are marked as finalized.
Feb 13 20:48:35 Angle TRACE    : DataType write()
Feb 13 20:48:35 Load TRACE    : DataType write()
Feb 13 20:48:35 Speed TRACE    : DataType write()
Feb 13 20:48:35 Temperature TRACE    : DataType write()
Feb 13 20:48:35 Voltage TRACE    : DataType write()
Feb 13 20:48:35 RTObject_impl TRACE    : RTObject_impl.onExecute(0)
Feb 13 20:48:35 RTObject_impl TRACE    : RTObject_impl.on_state_update(0)
Feb 13 20:48:35 RTObject_impl TRACE    : RTObject_impl.onStateUpdete(0)
Feb 13 20:48:35 RTObject_impl TRACE    : RTObject_impl.on_execute(0)
Feb 13 20:48:35 Torque TRACE    : isNew()
Feb 13 20:48:35 Torque DEBUG    : isNew() = false, no readable data
Feb 13 20:48:35 Time TRACE    : isNew()
Feb 13 20:48:35 Time DEBUG    : no connectors
Feb 13 20:48:35 Move TRACE    : isNew()
Feb 13 20:48:35 Move DEBUG    : isNew() = false, no readable data
Feb 13 20:48:35 Angle TRACE    : DataType write()
Feb 13 20:48:35 Load TRACE    : DataType write()
Feb 13 20:48:35 Speed TRACE    : DataType write()
Feb 13 20:48:35 Temperature TRACE    : DataType write()
Feb 13 20:48:35 Voltage TRACE    : DataType write()
Feb 13 20:48:35 RTObject_impl TRACE    : RTObject_impl.onExecute(0)
Feb 13 20:48:35 RTObject_impl TRACE    : RTObject_impl.on_state_update(0)
Feb 13 20:48:35 RTObject_impl TRACE    : RTObject_impl.onStateUpdete(0)
Feb 13 20:48:35 RTObject_impl TRACE    : RTObject_impl.on_execute(0)
Feb 13 20:48:35 Torque TRACE    : isNew()
Feb 13 20:48:35 Torque DEBUG    : isNew() = false, no readable data
Feb 13 20:48:35 Time TRACE    : isNew()
Feb 13 20:48:35 Time DEBUG    : no connectors
Feb 13 20:48:35 Move TRACE    : isNew()
Feb 13 20:48:35 Move DEBUG    : isNew() = false, no readable data
Feb 13 20:48:35 RTObject_impl TRACE    : RTObject_impl.get_component_profile()
Feb 13 20:48:35 Torque TRACE    : get_port_profile()
Feb 13 20:48:35 Move TRACE    : get_port_profile()
Feb 13 20:48:35 Time TRACE    : get_port_profile()
Feb 13 20:48:35 Angle TRACE    : get_port_profile()
Feb 13 20:48:35 Load TRACE    : get_port_profile()
Feb 13 20:48:35 Speed TRACE    : get_port_profile()
Feb 13 20:48:35 Temperature TRACE    : get_port_profile()
Feb 13 20:48:35 Voltage TRACE    : get_port_profile()
Feb 13 20:48:35 RTObject_impl TRACE    : RTObject_impl.get_owned_contexts()
Feb 13 20:48:35 RTObject_impl TRACE    : RTObject_impl.get_participating_contexts()
Feb 13 20:48:35 PeriodicExecutionContext TRACE    : PeriodicExecutionContext.get_component_state()
Feb 13 20:48:35 PeriodicExecutionContext TRACE    : PeriodicExecutionContext.is_running()
Feb 13 20:48:35 Configuration_impl TRACE    : Configuration_impl.get_configuration_sets()
Feb 13 20:48:35 Configuration_impl TRACE    : Configuration_impl.get_active_configuration_set()
Feb 13 20:48:35 PeriodicExecutionContext TRACE    : PeriodicExecutionContext.get_profile()
Feb 13 20:48:35 PeriodicExecutionContext TRACE    : PeriodicExecutionContext.is_running()
Feb 13 20:48:35 Angle TRACE    : DataType write()
Feb 13 20:48:35 Load TRACE    : DataType write()
Feb 13 20:48:35 Speed TRACE    : DataType write()
Feb 13 20:48:35 Temperature TRACE    : DataType write()
Feb 13 20:48:35 Voltage TRACE    : DataType write()
Feb 13 20:48:35 RTObject_impl TRACE    : RTObject_impl.onExecute(0)
Feb 13 20:48:35 RTObject_impl TRACE    : RTObject_impl.on_state_update(0)
Feb 13 20:48:35 RTObject_impl TRACE    : RTObject_impl.onStateUpdete(0)
Feb 13 20:48:35 RTObject_impl TRACE    : RTObject_impl.on_execute(0)
Feb 13 20:48:35 Torque TRACE    : isNew()
Feb 13 20:48:35 Torque DEBUG    : isNew() = false, no readable data
Feb 13 20:48:35 Time TRACE    : isNew()
Feb 13 20:48:35 Time DEBUG    : no connectors
Feb 13 20:48:35 Move TRACE    : isNew()
Feb 13 20:48:35 Move DEBUG    : isNew() = false, no readable data
Feb 13 20:48:36 Manager VERBOSE  : Manager.cleanupComponents()
Feb 13 20:48:36 Manager VERBOSE  : 0 components are marked as finalized.
Feb 13 20:48:36 Angle TRACE    : DataType write()
Feb 13 20:48:36 Load TRACE    : DataType write()
Feb 13 20:48:36 Speed TRACE    : DataType write()
Feb 13 20:48:36 Temperature TRACE    : DataType write()
Feb 13 20:48:36 Voltage TRACE    : DataType write()
Feb 13 20:48:36 RTObject_impl TRACE    : RTObject_impl.onExecute(0)
Feb 13 20:48:36 RTObject_impl TRACE    : RTObject_impl.on_state_update(0)
Feb 13 20:48:36 RTObject_impl TRACE    : RTObject_impl.onStateUpdete(0)
Feb 13 20:48:36 RTObject_impl TRACE    : RTObject_impl.on_execute(0)
Feb 13 20:48:36 Torque TRACE    : isNew()
Feb 13 20:48:36 Torque DEBUG    : isNew() = false, no readable data
Feb 13 20:48:36 Time TRACE    : isNew()
Feb 13 20:48:36 Time DEBUG    : no connectors
Feb 13 20:48:36 Move TRACE    : isNew()
Feb 13 20:48:36 Move DEBUG    : isNew() = false, no readable data
Feb 13 20:48:36 Angle TRACE    : DataType write()
Feb 13 20:48:36 Load TRACE    : DataType write()
Feb 13 20:48:36 Speed TRACE    : DataType write()
Feb 13 20:48:36 Temperature TRACE    : DataType write()
Feb 13 20:48:36 Voltage TRACE    : DataType write()
Feb 13 20:48:36 RTObject_impl TRACE    : RTObject_impl.onExecute(0)
Feb 13 20:48:36 RTObject_impl TRACE    : RTObject_impl.on_state_update(0)
Feb 13 20:48:36 RTObject_impl TRACE    : RTObject_impl.onStateUpdete(0)
Feb 13 20:48:36 RTObject_impl TRACE    : RTObject_impl.on_execute(0)
Feb 13 20:48:36 Torque TRACE    : isNew()
Feb 13 20:48:36 Torque DEBUG    : isNew() = false, no readable data
Feb 13 20:48:36 Time TRACE    : isNew()
Feb 13 20:48:36 Time DEBUG    : no connectors
Feb 13 20:48:36 Move TRACE    : isNew()
Feb 13 20:48:36 Move DEBUG    : isNew() = false, no readable data
Feb 13 20:48:36 RTObject_impl TRACE    : RTObject_impl.get_component_profile()
Feb 13 20:48:36 Torque TRACE    : get_port_profile()
Feb 13 20:48:36 Move TRACE    : get_port_profile()
Feb 13 20:48:36 Time TRACE    : get_port_profile()
Feb 13 20:48:36 Angle TRACE    : get_port_profile()
Feb 13 20:48:36 Load TRACE    : get_port_profile()
Feb 13 20:48:36 Speed TRACE    : get_port_profile()
Feb 13 20:48:36 Temperature TRACE    : get_port_profile()
Feb 13 20:48:36 Voltage TRACE    : get_port_profile()
Feb 13 20:48:36 RTObject_impl TRACE    : RTObject_impl.get_owned_contexts()
Feb 13 20:48:36 RTObject_impl TRACE    : RTObject_impl.get_participating_contexts()
Feb 13 20:48:36 PeriodicExecutionContext TRACE    : PeriodicExecutionContext.get_component_state()
Feb 13 20:48:36 PeriodicExecutionContext TRACE    : PeriodicExecutionContext.is_running()
Feb 13 20:48:36 Configuration_impl TRACE    : Configuration_impl.get_configuration_sets()
Feb 13 20:48:36 Configuration_impl TRACE    : Configuration_impl.get_active_configuration_set()
Feb 13 20:48:36 PeriodicExecutionContext TRACE    : PeriodicExecutionContext.get_profile()
Feb 13 20:48:36 PeriodicExecutionContext TRACE    : PeriodicExecutionContext.is_running()
Feb 13 20:48:36 Angle TRACE    : DataType write()
Feb 13 20:48:36 Load TRACE    : DataType write()
Feb 13 20:48:36 Speed TRACE    : DataType write()
Feb 13 20:48:36 Temperature TRACE    : DataType write()
Feb 13 20:48:36 Voltage TRACE    : DataType write()
Feb 13 20:48:36 RTObject_impl TRACE    : RTObject_impl.onExecute(0)
Feb 13 20:48:36 RTObject_impl TRACE    : RTObject_impl.on_state_update(0)
Feb 13 20:48:36 RTObject_impl TRACE    : RTObject_impl.onStateUpdete(0)
Feb 13 20:48:36 RTObject_impl TRACE    : RTObject_impl.on_execute(0)
Feb 13 20:48:36 Torque TRACE    : isNew()
Feb 13 20:48:36 Torque DEBUG    : isNew() = false, no readable data
Feb 13 20:48:36 Time TRACE    : isNew()
Feb 13 20:48:36 Time DEBUG    : no connectors
Feb 13 20:48:36 Move TRACE    : isNew()
Feb 13 20:48:36 Move DEBUG    : isNew() = false, no readable data
Feb 13 20:48:37 Manager VERBOSE  : Manager.cleanupComponents()
Feb 13 20:48:37 Manager VERBOSE  : 0 components are marked as finalized.
Feb 13 20:48:37 Angle TRACE    : DataType write()
Feb 13 20:48:37 Load TRACE    : DataType write()
Feb 13 20:48:37 Speed TRACE    : DataType write()
Feb 13 20:48:37 Temperature TRACE    : DataType write()
Feb 13 20:48:37 Voltage TRACE    : DataType write()
Feb 13 20:48:37 RTObject_impl TRACE    : RTObject_impl.onExecute(0)
Feb 13 20:48:37 RTObject_impl TRACE    : RTObject_impl.on_state_update(0)
Feb 13 20:48:37 RTObject_impl TRACE    : RTObject_impl.onStateUpdete(0)
Feb 13 20:48:37 RTObject_impl TRACE    : RTObject_impl.on_execute(0)
Feb 13 20:48:37 Torque TRACE    : isNew()
Feb 13 20:48:37 Torque DEBUG    : isNew() = false, no readable data
Feb 13 20:48:37 Time TRACE    : isNew()
Feb 13 20:48:37 Time DEBUG    : no connectors
Feb 13 20:48:37 Move TRACE    : isNew()
Feb 13 20:48:37 Move DEBUG    : isNew() = false, no readable data
Feb 13 20:48:37 Angle TRACE    : DataType write()
Feb 13 20:48:37 Load TRACE    : DataType write()
Feb 13 20:48:37 Speed TRACE    : DataType write()
Feb 13 20:48:37 Temperature TRACE    : DataType write()
Feb 13 20:48:37 Voltage TRACE    : DataType write()
Feb 13 20:48:37 RTObject_impl TRACE    : RTObject_impl.onExecute(0)
Feb 13 20:48:37 RTObject_impl TRACE    : RTObject_impl.on_state_update(0)
Feb 13 20:48:37 RTObject_impl TRACE    : RTObject_impl.onStateUpdete(0)
Feb 13 20:48:37 RTObject_impl TRACE    : RTObject_impl.on_execute(0)
Feb 13 20:48:37 Torque TRACE    : isNew()
Feb 13 20:48:37 Torque DEBUG    : isNew() = false, no readable data
Feb 13 20:48:37 Time TRACE    : isNew()
Feb 13 20:48:37 Time DEBUG    : no connectors
Feb 13 20:48:37 Move TRACE    : isNew()
Feb 13 20:48:37 Move DEBUG    : isNew() = false, no readable data
Feb 13 20:48:37 RTObject_impl TRACE    : RTObject_impl.get_component_profile()
Feb 13 20:48:37 Torque TRACE    : get_port_profile()
Feb 13 20:48:37 Move TRACE    : get_port_profile()
Feb 13 20:48:37 Time TRACE    : get_port_profile()
Feb 13 20:48:37 Angle TRACE    : get_port_profile()
Feb 13 20:48:37 Load TRACE    : get_port_profile()
Feb 13 20:48:37 Speed TRACE    : get_port_profile()
Feb 13 20:48:37 Temperature TRACE    : get_port_profile()
Feb 13 20:48:37 Voltage TRACE    : get_port_profile()
Feb 13 20:48:37 RTObject_impl TRACE    : RTObject_impl.get_owned_contexts()
Feb 13 20:48:37 RTObject_impl TRACE    : RTObject_impl.get_participating_contexts()
Feb 13 20:48:37 PeriodicExecutionContext TRACE    : PeriodicExecutionContext.get_component_state()
Feb 13 20:48:37 PeriodicExecutionContext TRACE    : PeriodicExecutionContext.is_running()
Feb 13 20:48:37 Configuration_impl TRACE    : Configuration_impl.get_configuration_sets()
Feb 13 20:48:37 Configuration_impl TRACE    : Configuration_impl.get_active_configuration_set()
Feb 13 20:48:37 PeriodicExecutionContext TRACE    : PeriodicExecutionContext.get_profile()
Feb 13 20:48:37 PeriodicExecutionContext TRACE    : PeriodicExecutionContext.is_running()
Feb 13 20:48:37 Angle TRACE    : DataType write()
Feb 13 20:48:37 Load TRACE    : DataType write()
Feb 13 20:48:37 Speed TRACE    : DataType write()
Feb 13 20:48:37 Temperature TRACE    : DataType write()
Feb 13 20:48:37 Voltage TRACE    : DataType write()
Feb 13 20:48:37 RTObject_impl TRACE    : RTObject_impl.onExecute(0)
Feb 13 20:48:37 RTObject_impl TRACE    : RTObject_impl.on_state_update(0)
Feb 13 20:48:37 RTObject_impl TRACE    : RTObject_impl.onStateUpdete(0)
Feb 13 20:48:37 RTObject_impl TRACE    : RTObject_impl.on_execute(0)
Feb 13 20:48:37 Torque TRACE    : isNew()
Feb 13 20:48:37 Torque DEBUG    : isNew() = false, no readable data
Feb 13 20:48:37 Time TRACE    : isNew()
Feb 13 20:48:37 Time DEBUG    : no connectors
Feb 13 20:48:37 Move TRACE    : isNew()
Feb 13 20:48:37 Move DEBUG    : isNew() = false, no readable data
Feb 13 20:48:38 Manager VERBOSE  : Manager.cleanupComponents()
Feb 13 20:48:38 Manager VERBOSE  : 0 components are marked as finalized.
Feb 13 20:48:38 Angle TRACE    : DataType write()
Feb 13 20:48:38 Load TRACE    : DataType write()
Feb 13 20:48:38 Speed TRACE    : DataType write()
Feb 13 20:48:38 Temperature TRACE    : DataType write()
Feb 13 20:48:38 Voltage TRACE    : DataType write()
Feb 13 20:48:38 RTObject_impl TRACE    : RTObject_impl.onExecute(0)
Feb 13 20:48:38 RTObject_impl TRACE    : RTObject_impl.on_state_update(0)
Feb 13 20:48:38 RTObject_impl TRACE    : RTObject_impl.onStateUpdete(0)
Feb 13 20:48:38 RTObject_impl TRACE    : RTObject_impl.on_execute(0)
Feb 13 20:48:38 Torque TRACE    : isNew()
Feb 13 20:48:38 Torque DEBUG    : isNew() = false, no readable data
Feb 13 20:48:38 Time TRACE    : isNew()
Feb 13 20:48:38 Time DEBUG    : no connectors
Feb 13 20:48:38 Move TRACE    : isNew()
Feb 13 20:48:38 Move DEBUG    : isNew() = false, no readable data
Feb 13 20:48:38 Angle TRACE    : DataType write()
Feb 13 20:48:38 Load TRACE    : DataType write()
Feb 13 20:48:38 Speed TRACE    : DataType write()
Feb 13 20:48:38 Temperature TRACE    : DataType write()
Feb 13 20:48:38 Voltage TRACE    : DataType write()
Feb 13 20:48:38 RTObject_impl TRACE    : RTObject_impl.onExecute(0)
Feb 13 20:48:38 RTObject_impl TRACE    : RTObject_impl.on_state_update(0)
Feb 13 20:48:38 RTObject_impl TRACE    : RTObject_impl.onStateUpdete(0)
Feb 13 20:48:38 RTObject_impl TRACE    : RTObject_impl.on_execute(0)
Feb 13 20:48:38 Torque TRACE    : isNew()
Feb 13 20:48:38 Torque DEBUG    : isNew() = false, no readable data
Feb 13 20:48:38 Time TRACE    : isNew()
Feb 13 20:48:38 Time DEBUG    : no connectors
Feb 13 20:48:38 Move TRACE    : isNew()
Feb 13 20:48:38 Move DEBUG    : isNew() = false, no readable data
Feb 13 20:48:38 RTObject_impl TRACE    : RTObject_impl.get_component_profile()
Feb 13 20:48:38 Torque TRACE    : get_port_profile()
Feb 13 20:48:38 Move TRACE    : get_port_profile()
Feb 13 20:48:38 Time TRACE    : get_port_profile()
Feb 13 20:48:38 Angle TRACE    : get_port_profile()
Feb 13 20:48:38 Load TRACE    : get_port_profile()
Feb 13 20:48:38 Speed TRACE    : get_port_profile()
Feb 13 20:48:38 Temperature TRACE    : get_port_profile()
Feb 13 20:48:38 Voltage TRACE    : get_port_profile()
Feb 13 20:48:38 RTObject_impl TRACE    : RTObject_impl.get_owned_contexts()
Feb 13 20:48:38 RTObject_impl TRACE    : RTObject_impl.get_participating_contexts()
Feb 13 20:48:38 PeriodicExecutionContext TRACE    : PeriodicExecutionContext.get_component_state()
Feb 13 20:48:38 PeriodicExecutionContext TRACE    : PeriodicExecutionContext.is_running()
Feb 13 20:48:38 Configuration_impl TRACE    : Configuration_impl.get_configuration_sets()
Feb 13 20:48:38 Configuration_impl TRACE    : Configuration_impl.get_active_configuration_set()
Feb 13 20:48:38 PeriodicExecutionContext TRACE    : PeriodicExecutionContext.get_profile()
Feb 13 20:48:38 PeriodicExecutionContext TRACE    : PeriodicExecutionContext.is_running()
Feb 13 20:48:38 Angle TRACE    : DataType write()
Feb 13 20:48:38 Load TRACE    : DataType write()
Feb 13 20:48:38 Speed TRACE    : DataType write()
Feb 13 20:48:38 Temperature TRACE    : DataType write()
Feb 13 20:48:38 Voltage TRACE    : DataType write()
Feb 13 20:48:38 RTObject_impl TRACE    : RTObject_impl.onExecute(0)
Feb 13 20:48:38 RTObject_impl TRACE    : RTObject_impl.on_state_update(0)
Feb 13 20:48:38 RTObject_impl TRACE    : RTObject_impl.onStateUpdete(0)
Feb 13 20:48:38 RTObject_impl TRACE    : RTObject_impl.on_execute(0)
Feb 13 20:48:38 Torque TRACE    : isNew()
Feb 13 20:48:38 Torque DEBUG    : isNew() = false, no readable data
Feb 13 20:48:38 Time TRACE    : isNew()
Feb 13 20:48:38 Time DEBUG    : no connectors
Feb 13 20:48:38 Move TRACE    : isNew()
Feb 13 20:48:38 Move DEBUG    : isNew() = false, no readable data
Feb 13 20:48:39 Manager VERBOSE  : Manager.cleanupComponents()
Feb 13 20:48:39 Manager VERBOSE  : 0 components are marked as finalized.
Feb 13 20:48:39 Angle TRACE    : DataType write()
Feb 13 20:48:39 Load TRACE    : DataType write()
Feb 13 20:48:39 Speed TRACE    : DataType write()
Feb 13 20:48:39 Temperature TRACE    : DataType write()
Feb 13 20:48:39 Voltage TRACE    : DataType write()
Feb 13 20:48:39 RTObject_impl TRACE    : RTObject_impl.onExecute(0)
Feb 13 20:48:39 RTObject_impl TRACE    : RTObject_impl.on_state_update(0)
Feb 13 20:48:39 RTObject_impl TRACE    : RTObject_impl.onStateUpdete(0)
Feb 13 20:48:39 RTObject_impl TRACE    : RTObject_impl.on_execute(0)
Feb 13 20:48:39 Torque TRACE    : isNew()
Feb 13 20:48:39 Torque DEBUG    : isNew() = false, no readable data
Feb 13 20:48:39 Time TRACE    : isNew()
Feb 13 20:48:39 Time DEBUG    : no connectors
Feb 13 20:48:39 Move TRACE    : isNew()
Feb 13 20:48:39 Move DEBUG    : isNew() = false, no readable data
Feb 13 20:48:39 Angle TRACE    : DataType write()
Feb 13 20:48:39 Load TRACE    : DataType write()
Feb 13 20:48:39 Speed TRACE    : DataType write()
Feb 13 20:48:39 Temperature TRACE    : DataType write()
Feb 13 20:48:39 Voltage TRACE    : DataType write()
Feb 13 20:48:39 RTObject_impl TRACE    : RTObject_impl.onExecute(0)
Feb 13 20:48:39 RTObject_impl TRACE    : RTObject_impl.on_state_update(0)
Feb 13 20:48:39 RTObject_impl TRACE    : RTObject_impl.onStateUpdete(0)
Feb 13 20:48:39 RTObject_impl TRACE    : RTObject_impl.on_execute(0)
Feb 13 20:48:39 Torque TRACE    : isNew()
Feb 13 20:48:39 Torque DEBUG    : isNew() = false, no readable data
Feb 13 20:48:39 Time TRACE    : isNew()
Feb 13 20:48:39 Time DEBUG    : no connectors
Feb 13 20:48:39 Move TRACE    : isNew()
Feb 13 20:48:39 Move DEBUG    : isNew() = false, no readable data
Feb 13 20:48:39 RTObject_impl TRACE    : RTObject_impl.get_component_profile()
Feb 13 20:48:39 Torque TRACE    : get_port_profile()
Feb 13 20:48:39 Move TRACE    : get_port_profile()
Feb 13 20:48:39 Time TRACE    : get_port_profile()
Feb 13 20:48:39 Angle TRACE    : get_port_profile()
Feb 13 20:48:39 Load TRACE    : get_port_profile()
Feb 13 20:48:39 Speed TRACE    : get_port_profile()
Feb 13 20:48:39 Temperature TRACE    : get_port_profile()
Feb 13 20:48:39 Voltage TRACE    : get_port_profile()
Feb 13 20:48:39 RTObject_impl TRACE    : RTObject_impl.get_owned_contexts()
Feb 13 20:48:39 RTObject_impl TRACE    : RTObject_impl.get_participating_contexts()
Feb 13 20:48:39 PeriodicExecutionContext TRACE    : PeriodicExecutionContext.get_component_state()
Feb 13 20:48:39 PeriodicExecutionContext TRACE    : PeriodicExecutionContext.is_running()
Feb 13 20:48:39 Configuration_impl TRACE    : Configuration_impl.get_configuration_sets()
Feb 13 20:48:39 Configuration_impl TRACE    : Configuration_impl.get_active_configuration_set()
Feb 13 20:48:39 PeriodicExecutionContext TRACE    : PeriodicExecutionContext.get_profile()
Feb 13 20:48:39 PeriodicExecutionContext TRACE    : PeriodicExecutionContext.is_running()
Feb 13 20:48:39 Angle TRACE    : DataType write()
Feb 13 20:48:39 Load TRACE    : DataType write()
Feb 13 20:48:39 Speed TRACE    : DataType write()
Feb 13 20:48:39 Temperature TRACE    : DataType write()
Feb 13 20:48:39 Voltage TRACE    : DataType write()
Feb 13 20:48:39 RTObject_impl TRACE    : RTObject_impl.onExecute(0)
Feb 13 20:48:39 RTObject_impl TRACE    : RTObject_impl.on_state_update(0)
Feb 13 20:48:39 RTObject_impl TRACE    : RTObject_impl.onStateUpdete(0)
Feb 13 20:48:39 RTObject_impl TRACE    : RTObject_impl.on_execute(0)
Feb 13 20:48:39 Torque TRACE    : isNew()
Feb 13 20:48:39 Torque DEBUG    : isNew() = false, no readable data
Feb 13 20:48:39 Time TRACE    : isNew()
Feb 13 20:48:39 Time DEBUG    : no connectors
Feb 13 20:48:39 Move TRACE    : isNew()
Feb 13 20:48:39 Move DEBUG    : isNew() = false, no readable data
Feb 13 20:48:40 Manager VERBOSE  : Manager.cleanupComponents()
Feb 13 20:48:40 Manager VERBOSE  : 0 components are marked as finalized.
Feb 13 20:48:40 Angle TRACE    : DataType write()
Feb 13 20:48:40 Load TRACE    : DataType write()
Feb 13 20:48:40 Speed TRACE    : DataType write()
Feb 13 20:48:40 Temperature TRACE    : DataType write()
Feb 13 20:48:40 Voltage TRACE    : DataType write()
Feb 13 20:48:40 RTObject_impl TRACE    : RTObject_impl.onExecute(0)
Feb 13 20:48:40 RTObject_impl TRACE    : RTObject_impl.on_state_update(0)
Feb 13 20:48:40 RTObject_impl TRACE    : RTObject_impl.onStateUpdete(0)
Feb 13 20:48:40 RTObject_impl TRACE    : RTObject_impl.on_execute(0)
Feb 13 20:48:40 Torque TRACE    : isNew()
Feb 13 20:48:40 Torque DEBUG    : isNew() = false, no readable data
Feb 13 20:48:40 Time TRACE    : isNew()
Feb 13 20:48:40 Time DEBUG    : no connectors
Feb 13 20:48:40 Move TRACE    : isNew()
Feb 13 20:48:40 Move DEBUG    : isNew() = false, no readable data
Feb 13 20:48:40 Angle TRACE    : DataType write()
Feb 13 20:48:40 Load TRACE    : DataType write()
Feb 13 20:48:40 Speed TRACE    : DataType write()
Feb 13 20:48:40 Temperature TRACE    : DataType write()
Feb 13 20:48:40 Voltage TRACE    : DataType write()
Feb 13 20:48:40 RTObject_impl TRACE    : RTObject_impl.onExecute(0)
Feb 13 20:48:40 RTObject_impl TRACE    : RTObject_impl.on_state_update(0)
Feb 13 20:48:40 RTObject_impl TRACE    : RTObject_impl.onStateUpdete(0)
Feb 13 20:48:40 RTObject_impl TRACE    : RTObject_impl.on_execute(0)
Feb 13 20:48:40 Torque TRACE    : isNew()
Feb 13 20:48:40 Torque DEBUG    : isNew() = false, no readable data
Feb 13 20:48:40 Time TRACE    : isNew()
Feb 13 20:48:40 Time DEBUG    : no connectors
Feb 13 20:48:40 Move TRACE    : isNew()
Feb 13 20:48:40 Move DEBUG    : isNew() = false, no readable data
Feb 13 20:48:40 RTObject_impl TRACE    : RTObject_impl.get_component_profile()
Feb 13 20:48:40 Torque TRACE    : get_port_profile()
Feb 13 20:48:40 Move TRACE    : get_port_profile()
Feb 13 20:48:40 Time TRACE    : get_port_profile()
Feb 13 20:48:40 Angle TRACE    : get_port_profile()
Feb 13 20:48:40 Load TRACE    : get_port_profile()
Feb 13 20:48:40 Speed TRACE    : get_port_profile()
Feb 13 20:48:40 Temperature TRACE    : get_port_profile()
Feb 13 20:48:40 Voltage TRACE    : get_port_profile()
Feb 13 20:48:40 RTObject_impl TRACE    : RTObject_impl.get_owned_contexts()
Feb 13 20:48:40 RTObject_impl TRACE    : RTObject_impl.get_participating_contexts()
Feb 13 20:48:40 PeriodicExecutionContext TRACE    : PeriodicExecutionContext.get_component_state()
Feb 13 20:48:40 PeriodicExecutionContext TRACE    : PeriodicExecutionContext.is_running()
Feb 13 20:48:40 Configuration_impl TRACE    : Configuration_impl.get_configuration_sets()
Feb 13 20:48:40 Configuration_impl TRACE    : Configuration_impl.get_active_configuration_set()
Feb 13 20:48:40 PeriodicExecutionContext TRACE    : PeriodicExecutionContext.get_profile()
Feb 13 20:48:40 PeriodicExecutionContext TRACE    : PeriodicExecutionContext.is_running()
Feb 13 20:48:40 Angle TRACE    : DataType write()
Feb 13 20:48:40 Load TRACE    : DataType write()
Feb 13 20:48:40 Speed TRACE    : DataType write()
Feb 13 20:48:40 Temperature TRACE    : DataType write()
Feb 13 20:48:40 Voltage TRACE    : DataType write()
Feb 13 20:48:40 RTObject_impl TRACE    : RTObject_impl.onExecute(0)
Feb 13 20:48:40 RTObject_impl TRACE    : RTObject_impl.on_state_update(0)
Feb 13 20:48:40 RTObject_impl TRACE    : RTObject_impl.onStateUpdete(0)
Feb 13 20:48:41 RTObject_impl TRACE    : RTObject_impl.on_execute(0)
Feb 13 20:48:41 Torque TRACE    : isNew()
Feb 13 20:48:41 Torque DEBUG    : isNew() = false, no readable data
Feb 13 20:48:41 Time TRACE    : isNew()
Feb 13 20:48:41 Time DEBUG    : no connectors
Feb 13 20:48:41 Move TRACE    : isNew()
Feb 13 20:48:41 Move DEBUG    : isNew() = false, no readable data
Feb 13 20:48:41 Manager VERBOSE  : Manager.cleanupComponents()
Feb 13 20:48:41 Manager VERBOSE  : 0 components are marked as finalized.
Feb 13 20:48:41 Angle TRACE    : DataType write()
Feb 13 20:48:41 Load TRACE    : DataType write()
Feb 13 20:48:41 Speed TRACE    : DataType write()
Feb 13 20:48:41 Temperature TRACE    : DataType write()
Feb 13 20:48:41 Voltage TRACE    : DataType write()
Feb 13 20:48:41 RTObject_impl TRACE    : RTObject_impl.onExecute(0)
Feb 13 20:48:41 RTObject_impl TRACE    : RTObject_impl.on_state_update(0)
Feb 13 20:48:41 RTObject_impl TRACE    : RTObject_impl.onStateUpdete(0)
Feb 13 20:48:41 RTObject_impl TRACE    : RTObject_impl.on_execute(0)
Feb 13 20:48:41 Torque TRACE    : isNew()
Feb 13 20:48:41 Torque DEBUG    : isNew() = false, no readable data
Feb 13 20:48:41 Time TRACE    : isNew()
Feb 13 20:48:41 Time DEBUG    : no connectors
Feb 13 20:48:41 Move TRACE    : isNew()
Feb 13 20:48:41 Move DEBUG    : isNew() = false, no readable data
Feb 13 20:48:41 Angle TRACE    : DataType write()
Feb 13 20:48:41 Load TRACE    : DataType write()
Feb 13 20:48:41 Speed TRACE    : DataType write()
Feb 13 20:48:41 Temperature TRACE    : DataType write()
Feb 13 20:48:41 Voltage TRACE    : DataType write()
Feb 13 20:48:41 RTObject_impl TRACE    : RTObject_impl.onExecute(0)
Feb 13 20:48:41 RTObject_impl TRACE    : RTObject_impl.on_state_update(0)
Feb 13 20:48:41 RTObject_impl TRACE    : RTObject_impl.onStateUpdete(0)
Feb 13 20:48:41 RTObject_impl TRACE    : RTObject_impl.on_execute(0)
Feb 13 20:48:41 Torque TRACE    : isNew()
Feb 13 20:48:41 Torque DEBUG    : isNew() = false, no readable data
Feb 13 20:48:41 Time TRACE    : isNew()
Feb 13 20:48:41 Time DEBUG    : no connectors
Feb 13 20:48:41 Move TRACE    : isNew()
Feb 13 20:48:41 Move DEBUG    : isNew() = false, no readable data
Feb 13 20:48:41 RTObject_impl TRACE    : RTObject_impl.get_component_profile()
Feb 13 20:48:41 Torque TRACE    : get_port_profile()
Feb 13 20:48:41 Torque WARN     : Dead connection:31aa0b17-cd68-4f48-b3bd-b1d89782efa5
Feb 13 20:48:41 Torque TRACE    : disconnect(31aa0b17-cd68-4f48-b3bd-b1d89782efa5)
Feb 13 20:48:41 Torque WARN     : Exception caught: minor code(1398079689).org.omg.CORBA.COMM_FAILURE:   vmcid: SUN  minor code: 201  completed: No
Feb 13 20:48:41 Torque TRACE    : notify_disconnect(31aa0b17-cd68-4f48-b3bd-b1d89782efa5)
Feb 13 20:48:41 Torque TRACE    : unsubscribeInterfaces()
Feb 13 20:48:41 Torque PARANOID : connector_id: 31aa0b17-cd68-4f48-b3bd-b1d89782efa5
Feb 13 20:48:41 InPortConnector TRACE    : profile()
Feb 13 20:48:41 InPortConnector TRACE    : id() = 31aa0b17-cd68-4f48-b3bd-b1d89782efa5
Feb 13 20:48:41 InPortConnector TRACE    : profile()
Feb 13 20:48:41 InPortConnector TRACE    : disconnect()
Feb 13 20:48:41 Torque TRACE    : delete connector: 31aa0b17-cd68-4f48-b3bd-b1d89782efa5
Feb 13 20:48:41 Move TRACE    : get_port_profile()
Feb 13 20:48:41 Move WARN     : Dead connection:47645638-64a2-4706-b6af-746718268865
Feb 13 20:48:41 Move TRACE    : disconnect(47645638-64a2-4706-b6af-746718268865)
Feb 13 20:48:41 Move WARN     : Exception caught: minor code(1398079689).org.omg.CORBA.COMM_FAILURE:   vmcid: SUN  minor code: 201  completed: No
Feb 13 20:48:41 Move TRACE    : notify_disconnect(47645638-64a2-4706-b6af-746718268865)
Feb 13 20:48:41 Move TRACE    : unsubscribeInterfaces()
Feb 13 20:48:41 Move PARANOID : connector_id: 47645638-64a2-4706-b6af-746718268865
Feb 13 20:48:41 InPortConnector TRACE    : profile()
Feb 13 20:48:41 InPortConnector TRACE    : id() = 47645638-64a2-4706-b6af-746718268865
Feb 13 20:48:41 InPortConnector TRACE    : profile()
Feb 13 20:48:41 InPortConnector TRACE    : disconnect()
Feb 13 20:48:41 Move TRACE    : delete connector: 47645638-64a2-4706-b6af-746718268865
Feb 13 20:48:41 Time TRACE    : get_port_profile()
Feb 13 20:48:41 Angle TRACE    : get_port_profile()
Feb 13 20:48:41 Load TRACE    : get_port_profile()
Feb 13 20:48:41 Speed TRACE    : get_port_profile()
Feb 13 20:48:41 Temperature TRACE    : get_port_profile()
Feb 13 20:48:41 Voltage TRACE    : get_port_profile()
Feb 13 20:48:41 RTObject_impl TRACE    : RTObject_impl.get_owned_contexts()
Feb 13 20:48:41 RTObject_impl TRACE    : RTObject_impl.get_participating_contexts()
Feb 13 20:48:41 PeriodicExecutionContext TRACE    : PeriodicExecutionContext.get_component_state()
Feb 13 20:48:41 PeriodicExecutionContext TRACE    : PeriodicExecutionContext.is_running()
Feb 13 20:48:41 Configuration_impl TRACE    : Configuration_impl.get_configuration_sets()
Feb 13 20:48:41 Configuration_impl TRACE    : Configuration_impl.get_active_configuration_set()
Feb 13 20:48:41 PeriodicExecutionContext TRACE    : PeriodicExecutionContext.get_profile()
Feb 13 20:48:41 PeriodicExecutionContext TRACE    : PeriodicExecutionContext.is_running()
Feb 13 20:48:41 Angle TRACE    : DataType write()
Feb 13 20:48:41 Load TRACE    : DataType write()
Feb 13 20:48:41 Speed TRACE    : DataType write()
Feb 13 20:48:41 Temperature TRACE    : DataType write()
Feb 13 20:48:41 Voltage TRACE    : DataType write()
Feb 13 20:48:41 RTObject_impl TRACE    : RTObject_impl.onExecute(0)
Feb 13 20:48:41 RTObject_impl TRACE    : RTObject_impl.on_state_update(0)
Feb 13 20:48:41 RTObject_impl TRACE    : RTObject_impl.onStateUpdete(0)
Feb 13 20:48:42 RTObject_impl TRACE    : RTObject_impl.on_execute(0)
Feb 13 20:48:42 Torque TRACE    : isNew()
Feb 13 20:48:42 Torque DEBUG    : no connectors
Feb 13 20:48:42 Time TRACE    : isNew()
Feb 13 20:48:42 Time DEBUG    : no connectors
Feb 13 20:48:42 Move TRACE    : isNew()
Feb 13 20:48:42 Move DEBUG    : no connectors
Feb 13 20:48:42 Manager VERBOSE  : Manager.cleanupComponents()
Feb 13 20:48:42 Manager VERBOSE  : 0 components are marked as finalized.
