Feb 13 19:34:31 Manager INFO     : OpenRTM-aist-1.0.0
Feb 13 19:34:31 Manager INFO     : Copyright (C) 2003-2008
Feb 13 19:34:31 Manager INFO     :   Noriaki Ando
Feb 13 19:34:31 Manager INFO     :   Task-intelligence Research Group,
Feb 13 19:34:31 Manager INFO     :   Intelligent Systems Research Institute, AIST
Feb 13 19:34:31 Manager INFO     : Manager starting.
Feb 13 19:34:31 Manager INFO     : Starting local logging.
Feb 13 19:34:31 Manager TRACE    : Manager.initORB()
Feb 13 19:34:31 Manager DEBUG    : corba.args: 
Feb 13 19:34:31 Manager DEBUG    : - config
  - version: 1.0.0
- openrtm
  - version: OpenRTM-aist-1.0.0
- manager
  - instance_name: manager
  - name: manager
  - naming_formats: %h.host_cxt/%n.mgr
  - pid: 1.6.0_26-1549854936
  - refstring_path: /var/log/rtcmanager.ref
  - modules
    - load_path: ./
    - abs_path_allowed: YES
  - is_master: NO
  - corba_servant: YES
  - shutdown_on_nortcs: YES
  - shutdown_auto: YES
  - command: rtcd
  - os
    - name: Linux
    - release: UNKNOWN
    - version: 2.6.32-38-generic-pae
    - arch: i386
    - hostname: javatea-desktop
- os
  - name: 
  - release: 
  - version: 
  - arch: 
  - hostname: 
- logger
  - enable: YES
  - file_name: ./rtc1.6.0_26-1549854936.log
  - date_format: %b %d %H:%M:%S
  - log_level: PARANOID
  - stream_lock: NO
  - master_logger: 
- module
  - conf_path: 
  - load_path: 
- naming
  - enable: YES
  - type: corba
  - formats: %h.host_cxt/%n.rtc
  - update
    - enable: YES
    - interval: 10.0
- timer
  - enable: YES
  - tick: 0.1
- corba
  - args: 
  - endpoint: 
  - id: omniORB
  - nameservers: localhost
  - master_manager: localhost:2810
  - nameservice
    - replace_endpoint: NO
- exec_cxt
  - periodic
    - type: jp.go.aist.rtm.RTC.executionContext.PeriodicExecutionContext
    - rate: 30.0
  - evdriven
    - type: jp.go.aist.rtm.RTC.executionContext.EventDrivenExecutionContext

Feb 13 19:34:31 Manager DEBUG    : corbaloc: corbaloc:iiop:1.2@localhost:2810/manager
Feb 13 19:34:31 Manager PARANOID : ORB options:  -ORBInitRef manager=corbaloc:iiop:1.2@localhost:2810/manager 
Feb 13 19:34:31 InterceptorInitializer TRACE    : post_init
Feb 13 19:34:31 IopIorInterceptor TRACE    : establish_components()
Feb 13 19:34:31 IopIorInterceptor TRACE    : establish_components()
Feb 13 19:34:31 Manager TRACE    : Manager.initNaming()
Feb 13 19:34:31 Manager TRACE    : Register Naming Server: corba localhost
Feb 13 19:34:31 NamingManager TRACE    : NamingManager.registerNameServer(corba, localhost:2809)
Feb 13 19:34:31 NamingManager TRACE    : createNamingObj(method = corba, nameserver = )localhost:2809
Feb 13 19:34:31 Manager TRACE    : Manager.getORB()
Feb 13 19:34:31 CorbaNaming TRACE    : CorbaNaming.CorbaNaming(localhost:2809)
Feb 13 19:34:31 NamingManager INFO     : NameServer connection succeeded: corba/localhost:2809
Feb 13 19:34:31 Manager TRACE    : Manager.initFactories()
Feb 13 19:34:31 InPortCorbaCdrProvider TRACE    : setInterfaceType(corba_cdr)
Feb 13 19:34:31 InPortCorbaCdrProvider TRACE    : setInterfaceType(corba_cdr)
Feb 13 19:34:31 Manager TRACE    : Manager.initExecContext()
Feb 13 19:34:32 Manager TRACE    : Manager.registerECFactory(jp.go.aist.rtm.RTC.executionContext.PeriodicExecutionContext)
Feb 13 19:34:32 Manager TRACE    : Manager.registerECFactory(jp.go.aist.rtm.RTC.executionContext.ExtTrigExecutionContext)
Feb 13 19:34:32 Manager TRACE    : Manager.registerECFactory(jp.go.aist.rtm.RTC.executionContext.OpenHRPExecutionContext)
Feb 13 19:34:32 Manager TRACE    : Manager.initComposite()
Feb 13 19:34:32 Manager TRACE    : Manager.registerFactory(PeriodicECSharedComposite)
Feb 13 19:34:32 ManagerServant TRACE    : This manager is slave.
Feb 13 19:34:32 ManagerServant TRACE    : findManager(host_port = localhost:2810)
Feb 13 19:34:32 ManagerServant DEBUG    : corbaloc: corbaloc:iiop:1.2@localhost:2810/manager
Feb 13 19:34:32 ManagerServant DEBUG    : CORBA SystemException caught (CORBA.org.omg.CORBA.COMM_FAILURE:   vmcid: SUN  minor code: 201  completed: No)
Feb 13 19:34:32 ManagerServant INFO     : Master manager not found.
Feb 13 19:34:32 Manager TRACE    : Manager.activateManager()
Feb 13 19:34:32 Manager TRACE    : Manager.getPOAManager()
Feb 13 19:34:32 Manager TRACE    : Manager.getPOAManager()
Feb 13 19:34:32 Manager TRACE    : POA Manager activated.
Feb 13 19:34:32 Manager TRACE    : Manager.registerFactory(RS40XCB_ARM)
Feb 13 19:34:32 Manager TRACE    : Manager.createComponent(RS40XCB_ARM)
Feb 13 19:34:32 Manager TRACE    : Manager.procComponentArgs(RS40XCB_ARM)
Feb 13 19:34:32 Manager TRACE    : RTC basic propfile vendor:
Feb 13 19:34:32 Manager TRACE    : RTC basic propfile category:
Feb 13 19:34:32 Manager TRACE    : RTC basic propfile implementation_id:RS40XCB_ARM
Feb 13 19:34:32 Manager TRACE    : RTC basic propfile version:
Feb 13 19:34:32 Manager TRACE    : Manager.getORB()
Feb 13 19:34:32 Manager TRACE    : Manager.getPOA()
Feb 13 19:34:32 Manager TRACE    : Manager.getORB()
Feb 13 19:34:32 Manager TRACE    : Manager.getPOA()
Feb 13 19:34:32 Configuration_impl TRACE    : Configuration_impl.getObjRef()
Feb 13 19:34:32 Torque DEBUG    : Port name: Torque
Feb 13 19:34:32 Torque DEBUG    : setting port.port_type: DataIntPort
Feb 13 19:34:32 Torque DEBUG    : setting dataport.data_type: TimedBooleanSeq
Feb 13 19:34:32 Move DEBUG    : Port name: Move
Feb 13 19:34:32 Move DEBUG    : setting port.port_type: DataIntPort
Feb 13 19:34:32 Move DEBUG    : setting dataport.data_type: TimedLongSeq
Feb 13 19:34:32 Time DEBUG    : Port name: Time
Feb 13 19:34:32 Time DEBUG    : setting port.port_type: DataIntPort
Feb 13 19:34:32 Time DEBUG    : setting dataport.data_type: TimedLongSeq
Feb 13 19:34:32 Angle DEBUG    : Port name: Angle
Feb 13 19:34:32 Angle DEBUG    : setting port.port_type: DataOutPort
Feb 13 19:34:32 Angle DEBUG    : setting dataport.data_type: TimedLongSeq
Feb 13 19:34:32 Angle DEBUG    : available subscription_type: new, flush, periodic
Feb 13 19:34:32 Load DEBUG    : Port name: Load
Feb 13 19:34:32 Load DEBUG    : setting port.port_type: DataOutPort
Feb 13 19:34:32 Load DEBUG    : setting dataport.data_type: TimedLongSeq
Feb 13 19:34:32 Load DEBUG    : available subscription_type: new, flush, periodic
Feb 13 19:34:32 Speed DEBUG    : Port name: Speed
Feb 13 19:34:32 Speed DEBUG    : setting port.port_type: DataOutPort
Feb 13 19:34:32 Speed DEBUG    : setting dataport.data_type: TimedLongSeq
Feb 13 19:34:32 Speed DEBUG    : available subscription_type: new, flush, periodic
Feb 13 19:34:32 Temperature DEBUG    : Port name: Temperature
Feb 13 19:34:32 Temperature DEBUG    : setting port.port_type: DataOutPort
Feb 13 19:34:32 Temperature DEBUG    : setting dataport.data_type: TimedLongSeq
Feb 13 19:34:32 Temperature DEBUG    : available subscription_type: new, flush, periodic
Feb 13 19:34:32 Voltage DEBUG    : Port name: Voltage
Feb 13 19:34:32 Voltage DEBUG    : setting port.port_type: DataOutPort
Feb 13 19:34:32 Voltage DEBUG    : setting dataport.data_type: TimedLongSeq
Feb 13 19:34:32 Voltage DEBUG    : available subscription_type: new, flush, periodic
Feb 13 19:34:32 RTObject_impl TRACE    : RTObject_impl.setProperties()
Feb 13 19:34:32 Configuration_impl TRACE    : Configuration_impl.getDeviceProfile()
Feb 13 19:34:32 Configuration_impl TRACE    : Configuration_impl.set_device_profile()
Feb 13 19:34:32 RTObject_impl TRACE    : RTObject_impl.getTypeName()
Feb 13 19:34:32 RTObject_impl TRACE    : RTObject_impl.setInstanceName(RS40XCB_ARM0)
Feb 13 19:34:32 Manager TRACE    : RTC Created: 
Feb 13 19:34:32 RTObject_impl TRACE    : RTObject_impl.getCategory()
Feb 13 19:34:32 RTObject_impl TRACE    : RTObject_impl.getTypeName()
Feb 13 19:34:32 RTObject_impl TRACE    : RTObject_impl.getInstanceName()
Feb 13 19:34:32 RTObject_impl TRACE    : RTObject_impl.setProperties()
Feb 13 19:34:32 Configuration_impl TRACE    : Configuration_impl.getDeviceProfile()
Feb 13 19:34:32 Configuration_impl TRACE    : Configuration_impl.set_device_profile()
Feb 13 19:34:32 RTObject_impl TRACE    : RTObject_impl.setProperties()
Feb 13 19:34:32 Configuration_impl TRACE    : Configuration_impl.getDeviceProfile()
Feb 13 19:34:32 Configuration_impl TRACE    : Configuration_impl.set_device_profile()
Feb 13 19:34:32 RTObject_impl TRACE    : RTObject_impl.getProperties()
Feb 13 19:34:32 RTObject_impl TRACE    : RTObject_impl.getProperties()
Feb 13 19:34:32 RTObject_impl TRACE    : RTObject_impl.getProperties()
Feb 13 19:34:32 RTObject_impl TRACE    : RTObject_impl.getProperties()
Feb 13 19:34:32 RTObject_impl TRACE    : RTObject_impl.initialize()
Feb 13 19:34:32 Manager TRACE    : Manager.createContext(jp.go.aist.rtm.RTC.executionContext.PeriodicExecutionContext?rate=30.0)
Feb 13 19:34:32 Manager TRACE    : ExecutionContext type: jp.go.aist.rtm.RTC.executionContext.PeriodicExecutionContext
Feb 13 19:34:32 Manager TRACE    : Manager.procContextArgs(jp.go.aist.rtm.RTC.executionContext.PeriodicExecutionContext?rate=30.0,)
Feb 13 19:34:32 Manager TRACE    : EC property rate:30.0
Feb 13 19:34:32 PeriodicExecutionContext TRACE    : PeriodicExecutionContext.set_rate(30.0)
Feb 13 19:34:32 PeriodicExecutionContext TRACE    : PeriodicExecutionContext.getObjRef()
Feb 13 19:34:32 PeriodicExecutionContext TRACE    : PeriodicExecutionContext.bindComponent()
Feb 13 19:34:32 RTObject_impl TRACE    : RTObject_impl.getObjRef()
Feb 13 19:34:32 RTObject_impl TRACE    : RTObject_impl.bindContext()
Feb 13 19:34:32 PeriodicExecutionContext DEBUG    : bindComponent() returns id = 0
Feb 13 19:34:32 RTObject_impl TRACE    : RTObject_impl.on_initialize()
Feb 13 19:34:32 RTObject_impl TRACE    : addInPort(Torque)
Feb 13 19:34:32 RTObject_impl TRACE    : addPort(PortBase)
Feb 13 19:34:32 RTObject_impl TRACE    : RTObject_impl.getObjRef()
Feb 13 19:34:32 RTObject_impl TRACE    : RTObject_impl.get_component_profile()
Feb 13 19:34:32 Torque TRACE    : setOwner(RS40XCB_ARM0)
Feb 13 19:34:32 Torque TRACE    : getName() = RS40XCB_ARM0.Torque
Feb 13 19:34:32 Torque TRACE    : get_port_profile()
Feb 13 19:34:32 Torque TRACE    : init()
Feb 13 19:34:32 Torque DEBUG    : single buffer mode.
Feb 13 19:34:32 Torque TRACE    : initProviders()
Feb 13 19:34:32 Torque DEBUG    : available providers: [corba_cdr]
Feb 13 19:34:32 Torque DEBUG    : dataflow_type push is supported
Feb 13 19:34:32 Torque TRACE    : iinitConsumers()
Feb 13 19:34:32 Torque DEBUG    : available consumer: corba_cdr
Feb 13 19:34:32 Torque DEBUG    : dataflow_type pull is supported
Feb 13 19:34:32 RTObject_impl TRACE    : addInPort(Move)
Feb 13 19:34:32 RTObject_impl TRACE    : addPort(PortBase)
Feb 13 19:34:32 RTObject_impl TRACE    : RTObject_impl.getObjRef()
Feb 13 19:34:32 RTObject_impl TRACE    : RTObject_impl.get_component_profile()
Feb 13 19:34:32 Torque TRACE    : get_port_profile()
Feb 13 19:34:32 Move TRACE    : setOwner(RS40XCB_ARM0)
Feb 13 19:34:32 Move TRACE    : getName() = RS40XCB_ARM0.Move
Feb 13 19:34:32 Torque TRACE    : get_port_profile()
Feb 13 19:34:32 Move TRACE    : get_port_profile()
Feb 13 19:34:32 Torque TRACE    : get_port_profile()
Feb 13 19:34:32 Move TRACE    : init()
Feb 13 19:34:32 Move DEBUG    : single buffer mode.
Feb 13 19:34:32 Move TRACE    : initProviders()
Feb 13 19:34:32 Move DEBUG    : available providers: [corba_cdr]
Feb 13 19:34:32 Move DEBUG    : dataflow_type push is supported
Feb 13 19:34:32 Move TRACE    : iinitConsumers()
Feb 13 19:34:32 Move DEBUG    : available consumer: corba_cdr
Feb 13 19:34:32 Move DEBUG    : dataflow_type pull is supported
Feb 13 19:34:32 RTObject_impl TRACE    : addInPort(Time)
Feb 13 19:34:32 RTObject_impl TRACE    : addPort(PortBase)
Feb 13 19:34:32 RTObject_impl TRACE    : RTObject_impl.getObjRef()
Feb 13 19:34:32 RTObject_impl TRACE    : RTObject_impl.get_component_profile()
Feb 13 19:34:32 Torque TRACE    : get_port_profile()
Feb 13 19:34:32 Move TRACE    : get_port_profile()
Feb 13 19:34:32 Time TRACE    : setOwner(RS40XCB_ARM0)
Feb 13 19:34:32 Time TRACE    : getName() = RS40XCB_ARM0.Time
Feb 13 19:34:32 Torque TRACE    : get_port_profile()
Feb 13 19:34:32 Move TRACE    : get_port_profile()
Feb 13 19:34:32 Time TRACE    : get_port_profile()
Feb 13 19:34:32 Torque TRACE    : get_port_profile()
Feb 13 19:34:32 Move TRACE    : get_port_profile()
Feb 13 19:34:32 Time TRACE    : init()
Feb 13 19:34:32 Time DEBUG    : single buffer mode.
Feb 13 19:34:32 Time TRACE    : initProviders()
Feb 13 19:34:32 Time DEBUG    : available providers: [corba_cdr]
Feb 13 19:34:32 Time DEBUG    : dataflow_type push is supported
Feb 13 19:34:32 Time TRACE    : iinitConsumers()
Feb 13 19:34:32 Time DEBUG    : available consumer: corba_cdr
Feb 13 19:34:32 Time DEBUG    : dataflow_type pull is supported
Feb 13 19:34:32 RTObject_impl TRACE    : addOutPort(Angle)
Feb 13 19:34:32 RTObject_impl TRACE    : addPort(PortBase)
Feb 13 19:34:32 RTObject_impl TRACE    : RTObject_impl.getObjRef()
Feb 13 19:34:32 RTObject_impl TRACE    : RTObject_impl.get_component_profile()
Feb 13 19:34:32 Torque TRACE    : get_port_profile()
Feb 13 19:34:32 Move TRACE    : get_port_profile()
Feb 13 19:34:32 Time TRACE    : get_port_profile()
Feb 13 19:34:32 Angle TRACE    : setOwner(RS40XCB_ARM0)
Feb 13 19:34:32 Angle TRACE    : getName() = RS40XCB_ARM0.Angle
Feb 13 19:34:32 Torque TRACE    : get_port_profile()
Feb 13 19:34:32 Move TRACE    : get_port_profile()
Feb 13 19:34:32 Time TRACE    : get_port_profile()
Feb 13 19:34:32 Angle TRACE    : get_port_profile()
Feb 13 19:34:32 Torque TRACE    : get_port_profile()
Feb 13 19:34:32 Move TRACE    : get_port_profile()
Feb 13 19:34:32 Time TRACE    : get_port_profile()
Feb 13 19:34:32 Angle TRACE    : init()
Feb 13 19:34:32 Angle PARANOID : given properties:
Feb 13 19:34:32 Angle DEBUG    : 
Feb 13 19:34:32 Angle PARANOID : updated properties:
Feb 13 19:34:32 Angle DEBUG    : 
Feb 13 19:34:32 Angle TRACE    : initConsumers()
Feb 13 19:34:32 Angle DEBUG    : available InPortConsumer: [corba_cdr]
Feb 13 19:34:32 Angle DEBUG    : dataflow_type pull is supported
Feb 13 19:34:32 Angle TRACE    : initProviders()
Feb 13 19:34:32 Angle DEBUG    : available providers: [corba_cdr]
Feb 13 19:34:32 Angle DEBUG    : dataflow_type pull is supported
Feb 13 19:34:32 RTObject_impl TRACE    : addOutPort(Load)
Feb 13 19:34:32 RTObject_impl TRACE    : addPort(PortBase)
Feb 13 19:34:32 RTObject_impl TRACE    : RTObject_impl.getObjRef()
Feb 13 19:34:32 RTObject_impl TRACE    : RTObject_impl.get_component_profile()
Feb 13 19:34:32 Torque TRACE    : get_port_profile()
Feb 13 19:34:32 Move TRACE    : get_port_profile()
Feb 13 19:34:32 Time TRACE    : get_port_profile()
Feb 13 19:34:32 Angle TRACE    : get_port_profile()
Feb 13 19:34:32 Load TRACE    : setOwner(RS40XCB_ARM0)
Feb 13 19:34:32 Load TRACE    : getName() = RS40XCB_ARM0.Load
Feb 13 19:34:32 Torque TRACE    : get_port_profile()
Feb 13 19:34:32 Move TRACE    : get_port_profile()
Feb 13 19:34:32 Time TRACE    : get_port_profile()
Feb 13 19:34:32 Angle TRACE    : get_port_profile()
Feb 13 19:34:32 Load TRACE    : get_port_profile()
Feb 13 19:34:32 Torque TRACE    : get_port_profile()
Feb 13 19:34:32 Move TRACE    : get_port_profile()
Feb 13 19:34:32 Time TRACE    : get_port_profile()
Feb 13 19:34:32 Angle TRACE    : get_port_profile()
Feb 13 19:34:32 Load TRACE    : init()
Feb 13 19:34:32 Load PARANOID : given properties:
Feb 13 19:34:32 Load DEBUG    : 
Feb 13 19:34:32 Load PARANOID : updated properties:
Feb 13 19:34:32 Load DEBUG    : 
Feb 13 19:34:32 Load TRACE    : initConsumers()
Feb 13 19:34:32 Load DEBUG    : available InPortConsumer: [corba_cdr]
Feb 13 19:34:32 Load DEBUG    : dataflow_type pull is supported
Feb 13 19:34:32 Load TRACE    : initProviders()
Feb 13 19:34:32 Load DEBUG    : available providers: [corba_cdr]
Feb 13 19:34:32 Load DEBUG    : dataflow_type pull is supported
Feb 13 19:34:32 RTObject_impl TRACE    : addOutPort(Speed)
Feb 13 19:34:32 RTObject_impl TRACE    : addPort(PortBase)
Feb 13 19:34:32 RTObject_impl TRACE    : RTObject_impl.getObjRef()
Feb 13 19:34:32 RTObject_impl TRACE    : RTObject_impl.get_component_profile()
Feb 13 19:34:32 Torque TRACE    : get_port_profile()
Feb 13 19:34:32 Move TRACE    : get_port_profile()
Feb 13 19:34:32 Time TRACE    : get_port_profile()
Feb 13 19:34:32 Angle TRACE    : get_port_profile()
Feb 13 19:34:32 Load TRACE    : get_port_profile()
Feb 13 19:34:32 Speed TRACE    : setOwner(RS40XCB_ARM0)
Feb 13 19:34:32 Speed TRACE    : getName() = RS40XCB_ARM0.Speed
Feb 13 19:34:32 Torque TRACE    : get_port_profile()
Feb 13 19:34:32 Move TRACE    : get_port_profile()
Feb 13 19:34:32 Time TRACE    : get_port_profile()
Feb 13 19:34:32 Angle TRACE    : get_port_profile()
Feb 13 19:34:32 Load TRACE    : get_port_profile()
Feb 13 19:34:32 Speed TRACE    : get_port_profile()
Feb 13 19:34:32 Torque TRACE    : get_port_profile()
Feb 13 19:34:32 Move TRACE    : get_port_profile()
Feb 13 19:34:32 Time TRACE    : get_port_profile()
Feb 13 19:34:32 Angle TRACE    : get_port_profile()
Feb 13 19:34:32 Load TRACE    : get_port_profile()
Feb 13 19:34:32 Speed TRACE    : init()
Feb 13 19:34:32 Speed PARANOID : given properties:
Feb 13 19:34:32 Speed DEBUG    : 
Feb 13 19:34:32 Speed PARANOID : updated properties:
Feb 13 19:34:32 Speed DEBUG    : 
Feb 13 19:34:32 Speed TRACE    : initConsumers()
Feb 13 19:34:32 Speed DEBUG    : available InPortConsumer: [corba_cdr]
Feb 13 19:34:32 Speed DEBUG    : dataflow_type pull is supported
Feb 13 19:34:32 Speed TRACE    : initProviders()
Feb 13 19:34:32 Speed DEBUG    : available providers: [corba_cdr]
Feb 13 19:34:32 Speed DEBUG    : dataflow_type pull is supported
Feb 13 19:34:32 RTObject_impl TRACE    : addOutPort(Temperature)
Feb 13 19:34:32 RTObject_impl TRACE    : addPort(PortBase)
Feb 13 19:34:32 RTObject_impl TRACE    : RTObject_impl.getObjRef()
Feb 13 19:34:32 RTObject_impl TRACE    : RTObject_impl.get_component_profile()
Feb 13 19:34:32 Torque TRACE    : get_port_profile()
Feb 13 19:34:32 Move TRACE    : get_port_profile()
Feb 13 19:34:32 Time TRACE    : get_port_profile()
Feb 13 19:34:32 Angle TRACE    : get_port_profile()
Feb 13 19:34:32 Load TRACE    : get_port_profile()
Feb 13 19:34:32 Speed TRACE    : get_port_profile()
Feb 13 19:34:32 Temperature TRACE    : setOwner(RS40XCB_ARM0)
Feb 13 19:34:32 Temperature TRACE    : getName() = RS40XCB_ARM0.Temperature
Feb 13 19:34:32 Torque TRACE    : get_port_profile()
Feb 13 19:34:32 Move TRACE    : get_port_profile()
Feb 13 19:34:32 Time TRACE    : get_port_profile()
Feb 13 19:34:32 Angle TRACE    : get_port_profile()
Feb 13 19:34:32 Load TRACE    : get_port_profile()
Feb 13 19:34:32 Speed TRACE    : get_port_profile()
Feb 13 19:34:32 Temperature TRACE    : get_port_profile()
Feb 13 19:34:32 Torque TRACE    : get_port_profile()
Feb 13 19:34:32 Move TRACE    : get_port_profile()
Feb 13 19:34:32 Time TRACE    : get_port_profile()
Feb 13 19:34:32 Angle TRACE    : get_port_profile()
Feb 13 19:34:32 Load TRACE    : get_port_profile()
Feb 13 19:34:32 Speed TRACE    : get_port_profile()
Feb 13 19:34:32 Temperature TRACE    : init()
Feb 13 19:34:32 Temperature PARANOID : given properties:
Feb 13 19:34:32 Temperature DEBUG    : 
Feb 13 19:34:32 Temperature PARANOID : updated properties:
Feb 13 19:34:32 Temperature DEBUG    : 
Feb 13 19:34:32 Temperature TRACE    : initConsumers()
Feb 13 19:34:32 Temperature DEBUG    : available InPortConsumer: [corba_cdr]
Feb 13 19:34:32 Temperature DEBUG    : dataflow_type pull is supported
Feb 13 19:34:32 Temperature TRACE    : initProviders()
Feb 13 19:34:32 Temperature DEBUG    : available providers: [corba_cdr]
Feb 13 19:34:32 Temperature DEBUG    : dataflow_type pull is supported
Feb 13 19:34:32 RTObject_impl TRACE    : addOutPort(Voltage)
Feb 13 19:34:32 RTObject_impl TRACE    : addPort(PortBase)
Feb 13 19:34:32 RTObject_impl TRACE    : RTObject_impl.getObjRef()
Feb 13 19:34:32 RTObject_impl TRACE    : RTObject_impl.get_component_profile()
Feb 13 19:34:32 Torque TRACE    : get_port_profile()
Feb 13 19:34:32 Move TRACE    : get_port_profile()
Feb 13 19:34:32 Time TRACE    : get_port_profile()
Feb 13 19:34:32 Angle TRACE    : get_port_profile()
Feb 13 19:34:32 Load TRACE    : get_port_profile()
Feb 13 19:34:32 Speed TRACE    : get_port_profile()
Feb 13 19:34:32 Temperature TRACE    : get_port_profile()
Feb 13 19:34:32 Voltage TRACE    : setOwner(RS40XCB_ARM0)
Feb 13 19:34:32 Voltage TRACE    : getName() = RS40XCB_ARM0.Voltage
Feb 13 19:34:32 Torque TRACE    : get_port_profile()
Feb 13 19:34:32 Move TRACE    : get_port_profile()
Feb 13 19:34:32 Time TRACE    : get_port_profile()
Feb 13 19:34:32 Angle TRACE    : get_port_profile()
Feb 13 19:34:32 Load TRACE    : get_port_profile()
Feb 13 19:34:32 Speed TRACE    : get_port_profile()
Feb 13 19:34:32 Temperature TRACE    : get_port_profile()
Feb 13 19:34:32 Voltage TRACE    : get_port_profile()
Feb 13 19:34:32 Torque TRACE    : get_port_profile()
Feb 13 19:34:32 Move TRACE    : get_port_profile()
Feb 13 19:34:32 Time TRACE    : get_port_profile()
Feb 13 19:34:32 Angle TRACE    : get_port_profile()
Feb 13 19:34:32 Load TRACE    : get_port_profile()
Feb 13 19:34:32 Speed TRACE    : get_port_profile()
Feb 13 19:34:32 Temperature TRACE    : get_port_profile()
Feb 13 19:34:32 Voltage TRACE    : init()
Feb 13 19:34:32 Voltage PARANOID : given properties:
Feb 13 19:34:32 Voltage DEBUG    : 
Feb 13 19:34:32 Voltage PARANOID : updated properties:
Feb 13 19:34:32 Voltage DEBUG    : 
Feb 13 19:34:32 Voltage TRACE    : initConsumers()
Feb 13 19:34:32 Voltage DEBUG    : available InPortConsumer: [corba_cdr]
Feb 13 19:34:32 Voltage DEBUG    : dataflow_type pull is supported
Feb 13 19:34:32 Voltage TRACE    : initProviders()
Feb 13 19:34:32 Voltage DEBUG    : available providers: [corba_cdr]
Feb 13 19:34:32 Voltage DEBUG    : dataflow_type pull is supported
Feb 13 19:34:32 RTObject_impl TRACE    : RTObject_impl.bindParameter(portname,/dev/ttyUSB0)
Feb 13 19:34:32 RTObject_impl TRACE    : RTObject_impl.bindParameter(baudrate,115200)
Feb 13 19:34:32 RTObject_impl TRACE    : RTObject_impl.bindParameter(startID,1)
Feb 13 19:34:32 RTObject_impl TRACE    : RTObject_impl.bindParameter(endID,7)
Feb 13 19:34:32 RTObject_impl TRACE    : RTObject_impl.onInitialize()
Feb 13 19:34:32 RTObject_impl DEBUG    : EC[0] starting
Feb 13 19:34:32 PeriodicExecutionContext TRACE    : PeriodicExecutionContext.start()
Feb 13 19:34:32 RTObject_impl TRACE    : RTObject_impl.on_startup(0)
Feb 13 19:34:32 RTObject_impl TRACE    : RTObject_impl.onStartup(0)
Feb 13 19:34:32 PeriodicExecutionContext TRACE    : PeriodicExecutionContext.open()
Feb 13 19:34:32 PeriodicExecutionContext TRACE    : PeriodicExecutionContext.run()
Feb 13 19:34:32 Manager TRACE    : RTC initialization succeeded: 
Feb 13 19:34:32 PeriodicExecutionContext TRACE    : PeriodicExecutionContext.svc()
Feb 13 19:34:32 RTObject_impl TRACE    : RTObject_impl.getInstanceName()
Feb 13 19:34:32 Manager TRACE    : Manager.registerComponent(RS40XCB_ARM0)
Feb 13 19:34:32 RTObject_impl TRACE    : RTObject_impl.getInstanceName()
Feb 13 19:34:32 RTObject_impl TRACE    : RTObject_impl.getNamingNames()
Feb 13 19:34:32 Manager TRACE    : Bind name: javatea-desktop.host_cxt/RS40XCB_ARM0.rtc
Feb 13 19:34:32 NamingManager TRACE    : NamingManager.bindObject(javatea-desktop.host_cxt/RS40XCB_ARM0.rtc)
Feb 13 19:34:32 RTObject_impl TRACE    : RTObject_impl.getObjRef()
Feb 13 19:34:32 CorbaNaming TRACE    : in  CorbaNaming.rebindByString(javatea-desktop.host_cxt/RS40XCB_ARM0.rtc)
Feb 13 19:34:32 CorbaNaming TRACE    : in  CorbaNaming.rebind([Lorg.omg.CosNaming.NameComponent;@7ecd78,true)
Feb 13 19:34:32 CorbaNaming TRACE    :     isNamingContext is false.
Feb 13 19:34:32 CorbaNaming TRACE    : out  CorbaNaming.rebind()
Feb 13 19:34:32 CorbaNaming TRACE    : out CorbaNaming.rebindByString(javatea-desktop.host_cxt/RS40XCB_ARM0.rtc)
Feb 13 19:34:32 Manager TRACE    : Manager.runManager(): blocking mode
Feb 13 19:34:32 Manager VERBOSE  : Manager.cleanupComponents()
Feb 13 19:34:32 Manager VERBOSE  : 0 components are marked as finalized.
Feb 13 19:34:33 Manager VERBOSE  : Manager.cleanupComponents()
Feb 13 19:34:33 Manager VERBOSE  : 0 components are marked as finalized.
Feb 13 19:34:34 Manager VERBOSE  : Manager.cleanupComponents()
Feb 13 19:34:34 Manager VERBOSE  : 0 components are marked as finalized.
Feb 13 19:34:35 Manager VERBOSE  : Manager.cleanupComponents()
Feb 13 19:34:35 Manager VERBOSE  : 0 components are marked as finalized.
Feb 13 19:34:36 RTObject_impl TRACE    : RTObject_impl.get_component_profile()
Feb 13 19:34:36 Torque TRACE    : get_port_profile()
Feb 13 19:34:36 Move TRACE    : get_port_profile()
Feb 13 19:34:36 Time TRACE    : get_port_profile()
Feb 13 19:34:36 Angle TRACE    : get_port_profile()
Feb 13 19:34:36 Load TRACE    : get_port_profile()
Feb 13 19:34:36 Speed TRACE    : get_port_profile()
Feb 13 19:34:36 Temperature TRACE    : get_port_profile()
Feb 13 19:34:36 Voltage TRACE    : get_port_profile()
Feb 13 19:34:36 RTObject_impl TRACE    : RTObject_impl.get_configuration()
Feb 13 19:34:36 RTObject_impl TRACE    : RTObject_impl.get_owned_contexts()
Feb 13 19:34:36 RTObject_impl TRACE    : RTObject_impl.get_participating_contexts()
Feb 13 19:34:36 PeriodicExecutionContext TRACE    : PeriodicExecutionContext.get_component_state()
Feb 13 19:34:36 PeriodicExecutionContext TRACE    : PeriodicExecutionContext.is_running()
Feb 13 19:34:36 Configuration_impl TRACE    : Configuration_impl.get_configuration_sets()
Feb 13 19:34:36 Configuration_impl TRACE    : Configuration_impl.get_active_configuration_set()
Feb 13 19:34:36 RTObject_impl TRACE    : RTObject_impl.get_owned_organizations()
Feb 13 19:34:36 PeriodicExecutionContext TRACE    : PeriodicExecutionContext.get_profile()
Feb 13 19:34:36 PeriodicExecutionContext TRACE    : PeriodicExecutionContext.is_running()
Feb 13 19:34:36 RTObject_impl TRACE    : RTObject_impl.get_context_handle()
Feb 13 19:34:36 PeriodicExecutionContext TRACE    : PeriodicExecutionContext.get_profile()
Feb 13 19:34:36 PeriodicExecutionContext TRACE    : PeriodicExecutionContext.is_running()
Feb 13 19:34:36 RTObject_impl TRACE    : RTObject_impl.get_component_profile()
Feb 13 19:34:36 Torque TRACE    : get_port_profile()
Feb 13 19:34:36 Move TRACE    : get_port_profile()
Feb 13 19:34:36 Time TRACE    : get_port_profile()
Feb 13 19:34:36 Angle TRACE    : get_port_profile()
Feb 13 19:34:36 Load TRACE    : get_port_profile()
Feb 13 19:34:36 Speed TRACE    : get_port_profile()
Feb 13 19:34:36 Temperature TRACE    : get_port_profile()
Feb 13 19:34:36 Voltage TRACE    : get_port_profile()
Feb 13 19:34:36 RTObject_impl TRACE    : RTObject_impl.get_owned_contexts()
Feb 13 19:34:36 RTObject_impl TRACE    : RTObject_impl.get_participating_contexts()
Feb 13 19:34:36 PeriodicExecutionContext TRACE    : PeriodicExecutionContext.get_component_state()
Feb 13 19:34:36 PeriodicExecutionContext TRACE    : PeriodicExecutionContext.is_running()
Feb 13 19:34:36 Configuration_impl TRACE    : Configuration_impl.get_configuration_sets()
Feb 13 19:34:36 Configuration_impl TRACE    : Configuration_impl.get_active_configuration_set()
Feb 13 19:34:36 PeriodicExecutionContext TRACE    : PeriodicExecutionContext.get_profile()
Feb 13 19:34:36 PeriodicExecutionContext TRACE    : PeriodicExecutionContext.is_running()
Feb 13 19:34:36 RTObject_impl TRACE    : RTObject_impl.get_context_handle()
Feb 13 19:34:36 PeriodicExecutionContext TRACE    : PeriodicExecutionContext.get_profile()
Feb 13 19:34:36 PeriodicExecutionContext TRACE    : PeriodicExecutionContext.is_running()
Feb 13 19:34:36 Manager VERBOSE  : Manager.cleanupComponents()
Feb 13 19:34:36 Manager VERBOSE  : 0 components are marked as finalized.
Feb 13 19:34:37 RTObject_impl TRACE    : RTObject_impl.get_component_profile()
Feb 13 19:34:37 Torque TRACE    : get_port_profile()
Feb 13 19:34:37 Move TRACE    : get_port_profile()
Feb 13 19:34:37 Time TRACE    : get_port_profile()
Feb 13 19:34:37 Angle TRACE    : get_port_profile()
Feb 13 19:34:37 Load TRACE    : get_port_profile()
Feb 13 19:34:37 Speed TRACE    : get_port_profile()
Feb 13 19:34:37 Temperature TRACE    : get_port_profile()
Feb 13 19:34:37 Voltage TRACE    : get_port_profile()
Feb 13 19:34:37 RTObject_impl TRACE    : RTObject_impl.get_owned_contexts()
Feb 13 19:34:37 RTObject_impl TRACE    : RTObject_impl.get_participating_contexts()
Feb 13 19:34:37 PeriodicExecutionContext TRACE    : PeriodicExecutionContext.get_component_state()
Feb 13 19:34:37 PeriodicExecutionContext TRACE    : PeriodicExecutionContext.is_running()
Feb 13 19:34:37 Configuration_impl TRACE    : Configuration_impl.get_configuration_sets()
Feb 13 19:34:37 Configuration_impl TRACE    : Configuration_impl.get_active_configuration_set()
Feb 13 19:34:37 PeriodicExecutionContext TRACE    : PeriodicExecutionContext.get_profile()
Feb 13 19:34:37 PeriodicExecutionContext TRACE    : PeriodicExecutionContext.is_running()
Feb 13 19:34:37 Manager VERBOSE  : Manager.cleanupComponents()
Feb 13 19:34:37 Manager VERBOSE  : 0 components are marked as finalized.
Feb 13 19:34:38 RTObject_impl TRACE    : RTObject_impl.get_component_profile()
Feb 13 19:34:38 Torque TRACE    : get_port_profile()
Feb 13 19:34:38 Move TRACE    : get_port_profile()
Feb 13 19:34:38 Time TRACE    : get_port_profile()
Feb 13 19:34:38 Angle TRACE    : get_port_profile()
Feb 13 19:34:38 Load TRACE    : get_port_profile()
Feb 13 19:34:38 Speed TRACE    : get_port_profile()
Feb 13 19:34:38 Temperature TRACE    : get_port_profile()
Feb 13 19:34:38 Voltage TRACE    : get_port_profile()
Feb 13 19:34:38 RTObject_impl TRACE    : RTObject_impl.get_owned_contexts()
Feb 13 19:34:38 RTObject_impl TRACE    : RTObject_impl.get_participating_contexts()
Feb 13 19:34:38 PeriodicExecutionContext TRACE    : PeriodicExecutionContext.get_component_state()
Feb 13 19:34:38 PeriodicExecutionContext TRACE    : PeriodicExecutionContext.is_running()
Feb 13 19:34:38 Configuration_impl TRACE    : Configuration_impl.get_configuration_sets()
Feb 13 19:34:38 Configuration_impl TRACE    : Configuration_impl.get_active_configuration_set()
Feb 13 19:34:38 PeriodicExecutionContext TRACE    : PeriodicExecutionContext.get_profile()
Feb 13 19:34:38 PeriodicExecutionContext TRACE    : PeriodicExecutionContext.is_running()
Feb 13 19:34:38 Manager VERBOSE  : Manager.cleanupComponents()
Feb 13 19:34:38 Manager VERBOSE  : 0 components are marked as finalized.
Feb 13 19:34:39 RTObject_impl TRACE    : RTObject_impl.get_component_profile()
Feb 13 19:34:39 Torque TRACE    : get_port_profile()
Feb 13 19:34:39 Move TRACE    : get_port_profile()
Feb 13 19:34:39 Time TRACE    : get_port_profile()
Feb 13 19:34:39 Angle TRACE    : get_port_profile()
Feb 13 19:34:39 Load TRACE    : get_port_profile()
Feb 13 19:34:39 Speed TRACE    : get_port_profile()
Feb 13 19:34:39 Temperature TRACE    : get_port_profile()
Feb 13 19:34:39 Voltage TRACE    : get_port_profile()
Feb 13 19:34:39 RTObject_impl TRACE    : RTObject_impl.get_owned_contexts()
Feb 13 19:34:39 RTObject_impl TRACE    : RTObject_impl.get_participating_contexts()
Feb 13 19:34:39 PeriodicExecutionContext TRACE    : PeriodicExecutionContext.get_component_state()
Feb 13 19:34:39 PeriodicExecutionContext TRACE    : PeriodicExecutionContext.is_running()
Feb 13 19:34:39 Configuration_impl TRACE    : Configuration_impl.get_configuration_sets()
Feb 13 19:34:39 Configuration_impl TRACE    : Configuration_impl.get_active_configuration_set()
Feb 13 19:34:39 PeriodicExecutionContext TRACE    : PeriodicExecutionContext.get_profile()
Feb 13 19:34:39 PeriodicExecutionContext TRACE    : PeriodicExecutionContext.is_running()
Feb 13 19:34:39 Manager VERBOSE  : Manager.cleanupComponents()
Feb 13 19:34:39 Manager VERBOSE  : 0 components are marked as finalized.
Feb 13 19:34:40 RTObject_impl TRACE    : RTObject_impl.get_component_profile()
Feb 13 19:34:40 Torque TRACE    : get_port_profile()
Feb 13 19:34:40 Move TRACE    : get_port_profile()
Feb 13 19:34:40 Time TRACE    : get_port_profile()
Feb 13 19:34:40 Angle TRACE    : get_port_profile()
Feb 13 19:34:40 Load TRACE    : get_port_profile()
Feb 13 19:34:40 Speed TRACE    : get_port_profile()
Feb 13 19:34:40 Temperature TRACE    : get_port_profile()
Feb 13 19:34:40 Voltage TRACE    : get_port_profile()
Feb 13 19:34:40 RTObject_impl TRACE    : RTObject_impl.get_owned_contexts()
Feb 13 19:34:40 RTObject_impl TRACE    : RTObject_impl.get_participating_contexts()
Feb 13 19:34:40 PeriodicExecutionContext TRACE    : PeriodicExecutionContext.get_component_state()
Feb 13 19:34:40 PeriodicExecutionContext TRACE    : PeriodicExecutionContext.is_running()
Feb 13 19:34:40 Configuration_impl TRACE    : Configuration_impl.get_configuration_sets()
Feb 13 19:34:40 Configuration_impl TRACE    : Configuration_impl.get_active_configuration_set()
Feb 13 19:34:40 PeriodicExecutionContext TRACE    : PeriodicExecutionContext.get_profile()
Feb 13 19:34:40 PeriodicExecutionContext TRACE    : PeriodicExecutionContext.is_running()
Feb 13 19:34:40 Torque TRACE    : notify_connect()
Feb 13 19:34:40 Torque TRACE    : publishInterfaces()
Feb 13 19:34:40 Torque DEBUG    : ConnectorProfile::properties are as follows.
Feb 13 19:34:40 Torque DEBUG    : - data_type: TimedBooleanSeq
- interface_type: corba_cdr
- dataflow_type: push
- subscription_type: flush
- publisher
  - push_policy: all
- serializer
  - cdr
    - endian: little,big

Feb 13 19:34:40 Torque DEBUG    : dataflow_type = push .... create PushConnector
Feb 13 19:34:40 Torque DEBUG    : interface_type:  corba_cdr
Feb 13 19:34:40 InPortCorbaCdrProvider TRACE    : setInterfaceType(corba_cdr)
Feb 13 19:34:40 Torque DEBUG    : provider created
Feb 13 19:34:40 InPortCorbaCdrProvider TRACE    : publishInterface()
Feb 13 19:34:40 InPortCorbaCdrProvider DEBUG    : dataport.data_type:TimedBooleanSeq
dataport.interface_type:corba_cdr
dataport.dataflow_type:push
dataport.subscription_type:flush
dataport.publisher.push_policy:all
dataport.serializer.cdr.endian:little,big

Feb 13 19:34:40 Torque TRACE    : InPortPushConnector create
Feb 13 19:34:40 Torque PARANOID : connector push backed: 1
Feb 13 19:34:40 Torque DEBUG    : publishInterface() successfully finished.
Feb 13 19:34:40 Torque TRACE    : subscribeInterfaces()
Feb 13 19:34:40 Torque DEBUG    : ConnectorProfile::properties are as follows.
Feb 13 19:34:40 Torque DEBUG    : - data_type: TimedBooleanSeq
- interface_type: corba_cdr
- dataflow_type: push
- subscription_type: flush
- publisher
  - push_policy: all
- serializer
  - cdr
    - endian: little,big
- provider: 
- buffer: 
- corba_cdr
  - inport_ior: IOR:000000000000001a49444c3a4f70656e52544d2f496e506f72744364723a312e30000000000000010000000000000082000102000000000a3132372e302e312e3100a6ec00000031afabcb00000000207647323100000001000000000000000100000008526f6f74504f410000000008000000100000000014000000000000020000000100000020000000000001000100000002050100010001002000010109000000010001010000000026000000020002
  - inport_ref: IOR:000000000000001a49444c3a4f70656e52544d2f496e506f72744364723a312e30000000000000010000000000000082000102000000000a3132372e302e312e3100a6ec00000031afabcb00000000207647323100000001000000000000000100000008526f6f74504f410000000008000000100000000014000000000000020000000100000020000000000001000100000002050100010001002000010109000000010001010000000026000000020002

Feb 13 19:34:40 Torque TRACE    : Little Endian = true
Feb 13 19:34:40 Torque DEBUG    : dataflow_type is push.
Feb 13 19:34:40 Torque TRACE    : getConnectorById(id = 30aa2128-87d4-4db2-a040-315bc2158bed)
Feb 13 19:34:40 InPortConnector TRACE    : profile()
Feb 13 19:34:40 InPortConnector TRACE    : id() = 30aa2128-87d4-4db2-a040-315bc2158bed
Feb 13 19:34:40 InPortConnector TRACE    : profile()
Feb 13 19:34:40 Torque DEBUG    : subscribeInterfaces() successfully finished.
Feb 13 19:34:40 Torque PARANOID : 0 connectors are existing.
Feb 13 19:34:40 Torque PARANOID : New connector_id. Push backed.
Feb 13 19:34:40 Manager VERBOSE  : Manager.cleanupComponents()
Feb 13 19:34:40 Manager VERBOSE  : 0 components are marked as finalized.
Feb 13 19:34:41 RTObject_impl TRACE    : RTObject_impl.get_component_profile()
Feb 13 19:34:41 Torque TRACE    : get_port_profile()
Feb 13 19:34:41 Move TRACE    : get_port_profile()
Feb 13 19:34:41 Time TRACE    : get_port_profile()
Feb 13 19:34:41 Angle TRACE    : get_port_profile()
Feb 13 19:34:41 Load TRACE    : get_port_profile()
Feb 13 19:34:41 Speed TRACE    : get_port_profile()
Feb 13 19:34:41 Temperature TRACE    : get_port_profile()
Feb 13 19:34:41 Voltage TRACE    : get_port_profile()
Feb 13 19:34:41 RTObject_impl TRACE    : RTObject_impl.get_owned_contexts()
Feb 13 19:34:41 RTObject_impl TRACE    : RTObject_impl.get_participating_contexts()
Feb 13 19:34:41 PeriodicExecutionContext TRACE    : PeriodicExecutionContext.get_component_state()
Feb 13 19:34:41 PeriodicExecutionContext TRACE    : PeriodicExecutionContext.is_running()
Feb 13 19:34:41 Configuration_impl TRACE    : Configuration_impl.get_configuration_sets()
Feb 13 19:34:41 Configuration_impl TRACE    : Configuration_impl.get_active_configuration_set()
Feb 13 19:34:41 PeriodicExecutionContext TRACE    : PeriodicExecutionContext.get_profile()
Feb 13 19:34:41 PeriodicExecutionContext TRACE    : PeriodicExecutionContext.is_running()
Feb 13 19:34:41 Manager TRACE    : Manager.shutdownOnNoRtcs()
Feb 13 19:34:41 Manager TRACE    : Manager.getComponents()
Feb 13 19:34:41 Manager VERBOSE  : Manager.cleanupComponents()
Feb 13 19:34:41 Manager VERBOSE  : 0 components are marked as finalized.
Feb 13 19:34:41 NamingManager TRACE    : NamingManager.update()
Feb 13 19:34:41 NamingOnCorba TRACE    : isAlive()
Feb 13 19:34:42 RTObject_impl TRACE    : RTObject_impl.get_component_profile()
Feb 13 19:34:42 Torque TRACE    : get_port_profile()
Feb 13 19:34:42 Move TRACE    : get_port_profile()
Feb 13 19:34:42 Time TRACE    : get_port_profile()
Feb 13 19:34:42 Angle TRACE    : get_port_profile()
Feb 13 19:34:42 Load TRACE    : get_port_profile()
Feb 13 19:34:42 Speed TRACE    : get_port_profile()
Feb 13 19:34:42 Temperature TRACE    : get_port_profile()
Feb 13 19:34:42 Voltage TRACE    : get_port_profile()
Feb 13 19:34:42 RTObject_impl TRACE    : RTObject_impl.get_owned_contexts()
Feb 13 19:34:42 RTObject_impl TRACE    : RTObject_impl.get_participating_contexts()
Feb 13 19:34:42 PeriodicExecutionContext TRACE    : PeriodicExecutionContext.get_component_state()
Feb 13 19:34:42 PeriodicExecutionContext TRACE    : PeriodicExecutionContext.is_running()
Feb 13 19:34:42 Configuration_impl TRACE    : Configuration_impl.get_configuration_sets()
Feb 13 19:34:42 Configuration_impl TRACE    : Configuration_impl.get_active_configuration_set()
Feb 13 19:34:42 PeriodicExecutionContext TRACE    : PeriodicExecutionContext.get_profile()
Feb 13 19:34:42 PeriodicExecutionContext TRACE    : PeriodicExecutionContext.is_running()
Feb 13 19:34:42 Manager VERBOSE  : Manager.cleanupComponents()
Feb 13 19:34:42 Manager VERBOSE  : 0 components are marked as finalized.
Feb 13 19:34:43 RTObject_impl TRACE    : RTObject_impl.get_component_profile()
Feb 13 19:34:43 Torque TRACE    : get_port_profile()
Feb 13 19:34:43 Move TRACE    : get_port_profile()
Feb 13 19:34:43 Time TRACE    : get_port_profile()
Feb 13 19:34:43 Angle TRACE    : get_port_profile()
Feb 13 19:34:43 Load TRACE    : get_port_profile()
Feb 13 19:34:43 Speed TRACE    : get_port_profile()
Feb 13 19:34:43 Temperature TRACE    : get_port_profile()
Feb 13 19:34:43 Voltage TRACE    : get_port_profile()
Feb 13 19:34:43 RTObject_impl TRACE    : RTObject_impl.get_owned_contexts()
Feb 13 19:34:43 RTObject_impl TRACE    : RTObject_impl.get_participating_contexts()
Feb 13 19:34:43 PeriodicExecutionContext TRACE    : PeriodicExecutionContext.get_component_state()
Feb 13 19:34:43 PeriodicExecutionContext TRACE    : PeriodicExecutionContext.is_running()
Feb 13 19:34:43 Configuration_impl TRACE    : Configuration_impl.get_configuration_sets()
Feb 13 19:34:43 Configuration_impl TRACE    : Configuration_impl.get_active_configuration_set()
Feb 13 19:34:43 PeriodicExecutionContext TRACE    : PeriodicExecutionContext.get_profile()
Feb 13 19:34:43 PeriodicExecutionContext TRACE    : PeriodicExecutionContext.is_running()
Feb 13 19:34:43 Move TRACE    : notify_connect()
Feb 13 19:34:43 Move TRACE    : publishInterfaces()
Feb 13 19:34:43 Move DEBUG    : ConnectorProfile::properties are as follows.
Feb 13 19:34:43 Move DEBUG    : - data_type: TimedLongSeq
- interface_type: corba_cdr
- dataflow_type: push
- subscription_type: flush
- publisher
  - push_policy: all
- serializer
  - cdr
    - endian: little,big

Feb 13 19:34:43 Move DEBUG    : dataflow_type = push .... create PushConnector
Feb 13 19:34:43 Move DEBUG    : interface_type:  corba_cdr
Feb 13 19:34:43 InPortCorbaCdrProvider TRACE    : setInterfaceType(corba_cdr)
Feb 13 19:34:43 Move DEBUG    : provider created
Feb 13 19:34:43 InPortCorbaCdrProvider TRACE    : publishInterface()
Feb 13 19:34:43 InPortCorbaCdrProvider DEBUG    : dataport.data_type:TimedLongSeq
dataport.interface_type:corba_cdr
dataport.dataflow_type:push
dataport.subscription_type:flush
dataport.publisher.push_policy:all
dataport.serializer.cdr.endian:little,big

Feb 13 19:34:43 Move TRACE    : InPortPushConnector create
Feb 13 19:34:43 Move PARANOID : connector push backed: 1
Feb 13 19:34:43 Move DEBUG    : publishInterface() successfully finished.
Feb 13 19:34:43 Move TRACE    : subscribeInterfaces()
Feb 13 19:34:43 Move DEBUG    : ConnectorProfile::properties are as follows.
Feb 13 19:34:43 Move DEBUG    : - data_type: TimedLongSeq
- interface_type: corba_cdr
- dataflow_type: push
- subscription_type: flush
- publisher
  - push_policy: all
- serializer
  - cdr
    - endian: little,big
- provider: 
- buffer: 
- corba_cdr
  - inport_ior: IOR:000000000000001a49444c3a4f70656e52544d2f496e506f72744364723a312e30000000000000010000000000000082000102000000000a3132372e302e312e3100a6ec00000031afabcb00000000207647323100000001000000000000000100000008526f6f74504f410000000008000000110000000014000000000000020000000100000020000000000001000100000002050100010001002000010109000000010001010000000026000000020002
  - inport_ref: IOR:000000000000001a49444c3a4f70656e52544d2f496e506f72744364723a312e30000000000000010000000000000082000102000000000a3132372e302e312e3100a6ec00000031afabcb00000000207647323100000001000000000000000100000008526f6f74504f410000000008000000110000000014000000000000020000000100000020000000000001000100000002050100010001002000010109000000010001010000000026000000020002

Feb 13 19:34:43 Move TRACE    : Little Endian = true
Feb 13 19:34:43 Move DEBUG    : dataflow_type is push.
Feb 13 19:34:43 Move TRACE    : getConnectorById(id = b4ccaceb-470d-4a34-8af9-8785aada05b7)
Feb 13 19:34:43 InPortConnector TRACE    : profile()
Feb 13 19:34:43 InPortConnector TRACE    : id() = b4ccaceb-470d-4a34-8af9-8785aada05b7
Feb 13 19:34:43 InPortConnector TRACE    : profile()
Feb 13 19:34:43 Move DEBUG    : subscribeInterfaces() successfully finished.
Feb 13 19:34:43 Move PARANOID : 0 connectors are existing.
Feb 13 19:34:43 Move PARANOID : New connector_id. Push backed.
Feb 13 19:34:43 Manager VERBOSE  : Manager.cleanupComponents()
Feb 13 19:34:43 Manager VERBOSE  : 0 components are marked as finalized.
Feb 13 19:34:44 RTObject_impl TRACE    : RTObject_impl.get_component_profile()
Feb 13 19:34:44 Torque TRACE    : get_port_profile()
Feb 13 19:34:44 Move TRACE    : get_port_profile()
Feb 13 19:34:44 Time TRACE    : get_port_profile()
Feb 13 19:34:44 Angle TRACE    : get_port_profile()
Feb 13 19:34:44 Load TRACE    : get_port_profile()
Feb 13 19:34:44 Speed TRACE    : get_port_profile()
Feb 13 19:34:44 Temperature TRACE    : get_port_profile()
Feb 13 19:34:44 Voltage TRACE    : get_port_profile()
Feb 13 19:34:44 RTObject_impl TRACE    : RTObject_impl.get_owned_contexts()
Feb 13 19:34:44 RTObject_impl TRACE    : RTObject_impl.get_participating_contexts()
Feb 13 19:34:44 PeriodicExecutionContext TRACE    : PeriodicExecutionContext.get_component_state()
Feb 13 19:34:44 PeriodicExecutionContext TRACE    : PeriodicExecutionContext.is_running()
Feb 13 19:34:44 Configuration_impl TRACE    : Configuration_impl.get_configuration_sets()
Feb 13 19:34:44 Configuration_impl TRACE    : Configuration_impl.get_active_configuration_set()
Feb 13 19:34:44 PeriodicExecutionContext TRACE    : PeriodicExecutionContext.get_profile()
Feb 13 19:34:44 PeriodicExecutionContext TRACE    : PeriodicExecutionContext.is_running()
Feb 13 19:34:44 Manager VERBOSE  : Manager.cleanupComponents()
Feb 13 19:34:44 Manager VERBOSE  : 0 components are marked as finalized.
Feb 13 19:34:45 RTObject_impl TRACE    : RTObject_impl.get_component_profile()
Feb 13 19:34:45 Torque TRACE    : get_port_profile()
Feb 13 19:34:45 Move TRACE    : get_port_profile()
Feb 13 19:34:45 Time TRACE    : get_port_profile()
Feb 13 19:34:45 Angle TRACE    : get_port_profile()
Feb 13 19:34:45 Load TRACE    : get_port_profile()
Feb 13 19:34:45 Speed TRACE    : get_port_profile()
Feb 13 19:34:45 Temperature TRACE    : get_port_profile()
Feb 13 19:34:45 Voltage TRACE    : get_port_profile()
Feb 13 19:34:45 RTObject_impl TRACE    : RTObject_impl.get_owned_contexts()
Feb 13 19:34:45 RTObject_impl TRACE    : RTObject_impl.get_participating_contexts()
Feb 13 19:34:45 PeriodicExecutionContext TRACE    : PeriodicExecutionContext.get_component_state()
Feb 13 19:34:45 PeriodicExecutionContext TRACE    : PeriodicExecutionContext.is_running()
Feb 13 19:34:45 Configuration_impl TRACE    : Configuration_impl.get_configuration_sets()
Feb 13 19:34:45 Configuration_impl TRACE    : Configuration_impl.get_active_configuration_set()
Feb 13 19:34:45 PeriodicExecutionContext TRACE    : PeriodicExecutionContext.get_profile()
Feb 13 19:34:45 PeriodicExecutionContext TRACE    : PeriodicExecutionContext.is_running()
Feb 13 19:34:45 Manager VERBOSE  : Manager.cleanupComponents()
Feb 13 19:34:45 Manager VERBOSE  : 0 components are marked as finalized.
Feb 13 19:34:46 RTObject_impl TRACE    : RTObject_impl.get_component_profile()
Feb 13 19:34:46 Torque TRACE    : get_port_profile()
Feb 13 19:34:46 Move TRACE    : get_port_profile()
Feb 13 19:34:46 Time TRACE    : get_port_profile()
Feb 13 19:34:46 Angle TRACE    : get_port_profile()
Feb 13 19:34:46 Load TRACE    : get_port_profile()
Feb 13 19:34:46 Speed TRACE    : get_port_profile()
Feb 13 19:34:46 Temperature TRACE    : get_port_profile()
Feb 13 19:34:46 Voltage TRACE    : get_port_profile()
Feb 13 19:34:46 RTObject_impl TRACE    : RTObject_impl.get_owned_contexts()
Feb 13 19:34:46 RTObject_impl TRACE    : RTObject_impl.get_participating_contexts()
Feb 13 19:34:46 PeriodicExecutionContext TRACE    : PeriodicExecutionContext.get_component_state()
Feb 13 19:34:46 PeriodicExecutionContext TRACE    : PeriodicExecutionContext.is_running()
Feb 13 19:34:46 Configuration_impl TRACE    : Configuration_impl.get_configuration_sets()
Feb 13 19:34:46 Configuration_impl TRACE    : Configuration_impl.get_active_configuration_set()
Feb 13 19:34:46 PeriodicExecutionContext TRACE    : PeriodicExecutionContext.get_profile()
Feb 13 19:34:46 PeriodicExecutionContext TRACE    : PeriodicExecutionContext.is_running()
Feb 13 19:34:46 Manager VERBOSE  : Manager.cleanupComponents()
Feb 13 19:34:46 Manager VERBOSE  : 0 components are marked as finalized.
Feb 13 19:34:47 RTObject_impl TRACE    : RTObject_impl.get_component_profile()
Feb 13 19:34:47 Torque TRACE    : get_port_profile()
Feb 13 19:34:47 Move TRACE    : get_port_profile()
Feb 13 19:34:47 Time TRACE    : get_port_profile()
Feb 13 19:34:47 Angle TRACE    : get_port_profile()
Feb 13 19:34:47 Load TRACE    : get_port_profile()
Feb 13 19:34:47 Speed TRACE    : get_port_profile()
Feb 13 19:34:47 Temperature TRACE    : get_port_profile()
Feb 13 19:34:47 Voltage TRACE    : get_port_profile()
Feb 13 19:34:47 RTObject_impl TRACE    : RTObject_impl.get_owned_contexts()
Feb 13 19:34:47 RTObject_impl TRACE    : RTObject_impl.get_participating_contexts()
Feb 13 19:34:47 PeriodicExecutionContext TRACE    : PeriodicExecutionContext.get_component_state()
Feb 13 19:34:47 PeriodicExecutionContext TRACE    : PeriodicExecutionContext.is_running()
Feb 13 19:34:47 Configuration_impl TRACE    : Configuration_impl.get_configuration_sets()
Feb 13 19:34:47 Configuration_impl TRACE    : Configuration_impl.get_active_configuration_set()
Feb 13 19:34:47 PeriodicExecutionContext TRACE    : PeriodicExecutionContext.get_profile()
Feb 13 19:34:47 PeriodicExecutionContext TRACE    : PeriodicExecutionContext.is_running()
Feb 13 19:34:47 Manager VERBOSE  : Manager.cleanupComponents()
Feb 13 19:34:47 Manager VERBOSE  : 0 components are marked as finalized.
Feb 13 19:34:48 RTObject_impl TRACE    : RTObject_impl.get_component_profile()
Feb 13 19:34:48 Torque TRACE    : get_port_profile()
Feb 13 19:34:48 Move TRACE    : get_port_profile()
Feb 13 19:34:48 Time TRACE    : get_port_profile()
Feb 13 19:34:48 Angle TRACE    : get_port_profile()
Feb 13 19:34:48 Load TRACE    : get_port_profile()
Feb 13 19:34:48 Speed TRACE    : get_port_profile()
Feb 13 19:34:48 Temperature TRACE    : get_port_profile()
Feb 13 19:34:48 Voltage TRACE    : get_port_profile()
Feb 13 19:34:48 RTObject_impl TRACE    : RTObject_impl.get_owned_contexts()
Feb 13 19:34:48 RTObject_impl TRACE    : RTObject_impl.get_participating_contexts()
Feb 13 19:34:48 PeriodicExecutionContext TRACE    : PeriodicExecutionContext.get_component_state()
Feb 13 19:34:48 PeriodicExecutionContext TRACE    : PeriodicExecutionContext.is_running()
Feb 13 19:34:48 Configuration_impl TRACE    : Configuration_impl.get_configuration_sets()
Feb 13 19:34:48 Configuration_impl TRACE    : Configuration_impl.get_active_configuration_set()
Feb 13 19:34:48 PeriodicExecutionContext TRACE    : PeriodicExecutionContext.get_profile()
Feb 13 19:34:48 PeriodicExecutionContext TRACE    : PeriodicExecutionContext.is_running()
Feb 13 19:34:48 Manager VERBOSE  : Manager.cleanupComponents()
Feb 13 19:34:48 Manager VERBOSE  : 0 components are marked as finalized.
Feb 13 19:34:49 RTObject_impl TRACE    : RTObject_impl.get_component_profile()
Feb 13 19:34:49 Torque TRACE    : get_port_profile()
Feb 13 19:34:49 Move TRACE    : get_port_profile()
Feb 13 19:34:49 Time TRACE    : get_port_profile()
Feb 13 19:34:49 Angle TRACE    : get_port_profile()
Feb 13 19:34:49 Load TRACE    : get_port_profile()
Feb 13 19:34:49 Speed TRACE    : get_port_profile()
Feb 13 19:34:49 Temperature TRACE    : get_port_profile()
Feb 13 19:34:49 Voltage TRACE    : get_port_profile()
Feb 13 19:34:49 RTObject_impl TRACE    : RTObject_impl.get_owned_contexts()
Feb 13 19:34:49 RTObject_impl TRACE    : RTObject_impl.get_participating_contexts()
Feb 13 19:34:49 PeriodicExecutionContext TRACE    : PeriodicExecutionContext.get_component_state()
Feb 13 19:34:49 PeriodicExecutionContext TRACE    : PeriodicExecutionContext.is_running()
Feb 13 19:34:49 Configuration_impl TRACE    : Configuration_impl.get_configuration_sets()
Feb 13 19:34:49 Configuration_impl TRACE    : Configuration_impl.get_active_configuration_set()
Feb 13 19:34:49 PeriodicExecutionContext TRACE    : PeriodicExecutionContext.get_profile()
Feb 13 19:34:49 PeriodicExecutionContext TRACE    : PeriodicExecutionContext.is_running()
Feb 13 19:34:49 Manager VERBOSE  : Manager.cleanupComponents()
Feb 13 19:34:49 Manager VERBOSE  : 0 components are marked as finalized.
Feb 13 19:34:50 RTObject_impl TRACE    : RTObject_impl.get_component_profile()
Feb 13 19:34:50 Torque TRACE    : get_port_profile()
Feb 13 19:34:50 Move TRACE    : get_port_profile()
Feb 13 19:34:50 Time TRACE    : get_port_profile()
Feb 13 19:34:50 Angle TRACE    : get_port_profile()
Feb 13 19:34:50 Load TRACE    : get_port_profile()
Feb 13 19:34:50 Speed TRACE    : get_port_profile()
Feb 13 19:34:50 Temperature TRACE    : get_port_profile()
Feb 13 19:34:50 Voltage TRACE    : get_port_profile()
Feb 13 19:34:50 RTObject_impl TRACE    : RTObject_impl.get_owned_contexts()
Feb 13 19:34:50 RTObject_impl TRACE    : RTObject_impl.get_participating_contexts()
Feb 13 19:34:50 PeriodicExecutionContext TRACE    : PeriodicExecutionContext.get_component_state()
Feb 13 19:34:50 PeriodicExecutionContext TRACE    : PeriodicExecutionContext.is_running()
Feb 13 19:34:50 Configuration_impl TRACE    : Configuration_impl.get_configuration_sets()
Feb 13 19:34:50 Configuration_impl TRACE    : Configuration_impl.get_active_configuration_set()
Feb 13 19:34:50 PeriodicExecutionContext TRACE    : PeriodicExecutionContext.get_profile()
Feb 13 19:34:50 PeriodicExecutionContext TRACE    : PeriodicExecutionContext.is_running()
Feb 13 19:34:50 Manager VERBOSE  : Manager.cleanupComponents()
Feb 13 19:34:50 Manager VERBOSE  : 0 components are marked as finalized.
Feb 13 19:34:51 RTObject_impl TRACE    : RTObject_impl.get_component_profile()
Feb 13 19:34:51 Torque TRACE    : get_port_profile()
Feb 13 19:34:51 Move TRACE    : get_port_profile()
Feb 13 19:34:51 Time TRACE    : get_port_profile()
Feb 13 19:34:51 Angle TRACE    : get_port_profile()
Feb 13 19:34:51 Load TRACE    : get_port_profile()
Feb 13 19:34:51 Speed TRACE    : get_port_profile()
Feb 13 19:34:51 Temperature TRACE    : get_port_profile()
Feb 13 19:34:51 Voltage TRACE    : get_port_profile()
Feb 13 19:34:51 RTObject_impl TRACE    : RTObject_impl.get_owned_contexts()
Feb 13 19:34:51 RTObject_impl TRACE    : RTObject_impl.get_participating_contexts()
Feb 13 19:34:51 PeriodicExecutionContext TRACE    : PeriodicExecutionContext.get_component_state()
Feb 13 19:34:51 PeriodicExecutionContext TRACE    : PeriodicExecutionContext.is_running()
Feb 13 19:34:51 Configuration_impl TRACE    : Configuration_impl.get_configuration_sets()
Feb 13 19:34:51 Configuration_impl TRACE    : Configuration_impl.get_active_configuration_set()
Feb 13 19:34:51 PeriodicExecutionContext TRACE    : PeriodicExecutionContext.get_profile()
Feb 13 19:34:51 PeriodicExecutionContext TRACE    : PeriodicExecutionContext.is_running()
Feb 13 19:34:51 Manager TRACE    : Manager.shutdownOnNoRtcs()
Feb 13 19:34:51 Manager TRACE    : Manager.getComponents()
Feb 13 19:34:51 Manager VERBOSE  : Manager.cleanupComponents()
Feb 13 19:34:51 Manager VERBOSE  : 0 components are marked as finalized.
Feb 13 19:34:51 NamingManager TRACE    : NamingManager.update()
Feb 13 19:34:51 NamingOnCorba TRACE    : isAlive()
Feb 13 19:34:52 RTObject_impl TRACE    : RTObject_impl.get_component_profile()
Feb 13 19:34:52 Torque TRACE    : get_port_profile()
Feb 13 19:34:52 Move TRACE    : get_port_profile()
Feb 13 19:34:52 Time TRACE    : get_port_profile()
Feb 13 19:34:52 Angle TRACE    : get_port_profile()
Feb 13 19:34:52 Load TRACE    : get_port_profile()
Feb 13 19:34:52 Speed TRACE    : get_port_profile()
Feb 13 19:34:52 Temperature TRACE    : get_port_profile()
Feb 13 19:34:52 Voltage TRACE    : get_port_profile()
Feb 13 19:34:52 RTObject_impl TRACE    : RTObject_impl.get_owned_contexts()
Feb 13 19:34:52 RTObject_impl TRACE    : RTObject_impl.get_participating_contexts()
Feb 13 19:34:52 PeriodicExecutionContext TRACE    : PeriodicExecutionContext.get_component_state()
Feb 13 19:34:52 PeriodicExecutionContext TRACE    : PeriodicExecutionContext.is_running()
Feb 13 19:34:52 Configuration_impl TRACE    : Configuration_impl.get_configuration_sets()
Feb 13 19:34:52 Configuration_impl TRACE    : Configuration_impl.get_active_configuration_set()
Feb 13 19:34:52 PeriodicExecutionContext TRACE    : PeriodicExecutionContext.get_profile()
Feb 13 19:34:52 PeriodicExecutionContext TRACE    : PeriodicExecutionContext.is_running()
Feb 13 19:34:52 PeriodicExecutionContext TRACE    : PeriodicExecutionContext.activate_component()
Feb 13 19:34:52 RTObject_impl TRACE    : RTObject_impl.on_activated(0)
Feb 13 19:34:52 RTObject_impl TRACE    : RTObject_impl.onActivated(0)
Feb 13 19:34:52 Torque TRACE    : activateInterfaces()
Feb 13 19:34:52 InPortConnector TRACE    : profile()
Feb 13 19:34:52 InPortConnector TRACE    : name() = RS40XCB_ARM_TEST0.Torque_RS40XCB_ARM0.Torque
Feb 13 19:34:52 InPortConnector TRACE    : profile()
Feb 13 19:34:52 InPortConnector TRACE    : profile()
Feb 13 19:34:52 InPortConnector TRACE    : id() = 30aa2128-87d4-4db2-a040-315bc2158bed
Feb 13 19:34:52 InPortConnector TRACE    : profile()
Feb 13 19:34:52 Torque DEBUG    : activate connector: RS40XCB_ARM_TEST0.Torque_RS40XCB_ARM0.Torque 30aa2128-87d4-4db2-a040-315bc2158bed
Feb 13 19:34:52 Move TRACE    : activateInterfaces()
Feb 13 19:34:52 InPortConnector TRACE    : profile()
Feb 13 19:34:52 InPortConnector TRACE    : name() = RS40XCB_ARM_TEST0.Move_RS40XCB_ARM0.Move
Feb 13 19:34:52 InPortConnector TRACE    : profile()
Feb 13 19:34:52 InPortConnector TRACE    : profile()
Feb 13 19:34:52 InPortConnector TRACE    : id() = b4ccaceb-470d-4a34-8af9-8785aada05b7
Feb 13 19:34:52 InPortConnector TRACE    : profile()
Feb 13 19:34:52 Move DEBUG    : activate connector: RS40XCB_ARM_TEST0.Move_RS40XCB_ARM0.Move b4ccaceb-470d-4a34-8af9-8785aada05b7
Feb 13 19:34:52 Time TRACE    : activateInterfaces()
Feb 13 19:34:52 RTObject_impl TRACE    : RTObject_impl.on_execute(0)
Feb 13 19:34:52 Torque TRACE    : isNew()
Feb 13 19:34:52 Torque DEBUG    : isNew() = false, no readable data
Feb 13 19:34:52 Time TRACE    : isNew()
Feb 13 19:34:52 Time DEBUG    : no connectors
Feb 13 19:34:52 Move TRACE    : isNew()
Feb 13 19:34:52 Move DEBUG    : isNew() = false, no readable data
Feb 13 19:34:52 RTObject_impl TRACE    : RTObject_impl.on_deactivated(0)
Feb 13 19:34:52 Torque TRACE    : deactivateInterfaces()
Feb 13 19:34:52 InPortConnector TRACE    : profile()
Feb 13 19:34:52 InPortConnector TRACE    : name() = RS40XCB_ARM_TEST0.Torque_RS40XCB_ARM0.Torque
Feb 13 19:34:52 InPortConnector TRACE    : profile()
Feb 13 19:34:52 InPortConnector TRACE    : profile()
Feb 13 19:34:52 InPortConnector TRACE    : id() = 30aa2128-87d4-4db2-a040-315bc2158bed
Feb 13 19:34:52 InPortConnector TRACE    : profile()
Feb 13 19:34:52 Torque DEBUG    : deactivate connector: RS40XCB_ARM_TEST0.Torque_RS40XCB_ARM0.Torque 30aa2128-87d4-4db2-a040-315bc2158bed
Feb 13 19:34:52 Move TRACE    : deactivateInterfaces()
Feb 13 19:34:52 InPortConnector TRACE    : profile()
Feb 13 19:34:52 InPortConnector TRACE    : name() = RS40XCB_ARM_TEST0.Move_RS40XCB_ARM0.Move
Feb 13 19:34:52 InPortConnector TRACE    : profile()
Feb 13 19:34:52 InPortConnector TRACE    : profile()
Feb 13 19:34:52 InPortConnector TRACE    : id() = b4ccaceb-470d-4a34-8af9-8785aada05b7
Feb 13 19:34:52 InPortConnector TRACE    : profile()
Feb 13 19:34:52 Move DEBUG    : deactivate connector: RS40XCB_ARM_TEST0.Move_RS40XCB_ARM0.Move b4ccaceb-470d-4a34-8af9-8785aada05b7
Feb 13 19:34:52 Time TRACE    : deactivateInterfaces()
Feb 13 19:34:52 RTObject_impl TRACE    : RTObject_impl.onDeactivated(0)
Feb 13 19:34:52 RTObject_impl TRACE    : RTObject_impl.on_aborting(0)
Feb 13 19:34:52 RTObject_impl TRACE    : RTObject_impl.onAborting(0)
Feb 13 19:34:52 RTObject_impl TRACE    : RTObject_impl.on_error(0)
Feb 13 19:34:52 RTObject_impl TRACE    : RTObject_impl.onError(0)
Feb 13 19:34:52 RTObject_impl TRACE    : RTObject_impl.on_error(0)
Feb 13 19:34:52 RTObject_impl TRACE    : RTObject_impl.onError(0)
Feb 13 19:34:52 RTObject_impl TRACE    : RTObject_impl.on_error(0)
Feb 13 19:34:52 RTObject_impl TRACE    : RTObject_impl.onError(0)
Feb 13 19:34:52 RTObject_impl TRACE    : RTObject_impl.on_error(0)
Feb 13 19:34:52 RTObject_impl TRACE    : RTObject_impl.onError(0)
Feb 13 19:34:52 RTObject_impl TRACE    : RTObject_impl.on_error(0)
Feb 13 19:34:52 RTObject_impl TRACE    : RTObject_impl.onError(0)
Feb 13 19:34:52 RTObject_impl TRACE    : RTObject_impl.on_error(0)
Feb 13 19:34:52 RTObject_impl TRACE    : RTObject_impl.onError(0)
Feb 13 19:34:52 RTObject_impl TRACE    : RTObject_impl.on_error(0)
Feb 13 19:34:52 RTObject_impl TRACE    : RTObject_impl.onError(0)
Feb 13 19:34:52 RTObject_impl TRACE    : RTObject_impl.on_error(0)
Feb 13 19:34:52 RTObject_impl TRACE    : RTObject_impl.onError(0)
Feb 13 19:34:52 Manager VERBOSE  : Manager.cleanupComponents()
Feb 13 19:34:52 Manager VERBOSE  : 0 components are marked as finalized.
Feb 13 19:34:52 RTObject_impl TRACE    : RTObject_impl.on_error(0)
Feb 13 19:34:52 RTObject_impl TRACE    : RTObject_impl.onError(0)
Feb 13 19:34:52 RTObject_impl TRACE    : RTObject_impl.on_error(0)
Feb 13 19:34:52 RTObject_impl TRACE    : RTObject_impl.onError(0)
Feb 13 19:34:52 RTObject_impl TRACE    : RTObject_impl.on_error(0)
Feb 13 19:34:52 RTObject_impl TRACE    : RTObject_impl.onError(0)
Feb 13 19:34:52 RTObject_impl TRACE    : RTObject_impl.on_error(0)
Feb 13 19:34:52 RTObject_impl TRACE    : RTObject_impl.onError(0)
Feb 13 19:34:53 RTObject_impl TRACE    : RTObject_impl.on_error(0)
Feb 13 19:34:53 RTObject_impl TRACE    : RTObject_impl.onError(0)
Feb 13 19:34:53 RTObject_impl TRACE    : RTObject_impl.get_component_profile()
Feb 13 19:34:53 Torque TRACE    : get_port_profile()
Feb 13 19:34:53 Move TRACE    : get_port_profile()
Feb 13 19:34:53 RTObject_impl TRACE    : RTObject_impl.on_error(0)
Feb 13 19:34:53 RTObject_impl TRACE    : RTObject_impl.onError(0)
Feb 13 19:34:53 Time TRACE    : get_port_profile()
Feb 13 19:34:53 Angle TRACE    : get_port_profile()
Feb 13 19:34:53 Load TRACE    : get_port_profile()
Feb 13 19:34:53 Speed TRACE    : get_port_profile()
Feb 13 19:34:53 Temperature TRACE    : get_port_profile()
Feb 13 19:34:53 Voltage TRACE    : get_port_profile()
Feb 13 19:34:53 RTObject_impl TRACE    : RTObject_impl.get_owned_contexts()
Feb 13 19:34:53 RTObject_impl TRACE    : RTObject_impl.get_participating_contexts()
Feb 13 19:34:53 PeriodicExecutionContext TRACE    : PeriodicExecutionContext.get_component_state()
Feb 13 19:34:53 PeriodicExecutionContext TRACE    : PeriodicExecutionContext.is_running()
Feb 13 19:34:53 Configuration_impl TRACE    : Configuration_impl.get_configuration_sets()
Feb 13 19:34:53 Configuration_impl TRACE    : Configuration_impl.get_active_configuration_set()
Feb 13 19:34:53 PeriodicExecutionContext TRACE    : PeriodicExecutionContext.get_profile()
Feb 13 19:34:53 PeriodicExecutionContext TRACE    : PeriodicExecutionContext.is_running()
Feb 13 19:34:53 RTObject_impl TRACE    : RTObject_impl.on_error(0)
Feb 13 19:34:53 RTObject_impl TRACE    : RTObject_impl.onError(0)
Feb 13 19:34:53 RTObject_impl TRACE    : RTObject_impl.on_error(0)
Feb 13 19:34:53 RTObject_impl TRACE    : RTObject_impl.onError(0)
Feb 13 19:34:53 RTObject_impl TRACE    : RTObject_impl.on_error(0)
Feb 13 19:34:53 RTObject_impl TRACE    : RTObject_impl.onError(0)
Feb 13 19:34:53 RTObject_impl TRACE    : RTObject_impl.on_error(0)
Feb 13 19:34:53 RTObject_impl TRACE    : RTObject_impl.onError(0)
Feb 13 19:34:53 RTObject_impl TRACE    : RTObject_impl.on_error(0)
Feb 13 19:34:53 RTObject_impl TRACE    : RTObject_impl.onError(0)
Feb 13 19:34:53 RTObject_impl TRACE    : RTObject_impl.on_error(0)
Feb 13 19:34:53 RTObject_impl TRACE    : RTObject_impl.onError(0)
Feb 13 19:34:53 RTObject_impl TRACE    : RTObject_impl.on_error(0)
Feb 13 19:34:53 RTObject_impl TRACE    : RTObject_impl.onError(0)
Feb 13 19:34:53 RTObject_impl TRACE    : RTObject_impl.on_error(0)
Feb 13 19:34:53 RTObject_impl TRACE    : RTObject_impl.onError(0)
Feb 13 19:34:53 RTObject_impl TRACE    : RTObject_impl.on_error(0)
Feb 13 19:34:53 RTObject_impl TRACE    : RTObject_impl.onError(0)
Feb 13 19:34:53 RTObject_impl TRACE    : RTObject_impl.on_error(0)
Feb 13 19:34:53 RTObject_impl TRACE    : RTObject_impl.onError(0)
Feb 13 19:34:53 RTObject_impl TRACE    : RTObject_impl.on_error(0)
Feb 13 19:34:53 RTObject_impl TRACE    : RTObject_impl.onError(0)
Feb 13 19:34:53 RTObject_impl TRACE    : RTObject_impl.on_error(0)
Feb 13 19:34:53 RTObject_impl TRACE    : RTObject_impl.onError(0)
Feb 13 19:34:53 RTObject_impl TRACE    : RTObject_impl.on_error(0)
Feb 13 19:34:53 RTObject_impl TRACE    : RTObject_impl.onError(0)
Feb 13 19:34:53 RTObject_impl TRACE    : RTObject_impl.on_error(0)
Feb 13 19:34:53 RTObject_impl TRACE    : RTObject_impl.onError(0)
Feb 13 19:34:53 RTObject_impl TRACE    : RTObject_impl.on_error(0)
Feb 13 19:34:53 RTObject_impl TRACE    : RTObject_impl.onError(0)
Feb 13 19:34:53 RTObject_impl TRACE    : RTObject_impl.on_error(0)
Feb 13 19:34:53 RTObject_impl TRACE    : RTObject_impl.onError(0)
Feb 13 19:34:53 RTObject_impl TRACE    : RTObject_impl.on_error(0)
Feb 13 19:34:53 RTObject_impl TRACE    : RTObject_impl.onError(0)
Feb 13 19:34:53 RTObject_impl TRACE    : RTObject_impl.on_error(0)
Feb 13 19:34:53 RTObject_impl TRACE    : RTObject_impl.onError(0)
Feb 13 19:34:53 RTObject_impl TRACE    : RTObject_impl.on_error(0)
Feb 13 19:34:53 RTObject_impl TRACE    : RTObject_impl.onError(0)
Feb 13 19:34:53 RTObject_impl TRACE    : RTObject_impl.on_error(0)
Feb 13 19:34:53 RTObject_impl TRACE    : RTObject_impl.onError(0)
Feb 13 19:34:53 RTObject_impl TRACE    : RTObject_impl.on_error(0)
Feb 13 19:34:53 RTObject_impl TRACE    : RTObject_impl.onError(0)
Feb 13 19:34:53 RTObject_impl TRACE    : RTObject_impl.on_error(0)
Feb 13 19:34:53 RTObject_impl TRACE    : RTObject_impl.onError(0)
Feb 13 19:34:53 RTObject_impl TRACE    : RTObject_impl.on_error(0)
Feb 13 19:34:53 RTObject_impl TRACE    : RTObject_impl.onError(0)
Feb 13 19:34:53 Manager VERBOSE  : Manager.cleanupComponents()
Feb 13 19:34:53 Manager VERBOSE  : 0 components are marked as finalized.
Feb 13 19:34:53 RTObject_impl TRACE    : RTObject_impl.on_error(0)
Feb 13 19:34:53 RTObject_impl TRACE    : RTObject_impl.onError(0)
Feb 13 19:34:53 RTObject_impl TRACE    : RTObject_impl.on_error(0)
Feb 13 19:34:53 RTObject_impl TRACE    : RTObject_impl.onError(0)
Feb 13 19:34:53 RTObject_impl TRACE    : RTObject_impl.on_error(0)
Feb 13 19:34:53 RTObject_impl TRACE    : RTObject_impl.onError(0)
Feb 13 19:34:53 RTObject_impl TRACE    : RTObject_impl.on_error(0)
Feb 13 19:34:53 RTObject_impl TRACE    : RTObject_impl.onError(0)
Feb 13 19:34:54 RTObject_impl TRACE    : RTObject_impl.on_error(0)
Feb 13 19:34:54 RTObject_impl TRACE    : RTObject_impl.onError(0)
Feb 13 19:34:54 RTObject_impl TRACE    : RTObject_impl.get_component_profile()
Feb 13 19:34:54 Torque TRACE    : get_port_profile()
Feb 13 19:34:54 Move TRACE    : get_port_profile()
Feb 13 19:34:54 Time TRACE    : get_port_profile()
Feb 13 19:34:54 Angle TRACE    : get_port_profile()
Feb 13 19:34:54 Load TRACE    : get_port_profile()
Feb 13 19:34:54 Speed TRACE    : get_port_profile()
Feb 13 19:34:54 Temperature TRACE    : get_port_profile()
Feb 13 19:34:54 Voltage TRACE    : get_port_profile()
Feb 13 19:34:54 RTObject_impl TRACE    : RTObject_impl.on_error(0)
Feb 13 19:34:54 RTObject_impl TRACE    : RTObject_impl.onError(0)
Feb 13 19:34:54 RTObject_impl TRACE    : RTObject_impl.get_owned_contexts()
Feb 13 19:34:54 RTObject_impl TRACE    : RTObject_impl.get_participating_contexts()
Feb 13 19:34:54 PeriodicExecutionContext TRACE    : PeriodicExecutionContext.get_component_state()
Feb 13 19:34:54 PeriodicExecutionContext TRACE    : PeriodicExecutionContext.is_running()
Feb 13 19:34:54 Configuration_impl TRACE    : Configuration_impl.get_configuration_sets()
Feb 13 19:34:54 Configuration_impl TRACE    : Configuration_impl.get_active_configuration_set()
Feb 13 19:34:54 PeriodicExecutionContext TRACE    : PeriodicExecutionContext.get_profile()
Feb 13 19:34:54 PeriodicExecutionContext TRACE    : PeriodicExecutionContext.is_running()
Feb 13 19:34:54 RTObject_impl TRACE    : RTObject_impl.on_error(0)
Feb 13 19:34:54 RTObject_impl TRACE    : RTObject_impl.onError(0)
Feb 13 19:34:54 RTObject_impl TRACE    : RTObject_impl.on_error(0)
Feb 13 19:34:54 RTObject_impl TRACE    : RTObject_impl.onError(0)
Feb 13 19:34:54 RTObject_impl TRACE    : RTObject_impl.on_error(0)
Feb 13 19:34:54 RTObject_impl TRACE    : RTObject_impl.onError(0)
Feb 13 19:34:54 RTObject_impl TRACE    : RTObject_impl.on_error(0)
Feb 13 19:34:54 RTObject_impl TRACE    : RTObject_impl.onError(0)
Feb 13 19:34:54 RTObject_impl TRACE    : RTObject_impl.on_error(0)
Feb 13 19:34:54 RTObject_impl TRACE    : RTObject_impl.onError(0)
Feb 13 19:34:54 RTObject_impl TRACE    : RTObject_impl.on_error(0)
Feb 13 19:34:54 RTObject_impl TRACE    : RTObject_impl.onError(0)
Feb 13 19:34:54 RTObject_impl TRACE    : RTObject_impl.on_error(0)
Feb 13 19:34:54 RTObject_impl TRACE    : RTObject_impl.onError(0)
Feb 13 19:34:54 RTObject_impl TRACE    : RTObject_impl.on_error(0)
Feb 13 19:34:54 RTObject_impl TRACE    : RTObject_impl.onError(0)
Feb 13 19:34:54 RTObject_impl TRACE    : RTObject_impl.on_error(0)
Feb 13 19:34:54 RTObject_impl TRACE    : RTObject_impl.onError(0)
Feb 13 19:34:54 RTObject_impl TRACE    : RTObject_impl.on_error(0)
Feb 13 19:34:54 RTObject_impl TRACE    : RTObject_impl.onError(0)
Feb 13 19:34:54 RTObject_impl TRACE    : RTObject_impl.on_error(0)
Feb 13 19:34:54 RTObject_impl TRACE    : RTObject_impl.onError(0)
Feb 13 19:34:54 RTObject_impl TRACE    : RTObject_impl.on_error(0)
Feb 13 19:34:54 RTObject_impl TRACE    : RTObject_impl.onError(0)
Feb 13 19:34:54 RTObject_impl TRACE    : RTObject_impl.on_error(0)
Feb 13 19:34:54 RTObject_impl TRACE    : RTObject_impl.onError(0)
Feb 13 19:34:54 RTObject_impl TRACE    : RTObject_impl.on_error(0)
Feb 13 19:34:54 RTObject_impl TRACE    : RTObject_impl.onError(0)
Feb 13 19:34:54 RTObject_impl TRACE    : RTObject_impl.on_error(0)
Feb 13 19:34:54 RTObject_impl TRACE    : RTObject_impl.onError(0)
Feb 13 19:34:54 RTObject_impl TRACE    : RTObject_impl.on_error(0)
Feb 13 19:34:54 RTObject_impl TRACE    : RTObject_impl.onError(0)
Feb 13 19:34:54 RTObject_impl TRACE    : RTObject_impl.on_error(0)
Feb 13 19:34:54 RTObject_impl TRACE    : RTObject_impl.onError(0)
Feb 13 19:34:54 RTObject_impl TRACE    : RTObject_impl.on_error(0)
Feb 13 19:34:54 RTObject_impl TRACE    : RTObject_impl.onError(0)
Feb 13 19:34:54 RTObject_impl TRACE    : RTObject_impl.on_error(0)
Feb 13 19:34:54 RTObject_impl TRACE    : RTObject_impl.onError(0)
Feb 13 19:34:54 RTObject_impl TRACE    : RTObject_impl.on_error(0)
Feb 13 19:34:54 RTObject_impl TRACE    : RTObject_impl.onError(0)
Feb 13 19:34:54 RTObject_impl TRACE    : RTObject_impl.on_error(0)
Feb 13 19:34:54 RTObject_impl TRACE    : RTObject_impl.onError(0)
Feb 13 19:34:54 RTObject_impl TRACE    : RTObject_impl.on_error(0)
Feb 13 19:34:54 RTObject_impl TRACE    : RTObject_impl.onError(0)
Feb 13 19:34:54 RTObject_impl TRACE    : RTObject_impl.on_error(0)
Feb 13 19:34:54 RTObject_impl TRACE    : RTObject_impl.onError(0)
Feb 13 19:34:54 Manager VERBOSE  : Manager.cleanupComponents()
Feb 13 19:34:54 Manager VERBOSE  : 0 components are marked as finalized.
Feb 13 19:34:54 RTObject_impl TRACE    : RTObject_impl.on_error(0)
Feb 13 19:34:54 RTObject_impl TRACE    : RTObject_impl.onError(0)
Feb 13 19:34:54 RTObject_impl TRACE    : RTObject_impl.on_error(0)
Feb 13 19:34:54 RTObject_impl TRACE    : RTObject_impl.onError(0)
Feb 13 19:34:54 RTObject_impl TRACE    : RTObject_impl.on_error(0)
Feb 13 19:34:54 RTObject_impl TRACE    : RTObject_impl.onError(0)
Feb 13 19:34:54 RTObject_impl TRACE    : RTObject_impl.on_error(0)
Feb 13 19:34:54 RTObject_impl TRACE    : RTObject_impl.onError(0)
Feb 13 19:34:55 RTObject_impl TRACE    : RTObject_impl.on_error(0)
Feb 13 19:34:55 RTObject_impl TRACE    : RTObject_impl.onError(0)
Feb 13 19:34:55 RTObject_impl TRACE    : RTObject_impl.get_component_profile()
Feb 13 19:34:55 Torque TRACE    : get_port_profile()
Feb 13 19:34:55 Move TRACE    : get_port_profile()
Feb 13 19:34:55 Time TRACE    : get_port_profile()
Feb 13 19:34:55 Angle TRACE    : get_port_profile()
Feb 13 19:34:55 Load TRACE    : get_port_profile()
Feb 13 19:34:55 Speed TRACE    : get_port_profile()
Feb 13 19:34:55 Temperature TRACE    : get_port_profile()
Feb 13 19:34:55 Voltage TRACE    : get_port_profile()
Feb 13 19:34:55 RTObject_impl TRACE    : RTObject_impl.on_error(0)
Feb 13 19:34:55 RTObject_impl TRACE    : RTObject_impl.onError(0)
Feb 13 19:34:55 RTObject_impl TRACE    : RTObject_impl.get_owned_contexts()
Feb 13 19:34:55 RTObject_impl TRACE    : RTObject_impl.get_participating_contexts()
Feb 13 19:34:55 PeriodicExecutionContext TRACE    : PeriodicExecutionContext.get_component_state()
Feb 13 19:34:55 PeriodicExecutionContext TRACE    : PeriodicExecutionContext.is_running()
Feb 13 19:34:55 Configuration_impl TRACE    : Configuration_impl.get_configuration_sets()
Feb 13 19:34:55 Configuration_impl TRACE    : Configuration_impl.get_active_configuration_set()
Feb 13 19:34:55 PeriodicExecutionContext TRACE    : PeriodicExecutionContext.get_profile()
Feb 13 19:34:55 PeriodicExecutionContext TRACE    : PeriodicExecutionContext.is_running()
Feb 13 19:34:55 RTObject_impl TRACE    : RTObject_impl.on_error(0)
Feb 13 19:34:55 RTObject_impl TRACE    : RTObject_impl.onError(0)
Feb 13 19:34:55 RTObject_impl TRACE    : RTObject_impl.on_error(0)
Feb 13 19:34:55 RTObject_impl TRACE    : RTObject_impl.onError(0)
Feb 13 19:34:55 RTObject_impl TRACE    : RTObject_impl.on_error(0)
Feb 13 19:34:55 RTObject_impl TRACE    : RTObject_impl.onError(0)
Feb 13 19:34:55 RTObject_impl TRACE    : RTObject_impl.on_error(0)
Feb 13 19:34:55 RTObject_impl TRACE    : RTObject_impl.onError(0)
Feb 13 19:34:55 RTObject_impl TRACE    : RTObject_impl.on_error(0)
Feb 13 19:34:55 RTObject_impl TRACE    : RTObject_impl.onError(0)
Feb 13 19:34:55 RTObject_impl TRACE    : RTObject_impl.on_error(0)
Feb 13 19:34:55 RTObject_impl TRACE    : RTObject_impl.onError(0)
Feb 13 19:34:55 RTObject_impl TRACE    : RTObject_impl.on_error(0)
Feb 13 19:34:55 RTObject_impl TRACE    : RTObject_impl.onError(0)
Feb 13 19:34:55 RTObject_impl TRACE    : RTObject_impl.on_error(0)
Feb 13 19:34:55 RTObject_impl TRACE    : RTObject_impl.onError(0)
Feb 13 19:34:55 RTObject_impl TRACE    : RTObject_impl.on_error(0)
Feb 13 19:34:55 RTObject_impl TRACE    : RTObject_impl.onError(0)
Feb 13 19:34:55 RTObject_impl TRACE    : RTObject_impl.on_error(0)
Feb 13 19:34:55 RTObject_impl TRACE    : RTObject_impl.onError(0)
Feb 13 19:34:55 RTObject_impl TRACE    : RTObject_impl.on_error(0)
Feb 13 19:34:55 RTObject_impl TRACE    : RTObject_impl.onError(0)
Feb 13 19:34:55 RTObject_impl TRACE    : RTObject_impl.on_error(0)
Feb 13 19:34:55 RTObject_impl TRACE    : RTObject_impl.onError(0)
Feb 13 19:34:55 RTObject_impl TRACE    : RTObject_impl.on_error(0)
Feb 13 19:34:55 RTObject_impl TRACE    : RTObject_impl.onError(0)
Feb 13 19:34:55 RTObject_impl TRACE    : RTObject_impl.on_error(0)
Feb 13 19:34:55 RTObject_impl TRACE    : RTObject_impl.onError(0)
Feb 13 19:34:55 RTObject_impl TRACE    : RTObject_impl.on_error(0)
Feb 13 19:34:55 RTObject_impl TRACE    : RTObject_impl.onError(0)
Feb 13 19:34:55 RTObject_impl TRACE    : RTObject_impl.on_error(0)
Feb 13 19:34:55 RTObject_impl TRACE    : RTObject_impl.onError(0)
Feb 13 19:34:55 RTObject_impl TRACE    : RTObject_impl.on_error(0)
Feb 13 19:34:55 RTObject_impl TRACE    : RTObject_impl.onError(0)
Feb 13 19:34:55 RTObject_impl TRACE    : RTObject_impl.on_error(0)
Feb 13 19:34:55 RTObject_impl TRACE    : RTObject_impl.onError(0)
Feb 13 19:34:55 RTObject_impl TRACE    : RTObject_impl.on_error(0)
Feb 13 19:34:55 RTObject_impl TRACE    : RTObject_impl.onError(0)
Feb 13 19:34:55 RTObject_impl TRACE    : RTObject_impl.on_error(0)
Feb 13 19:34:55 RTObject_impl TRACE    : RTObject_impl.onError(0)
Feb 13 19:34:55 RTObject_impl TRACE    : RTObject_impl.on_error(0)
Feb 13 19:34:55 RTObject_impl TRACE    : RTObject_impl.onError(0)
Feb 13 19:34:55 RTObject_impl TRACE    : RTObject_impl.on_error(0)
Feb 13 19:34:55 RTObject_impl TRACE    : RTObject_impl.onError(0)
Feb 13 19:34:55 RTObject_impl TRACE    : RTObject_impl.on_error(0)
Feb 13 19:34:55 RTObject_impl TRACE    : RTObject_impl.onError(0)
Feb 13 19:34:55 Manager VERBOSE  : Manager.cleanupComponents()
Feb 13 19:34:55 Manager VERBOSE  : 0 components are marked as finalized.
Feb 13 19:34:55 RTObject_impl TRACE    : RTObject_impl.on_error(0)
Feb 13 19:34:55 RTObject_impl TRACE    : RTObject_impl.onError(0)
Feb 13 19:34:55 RTObject_impl TRACE    : RTObject_impl.on_error(0)
Feb 13 19:34:55 RTObject_impl TRACE    : RTObject_impl.onError(0)
Feb 13 19:34:55 RTObject_impl TRACE    : RTObject_impl.on_error(0)
Feb 13 19:34:55 RTObject_impl TRACE    : RTObject_impl.onError(0)
Feb 13 19:34:55 RTObject_impl TRACE    : RTObject_impl.on_error(0)
Feb 13 19:34:55 RTObject_impl TRACE    : RTObject_impl.onError(0)
Feb 13 19:34:56 RTObject_impl TRACE    : RTObject_impl.on_error(0)
Feb 13 19:34:56 RTObject_impl TRACE    : RTObject_impl.onError(0)
Feb 13 19:34:56 RTObject_impl TRACE    : RTObject_impl.get_component_profile()
Feb 13 19:34:56 Torque TRACE    : get_port_profile()
Feb 13 19:34:56 Move TRACE    : get_port_profile()
Feb 13 19:34:56 Time TRACE    : get_port_profile()
Feb 13 19:34:56 Angle TRACE    : get_port_profile()
Feb 13 19:34:56 Load TRACE    : get_port_profile()
Feb 13 19:34:56 Speed TRACE    : get_port_profile()
Feb 13 19:34:56 Temperature TRACE    : get_port_profile()
Feb 13 19:34:56 Voltage TRACE    : get_port_profile()
Feb 13 19:34:56 RTObject_impl TRACE    : RTObject_impl.get_owned_contexts()
Feb 13 19:34:56 RTObject_impl TRACE    : RTObject_impl.get_participating_contexts()
Feb 13 19:34:56 PeriodicExecutionContext TRACE    : PeriodicExecutionContext.get_component_state()
Feb 13 19:34:56 PeriodicExecutionContext TRACE    : PeriodicExecutionContext.is_running()
Feb 13 19:34:56 Configuration_impl TRACE    : Configuration_impl.get_configuration_sets()
Feb 13 19:34:56 Configuration_impl TRACE    : Configuration_impl.get_active_configuration_set()
Feb 13 19:34:56 RTObject_impl TRACE    : RTObject_impl.on_error(0)
Feb 13 19:34:56 RTObject_impl TRACE    : RTObject_impl.onError(0)
Feb 13 19:34:56 PeriodicExecutionContext TRACE    : PeriodicExecutionContext.get_profile()
Feb 13 19:34:56 PeriodicExecutionContext TRACE    : PeriodicExecutionContext.is_running()
Feb 13 19:34:56 RTObject_impl TRACE    : RTObject_impl.on_error(0)
Feb 13 19:34:56 RTObject_impl TRACE    : RTObject_impl.onError(0)
Feb 13 19:34:56 RTObject_impl TRACE    : RTObject_impl.on_error(0)
Feb 13 19:34:56 RTObject_impl TRACE    : RTObject_impl.onError(0)
Feb 13 19:34:56 RTObject_impl TRACE    : RTObject_impl.on_error(0)
Feb 13 19:34:56 RTObject_impl TRACE    : RTObject_impl.onError(0)
Feb 13 19:34:56 RTObject_impl TRACE    : RTObject_impl.on_error(0)
Feb 13 19:34:56 RTObject_impl TRACE    : RTObject_impl.onError(0)
Feb 13 19:34:56 RTObject_impl TRACE    : RTObject_impl.on_error(0)
Feb 13 19:34:56 RTObject_impl TRACE    : RTObject_impl.onError(0)
Feb 13 19:34:56 RTObject_impl TRACE    : RTObject_impl.on_error(0)
Feb 13 19:34:56 RTObject_impl TRACE    : RTObject_impl.onError(0)
Feb 13 19:34:56 RTObject_impl TRACE    : RTObject_impl.on_error(0)
Feb 13 19:34:56 RTObject_impl TRACE    : RTObject_impl.onError(0)
Feb 13 19:34:56 RTObject_impl TRACE    : RTObject_impl.on_error(0)
Feb 13 19:34:56 RTObject_impl TRACE    : RTObject_impl.onError(0)
Feb 13 19:34:56 RTObject_impl TRACE    : RTObject_impl.on_error(0)
Feb 13 19:34:56 RTObject_impl TRACE    : RTObject_impl.onError(0)
Feb 13 19:34:56 RTObject_impl TRACE    : RTObject_impl.on_error(0)
Feb 13 19:34:56 RTObject_impl TRACE    : RTObject_impl.onError(0)
Feb 13 19:34:56 RTObject_impl TRACE    : RTObject_impl.on_error(0)
Feb 13 19:34:56 RTObject_impl TRACE    : RTObject_impl.onError(0)
Feb 13 19:34:56 RTObject_impl TRACE    : RTObject_impl.on_error(0)
Feb 13 19:34:56 RTObject_impl TRACE    : RTObject_impl.onError(0)
Feb 13 19:34:56 RTObject_impl TRACE    : RTObject_impl.on_error(0)
Feb 13 19:34:56 RTObject_impl TRACE    : RTObject_impl.onError(0)
Feb 13 19:34:56 RTObject_impl TRACE    : RTObject_impl.on_error(0)
Feb 13 19:34:56 RTObject_impl TRACE    : RTObject_impl.onError(0)
Feb 13 19:34:56 RTObject_impl TRACE    : RTObject_impl.on_error(0)
Feb 13 19:34:56 RTObject_impl TRACE    : RTObject_impl.onError(0)
Feb 13 19:34:56 RTObject_impl TRACE    : RTObject_impl.on_error(0)
Feb 13 19:34:56 RTObject_impl TRACE    : RTObject_impl.onError(0)
Feb 13 19:34:56 RTObject_impl TRACE    : RTObject_impl.on_error(0)
Feb 13 19:34:56 RTObject_impl TRACE    : RTObject_impl.onError(0)
Feb 13 19:34:56 RTObject_impl TRACE    : RTObject_impl.on_error(0)
Feb 13 19:34:56 RTObject_impl TRACE    : RTObject_impl.onError(0)
Feb 13 19:34:56 RTObject_impl TRACE    : RTObject_impl.on_error(0)
Feb 13 19:34:56 RTObject_impl TRACE    : RTObject_impl.onError(0)
Feb 13 19:34:56 RTObject_impl TRACE    : RTObject_impl.on_error(0)
Feb 13 19:34:56 RTObject_impl TRACE    : RTObject_impl.onError(0)
Feb 13 19:34:56 RTObject_impl TRACE    : RTObject_impl.on_error(0)
Feb 13 19:34:56 RTObject_impl TRACE    : RTObject_impl.onError(0)
Feb 13 19:34:56 RTObject_impl TRACE    : RTObject_impl.on_error(0)
Feb 13 19:34:56 RTObject_impl TRACE    : RTObject_impl.onError(0)
Feb 13 19:34:56 RTObject_impl TRACE    : RTObject_impl.on_error(0)
Feb 13 19:34:56 RTObject_impl TRACE    : RTObject_impl.onError(0)
Feb 13 19:34:56 RTObject_impl TRACE    : RTObject_impl.on_error(0)
Feb 13 19:34:56 RTObject_impl TRACE    : RTObject_impl.onError(0)
Feb 13 19:34:56 Manager VERBOSE  : Manager.cleanupComponents()
Feb 13 19:34:56 Manager VERBOSE  : 0 components are marked as finalized.
Feb 13 19:34:56 RTObject_impl TRACE    : RTObject_impl.on_error(0)
Feb 13 19:34:56 RTObject_impl TRACE    : RTObject_impl.onError(0)
Feb 13 19:34:56 RTObject_impl TRACE    : RTObject_impl.on_error(0)
Feb 13 19:34:56 RTObject_impl TRACE    : RTObject_impl.onError(0)
Feb 13 19:34:56 RTObject_impl TRACE    : RTObject_impl.on_error(0)
Feb 13 19:34:56 RTObject_impl TRACE    : RTObject_impl.onError(0)
Feb 13 19:34:57 RTObject_impl TRACE    : RTObject_impl.get_component_profile()
Feb 13 19:34:57 Torque TRACE    : get_port_profile()
Feb 13 19:34:57 Torque WARN     : Dead connection:30aa2128-87d4-4db2-a040-315bc2158bed
Feb 13 19:34:57 Torque TRACE    : disconnect(30aa2128-87d4-4db2-a040-315bc2158bed)
Feb 13 19:34:57 Torque WARN     : Exception caught: minor code(1398079689).org.omg.CORBA.COMM_FAILURE:   vmcid: SUN  minor code: 201  completed: No
Feb 13 19:34:57 Torque TRACE    : notify_disconnect(30aa2128-87d4-4db2-a040-315bc2158bed)
Feb 13 19:34:57 Torque TRACE    : unsubscribeInterfaces()
Feb 13 19:34:57 Torque PARANOID : connector_id: 30aa2128-87d4-4db2-a040-315bc2158bed
Feb 13 19:34:57 InPortConnector TRACE    : profile()
Feb 13 19:34:57 InPortConnector TRACE    : id() = 30aa2128-87d4-4db2-a040-315bc2158bed
Feb 13 19:34:57 InPortConnector TRACE    : profile()
Feb 13 19:34:57 InPortConnector TRACE    : disconnect()
Feb 13 19:34:57 Torque TRACE    : delete connector: 30aa2128-87d4-4db2-a040-315bc2158bed
Feb 13 19:34:57 Move TRACE    : get_port_profile()
Feb 13 19:34:57 Move WARN     : Dead connection:b4ccaceb-470d-4a34-8af9-8785aada05b7
Feb 13 19:34:57 Move TRACE    : disconnect(b4ccaceb-470d-4a34-8af9-8785aada05b7)
Feb 13 19:34:57 Move WARN     : Exception caught: minor code(1398079689).org.omg.CORBA.COMM_FAILURE:   vmcid: SUN  minor code: 201  completed: No
Feb 13 19:34:57 Move TRACE    : notify_disconnect(b4ccaceb-470d-4a34-8af9-8785aada05b7)
Feb 13 19:34:57 Move TRACE    : unsubscribeInterfaces()
Feb 13 19:34:57 Move PARANOID : connector_id: b4ccaceb-470d-4a34-8af9-8785aada05b7
Feb 13 19:34:57 InPortConnector TRACE    : profile()
Feb 13 19:34:57 InPortConnector TRACE    : id() = b4ccaceb-470d-4a34-8af9-8785aada05b7
Feb 13 19:34:57 InPortConnector TRACE    : profile()
Feb 13 19:34:57 InPortConnector TRACE    : disconnect()
Feb 13 19:34:57 Move TRACE    : delete connector: b4ccaceb-470d-4a34-8af9-8785aada05b7
Feb 13 19:34:57 Time TRACE    : get_port_profile()
Feb 13 19:34:57 RTObject_impl TRACE    : RTObject_impl.on_error(0)
Feb 13 19:34:57 RTObject_impl TRACE    : RTObject_impl.onError(0)
Feb 13 19:34:57 Angle TRACE    : get_port_profile()
Feb 13 19:34:57 Load TRACE    : get_port_profile()
Feb 13 19:34:57 Speed TRACE    : get_port_profile()
Feb 13 19:34:57 Temperature TRACE    : get_port_profile()
Feb 13 19:34:57 Voltage TRACE    : get_port_profile()
Feb 13 19:34:57 RTObject_impl TRACE    : RTObject_impl.get_owned_contexts()
Feb 13 19:34:57 RTObject_impl TRACE    : RTObject_impl.get_participating_contexts()
Feb 13 19:34:57 PeriodicExecutionContext TRACE    : PeriodicExecutionContext.get_component_state()
Feb 13 19:34:57 PeriodicExecutionContext TRACE    : PeriodicExecutionContext.is_running()
Feb 13 19:34:57 Configuration_impl TRACE    : Configuration_impl.get_configuration_sets()
Feb 13 19:34:57 Configuration_impl TRACE    : Configuration_impl.get_active_configuration_set()
Feb 13 19:34:57 PeriodicExecutionContext TRACE    : PeriodicExecutionContext.get_profile()
Feb 13 19:34:57 PeriodicExecutionContext TRACE    : PeriodicExecutionContext.is_running()
Feb 13 19:34:57 RTObject_impl TRACE    : RTObject_impl.on_error(0)
Feb 13 19:34:57 RTObject_impl TRACE    : RTObject_impl.onError(0)
Feb 13 19:34:57 RTObject_impl TRACE    : RTObject_impl.on_error(0)
Feb 13 19:34:57 RTObject_impl TRACE    : RTObject_impl.onError(0)
Feb 13 19:34:57 RTObject_impl TRACE    : RTObject_impl.on_error(0)
Feb 13 19:34:57 RTObject_impl TRACE    : RTObject_impl.onError(0)
Feb 13 19:34:57 RTObject_impl TRACE    : RTObject_impl.on_error(0)
Feb 13 19:34:57 RTObject_impl TRACE    : RTObject_impl.onError(0)
Feb 13 19:34:57 RTObject_impl TRACE    : RTObject_impl.on_error(0)
Feb 13 19:34:57 RTObject_impl TRACE    : RTObject_impl.onError(0)
Feb 13 19:34:57 RTObject_impl TRACE    : RTObject_impl.on_error(0)
Feb 13 19:34:57 RTObject_impl TRACE    : RTObject_impl.onError(0)
Feb 13 19:34:57 RTObject_impl TRACE    : RTObject_impl.on_error(0)
Feb 13 19:34:57 RTObject_impl TRACE    : RTObject_impl.onError(0)
Feb 13 19:34:57 RTObject_impl TRACE    : RTObject_impl.on_error(0)
Feb 13 19:34:57 RTObject_impl TRACE    : RTObject_impl.onError(0)
Feb 13 19:34:57 RTObject_impl TRACE    : RTObject_impl.on_error(0)
Feb 13 19:34:57 RTObject_impl TRACE    : RTObject_impl.onError(0)
Feb 13 19:34:57 RTObject_impl TRACE    : RTObject_impl.on_error(0)
Feb 13 19:34:57 RTObject_impl TRACE    : RTObject_impl.onError(0)
Feb 13 19:34:57 RTObject_impl TRACE    : RTObject_impl.on_error(0)
Feb 13 19:34:57 RTObject_impl TRACE    : RTObject_impl.onError(0)
Feb 13 19:34:57 RTObject_impl TRACE    : RTObject_impl.on_error(0)
Feb 13 19:34:57 RTObject_impl TRACE    : RTObject_impl.onError(0)
Feb 13 19:34:57 RTObject_impl TRACE    : RTObject_impl.on_error(0)
Feb 13 19:34:57 RTObject_impl TRACE    : RTObject_impl.onError(0)
Feb 13 19:34:57 RTObject_impl TRACE    : RTObject_impl.on_error(0)
Feb 13 19:34:57 RTObject_impl TRACE    : RTObject_impl.onError(0)
