Feb 13 12:31:05 Manager INFO     : OpenRTM-aist-1.0.0
Feb 13 12:31:05 Manager INFO     : Copyright (C) 2003-2008
Feb 13 12:31:05 Manager INFO     :   Noriaki Ando
Feb 13 12:31:05 Manager INFO     :   Task-intelligence Research Group,
Feb 13 12:31:05 Manager INFO     :   Intelligent Systems Research Institute, AIST
Feb 13 12:31:05 Manager INFO     : Manager starting.
Feb 13 12:31:05 Manager INFO     : Starting local logging.
Feb 13 12:31:05 Manager TRACE    : Manager.initORB()
Feb 13 12:31:05 Manager DEBUG    : corba.args: 
Feb 13 12:31:05 Manager DEBUG    : - config
  - version: 1.0.0
- openrtm
  - version: OpenRTM-aist-1.0.0
- manager
  - instance_name: manager
  - name: manager
  - naming_formats: %h.host_cxt/%n.mgr
  - pid: 1.6.0_262132715706
  - refstring_path: /var/log/rtcmanager.ref
  - modules
    - load_path: ./
    - abs_path_allowed: YES
  - is_master: NO
  - corba_servant: YES
  - shutdown_on_nortcs: YES
  - shutdown_auto: YES
  - command: rtcd
  - os
    - name: Linux
    - release: UNKNOWN
    - version: 2.6.32-38-generic-pae
    - arch: i386
    - hostname: javatea-desktop
- os
  - name: 
  - release: 
  - version: 
  - arch: 
  - hostname: 
- logger
  - enable: YES
  - file_name: ./rtc1.6.0_262132715706.log
  - date_format: %b %d %H:%M:%S
  - log_level: PARANOID
  - stream_lock: NO
  - master_logger: 
- module
  - conf_path: 
  - load_path: 
- naming
  - enable: YES
  - type: corba
  - formats: %h.host_cxt/%n.rtc
  - update
    - enable: YES
    - interval: 10.0
- timer
  - enable: YES
  - tick: 0.1
- corba
  - args: 
  - endpoint: 
  - id: omniORB
  - nameservers: localhost
  - master_manager: localhost:2810
  - nameservice
    - replace_endpoint: NO
- exec_cxt
  - periodic
    - type: jp.go.aist.rtm.RTC.executionContext.PeriodicExecutionContext
    - rate: 30.0
  - evdriven
    - type: jp.go.aist.rtm.RTC.executionContext.EventDrivenExecutionContext

Feb 13 12:31:05 Manager DEBUG    : corbaloc: corbaloc:iiop:1.2@localhost:2810/manager
Feb 13 12:31:05 Manager PARANOID : ORB options:  -ORBInitRef manager=corbaloc:iiop:1.2@localhost:2810/manager 
Feb 13 12:31:05 InterceptorInitializer TRACE    : post_init
Feb 13 12:31:05 IopIorInterceptor TRACE    : establish_components()
Feb 13 12:31:05 IopIorInterceptor TRACE    : establish_components()
Feb 13 12:31:05 Manager TRACE    : Manager.initNaming()
Feb 13 12:31:05 Manager TRACE    : Register Naming Server: corba localhost
Feb 13 12:31:05 NamingManager TRACE    : NamingManager.registerNameServer(corba, localhost:2809)
Feb 13 12:31:05 NamingManager TRACE    : createNamingObj(method = corba, nameserver = )localhost:2809
Feb 13 12:31:05 Manager TRACE    : Manager.getORB()
Feb 13 12:31:05 CorbaNaming TRACE    : CorbaNaming.CorbaNaming(localhost:2809)
Feb 13 12:31:05 NamingManager INFO     : NameServer connection succeeded: corba/localhost:2809
Feb 13 12:31:05 Manager TRACE    : Manager.initFactories()
Feb 13 12:31:05 InPortCorbaCdrProvider TRACE    : setInterfaceType(corba_cdr)
Feb 13 12:31:05 InPortCorbaCdrProvider TRACE    : setInterfaceType(corba_cdr)
Feb 13 12:31:05 Manager TRACE    : Manager.initExecContext()
Feb 13 12:31:05 Manager TRACE    : Manager.registerECFactory(jp.go.aist.rtm.RTC.executionContext.PeriodicExecutionContext)
Feb 13 12:31:05 Manager TRACE    : Manager.registerECFactory(jp.go.aist.rtm.RTC.executionContext.ExtTrigExecutionContext)
Feb 13 12:31:05 Manager TRACE    : Manager.registerECFactory(jp.go.aist.rtm.RTC.executionContext.OpenHRPExecutionContext)
Feb 13 12:31:05 Manager TRACE    : Manager.initComposite()
Feb 13 12:31:05 Manager TRACE    : Manager.registerFactory(PeriodicECSharedComposite)
Feb 13 12:31:05 ManagerServant TRACE    : This manager is slave.
Feb 13 12:31:05 ManagerServant TRACE    : findManager(host_port = localhost:2810)
Feb 13 12:31:05 ManagerServant DEBUG    : corbaloc: corbaloc:iiop:1.2@localhost:2810/manager
Feb 13 12:31:05 ManagerServant DEBUG    : CORBA SystemException caught (CORBA.org.omg.CORBA.COMM_FAILURE:   vmcid: SUN  minor code: 201  completed: No)
Feb 13 12:31:05 ManagerServant INFO     : Master manager not found.
Feb 13 12:31:05 Manager TRACE    : Manager.activateManager()
Feb 13 12:31:05 Manager TRACE    : Manager.getPOAManager()
Feb 13 12:31:05 Manager TRACE    : Manager.getPOAManager()
Feb 13 12:31:05 Manager TRACE    : POA Manager activated.
Feb 13 12:31:05 Manager TRACE    : Manager.registerFactory(RS40XCB_ARM)
Feb 13 12:31:05 Manager TRACE    : Manager.createComponent(RS40XCB_ARM)
Feb 13 12:31:05 Manager TRACE    : Manager.procComponentArgs(RS40XCB_ARM)
Feb 13 12:31:05 Manager TRACE    : RTC basic propfile vendor:
Feb 13 12:31:05 Manager TRACE    : RTC basic propfile category:
Feb 13 12:31:05 Manager TRACE    : RTC basic propfile implementation_id:RS40XCB_ARM
Feb 13 12:31:05 Manager TRACE    : RTC basic propfile version:
Feb 13 12:31:05 Manager TRACE    : Manager.getORB()
Feb 13 12:31:05 Manager TRACE    : Manager.getPOA()
Feb 13 12:31:05 Manager TRACE    : Manager.getORB()
Feb 13 12:31:05 Manager TRACE    : Manager.getPOA()
Feb 13 12:31:05 Configuration_impl TRACE    : Configuration_impl.getObjRef()
Feb 13 12:31:05 Torque DEBUG    : Port name: Torque
Feb 13 12:31:05 Torque DEBUG    : setting port.port_type: DataIntPort
Feb 13 12:31:05 Torque DEBUG    : setting dataport.data_type: TimedBooleanSeq
Feb 13 12:31:05 Move DEBUG    : Port name: Move
Feb 13 12:31:05 Move DEBUG    : setting port.port_type: DataIntPort
Feb 13 12:31:05 Move DEBUG    : setting dataport.data_type: TimedLongSeq
Feb 13 12:31:05 Time DEBUG    : Port name: Time
Feb 13 12:31:05 Time DEBUG    : setting port.port_type: DataIntPort
Feb 13 12:31:05 Time DEBUG    : setting dataport.data_type: TimedLongSeq
Feb 13 12:31:05 Angle DEBUG    : Port name: Angle
Feb 13 12:31:05 Angle DEBUG    : setting port.port_type: DataOutPort
Feb 13 12:31:05 Angle DEBUG    : setting dataport.data_type: TimedLongSeq
Feb 13 12:31:05 Angle DEBUG    : available subscription_type: new, flush, periodic
Feb 13 12:31:05 Load DEBUG    : Port name: Load
Feb 13 12:31:05 Load DEBUG    : setting port.port_type: DataOutPort
Feb 13 12:31:05 Load DEBUG    : setting dataport.data_type: TimedLongSeq
Feb 13 12:31:05 Load DEBUG    : available subscription_type: new, flush, periodic
Feb 13 12:31:05 Speed DEBUG    : Port name: Speed
Feb 13 12:31:05 Speed DEBUG    : setting port.port_type: DataOutPort
Feb 13 12:31:05 Speed DEBUG    : setting dataport.data_type: TimedLongSeq
Feb 13 12:31:05 Speed DEBUG    : available subscription_type: new, flush, periodic
Feb 13 12:31:05 Temperature DEBUG    : Port name: Temperature
Feb 13 12:31:05 Temperature DEBUG    : setting port.port_type: DataOutPort
Feb 13 12:31:05 Temperature DEBUG    : setting dataport.data_type: TimedLongSeq
Feb 13 12:31:05 Temperature DEBUG    : available subscription_type: new, flush, periodic
Feb 13 12:31:05 Voltage DEBUG    : Port name: Voltage
Feb 13 12:31:05 Voltage DEBUG    : setting port.port_type: DataOutPort
Feb 13 12:31:05 Voltage DEBUG    : setting dataport.data_type: TimedLongSeq
Feb 13 12:31:05 Voltage DEBUG    : available subscription_type: new, flush, periodic
Feb 13 12:31:05 RTObject_impl TRACE    : RTObject_impl.setProperties()
Feb 13 12:31:05 Configuration_impl TRACE    : Configuration_impl.getDeviceProfile()
Feb 13 12:31:05 Configuration_impl TRACE    : Configuration_impl.set_device_profile()
Feb 13 12:31:05 RTObject_impl TRACE    : RTObject_impl.getTypeName()
Feb 13 12:31:05 RTObject_impl TRACE    : RTObject_impl.setInstanceName(RS40XCB_ARM0)
Feb 13 12:31:05 Manager TRACE    : RTC Created: 
Feb 13 12:31:05 RTObject_impl TRACE    : RTObject_impl.getCategory()
Feb 13 12:31:05 RTObject_impl TRACE    : RTObject_impl.getTypeName()
Feb 13 12:31:05 RTObject_impl TRACE    : RTObject_impl.getInstanceName()
Feb 13 12:31:05 RTObject_impl TRACE    : RTObject_impl.setProperties()
Feb 13 12:31:05 Configuration_impl TRACE    : Configuration_impl.getDeviceProfile()
Feb 13 12:31:05 Configuration_impl TRACE    : Configuration_impl.set_device_profile()
Feb 13 12:31:05 RTObject_impl TRACE    : RTObject_impl.setProperties()
Feb 13 12:31:05 Configuration_impl TRACE    : Configuration_impl.getDeviceProfile()
Feb 13 12:31:05 Configuration_impl TRACE    : Configuration_impl.set_device_profile()
Feb 13 12:31:05 RTObject_impl TRACE    : RTObject_impl.getProperties()
Feb 13 12:31:05 RTObject_impl TRACE    : RTObject_impl.getProperties()
Feb 13 12:31:05 RTObject_impl TRACE    : RTObject_impl.getProperties()
Feb 13 12:31:05 RTObject_impl TRACE    : RTObject_impl.getProperties()
Feb 13 12:31:05 RTObject_impl TRACE    : RTObject_impl.initialize()
Feb 13 12:31:05 Manager TRACE    : Manager.createContext(jp.go.aist.rtm.RTC.executionContext.PeriodicExecutionContext?rate=30.0)
Feb 13 12:31:05 Manager TRACE    : ExecutionContext type: jp.go.aist.rtm.RTC.executionContext.PeriodicExecutionContext
Feb 13 12:31:05 Manager TRACE    : Manager.procContextArgs(jp.go.aist.rtm.RTC.executionContext.PeriodicExecutionContext?rate=30.0,)
Feb 13 12:31:05 Manager TRACE    : EC property rate:30.0
Feb 13 12:31:05 PeriodicExecutionContext TRACE    : PeriodicExecutionContext.set_rate(30.0)
Feb 13 12:31:05 PeriodicExecutionContext TRACE    : PeriodicExecutionContext.getObjRef()
Feb 13 12:31:05 PeriodicExecutionContext TRACE    : PeriodicExecutionContext.bindComponent()
Feb 13 12:31:05 RTObject_impl TRACE    : RTObject_impl.getObjRef()
Feb 13 12:31:05 RTObject_impl TRACE    : RTObject_impl.bindContext()
Feb 13 12:31:05 PeriodicExecutionContext DEBUG    : bindComponent() returns id = 0
Feb 13 12:31:05 RTObject_impl TRACE    : RTObject_impl.on_initialize()
Feb 13 12:31:05 RTObject_impl TRACE    : addInPort(Torque)
Feb 13 12:31:05 RTObject_impl TRACE    : addPort(PortBase)
Feb 13 12:31:05 RTObject_impl TRACE    : RTObject_impl.getObjRef()
Feb 13 12:31:05 RTObject_impl TRACE    : RTObject_impl.get_component_profile()
Feb 13 12:31:05 Torque TRACE    : setOwner(RS40XCB_ARM0)
Feb 13 12:31:05 Torque TRACE    : getName() = RS40XCB_ARM0.Torque
Feb 13 12:31:05 Torque TRACE    : get_port_profile()
Feb 13 12:31:05 Torque TRACE    : init()
Feb 13 12:31:05 Torque DEBUG    : single buffer mode.
Feb 13 12:31:05 Torque TRACE    : initProviders()
Feb 13 12:31:05 Torque DEBUG    : available providers: [corba_cdr]
Feb 13 12:31:05 Torque DEBUG    : dataflow_type push is supported
Feb 13 12:31:05 Torque TRACE    : iinitConsumers()
Feb 13 12:31:05 Torque DEBUG    : available consumer: corba_cdr
Feb 13 12:31:05 Torque DEBUG    : dataflow_type pull is supported
Feb 13 12:31:05 RTObject_impl TRACE    : addInPort(Move)
Feb 13 12:31:05 RTObject_impl TRACE    : addPort(PortBase)
Feb 13 12:31:05 RTObject_impl TRACE    : RTObject_impl.getObjRef()
Feb 13 12:31:05 RTObject_impl TRACE    : RTObject_impl.get_component_profile()
Feb 13 12:31:05 Torque TRACE    : get_port_profile()
Feb 13 12:31:06 Move TRACE    : setOwner(RS40XCB_ARM0)
Feb 13 12:31:06 Move TRACE    : getName() = RS40XCB_ARM0.Move
Feb 13 12:31:06 Torque TRACE    : get_port_profile()
Feb 13 12:31:06 Move TRACE    : get_port_profile()
Feb 13 12:31:06 Torque TRACE    : get_port_profile()
Feb 13 12:31:06 Move TRACE    : init()
Feb 13 12:31:06 Move DEBUG    : single buffer mode.
Feb 13 12:31:06 Move TRACE    : initProviders()
Feb 13 12:31:06 Move DEBUG    : available providers: [corba_cdr]
Feb 13 12:31:06 Move DEBUG    : dataflow_type push is supported
Feb 13 12:31:06 Move TRACE    : iinitConsumers()
Feb 13 12:31:06 Move DEBUG    : available consumer: corba_cdr
Feb 13 12:31:06 Move DEBUG    : dataflow_type pull is supported
Feb 13 12:31:06 RTObject_impl TRACE    : addInPort(Time)
Feb 13 12:31:06 RTObject_impl TRACE    : addPort(PortBase)
Feb 13 12:31:06 RTObject_impl TRACE    : RTObject_impl.getObjRef()
Feb 13 12:31:06 RTObject_impl TRACE    : RTObject_impl.get_component_profile()
Feb 13 12:31:06 Torque TRACE    : get_port_profile()
Feb 13 12:31:06 Move TRACE    : get_port_profile()
Feb 13 12:31:06 Time TRACE    : setOwner(RS40XCB_ARM0)
Feb 13 12:31:06 Time TRACE    : getName() = RS40XCB_ARM0.Time
Feb 13 12:31:06 Torque TRACE    : get_port_profile()
Feb 13 12:31:06 Move TRACE    : get_port_profile()
Feb 13 12:31:06 Time TRACE    : get_port_profile()
Feb 13 12:31:06 Torque TRACE    : get_port_profile()
Feb 13 12:31:06 Move TRACE    : get_port_profile()
Feb 13 12:31:06 Time TRACE    : init()
Feb 13 12:31:06 Time DEBUG    : single buffer mode.
Feb 13 12:31:06 Time TRACE    : initProviders()
Feb 13 12:31:06 Time DEBUG    : available providers: [corba_cdr]
Feb 13 12:31:06 Time DEBUG    : dataflow_type push is supported
Feb 13 12:31:06 Time TRACE    : iinitConsumers()
Feb 13 12:31:06 Time DEBUG    : available consumer: corba_cdr
Feb 13 12:31:06 Time DEBUG    : dataflow_type pull is supported
Feb 13 12:31:06 RTObject_impl TRACE    : addOutPort(Angle)
Feb 13 12:31:06 RTObject_impl TRACE    : addPort(PortBase)
Feb 13 12:31:06 RTObject_impl TRACE    : RTObject_impl.getObjRef()
Feb 13 12:31:06 RTObject_impl TRACE    : RTObject_impl.get_component_profile()
Feb 13 12:31:06 Torque TRACE    : get_port_profile()
Feb 13 12:31:06 Move TRACE    : get_port_profile()
Feb 13 12:31:06 Time TRACE    : get_port_profile()
Feb 13 12:31:06 Angle TRACE    : setOwner(RS40XCB_ARM0)
Feb 13 12:31:06 Angle TRACE    : getName() = RS40XCB_ARM0.Angle
Feb 13 12:31:06 Torque TRACE    : get_port_profile()
Feb 13 12:31:06 Move TRACE    : get_port_profile()
Feb 13 12:31:06 Time TRACE    : get_port_profile()
Feb 13 12:31:06 Angle TRACE    : get_port_profile()
Feb 13 12:31:06 Torque TRACE    : get_port_profile()
Feb 13 12:31:06 Move TRACE    : get_port_profile()
Feb 13 12:31:06 Time TRACE    : get_port_profile()
Feb 13 12:31:06 Angle TRACE    : init()
Feb 13 12:31:06 Angle PARANOID : given properties:
Feb 13 12:31:06 Angle DEBUG    : 
Feb 13 12:31:06 Angle PARANOID : updated properties:
Feb 13 12:31:06 Angle DEBUG    : 
Feb 13 12:31:06 Angle TRACE    : initConsumers()
Feb 13 12:31:06 Angle DEBUG    : available InPortConsumer: [corba_cdr]
Feb 13 12:31:06 Angle DEBUG    : dataflow_type pull is supported
Feb 13 12:31:06 Angle TRACE    : initProviders()
Feb 13 12:31:06 Angle DEBUG    : available providers: [corba_cdr]
Feb 13 12:31:06 Angle DEBUG    : dataflow_type pull is supported
Feb 13 12:31:06 RTObject_impl TRACE    : addOutPort(Load)
Feb 13 12:31:06 RTObject_impl TRACE    : addPort(PortBase)
Feb 13 12:31:06 RTObject_impl TRACE    : RTObject_impl.getObjRef()
Feb 13 12:31:06 RTObject_impl TRACE    : RTObject_impl.get_component_profile()
Feb 13 12:31:06 Torque TRACE    : get_port_profile()
Feb 13 12:31:06 Move TRACE    : get_port_profile()
Feb 13 12:31:06 Time TRACE    : get_port_profile()
Feb 13 12:31:06 Angle TRACE    : get_port_profile()
Feb 13 12:31:06 Load TRACE    : setOwner(RS40XCB_ARM0)
Feb 13 12:31:06 Load TRACE    : getName() = RS40XCB_ARM0.Load
Feb 13 12:31:06 Torque TRACE    : get_port_profile()
Feb 13 12:31:06 Move TRACE    : get_port_profile()
Feb 13 12:31:06 Time TRACE    : get_port_profile()
Feb 13 12:31:06 Angle TRACE    : get_port_profile()
Feb 13 12:31:06 Load TRACE    : get_port_profile()
Feb 13 12:31:06 Torque TRACE    : get_port_profile()
Feb 13 12:31:06 Move TRACE    : get_port_profile()
Feb 13 12:31:06 Time TRACE    : get_port_profile()
Feb 13 12:31:06 Angle TRACE    : get_port_profile()
Feb 13 12:31:06 Load TRACE    : init()
Feb 13 12:31:06 Load PARANOID : given properties:
Feb 13 12:31:06 Load DEBUG    : 
Feb 13 12:31:06 Load PARANOID : updated properties:
Feb 13 12:31:06 Load DEBUG    : 
Feb 13 12:31:06 Load TRACE    : initConsumers()
Feb 13 12:31:06 Load DEBUG    : available InPortConsumer: [corba_cdr]
Feb 13 12:31:06 Load DEBUG    : dataflow_type pull is supported
Feb 13 12:31:06 Load TRACE    : initProviders()
Feb 13 12:31:06 Load DEBUG    : available providers: [corba_cdr]
Feb 13 12:31:06 Load DEBUG    : dataflow_type pull is supported
Feb 13 12:31:06 RTObject_impl TRACE    : addOutPort(Speed)
Feb 13 12:31:06 RTObject_impl TRACE    : addPort(PortBase)
Feb 13 12:31:06 RTObject_impl TRACE    : RTObject_impl.getObjRef()
Feb 13 12:31:06 RTObject_impl TRACE    : RTObject_impl.get_component_profile()
Feb 13 12:31:06 Torque TRACE    : get_port_profile()
Feb 13 12:31:06 Move TRACE    : get_port_profile()
Feb 13 12:31:06 Time TRACE    : get_port_profile()
Feb 13 12:31:06 Angle TRACE    : get_port_profile()
Feb 13 12:31:06 Load TRACE    : get_port_profile()
Feb 13 12:31:06 Speed TRACE    : setOwner(RS40XCB_ARM0)
Feb 13 12:31:06 Speed TRACE    : getName() = RS40XCB_ARM0.Speed
Feb 13 12:31:06 Torque TRACE    : get_port_profile()
Feb 13 12:31:06 Move TRACE    : get_port_profile()
Feb 13 12:31:06 Time TRACE    : get_port_profile()
Feb 13 12:31:06 Angle TRACE    : get_port_profile()
Feb 13 12:31:06 Load TRACE    : get_port_profile()
Feb 13 12:31:06 Speed TRACE    : get_port_profile()
Feb 13 12:31:06 Torque TRACE    : get_port_profile()
Feb 13 12:31:06 Move TRACE    : get_port_profile()
Feb 13 12:31:06 Time TRACE    : get_port_profile()
Feb 13 12:31:06 Angle TRACE    : get_port_profile()
Feb 13 12:31:06 Load TRACE    : get_port_profile()
Feb 13 12:31:06 Speed TRACE    : init()
Feb 13 12:31:06 Speed PARANOID : given properties:
Feb 13 12:31:06 Speed DEBUG    : 
Feb 13 12:31:06 Speed PARANOID : updated properties:
Feb 13 12:31:06 Speed DEBUG    : 
Feb 13 12:31:06 Speed TRACE    : initConsumers()
Feb 13 12:31:06 Speed DEBUG    : available InPortConsumer: [corba_cdr]
Feb 13 12:31:06 Speed DEBUG    : dataflow_type pull is supported
Feb 13 12:31:06 Speed TRACE    : initProviders()
Feb 13 12:31:06 Speed DEBUG    : available providers: [corba_cdr]
Feb 13 12:31:06 Speed DEBUG    : dataflow_type pull is supported
Feb 13 12:31:06 RTObject_impl TRACE    : addOutPort(Temperature)
Feb 13 12:31:06 RTObject_impl TRACE    : addPort(PortBase)
Feb 13 12:31:06 RTObject_impl TRACE    : RTObject_impl.getObjRef()
Feb 13 12:31:06 RTObject_impl TRACE    : RTObject_impl.get_component_profile()
Feb 13 12:31:06 Torque TRACE    : get_port_profile()
Feb 13 12:31:06 Move TRACE    : get_port_profile()
Feb 13 12:31:06 Time TRACE    : get_port_profile()
Feb 13 12:31:06 Angle TRACE    : get_port_profile()
Feb 13 12:31:06 Load TRACE    : get_port_profile()
Feb 13 12:31:06 Speed TRACE    : get_port_profile()
Feb 13 12:31:06 Temperature TRACE    : setOwner(RS40XCB_ARM0)
Feb 13 12:31:06 Temperature TRACE    : getName() = RS40XCB_ARM0.Temperature
Feb 13 12:31:06 Torque TRACE    : get_port_profile()
Feb 13 12:31:06 Move TRACE    : get_port_profile()
Feb 13 12:31:06 Time TRACE    : get_port_profile()
Feb 13 12:31:06 Angle TRACE    : get_port_profile()
Feb 13 12:31:06 Load TRACE    : get_port_profile()
Feb 13 12:31:06 Speed TRACE    : get_port_profile()
Feb 13 12:31:06 Temperature TRACE    : get_port_profile()
Feb 13 12:31:06 Torque TRACE    : get_port_profile()
Feb 13 12:31:06 Move TRACE    : get_port_profile()
Feb 13 12:31:06 Time TRACE    : get_port_profile()
Feb 13 12:31:06 Angle TRACE    : get_port_profile()
Feb 13 12:31:06 Load TRACE    : get_port_profile()
Feb 13 12:31:06 Speed TRACE    : get_port_profile()
Feb 13 12:31:06 Temperature TRACE    : init()
Feb 13 12:31:06 Temperature PARANOID : given properties:
Feb 13 12:31:06 Temperature DEBUG    : 
Feb 13 12:31:06 Temperature PARANOID : updated properties:
Feb 13 12:31:06 Temperature DEBUG    : 
Feb 13 12:31:06 Temperature TRACE    : initConsumers()
Feb 13 12:31:06 Temperature DEBUG    : available InPortConsumer: [corba_cdr]
Feb 13 12:31:06 Temperature DEBUG    : dataflow_type pull is supported
Feb 13 12:31:06 Temperature TRACE    : initProviders()
Feb 13 12:31:06 Temperature DEBUG    : available providers: [corba_cdr]
Feb 13 12:31:06 Temperature DEBUG    : dataflow_type pull is supported
Feb 13 12:31:06 RTObject_impl TRACE    : addOutPort(Voltage)
Feb 13 12:31:06 RTObject_impl TRACE    : addPort(PortBase)
Feb 13 12:31:06 RTObject_impl TRACE    : RTObject_impl.getObjRef()
Feb 13 12:31:06 RTObject_impl TRACE    : RTObject_impl.get_component_profile()
Feb 13 12:31:06 Torque TRACE    : get_port_profile()
Feb 13 12:31:06 Move TRACE    : get_port_profile()
Feb 13 12:31:06 Time TRACE    : get_port_profile()
Feb 13 12:31:06 Angle TRACE    : get_port_profile()
Feb 13 12:31:06 Load TRACE    : get_port_profile()
Feb 13 12:31:06 Speed TRACE    : get_port_profile()
Feb 13 12:31:06 Temperature TRACE    : get_port_profile()
Feb 13 12:31:06 Voltage TRACE    : setOwner(RS40XCB_ARM0)
Feb 13 12:31:06 Voltage TRACE    : getName() = RS40XCB_ARM0.Voltage
Feb 13 12:31:06 Torque TRACE    : get_port_profile()
Feb 13 12:31:06 Move TRACE    : get_port_profile()
Feb 13 12:31:06 Time TRACE    : get_port_profile()
Feb 13 12:31:06 Angle TRACE    : get_port_profile()
Feb 13 12:31:06 Load TRACE    : get_port_profile()
Feb 13 12:31:06 Speed TRACE    : get_port_profile()
Feb 13 12:31:06 Temperature TRACE    : get_port_profile()
Feb 13 12:31:06 Voltage TRACE    : get_port_profile()
Feb 13 12:31:06 Torque TRACE    : get_port_profile()
Feb 13 12:31:06 Move TRACE    : get_port_profile()
Feb 13 12:31:06 Time TRACE    : get_port_profile()
Feb 13 12:31:06 Angle TRACE    : get_port_profile()
Feb 13 12:31:06 Load TRACE    : get_port_profile()
Feb 13 12:31:06 Speed TRACE    : get_port_profile()
Feb 13 12:31:06 Temperature TRACE    : get_port_profile()
Feb 13 12:31:06 Voltage TRACE    : init()
Feb 13 12:31:06 Voltage PARANOID : given properties:
Feb 13 12:31:06 Voltage DEBUG    : 
Feb 13 12:31:06 Voltage PARANOID : updated properties:
Feb 13 12:31:06 Voltage DEBUG    : 
Feb 13 12:31:06 Voltage TRACE    : initConsumers()
Feb 13 12:31:06 Voltage DEBUG    : available InPortConsumer: [corba_cdr]
Feb 13 12:31:06 Voltage DEBUG    : dataflow_type pull is supported
Feb 13 12:31:06 Voltage TRACE    : initProviders()
Feb 13 12:31:06 Voltage DEBUG    : available providers: [corba_cdr]
Feb 13 12:31:06 Voltage DEBUG    : dataflow_type pull is supported
Feb 13 12:31:06 RTObject_impl TRACE    : RTObject_impl.bindParameter(portname,/dev/ttyUSB0)
Feb 13 12:31:06 RTObject_impl TRACE    : RTObject_impl.bindParameter(baudrate,115200)
Feb 13 12:31:06 RTObject_impl TRACE    : RTObject_impl.bindParameter(startID,1)
Feb 13 12:31:06 RTObject_impl TRACE    : RTObject_impl.bindParameter(endID,7)
Feb 13 12:31:06 RTObject_impl TRACE    : RTObject_impl.onInitialize()
Feb 13 12:31:06 RTObject_impl DEBUG    : EC[0] starting
Feb 13 12:31:06 PeriodicExecutionContext TRACE    : PeriodicExecutionContext.start()
Feb 13 12:31:06 RTObject_impl TRACE    : RTObject_impl.on_startup(0)
Feb 13 12:31:06 RTObject_impl TRACE    : RTObject_impl.onStartup(0)
Feb 13 12:31:06 PeriodicExecutionContext TRACE    : PeriodicExecutionContext.open()
Feb 13 12:31:06 PeriodicExecutionContext TRACE    : PeriodicExecutionContext.run()
Feb 13 12:31:06 Manager TRACE    : RTC initialization succeeded: 
Feb 13 12:31:06 PeriodicExecutionContext TRACE    : PeriodicExecutionContext.svc()
Feb 13 12:31:06 RTObject_impl TRACE    : RTObject_impl.getInstanceName()
Feb 13 12:31:06 Manager TRACE    : Manager.registerComponent(RS40XCB_ARM0)
Feb 13 12:31:06 RTObject_impl TRACE    : RTObject_impl.getInstanceName()
Feb 13 12:31:06 RTObject_impl TRACE    : RTObject_impl.getNamingNames()
Feb 13 12:31:06 Manager TRACE    : Bind name: javatea-desktop.host_cxt/RS40XCB_ARM0.rtc
Feb 13 12:31:06 NamingManager TRACE    : NamingManager.bindObject(javatea-desktop.host_cxt/RS40XCB_ARM0.rtc)
Feb 13 12:31:06 RTObject_impl TRACE    : RTObject_impl.getObjRef()
Feb 13 12:31:06 CorbaNaming TRACE    : in  CorbaNaming.rebindByString(javatea-desktop.host_cxt/RS40XCB_ARM0.rtc)
Feb 13 12:31:06 CorbaNaming TRACE    : in  CorbaNaming.rebind([Lorg.omg.CosNaming.NameComponent;@7ecd78,true)
Feb 13 12:31:06 CorbaNaming TRACE    :     isNamingContext is false.
Feb 13 12:31:06 CorbaNaming TRACE    : out  CorbaNaming.rebind()
Feb 13 12:31:06 CorbaNaming TRACE    : out CorbaNaming.rebindByString(javatea-desktop.host_cxt/RS40XCB_ARM0.rtc)
Feb 13 12:31:06 Manager TRACE    : Manager.runManager(): blocking mode
Feb 13 12:31:06 Manager VERBOSE  : Manager.cleanupComponents()
Feb 13 12:31:06 Manager VERBOSE  : 0 components are marked as finalized.
Feb 13 12:31:07 Manager VERBOSE  : Manager.cleanupComponents()
Feb 13 12:31:07 Manager VERBOSE  : 0 components are marked as finalized.
Feb 13 12:31:08 Manager VERBOSE  : Manager.cleanupComponents()
Feb 13 12:31:08 Manager VERBOSE  : 0 components are marked as finalized.
Feb 13 12:31:09 Manager VERBOSE  : Manager.cleanupComponents()
Feb 13 12:31:09 Manager VERBOSE  : 0 components are marked as finalized.
Feb 13 12:31:10 Manager VERBOSE  : Manager.cleanupComponents()
Feb 13 12:31:10 Manager VERBOSE  : 0 components are marked as finalized.
Feb 13 12:31:11 Manager VERBOSE  : Manager.cleanupComponents()
Feb 13 12:31:11 Manager VERBOSE  : 0 components are marked as finalized.
Feb 13 12:31:11 RTObject_impl TRACE    : RTObject_impl.get_component_profile()
Feb 13 12:31:11 Torque TRACE    : get_port_profile()
Feb 13 12:31:11 Move TRACE    : get_port_profile()
Feb 13 12:31:11 Time TRACE    : get_port_profile()
Feb 13 12:31:11 Angle TRACE    : get_port_profile()
Feb 13 12:31:11 Load TRACE    : get_port_profile()
Feb 13 12:31:11 Speed TRACE    : get_port_profile()
Feb 13 12:31:11 Temperature TRACE    : get_port_profile()
Feb 13 12:31:11 Voltage TRACE    : get_port_profile()
Feb 13 12:31:11 RTObject_impl TRACE    : RTObject_impl.get_configuration()
Feb 13 12:31:11 RTObject_impl TRACE    : RTObject_impl.get_owned_contexts()
Feb 13 12:31:11 RTObject_impl TRACE    : RTObject_impl.get_participating_contexts()
Feb 13 12:31:12 PeriodicExecutionContext TRACE    : PeriodicExecutionContext.get_component_state()
Feb 13 12:31:12 PeriodicExecutionContext TRACE    : PeriodicExecutionContext.is_running()
Feb 13 12:31:12 Configuration_impl TRACE    : Configuration_impl.get_configuration_sets()
Feb 13 12:31:12 Configuration_impl TRACE    : Configuration_impl.get_active_configuration_set()
Feb 13 12:31:12 RTObject_impl TRACE    : RTObject_impl.get_owned_organizations()
Feb 13 12:31:12 PeriodicExecutionContext TRACE    : PeriodicExecutionContext.get_profile()
Feb 13 12:31:12 PeriodicExecutionContext TRACE    : PeriodicExecutionContext.is_running()
Feb 13 12:31:12 RTObject_impl TRACE    : RTObject_impl.get_context_handle()
Feb 13 12:31:12 PeriodicExecutionContext TRACE    : PeriodicExecutionContext.get_profile()
Feb 13 12:31:12 PeriodicExecutionContext TRACE    : PeriodicExecutionContext.is_running()
Feb 13 12:31:12 RTObject_impl TRACE    : RTObject_impl.get_component_profile()
Feb 13 12:31:12 Torque TRACE    : get_port_profile()
Feb 13 12:31:12 Move TRACE    : get_port_profile()
Feb 13 12:31:12 Time TRACE    : get_port_profile()
Feb 13 12:31:12 Angle TRACE    : get_port_profile()
Feb 13 12:31:12 Load TRACE    : get_port_profile()
Feb 13 12:31:12 Speed TRACE    : get_port_profile()
Feb 13 12:31:12 Temperature TRACE    : get_port_profile()
Feb 13 12:31:12 Voltage TRACE    : get_port_profile()
Feb 13 12:31:12 RTObject_impl TRACE    : RTObject_impl.get_owned_contexts()
Feb 13 12:31:12 RTObject_impl TRACE    : RTObject_impl.get_participating_contexts()
Feb 13 12:31:12 PeriodicExecutionContext TRACE    : PeriodicExecutionContext.get_component_state()
Feb 13 12:31:12 PeriodicExecutionContext TRACE    : PeriodicExecutionContext.is_running()
Feb 13 12:31:12 Configuration_impl TRACE    : Configuration_impl.get_configuration_sets()
Feb 13 12:31:12 Configuration_impl TRACE    : Configuration_impl.get_active_configuration_set()
Feb 13 12:31:12 PeriodicExecutionContext TRACE    : PeriodicExecutionContext.get_profile()
Feb 13 12:31:12 PeriodicExecutionContext TRACE    : PeriodicExecutionContext.is_running()
Feb 13 12:31:12 RTObject_impl TRACE    : RTObject_impl.get_context_handle()
Feb 13 12:31:12 PeriodicExecutionContext TRACE    : PeriodicExecutionContext.get_profile()
Feb 13 12:31:12 PeriodicExecutionContext TRACE    : PeriodicExecutionContext.is_running()
Feb 13 12:31:12 Manager VERBOSE  : Manager.cleanupComponents()
Feb 13 12:31:12 Manager VERBOSE  : 0 components are marked as finalized.
Feb 13 12:31:13 RTObject_impl TRACE    : RTObject_impl.get_component_profile()
Feb 13 12:31:13 Torque TRACE    : get_port_profile()
Feb 13 12:31:13 Move TRACE    : get_port_profile()
Feb 13 12:31:13 Time TRACE    : get_port_profile()
Feb 13 12:31:13 Angle TRACE    : get_port_profile()
Feb 13 12:31:13 Load TRACE    : get_port_profile()
Feb 13 12:31:13 Speed TRACE    : get_port_profile()
Feb 13 12:31:13 Temperature TRACE    : get_port_profile()
Feb 13 12:31:13 Voltage TRACE    : get_port_profile()
Feb 13 12:31:13 RTObject_impl TRACE    : RTObject_impl.get_owned_contexts()
Feb 13 12:31:13 RTObject_impl TRACE    : RTObject_impl.get_participating_contexts()
Feb 13 12:31:13 PeriodicExecutionContext TRACE    : PeriodicExecutionContext.get_component_state()
Feb 13 12:31:13 PeriodicExecutionContext TRACE    : PeriodicExecutionContext.is_running()
Feb 13 12:31:13 Configuration_impl TRACE    : Configuration_impl.get_configuration_sets()
Feb 13 12:31:13 Configuration_impl TRACE    : Configuration_impl.get_active_configuration_set()
Feb 13 12:31:13 PeriodicExecutionContext TRACE    : PeriodicExecutionContext.get_profile()
Feb 13 12:31:13 PeriodicExecutionContext TRACE    : PeriodicExecutionContext.is_running()
Feb 13 12:31:13 Manager VERBOSE  : Manager.cleanupComponents()
Feb 13 12:31:13 Manager VERBOSE  : 0 components are marked as finalized.
Feb 13 12:31:14 RTObject_impl TRACE    : RTObject_impl.get_component_profile()
Feb 13 12:31:14 Torque TRACE    : get_port_profile()
Feb 13 12:31:14 Move TRACE    : get_port_profile()
Feb 13 12:31:14 Time TRACE    : get_port_profile()
Feb 13 12:31:14 Angle TRACE    : get_port_profile()
Feb 13 12:31:14 Load TRACE    : get_port_profile()
Feb 13 12:31:14 Speed TRACE    : get_port_profile()
Feb 13 12:31:14 Temperature TRACE    : get_port_profile()
Feb 13 12:31:14 Voltage TRACE    : get_port_profile()
Feb 13 12:31:14 RTObject_impl TRACE    : RTObject_impl.get_owned_contexts()
Feb 13 12:31:14 RTObject_impl TRACE    : RTObject_impl.get_participating_contexts()
Feb 13 12:31:14 PeriodicExecutionContext TRACE    : PeriodicExecutionContext.get_component_state()
Feb 13 12:31:14 PeriodicExecutionContext TRACE    : PeriodicExecutionContext.is_running()
Feb 13 12:31:14 Configuration_impl TRACE    : Configuration_impl.get_configuration_sets()
Feb 13 12:31:14 Configuration_impl TRACE    : Configuration_impl.get_active_configuration_set()
Feb 13 12:31:14 PeriodicExecutionContext TRACE    : PeriodicExecutionContext.get_profile()
Feb 13 12:31:14 PeriodicExecutionContext TRACE    : PeriodicExecutionContext.is_running()
Feb 13 12:31:14 Manager VERBOSE  : Manager.cleanupComponents()
Feb 13 12:31:14 Manager VERBOSE  : 0 components are marked as finalized.
Feb 13 12:31:15 RTObject_impl TRACE    : RTObject_impl.get_component_profile()
Feb 13 12:31:15 Torque TRACE    : get_port_profile()
Feb 13 12:31:15 Move TRACE    : get_port_profile()
Feb 13 12:31:15 Time TRACE    : get_port_profile()
Feb 13 12:31:15 Angle TRACE    : get_port_profile()
Feb 13 12:31:15 Load TRACE    : get_port_profile()
Feb 13 12:31:15 Speed TRACE    : get_port_profile()
Feb 13 12:31:15 Temperature TRACE    : get_port_profile()
Feb 13 12:31:15 Voltage TRACE    : get_port_profile()
Feb 13 12:31:15 RTObject_impl TRACE    : RTObject_impl.get_owned_contexts()
Feb 13 12:31:15 RTObject_impl TRACE    : RTObject_impl.get_participating_contexts()
Feb 13 12:31:15 PeriodicExecutionContext TRACE    : PeriodicExecutionContext.get_component_state()
Feb 13 12:31:15 PeriodicExecutionContext TRACE    : PeriodicExecutionContext.is_running()
Feb 13 12:31:15 Configuration_impl TRACE    : Configuration_impl.get_configuration_sets()
Feb 13 12:31:15 Configuration_impl TRACE    : Configuration_impl.get_active_configuration_set()
Feb 13 12:31:15 PeriodicExecutionContext TRACE    : PeriodicExecutionContext.get_profile()
Feb 13 12:31:15 PeriodicExecutionContext TRACE    : PeriodicExecutionContext.is_running()
Feb 13 12:31:15 Manager TRACE    : Manager.shutdownOnNoRtcs()
Feb 13 12:31:15 Manager TRACE    : Manager.getComponents()
Feb 13 12:31:15 Manager VERBOSE  : Manager.cleanupComponents()
Feb 13 12:31:15 Manager VERBOSE  : 0 components are marked as finalized.
Feb 13 12:31:15 NamingManager TRACE    : NamingManager.update()
Feb 13 12:31:15 NamingOnCorba TRACE    : isAlive()
Feb 13 12:31:16 RTObject_impl TRACE    : RTObject_impl.get_component_profile()
Feb 13 12:31:16 Torque TRACE    : get_port_profile()
Feb 13 12:31:16 Move TRACE    : get_port_profile()
Feb 13 12:31:16 Time TRACE    : get_port_profile()
Feb 13 12:31:16 Angle TRACE    : get_port_profile()
Feb 13 12:31:16 Load TRACE    : get_port_profile()
Feb 13 12:31:16 Speed TRACE    : get_port_profile()
Feb 13 12:31:16 Temperature TRACE    : get_port_profile()
Feb 13 12:31:16 Voltage TRACE    : get_port_profile()
Feb 13 12:31:16 RTObject_impl TRACE    : RTObject_impl.get_owned_contexts()
Feb 13 12:31:16 RTObject_impl TRACE    : RTObject_impl.get_participating_contexts()
Feb 13 12:31:16 PeriodicExecutionContext TRACE    : PeriodicExecutionContext.get_component_state()
Feb 13 12:31:16 PeriodicExecutionContext TRACE    : PeriodicExecutionContext.is_running()
Feb 13 12:31:16 Configuration_impl TRACE    : Configuration_impl.get_configuration_sets()
Feb 13 12:31:16 Configuration_impl TRACE    : Configuration_impl.get_active_configuration_set()
Feb 13 12:31:16 PeriodicExecutionContext TRACE    : PeriodicExecutionContext.get_profile()
Feb 13 12:31:16 PeriodicExecutionContext TRACE    : PeriodicExecutionContext.is_running()
Feb 13 12:31:16 Torque TRACE    : notify_connect()
Feb 13 12:31:16 Torque TRACE    : publishInterfaces()
Feb 13 12:31:16 Torque DEBUG    : ConnectorProfile::properties are as follows.
Feb 13 12:31:16 Torque DEBUG    : - data_type: TimedBooleanSeq
- interface_type: corba_cdr
- dataflow_type: push
- subscription_type: flush
- publisher
  - push_policy: all
- serializer
  - cdr
    - endian: little,big

Feb 13 12:31:16 Torque DEBUG    : dataflow_type = push .... create PushConnector
Feb 13 12:31:16 Torque DEBUG    : interface_type:  corba_cdr
Feb 13 12:31:16 InPortCorbaCdrProvider TRACE    : setInterfaceType(corba_cdr)
Feb 13 12:31:16 Torque DEBUG    : provider created
Feb 13 12:31:16 InPortCorbaCdrProvider TRACE    : publishInterface()
Feb 13 12:31:16 InPortCorbaCdrProvider DEBUG    : dataport.data_type:TimedBooleanSeq
dataport.interface_type:corba_cdr
dataport.dataflow_type:push
dataport.subscription_type:flush
dataport.publisher.push_policy:all
dataport.serializer.cdr.endian:little,big

Feb 13 12:31:16 Torque TRACE    : InPortPushConnector create
Feb 13 12:31:16 Torque PARANOID : connector push backed: 1
Feb 13 12:31:16 Torque DEBUG    : publishInterface() successfully finished.
Feb 13 12:31:16 Torque TRACE    : subscribeInterfaces()
Feb 13 12:31:16 Torque DEBUG    : ConnectorProfile::properties are as follows.
Feb 13 12:31:16 Torque DEBUG    : - data_type: TimedBooleanSeq
- interface_type: corba_cdr
- dataflow_type: push
- subscription_type: flush
- publisher
  - push_policy: all
- serializer
  - cdr
    - endian: little,big
- provider: 
- buffer: 
- corba_cdr
  - inport_ior: IOR:000000000000001a49444c3a4f70656e52544d2f496e506f72744364723a312e30000000000000010000000000000082000102000000000a3132372e302e312e3100cff300000031afabcb000000002074c3878400000001000000000000000100000008526f6f74504f410000000008000000100000000014000000000000020000000100000020000000000001000100000002050100010001002000010109000000010001010000000026000000020002
  - inport_ref: IOR:000000000000001a49444c3a4f70656e52544d2f496e506f72744364723a312e30000000000000010000000000000082000102000000000a3132372e302e312e3100cff300000031afabcb000000002074c3878400000001000000000000000100000008526f6f74504f410000000008000000100000000014000000000000020000000100000020000000000001000100000002050100010001002000010109000000010001010000000026000000020002

Feb 13 12:31:16 Torque TRACE    : Little Endian = true
Feb 13 12:31:16 Torque DEBUG    : dataflow_type is push.
Feb 13 12:31:16 Torque TRACE    : getConnectorById(id = 24bba60f-47bb-4bd6-9883-84cf6eb59eeb)
Feb 13 12:31:16 InPortConnector TRACE    : profile()
Feb 13 12:31:16 InPortConnector TRACE    : id() = 24bba60f-47bb-4bd6-9883-84cf6eb59eeb
Feb 13 12:31:16 InPortConnector TRACE    : profile()
Feb 13 12:31:16 Torque DEBUG    : subscribeInterfaces() successfully finished.
Feb 13 12:31:16 Torque PARANOID : 0 connectors are existing.
Feb 13 12:31:16 Torque PARANOID : New connector_id. Push backed.
Feb 13 12:31:16 Manager VERBOSE  : Manager.cleanupComponents()
Feb 13 12:31:16 Manager VERBOSE  : 0 components are marked as finalized.
Feb 13 12:31:17 RTObject_impl TRACE    : RTObject_impl.get_component_profile()
Feb 13 12:31:17 Torque TRACE    : get_port_profile()
Feb 13 12:31:17 Move TRACE    : get_port_profile()
Feb 13 12:31:17 Time TRACE    : get_port_profile()
Feb 13 12:31:17 Angle TRACE    : get_port_profile()
Feb 13 12:31:17 Load TRACE    : get_port_profile()
Feb 13 12:31:17 Speed TRACE    : get_port_profile()
Feb 13 12:31:17 Temperature TRACE    : get_port_profile()
Feb 13 12:31:17 Voltage TRACE    : get_port_profile()
Feb 13 12:31:17 RTObject_impl TRACE    : RTObject_impl.get_owned_contexts()
Feb 13 12:31:17 RTObject_impl TRACE    : RTObject_impl.get_participating_contexts()
Feb 13 12:31:17 PeriodicExecutionContext TRACE    : PeriodicExecutionContext.get_component_state()
Feb 13 12:31:17 PeriodicExecutionContext TRACE    : PeriodicExecutionContext.is_running()
Feb 13 12:31:17 Configuration_impl TRACE    : Configuration_impl.get_configuration_sets()
Feb 13 12:31:17 Configuration_impl TRACE    : Configuration_impl.get_active_configuration_set()
Feb 13 12:31:17 PeriodicExecutionContext TRACE    : PeriodicExecutionContext.get_profile()
Feb 13 12:31:17 PeriodicExecutionContext TRACE    : PeriodicExecutionContext.is_running()
Feb 13 12:31:17 Manager VERBOSE  : Manager.cleanupComponents()
Feb 13 12:31:17 Manager VERBOSE  : 0 components are marked as finalized.
Feb 13 12:31:18 RTObject_impl TRACE    : RTObject_impl.get_component_profile()
Feb 13 12:31:18 Torque TRACE    : get_port_profile()
Feb 13 12:31:18 Move TRACE    : get_port_profile()
Feb 13 12:31:18 Time TRACE    : get_port_profile()
Feb 13 12:31:18 Angle TRACE    : get_port_profile()
Feb 13 12:31:18 Load TRACE    : get_port_profile()
Feb 13 12:31:18 Speed TRACE    : get_port_profile()
Feb 13 12:31:18 Temperature TRACE    : get_port_profile()
Feb 13 12:31:18 Voltage TRACE    : get_port_profile()
Feb 13 12:31:18 RTObject_impl TRACE    : RTObject_impl.get_owned_contexts()
Feb 13 12:31:18 RTObject_impl TRACE    : RTObject_impl.get_participating_contexts()
Feb 13 12:31:18 PeriodicExecutionContext TRACE    : PeriodicExecutionContext.get_component_state()
Feb 13 12:31:18 PeriodicExecutionContext TRACE    : PeriodicExecutionContext.is_running()
Feb 13 12:31:18 Configuration_impl TRACE    : Configuration_impl.get_configuration_sets()
Feb 13 12:31:18 Configuration_impl TRACE    : Configuration_impl.get_active_configuration_set()
Feb 13 12:31:18 PeriodicExecutionContext TRACE    : PeriodicExecutionContext.get_profile()
Feb 13 12:31:18 PeriodicExecutionContext TRACE    : PeriodicExecutionContext.is_running()
Feb 13 12:31:18 Manager VERBOSE  : Manager.cleanupComponents()
Feb 13 12:31:18 Manager VERBOSE  : 0 components are marked as finalized.
Feb 13 12:31:19 Move TRACE    : notify_connect()
Feb 13 12:31:19 Move TRACE    : publishInterfaces()
Feb 13 12:31:19 Move DEBUG    : ConnectorProfile::properties are as follows.
Feb 13 12:31:19 Move DEBUG    : - data_type: TimedLongSeq
- interface_type: corba_cdr
- dataflow_type: push
- subscription_type: flush
- publisher
  - push_policy: all
- serializer
  - cdr
    - endian: little,big

Feb 13 12:31:19 Move DEBUG    : dataflow_type = push .... create PushConnector
Feb 13 12:31:19 Move DEBUG    : interface_type:  corba_cdr
Feb 13 12:31:19 InPortCorbaCdrProvider TRACE    : setInterfaceType(corba_cdr)
Feb 13 12:31:19 Move DEBUG    : provider created
Feb 13 12:31:19 InPortCorbaCdrProvider TRACE    : publishInterface()
Feb 13 12:31:19 InPortCorbaCdrProvider DEBUG    : dataport.data_type:TimedLongSeq
dataport.interface_type:corba_cdr
dataport.dataflow_type:push
dataport.subscription_type:flush
dataport.publisher.push_policy:all
dataport.serializer.cdr.endian:little,big

Feb 13 12:31:19 Move TRACE    : InPortPushConnector create
Feb 13 12:31:19 Move PARANOID : connector push backed: 1
Feb 13 12:31:19 Move DEBUG    : publishInterface() successfully finished.
Feb 13 12:31:19 Move TRACE    : subscribeInterfaces()
Feb 13 12:31:19 Move DEBUG    : ConnectorProfile::properties are as follows.
Feb 13 12:31:19 Move DEBUG    : - data_type: TimedLongSeq
- interface_type: corba_cdr
- dataflow_type: push
- subscription_type: flush
- publisher
  - push_policy: all
- serializer
  - cdr
    - endian: little,big
- provider: 
- buffer: 
- corba_cdr
  - inport_ior: IOR:000000000000001a49444c3a4f70656e52544d2f496e506f72744364723a312e30000000000000010000000000000082000102000000000a3132372e302e312e3100cff300000031afabcb000000002074c3878400000001000000000000000100000008526f6f74504f410000000008000000110000000014000000000000020000000100000020000000000001000100000002050100010001002000010109000000010001010000000026000000020002
  - inport_ref: IOR:000000000000001a49444c3a4f70656e52544d2f496e506f72744364723a312e30000000000000010000000000000082000102000000000a3132372e302e312e3100cff300000031afabcb000000002074c3878400000001000000000000000100000008526f6f74504f410000000008000000110000000014000000000000020000000100000020000000000001000100000002050100010001002000010109000000010001010000000026000000020002

Feb 13 12:31:19 Move TRACE    : Little Endian = true
Feb 13 12:31:19 Move DEBUG    : dataflow_type is push.
Feb 13 12:31:19 Move TRACE    : getConnectorById(id = 484daadb-d8ee-4e8d-9fcc-ebf310a360ca)
Feb 13 12:31:19 InPortConnector TRACE    : profile()
Feb 13 12:31:19 InPortConnector TRACE    : id() = 484daadb-d8ee-4e8d-9fcc-ebf310a360ca
Feb 13 12:31:19 InPortConnector TRACE    : profile()
Feb 13 12:31:19 Move DEBUG    : subscribeInterfaces() successfully finished.
Feb 13 12:31:19 Move PARANOID : 0 connectors are existing.
Feb 13 12:31:19 Move PARANOID : New connector_id. Push backed.
Feb 13 12:31:19 RTObject_impl TRACE    : RTObject_impl.get_component_profile()
Feb 13 12:31:19 Torque TRACE    : get_port_profile()
Feb 13 12:31:19 Move TRACE    : get_port_profile()
Feb 13 12:31:19 Time TRACE    : get_port_profile()
Feb 13 12:31:19 Angle TRACE    : get_port_profile()
Feb 13 12:31:19 Load TRACE    : get_port_profile()
Feb 13 12:31:19 Speed TRACE    : get_port_profile()
Feb 13 12:31:19 Temperature TRACE    : get_port_profile()
Feb 13 12:31:19 Voltage TRACE    : get_port_profile()
Feb 13 12:31:19 RTObject_impl TRACE    : RTObject_impl.get_owned_contexts()
Feb 13 12:31:19 RTObject_impl TRACE    : RTObject_impl.get_participating_contexts()
Feb 13 12:31:19 PeriodicExecutionContext TRACE    : PeriodicExecutionContext.get_component_state()
Feb 13 12:31:19 PeriodicExecutionContext TRACE    : PeriodicExecutionContext.is_running()
Feb 13 12:31:19 Configuration_impl TRACE    : Configuration_impl.get_configuration_sets()
Feb 13 12:31:19 Configuration_impl TRACE    : Configuration_impl.get_active_configuration_set()
Feb 13 12:31:19 PeriodicExecutionContext TRACE    : PeriodicExecutionContext.get_profile()
Feb 13 12:31:19 PeriodicExecutionContext TRACE    : PeriodicExecutionContext.is_running()
Feb 13 12:31:19 Manager VERBOSE  : Manager.cleanupComponents()
Feb 13 12:31:19 Manager VERBOSE  : 0 components are marked as finalized.
Feb 13 12:31:20 RTObject_impl TRACE    : RTObject_impl.get_component_profile()
Feb 13 12:31:20 Torque TRACE    : get_port_profile()
Feb 13 12:31:20 Move TRACE    : get_port_profile()
Feb 13 12:31:20 Time TRACE    : get_port_profile()
Feb 13 12:31:20 Angle TRACE    : get_port_profile()
Feb 13 12:31:20 Load TRACE    : get_port_profile()
Feb 13 12:31:20 Speed TRACE    : get_port_profile()
Feb 13 12:31:20 Temperature TRACE    : get_port_profile()
Feb 13 12:31:20 Voltage TRACE    : get_port_profile()
Feb 13 12:31:20 RTObject_impl TRACE    : RTObject_impl.get_owned_contexts()
Feb 13 12:31:20 RTObject_impl TRACE    : RTObject_impl.get_participating_contexts()
Feb 13 12:31:20 PeriodicExecutionContext TRACE    : PeriodicExecutionContext.get_component_state()
Feb 13 12:31:20 PeriodicExecutionContext TRACE    : PeriodicExecutionContext.is_running()
Feb 13 12:31:20 Configuration_impl TRACE    : Configuration_impl.get_configuration_sets()
Feb 13 12:31:20 Configuration_impl TRACE    : Configuration_impl.get_active_configuration_set()
Feb 13 12:31:20 PeriodicExecutionContext TRACE    : PeriodicExecutionContext.get_profile()
Feb 13 12:31:20 PeriodicExecutionContext TRACE    : PeriodicExecutionContext.is_running()
Feb 13 12:31:20 PeriodicExecutionContext TRACE    : PeriodicExecutionContext.activate_component()
Feb 13 12:31:20 RTObject_impl TRACE    : RTObject_impl.on_activated(0)
Feb 13 12:31:20 RTObject_impl TRACE    : RTObject_impl.onActivated(0)
Feb 13 12:31:20 Torque TRACE    : activateInterfaces()
Feb 13 12:31:20 InPortConnector TRACE    : profile()
Feb 13 12:31:20 InPortConnector TRACE    : name() = RS40XCB_ARM_TEST0.Torque_RS40XCB_ARM0.Torque
Feb 13 12:31:20 InPortConnector TRACE    : profile()
Feb 13 12:31:20 InPortConnector TRACE    : profile()
Feb 13 12:31:20 InPortConnector TRACE    : id() = 24bba60f-47bb-4bd6-9883-84cf6eb59eeb
Feb 13 12:31:20 InPortConnector TRACE    : profile()
Feb 13 12:31:20 Torque DEBUG    : activate connector: RS40XCB_ARM_TEST0.Torque_RS40XCB_ARM0.Torque 24bba60f-47bb-4bd6-9883-84cf6eb59eeb
Feb 13 12:31:20 Move TRACE    : activateInterfaces()
Feb 13 12:31:20 InPortConnector TRACE    : profile()
Feb 13 12:31:20 InPortConnector TRACE    : name() = RS40XCB_ARM_TEST0.Move_RS40XCB_ARM0.Move
Feb 13 12:31:20 InPortConnector TRACE    : profile()
Feb 13 12:31:20 InPortConnector TRACE    : profile()
Feb 13 12:31:20 InPortConnector TRACE    : id() = 484daadb-d8ee-4e8d-9fcc-ebf310a360ca
Feb 13 12:31:20 InPortConnector TRACE    : profile()
Feb 13 12:31:20 Move DEBUG    : activate connector: RS40XCB_ARM_TEST0.Move_RS40XCB_ARM0.Move 484daadb-d8ee-4e8d-9fcc-ebf310a360ca
Feb 13 12:31:20 Time TRACE    : activateInterfaces()
Feb 13 12:31:20 RTObject_impl TRACE    : RTObject_impl.on_execute(0)
Feb 13 12:31:20 Torque TRACE    : isNew()
Feb 13 12:31:20 Torque DEBUG    : isNew() = false, no readable data
Feb 13 12:31:20 Time TRACE    : isNew()
Feb 13 12:31:20 Time DEBUG    : no connectors
Feb 13 12:31:20 Move TRACE    : isNew()
Feb 13 12:31:20 Move DEBUG    : isNew() = false, no readable data
Feb 13 12:31:20 RTObject_impl TRACE    : RTObject_impl.on_deactivated(0)
Feb 13 12:31:20 Torque TRACE    : deactivateInterfaces()
Feb 13 12:31:20 InPortConnector TRACE    : profile()
Feb 13 12:31:20 InPortConnector TRACE    : name() = RS40XCB_ARM_TEST0.Torque_RS40XCB_ARM0.Torque
Feb 13 12:31:20 InPortConnector TRACE    : profile()
Feb 13 12:31:20 InPortConnector TRACE    : profile()
Feb 13 12:31:20 InPortConnector TRACE    : id() = 24bba60f-47bb-4bd6-9883-84cf6eb59eeb
Feb 13 12:31:20 InPortConnector TRACE    : profile()
Feb 13 12:31:20 Torque DEBUG    : deactivate connector: RS40XCB_ARM_TEST0.Torque_RS40XCB_ARM0.Torque 24bba60f-47bb-4bd6-9883-84cf6eb59eeb
Feb 13 12:31:20 Move TRACE    : deactivateInterfaces()
Feb 13 12:31:20 InPortConnector TRACE    : profile()
Feb 13 12:31:20 InPortConnector TRACE    : name() = RS40XCB_ARM_TEST0.Move_RS40XCB_ARM0.Move
Feb 13 12:31:20 InPortConnector TRACE    : profile()
Feb 13 12:31:20 InPortConnector TRACE    : profile()
Feb 13 12:31:20 InPortConnector TRACE    : id() = 484daadb-d8ee-4e8d-9fcc-ebf310a360ca
Feb 13 12:31:20 InPortConnector TRACE    : profile()
Feb 13 12:31:20 Move DEBUG    : deactivate connector: RS40XCB_ARM_TEST0.Move_RS40XCB_ARM0.Move 484daadb-d8ee-4e8d-9fcc-ebf310a360ca
Feb 13 12:31:20 Time TRACE    : deactivateInterfaces()
Feb 13 12:31:20 RTObject_impl TRACE    : RTObject_impl.onDeactivated(0)
Feb 13 12:31:20 RTObject_impl TRACE    : RTObject_impl.on_aborting(0)
Feb 13 12:31:20 RTObject_impl TRACE    : RTObject_impl.onAborting(0)
Feb 13 12:31:20 RTObject_impl TRACE    : RTObject_impl.on_error(0)
Feb 13 12:31:20 RTObject_impl TRACE    : RTObject_impl.onError(0)
Feb 13 12:31:20 Manager VERBOSE  : Manager.cleanupComponents()
Feb 13 12:31:20 Manager VERBOSE  : 0 components are marked as finalized.
Feb 13 12:31:20 RTObject_impl TRACE    : RTObject_impl.on_error(0)
Feb 13 12:31:20 RTObject_impl TRACE    : RTObject_impl.onError(0)
Feb 13 12:31:20 RTObject_impl TRACE    : RTObject_impl.on_error(0)
Feb 13 12:31:20 RTObject_impl TRACE    : RTObject_impl.onError(0)
Feb 13 12:31:20 RTObject_impl TRACE    : RTObject_impl.on_error(0)
Feb 13 12:31:20 RTObject_impl TRACE    : RTObject_impl.onError(0)
Feb 13 12:31:20 RTObject_impl TRACE    : RTObject_impl.on_error(0)
Feb 13 12:31:20 RTObject_impl TRACE    : RTObject_impl.onError(0)
Feb 13 12:31:20 RTObject_impl TRACE    : RTObject_impl.on_error(0)
Feb 13 12:31:20 RTObject_impl TRACE    : RTObject_impl.onError(0)
Feb 13 12:31:20 RTObject_impl TRACE    : RTObject_impl.on_error(0)
Feb 13 12:31:20 RTObject_impl TRACE    : RTObject_impl.onError(0)
Feb 13 12:31:20 RTObject_impl TRACE    : RTObject_impl.on_error(0)
Feb 13 12:31:20 RTObject_impl TRACE    : RTObject_impl.onError(0)
Feb 13 12:31:20 RTObject_impl TRACE    : RTObject_impl.on_error(0)
Feb 13 12:31:20 RTObject_impl TRACE    : RTObject_impl.onError(0)
Feb 13 12:31:21 RTObject_impl TRACE    : RTObject_impl.on_error(0)
Feb 13 12:31:21 RTObject_impl TRACE    : RTObject_impl.onError(0)
Feb 13 12:31:21 RTObject_impl TRACE    : RTObject_impl.on_error(0)
Feb 13 12:31:21 RTObject_impl TRACE    : RTObject_impl.onError(0)
Feb 13 12:31:21 RTObject_impl TRACE    : RTObject_impl.on_error(0)
Feb 13 12:31:21 RTObject_impl TRACE    : RTObject_impl.onError(0)
Feb 13 12:31:21 RTObject_impl TRACE    : RTObject_impl.on_error(0)
Feb 13 12:31:21 RTObject_impl TRACE    : RTObject_impl.onError(0)
Feb 13 12:31:21 RTObject_impl TRACE    : RTObject_impl.on_error(0)
Feb 13 12:31:21 RTObject_impl TRACE    : RTObject_impl.onError(0)
Feb 13 12:31:21 RTObject_impl TRACE    : RTObject_impl.on_error(0)
Feb 13 12:31:21 RTObject_impl TRACE    : RTObject_impl.onError(0)
Feb 13 12:31:21 RTObject_impl TRACE    : RTObject_impl.on_error(0)
Feb 13 12:31:21 RTObject_impl TRACE    : RTObject_impl.onError(0)
Feb 13 12:31:21 RTObject_impl TRACE    : RTObject_impl.on_error(0)
Feb 13 12:31:21 RTObject_impl TRACE    : RTObject_impl.onError(0)
Feb 13 12:31:21 RTObject_impl TRACE    : RTObject_impl.on_error(0)
Feb 13 12:31:21 RTObject_impl TRACE    : RTObject_impl.onError(0)
Feb 13 12:31:21 RTObject_impl TRACE    : RTObject_impl.on_error(0)
Feb 13 12:31:21 RTObject_impl TRACE    : RTObject_impl.onError(0)
Feb 13 12:31:21 RTObject_impl TRACE    : RTObject_impl.get_component_profile()
Feb 13 12:31:21 Torque TRACE    : get_port_profile()
Feb 13 12:31:21 Move TRACE    : get_port_profile()
Feb 13 12:31:21 Time TRACE    : get_port_profile()
Feb 13 12:31:21 Angle TRACE    : get_port_profile()
Feb 13 12:31:21 Load TRACE    : get_port_profile()
Feb 13 12:31:21 RTObject_impl TRACE    : RTObject_impl.on_error(0)
Feb 13 12:31:21 RTObject_impl TRACE    : RTObject_impl.onError(0)
Feb 13 12:31:21 Speed TRACE    : get_port_profile()
Feb 13 12:31:21 Temperature TRACE    : get_port_profile()
Feb 13 12:31:21 Voltage TRACE    : get_port_profile()
Feb 13 12:31:21 RTObject_impl TRACE    : RTObject_impl.get_owned_contexts()
Feb 13 12:31:21 RTObject_impl TRACE    : RTObject_impl.get_participating_contexts()
Feb 13 12:31:21 PeriodicExecutionContext TRACE    : PeriodicExecutionContext.get_component_state()
Feb 13 12:31:21 PeriodicExecutionContext TRACE    : PeriodicExecutionContext.is_running()
Feb 13 12:31:21 Configuration_impl TRACE    : Configuration_impl.get_configuration_sets()
Feb 13 12:31:21 Configuration_impl TRACE    : Configuration_impl.get_active_configuration_set()
Feb 13 12:31:21 PeriodicExecutionContext TRACE    : PeriodicExecutionContext.get_profile()
Feb 13 12:31:21 PeriodicExecutionContext TRACE    : PeriodicExecutionContext.is_running()
Feb 13 12:31:21 RTObject_impl TRACE    : RTObject_impl.on_error(0)
Feb 13 12:31:21 RTObject_impl TRACE    : RTObject_impl.onError(0)
Feb 13 12:31:21 RTObject_impl TRACE    : RTObject_impl.on_error(0)
Feb 13 12:31:21 RTObject_impl TRACE    : RTObject_impl.onError(0)
Feb 13 12:31:21 RTObject_impl TRACE    : RTObject_impl.on_error(0)
Feb 13 12:31:21 RTObject_impl TRACE    : RTObject_impl.onError(0)
Feb 13 12:31:21 RTObject_impl TRACE    : RTObject_impl.on_error(0)
Feb 13 12:31:21 RTObject_impl TRACE    : RTObject_impl.onError(0)
Feb 13 12:31:21 RTObject_impl TRACE    : RTObject_impl.on_error(0)
Feb 13 12:31:21 RTObject_impl TRACE    : RTObject_impl.onError(0)
Feb 13 12:31:21 RTObject_impl TRACE    : RTObject_impl.on_error(0)
Feb 13 12:31:21 RTObject_impl TRACE    : RTObject_impl.onError(0)
Feb 13 12:31:21 RTObject_impl TRACE    : RTObject_impl.on_error(0)
Feb 13 12:31:21 RTObject_impl TRACE    : RTObject_impl.onError(0)
Feb 13 12:31:21 RTObject_impl TRACE    : RTObject_impl.on_error(0)
Feb 13 12:31:21 RTObject_impl TRACE    : RTObject_impl.onError(0)
Feb 13 12:31:21 RTObject_impl TRACE    : RTObject_impl.on_error(0)
Feb 13 12:31:21 RTObject_impl TRACE    : RTObject_impl.onError(0)
Feb 13 12:31:21 RTObject_impl TRACE    : RTObject_impl.on_error(0)
Feb 13 12:31:21 RTObject_impl TRACE    : RTObject_impl.onError(0)
Feb 13 12:31:21 Manager VERBOSE  : Manager.cleanupComponents()
Feb 13 12:31:21 Manager VERBOSE  : 0 components are marked as finalized.
Feb 13 12:31:21 RTObject_impl TRACE    : RTObject_impl.on_error(0)
Feb 13 12:31:21 RTObject_impl TRACE    : RTObject_impl.onError(0)
Feb 13 12:31:21 RTObject_impl TRACE    : RTObject_impl.on_error(0)
Feb 13 12:31:21 RTObject_impl TRACE    : RTObject_impl.onError(0)
Feb 13 12:31:21 RTObject_impl TRACE    : RTObject_impl.on_error(0)
Feb 13 12:31:21 RTObject_impl TRACE    : RTObject_impl.onError(0)
Feb 13 12:31:21 RTObject_impl TRACE    : RTObject_impl.on_error(0)
Feb 13 12:31:21 RTObject_impl TRACE    : RTObject_impl.onError(0)
Feb 13 12:31:21 RTObject_impl TRACE    : RTObject_impl.on_error(0)
Feb 13 12:31:21 RTObject_impl TRACE    : RTObject_impl.onError(0)
Feb 13 12:31:21 RTObject_impl TRACE    : RTObject_impl.on_error(0)
Feb 13 12:31:21 RTObject_impl TRACE    : RTObject_impl.onError(0)
Feb 13 12:31:21 RTObject_impl TRACE    : RTObject_impl.on_error(0)
Feb 13 12:31:21 RTObject_impl TRACE    : RTObject_impl.onError(0)
Feb 13 12:31:21 RTObject_impl TRACE    : RTObject_impl.on_error(0)
Feb 13 12:31:21 RTObject_impl TRACE    : RTObject_impl.onError(0)
Feb 13 12:31:22 RTObject_impl TRACE    : RTObject_impl.on_error(0)
Feb 13 12:31:22 RTObject_impl TRACE    : RTObject_impl.onError(0)
Feb 13 12:31:22 RTObject_impl TRACE    : RTObject_impl.on_error(0)
Feb 13 12:31:22 RTObject_impl TRACE    : RTObject_impl.onError(0)
Feb 13 12:31:22 RTObject_impl TRACE    : RTObject_impl.on_error(0)
Feb 13 12:31:22 RTObject_impl TRACE    : RTObject_impl.onError(0)
Feb 13 12:31:22 RTObject_impl TRACE    : RTObject_impl.on_error(0)
Feb 13 12:31:22 RTObject_impl TRACE    : RTObject_impl.onError(0)
Feb 13 12:31:22 RTObject_impl TRACE    : RTObject_impl.on_error(0)
Feb 13 12:31:22 RTObject_impl TRACE    : RTObject_impl.onError(0)
Feb 13 12:31:22 RTObject_impl TRACE    : RTObject_impl.on_error(0)
Feb 13 12:31:22 RTObject_impl TRACE    : RTObject_impl.onError(0)
Feb 13 12:31:22 RTObject_impl TRACE    : RTObject_impl.on_error(0)
Feb 13 12:31:22 RTObject_impl TRACE    : RTObject_impl.onError(0)
Feb 13 12:31:22 RTObject_impl TRACE    : RTObject_impl.on_error(0)
Feb 13 12:31:22 RTObject_impl TRACE    : RTObject_impl.onError(0)
Feb 13 12:31:22 RTObject_impl TRACE    : RTObject_impl.on_error(0)
Feb 13 12:31:22 RTObject_impl TRACE    : RTObject_impl.onError(0)
Feb 13 12:31:22 RTObject_impl TRACE    : RTObject_impl.get_component_profile()
Feb 13 12:31:22 Torque TRACE    : get_port_profile()
Feb 13 12:31:22 Move TRACE    : get_port_profile()
Feb 13 12:31:22 Time TRACE    : get_port_profile()
Feb 13 12:31:22 Angle TRACE    : get_port_profile()
Feb 13 12:31:22 Load TRACE    : get_port_profile()
Feb 13 12:31:22 Speed TRACE    : get_port_profile()
Feb 13 12:31:22 Temperature TRACE    : get_port_profile()
Feb 13 12:31:22 Voltage TRACE    : get_port_profile()
Feb 13 12:31:22 RTObject_impl TRACE    : RTObject_impl.get_owned_contexts()
Feb 13 12:31:22 RTObject_impl TRACE    : RTObject_impl.on_error(0)
Feb 13 12:31:22 RTObject_impl TRACE    : RTObject_impl.onError(0)
Feb 13 12:31:22 RTObject_impl TRACE    : RTObject_impl.get_participating_contexts()
Feb 13 12:31:22 PeriodicExecutionContext TRACE    : PeriodicExecutionContext.get_component_state()
Feb 13 12:31:22 PeriodicExecutionContext TRACE    : PeriodicExecutionContext.is_running()
Feb 13 12:31:22 Configuration_impl TRACE    : Configuration_impl.get_configuration_sets()
Feb 13 12:31:22 Configuration_impl TRACE    : Configuration_impl.get_active_configuration_set()
Feb 13 12:31:22 PeriodicExecutionContext TRACE    : PeriodicExecutionContext.get_profile()
Feb 13 12:31:22 PeriodicExecutionContext TRACE    : PeriodicExecutionContext.is_running()
Feb 13 12:31:22 RTObject_impl TRACE    : RTObject_impl.on_error(0)
Feb 13 12:31:22 RTObject_impl TRACE    : RTObject_impl.onError(0)
Feb 13 12:31:22 RTObject_impl TRACE    : RTObject_impl.on_error(0)
Feb 13 12:31:22 RTObject_impl TRACE    : RTObject_impl.onError(0)
Feb 13 12:31:22 RTObject_impl TRACE    : RTObject_impl.on_error(0)
Feb 13 12:31:22 RTObject_impl TRACE    : RTObject_impl.onError(0)
Feb 13 12:31:22 RTObject_impl TRACE    : RTObject_impl.on_error(0)
Feb 13 12:31:22 RTObject_impl TRACE    : RTObject_impl.onError(0)
Feb 13 12:31:22 RTObject_impl TRACE    : RTObject_impl.on_error(0)
Feb 13 12:31:22 RTObject_impl TRACE    : RTObject_impl.onError(0)
Feb 13 12:31:22 RTObject_impl TRACE    : RTObject_impl.on_error(0)
Feb 13 12:31:22 RTObject_impl TRACE    : RTObject_impl.onError(0)
Feb 13 12:31:22 RTObject_impl TRACE    : RTObject_impl.on_error(0)
Feb 13 12:31:22 RTObject_impl TRACE    : RTObject_impl.onError(0)
Feb 13 12:31:22 RTObject_impl TRACE    : RTObject_impl.on_error(0)
Feb 13 12:31:22 RTObject_impl TRACE    : RTObject_impl.onError(0)
Feb 13 12:31:22 RTObject_impl TRACE    : RTObject_impl.on_error(0)
Feb 13 12:31:22 RTObject_impl TRACE    : RTObject_impl.onError(0)
Feb 13 12:31:22 RTObject_impl TRACE    : RTObject_impl.on_error(0)
Feb 13 12:31:22 RTObject_impl TRACE    : RTObject_impl.onError(0)
Feb 13 12:31:22 RTObject_impl TRACE    : RTObject_impl.on_error(0)
Feb 13 12:31:22 RTObject_impl TRACE    : RTObject_impl.onError(0)
Feb 13 12:31:22 Manager VERBOSE  : Manager.cleanupComponents()
Feb 13 12:31:22 Manager VERBOSE  : 0 components are marked as finalized.
Feb 13 12:31:22 RTObject_impl TRACE    : RTObject_impl.on_error(0)
Feb 13 12:31:22 RTObject_impl TRACE    : RTObject_impl.onError(0)
Feb 13 12:31:22 RTObject_impl TRACE    : RTObject_impl.on_error(0)
Feb 13 12:31:22 RTObject_impl TRACE    : RTObject_impl.onError(0)
Feb 13 12:31:22 RTObject_impl TRACE    : RTObject_impl.on_error(0)
Feb 13 12:31:22 RTObject_impl TRACE    : RTObject_impl.onError(0)
Feb 13 12:31:22 RTObject_impl TRACE    : RTObject_impl.on_error(0)
Feb 13 12:31:22 RTObject_impl TRACE    : RTObject_impl.onError(0)
Feb 13 12:31:22 RTObject_impl TRACE    : RTObject_impl.on_error(0)
Feb 13 12:31:22 RTObject_impl TRACE    : RTObject_impl.onError(0)
Feb 13 12:31:22 RTObject_impl TRACE    : RTObject_impl.on_error(0)
Feb 13 12:31:22 RTObject_impl TRACE    : RTObject_impl.onError(0)
Feb 13 12:31:22 RTObject_impl TRACE    : RTObject_impl.on_error(0)
Feb 13 12:31:22 RTObject_impl TRACE    : RTObject_impl.onError(0)
Feb 13 12:31:22 RTObject_impl TRACE    : RTObject_impl.on_error(0)
Feb 13 12:31:23 RTObject_impl TRACE    : RTObject_impl.onError(0)
Feb 13 12:31:23 RTObject_impl TRACE    : RTObject_impl.on_error(0)
Feb 13 12:31:23 RTObject_impl TRACE    : RTObject_impl.onError(0)
Feb 13 12:31:23 RTObject_impl TRACE    : RTObject_impl.on_error(0)
Feb 13 12:31:23 RTObject_impl TRACE    : RTObject_impl.onError(0)
Feb 13 12:31:23 RTObject_impl TRACE    : RTObject_impl.on_error(0)
Feb 13 12:31:23 RTObject_impl TRACE    : RTObject_impl.onError(0)
Feb 13 12:31:23 RTObject_impl TRACE    : RTObject_impl.on_error(0)
Feb 13 12:31:23 RTObject_impl TRACE    : RTObject_impl.onError(0)
Feb 13 12:31:23 RTObject_impl TRACE    : RTObject_impl.on_error(0)
Feb 13 12:31:23 RTObject_impl TRACE    : RTObject_impl.onError(0)
Feb 13 12:31:23 RTObject_impl TRACE    : RTObject_impl.on_error(0)
Feb 13 12:31:23 RTObject_impl TRACE    : RTObject_impl.onError(0)
Feb 13 12:31:23 RTObject_impl TRACE    : RTObject_impl.on_error(0)
Feb 13 12:31:23 RTObject_impl TRACE    : RTObject_impl.onError(0)
Feb 13 12:31:23 RTObject_impl TRACE    : RTObject_impl.on_error(0)
Feb 13 12:31:23 RTObject_impl TRACE    : RTObject_impl.onError(0)
Feb 13 12:31:23 RTObject_impl TRACE    : RTObject_impl.on_error(0)
Feb 13 12:31:23 RTObject_impl TRACE    : RTObject_impl.onError(0)
Feb 13 12:31:23 RTObject_impl TRACE    : RTObject_impl.get_component_profile()
Feb 13 12:31:23 Torque TRACE    : get_port_profile()
Feb 13 12:31:23 Move TRACE    : get_port_profile()
Feb 13 12:31:23 RTObject_impl TRACE    : RTObject_impl.on_error(0)
Feb 13 12:31:23 RTObject_impl TRACE    : RTObject_impl.onError(0)
Feb 13 12:31:23 Time TRACE    : get_port_profile()
Feb 13 12:31:23 Angle TRACE    : get_port_profile()
Feb 13 12:31:23 Load TRACE    : get_port_profile()
Feb 13 12:31:23 Speed TRACE    : get_port_profile()
Feb 13 12:31:23 Temperature TRACE    : get_port_profile()
Feb 13 12:31:23 Voltage TRACE    : get_port_profile()
Feb 13 12:31:23 RTObject_impl TRACE    : RTObject_impl.get_owned_contexts()
Feb 13 12:31:23 RTObject_impl TRACE    : RTObject_impl.get_participating_contexts()
Feb 13 12:31:23 PeriodicExecutionContext TRACE    : PeriodicExecutionContext.get_component_state()
Feb 13 12:31:23 PeriodicExecutionContext TRACE    : PeriodicExecutionContext.is_running()
Feb 13 12:31:23 Configuration_impl TRACE    : Configuration_impl.get_configuration_sets()
Feb 13 12:31:23 Configuration_impl TRACE    : Configuration_impl.get_active_configuration_set()
Feb 13 12:31:23 PeriodicExecutionContext TRACE    : PeriodicExecutionContext.get_profile()
Feb 13 12:31:23 PeriodicExecutionContext TRACE    : PeriodicExecutionContext.is_running()
Feb 13 12:31:23 RTObject_impl TRACE    : RTObject_impl.on_error(0)
Feb 13 12:31:23 RTObject_impl TRACE    : RTObject_impl.onError(0)
Feb 13 12:31:23 RTObject_impl TRACE    : RTObject_impl.on_error(0)
Feb 13 12:31:23 RTObject_impl TRACE    : RTObject_impl.onError(0)
Feb 13 12:31:23 RTObject_impl TRACE    : RTObject_impl.on_error(0)
Feb 13 12:31:23 RTObject_impl TRACE    : RTObject_impl.onError(0)
Feb 13 12:31:23 RTObject_impl TRACE    : RTObject_impl.on_error(0)
Feb 13 12:31:23 RTObject_impl TRACE    : RTObject_impl.onError(0)
Feb 13 12:31:23 RTObject_impl TRACE    : RTObject_impl.on_error(0)
Feb 13 12:31:23 RTObject_impl TRACE    : RTObject_impl.onError(0)
Feb 13 12:31:23 RTObject_impl TRACE    : RTObject_impl.on_error(0)
Feb 13 12:31:23 RTObject_impl TRACE    : RTObject_impl.onError(0)
Feb 13 12:31:23 RTObject_impl TRACE    : RTObject_impl.on_error(0)
Feb 13 12:31:23 RTObject_impl TRACE    : RTObject_impl.onError(0)
Feb 13 12:31:23 RTObject_impl TRACE    : RTObject_impl.on_error(0)
Feb 13 12:31:23 RTObject_impl TRACE    : RTObject_impl.onError(0)
Feb 13 12:31:23 RTObject_impl TRACE    : RTObject_impl.on_error(0)
Feb 13 12:31:23 RTObject_impl TRACE    : RTObject_impl.onError(0)
Feb 13 12:31:23 RTObject_impl TRACE    : RTObject_impl.on_error(0)
Feb 13 12:31:23 RTObject_impl TRACE    : RTObject_impl.onError(0)
Feb 13 12:31:23 RTObject_impl TRACE    : RTObject_impl.on_error(0)
Feb 13 12:31:23 RTObject_impl TRACE    : RTObject_impl.onError(0)
Feb 13 12:31:23 Manager VERBOSE  : Manager.cleanupComponents()
Feb 13 12:31:23 Manager VERBOSE  : 0 components are marked as finalized.
Feb 13 12:31:23 RTObject_impl TRACE    : RTObject_impl.on_error(0)
Feb 13 12:31:23 RTObject_impl TRACE    : RTObject_impl.onError(0)
Feb 13 12:31:23 RTObject_impl TRACE    : RTObject_impl.on_error(0)
Feb 13 12:31:23 RTObject_impl TRACE    : RTObject_impl.onError(0)
Feb 13 12:31:23 RTObject_impl TRACE    : RTObject_impl.on_error(0)
Feb 13 12:31:23 RTObject_impl TRACE    : RTObject_impl.onError(0)
Feb 13 12:31:23 RTObject_impl TRACE    : RTObject_impl.on_error(0)
Feb 13 12:31:23 RTObject_impl TRACE    : RTObject_impl.onError(0)
Feb 13 12:31:23 RTObject_impl TRACE    : RTObject_impl.on_error(0)
Feb 13 12:31:23 RTObject_impl TRACE    : RTObject_impl.onError(0)
Feb 13 12:31:23 RTObject_impl TRACE    : RTObject_impl.on_error(0)
Feb 13 12:31:23 RTObject_impl TRACE    : RTObject_impl.onError(0)
Feb 13 12:31:23 RTObject_impl TRACE    : RTObject_impl.on_error(0)
Feb 13 12:31:23 RTObject_impl TRACE    : RTObject_impl.onError(0)
Feb 13 12:31:24 RTObject_impl TRACE    : RTObject_impl.on_error(0)
Feb 13 12:31:24 RTObject_impl TRACE    : RTObject_impl.onError(0)
Feb 13 12:31:24 RTObject_impl TRACE    : RTObject_impl.on_error(0)
Feb 13 12:31:24 RTObject_impl TRACE    : RTObject_impl.onError(0)
Feb 13 12:31:24 RTObject_impl TRACE    : RTObject_impl.on_error(0)
Feb 13 12:31:24 RTObject_impl TRACE    : RTObject_impl.onError(0)
Feb 13 12:31:24 RTObject_impl TRACE    : RTObject_impl.on_error(0)
Feb 13 12:31:24 RTObject_impl TRACE    : RTObject_impl.onError(0)
Feb 13 12:31:24 RTObject_impl TRACE    : RTObject_impl.on_error(0)
Feb 13 12:31:24 RTObject_impl TRACE    : RTObject_impl.onError(0)
Feb 13 12:31:24 RTObject_impl TRACE    : RTObject_impl.on_error(0)
Feb 13 12:31:24 RTObject_impl TRACE    : RTObject_impl.onError(0)
Feb 13 12:31:24 RTObject_impl TRACE    : RTObject_impl.on_error(0)
Feb 13 12:31:24 RTObject_impl TRACE    : RTObject_impl.onError(0)
Feb 13 12:31:24 RTObject_impl TRACE    : RTObject_impl.on_error(0)
Feb 13 12:31:24 RTObject_impl TRACE    : RTObject_impl.onError(0)
Feb 13 12:31:24 RTObject_impl TRACE    : RTObject_impl.on_error(0)
Feb 13 12:31:24 RTObject_impl TRACE    : RTObject_impl.onError(0)
Feb 13 12:31:24 RTObject_impl TRACE    : RTObject_impl.on_error(0)
Feb 13 12:31:24 RTObject_impl TRACE    : RTObject_impl.onError(0)
Feb 13 12:31:24 RTObject_impl TRACE    : RTObject_impl.get_component_profile()
Feb 13 12:31:24 Torque TRACE    : get_port_profile()
Feb 13 12:31:24 RTObject_impl TRACE    : RTObject_impl.on_error(0)
Feb 13 12:31:24 RTObject_impl TRACE    : RTObject_impl.onError(0)
Feb 13 12:31:24 Move TRACE    : get_port_profile()
Feb 13 12:31:24 Time TRACE    : get_port_profile()
Feb 13 12:31:24 Angle TRACE    : get_port_profile()
Feb 13 12:31:24 Load TRACE    : get_port_profile()
Feb 13 12:31:24 Speed TRACE    : get_port_profile()
Feb 13 12:31:24 Temperature TRACE    : get_port_profile()
Feb 13 12:31:24 Voltage TRACE    : get_port_profile()
Feb 13 12:31:24 RTObject_impl TRACE    : RTObject_impl.get_owned_contexts()
Feb 13 12:31:24 RTObject_impl TRACE    : RTObject_impl.get_participating_contexts()
Feb 13 12:31:24 PeriodicExecutionContext TRACE    : PeriodicExecutionContext.get_component_state()
Feb 13 12:31:24 PeriodicExecutionContext TRACE    : PeriodicExecutionContext.is_running()
Feb 13 12:31:24 Configuration_impl TRACE    : Configuration_impl.get_configuration_sets()
Feb 13 12:31:24 Configuration_impl TRACE    : Configuration_impl.get_active_configuration_set()
Feb 13 12:31:24 PeriodicExecutionContext TRACE    : PeriodicExecutionContext.get_profile()
Feb 13 12:31:24 PeriodicExecutionContext TRACE    : PeriodicExecutionContext.is_running()
Feb 13 12:31:24 RTObject_impl TRACE    : RTObject_impl.on_error(0)
Feb 13 12:31:24 RTObject_impl TRACE    : RTObject_impl.onError(0)
Feb 13 12:31:24 RTObject_impl TRACE    : RTObject_impl.on_error(0)
Feb 13 12:31:24 RTObject_impl TRACE    : RTObject_impl.onError(0)
Feb 13 12:31:24 RTObject_impl TRACE    : RTObject_impl.on_error(0)
Feb 13 12:31:24 RTObject_impl TRACE    : RTObject_impl.onError(0)
Feb 13 12:31:24 RTObject_impl TRACE    : RTObject_impl.on_error(0)
Feb 13 12:31:24 RTObject_impl TRACE    : RTObject_impl.onError(0)
Feb 13 12:31:24 RTObject_impl TRACE    : RTObject_impl.on_error(0)
Feb 13 12:31:24 RTObject_impl TRACE    : RTObject_impl.onError(0)
Feb 13 12:31:24 RTObject_impl TRACE    : RTObject_impl.on_error(0)
Feb 13 12:31:24 RTObject_impl TRACE    : RTObject_impl.onError(0)
Feb 13 12:31:24 RTObject_impl TRACE    : RTObject_impl.on_error(0)
Feb 13 12:31:24 RTObject_impl TRACE    : RTObject_impl.onError(0)
Feb 13 12:31:24 RTObject_impl TRACE    : RTObject_impl.on_error(0)
Feb 13 12:31:24 RTObject_impl TRACE    : RTObject_impl.onError(0)
Feb 13 12:31:24 RTObject_impl TRACE    : RTObject_impl.on_error(0)
Feb 13 12:31:24 RTObject_impl TRACE    : RTObject_impl.onError(0)
Feb 13 12:31:24 RTObject_impl TRACE    : RTObject_impl.on_error(0)
Feb 13 12:31:24 RTObject_impl TRACE    : RTObject_impl.onError(0)
Feb 13 12:31:24 RTObject_impl TRACE    : RTObject_impl.on_error(0)
Feb 13 12:31:24 RTObject_impl TRACE    : RTObject_impl.onError(0)
Feb 13 12:31:24 Manager VERBOSE  : Manager.cleanupComponents()
Feb 13 12:31:24 Manager VERBOSE  : 0 components are marked as finalized.
Feb 13 12:31:24 RTObject_impl TRACE    : RTObject_impl.on_error(0)
Feb 13 12:31:24 RTObject_impl TRACE    : RTObject_impl.onError(0)
Feb 13 12:31:24 RTObject_impl TRACE    : RTObject_impl.on_error(0)
Feb 13 12:31:24 RTObject_impl TRACE    : RTObject_impl.onError(0)
Feb 13 12:31:24 RTObject_impl TRACE    : RTObject_impl.on_error(0)
Feb 13 12:31:24 RTObject_impl TRACE    : RTObject_impl.onError(0)
Feb 13 12:31:24 RTObject_impl TRACE    : RTObject_impl.on_error(0)
Feb 13 12:31:24 RTObject_impl TRACE    : RTObject_impl.onError(0)
Feb 13 12:31:24 RTObject_impl TRACE    : RTObject_impl.on_error(0)
Feb 13 12:31:24 RTObject_impl TRACE    : RTObject_impl.onError(0)
Feb 13 12:31:24 RTObject_impl TRACE    : RTObject_impl.on_error(0)
Feb 13 12:31:24 RTObject_impl TRACE    : RTObject_impl.onError(0)
Feb 13 12:31:24 RTObject_impl TRACE    : RTObject_impl.on_error(0)
Feb 13 12:31:24 RTObject_impl TRACE    : RTObject_impl.onError(0)
Feb 13 12:31:25 RTObject_impl TRACE    : RTObject_impl.on_error(0)
Feb 13 12:31:25 RTObject_impl TRACE    : RTObject_impl.onError(0)
Feb 13 12:31:25 RTObject_impl TRACE    : RTObject_impl.on_error(0)
Feb 13 12:31:25 RTObject_impl TRACE    : RTObject_impl.onError(0)
Feb 13 12:31:25 RTObject_impl TRACE    : RTObject_impl.on_error(0)
Feb 13 12:31:25 RTObject_impl TRACE    : RTObject_impl.onError(0)
Feb 13 12:31:25 RTObject_impl TRACE    : RTObject_impl.on_error(0)
Feb 13 12:31:25 RTObject_impl TRACE    : RTObject_impl.onError(0)
Feb 13 12:31:25 RTObject_impl TRACE    : RTObject_impl.on_error(0)
Feb 13 12:31:25 RTObject_impl TRACE    : RTObject_impl.onError(0)
Feb 13 12:31:25 RTObject_impl TRACE    : RTObject_impl.on_error(0)
Feb 13 12:31:25 RTObject_impl TRACE    : RTObject_impl.onError(0)
Feb 13 12:31:25 RTObject_impl TRACE    : RTObject_impl.on_error(0)
Feb 13 12:31:25 RTObject_impl TRACE    : RTObject_impl.onError(0)
Feb 13 12:31:25 RTObject_impl TRACE    : RTObject_impl.on_error(0)
Feb 13 12:31:25 RTObject_impl TRACE    : RTObject_impl.onError(0)
Feb 13 12:31:25 RTObject_impl TRACE    : RTObject_impl.on_error(0)
Feb 13 12:31:25 RTObject_impl TRACE    : RTObject_impl.onError(0)
Feb 13 12:31:25 RTObject_impl TRACE    : RTObject_impl.on_error(0)
Feb 13 12:31:25 RTObject_impl TRACE    : RTObject_impl.onError(0)
Feb 13 12:31:25 RTObject_impl TRACE    : RTObject_impl.get_component_profile()
Feb 13 12:31:25 Torque TRACE    : get_port_profile()
Feb 13 12:31:25 RTObject_impl TRACE    : RTObject_impl.on_error(0)
Feb 13 12:31:25 RTObject_impl TRACE    : RTObject_impl.onError(0)
Feb 13 12:31:25 Move TRACE    : get_port_profile()
Feb 13 12:31:25 Time TRACE    : get_port_profile()
Feb 13 12:31:25 Angle TRACE    : get_port_profile()
Feb 13 12:31:25 Load TRACE    : get_port_profile()
Feb 13 12:31:25 Speed TRACE    : get_port_profile()
Feb 13 12:31:25 Temperature TRACE    : get_port_profile()
Feb 13 12:31:25 Voltage TRACE    : get_port_profile()
Feb 13 12:31:25 RTObject_impl TRACE    : RTObject_impl.get_owned_contexts()
Feb 13 12:31:25 RTObject_impl TRACE    : RTObject_impl.get_participating_contexts()
Feb 13 12:31:25 PeriodicExecutionContext TRACE    : PeriodicExecutionContext.get_component_state()
Feb 13 12:31:25 PeriodicExecutionContext TRACE    : PeriodicExecutionContext.is_running()
Feb 13 12:31:25 Configuration_impl TRACE    : Configuration_impl.get_configuration_sets()
Feb 13 12:31:25 Configuration_impl TRACE    : Configuration_impl.get_active_configuration_set()
Feb 13 12:31:25 RTObject_impl TRACE    : RTObject_impl.on_error(0)
Feb 13 12:31:25 RTObject_impl TRACE    : RTObject_impl.onError(0)
Feb 13 12:31:25 PeriodicExecutionContext TRACE    : PeriodicExecutionContext.get_profile()
Feb 13 12:31:25 PeriodicExecutionContext TRACE    : PeriodicExecutionContext.is_running()
Feb 13 12:31:25 RTObject_impl TRACE    : RTObject_impl.on_error(0)
Feb 13 12:31:25 RTObject_impl TRACE    : RTObject_impl.onError(0)
Feb 13 12:31:25 RTObject_impl TRACE    : RTObject_impl.on_error(0)
Feb 13 12:31:25 RTObject_impl TRACE    : RTObject_impl.onError(0)
Feb 13 12:31:25 RTObject_impl TRACE    : RTObject_impl.on_error(0)
Feb 13 12:31:25 RTObject_impl TRACE    : RTObject_impl.onError(0)
Feb 13 12:31:25 RTObject_impl TRACE    : RTObject_impl.on_error(0)
Feb 13 12:31:25 RTObject_impl TRACE    : RTObject_impl.onError(0)
Feb 13 12:31:25 RTObject_impl TRACE    : RTObject_impl.on_error(0)
Feb 13 12:31:25 RTObject_impl TRACE    : RTObject_impl.onError(0)
Feb 13 12:31:25 RTObject_impl TRACE    : RTObject_impl.on_error(0)
Feb 13 12:31:25 RTObject_impl TRACE    : RTObject_impl.onError(0)
Feb 13 12:31:25 RTObject_impl TRACE    : RTObject_impl.on_error(0)
Feb 13 12:31:25 RTObject_impl TRACE    : RTObject_impl.onError(0)
Feb 13 12:31:25 RTObject_impl TRACE    : RTObject_impl.on_error(0)
Feb 13 12:31:25 RTObject_impl TRACE    : RTObject_impl.onError(0)
Feb 13 12:31:25 RTObject_impl TRACE    : RTObject_impl.on_error(0)
Feb 13 12:31:25 RTObject_impl TRACE    : RTObject_impl.onError(0)
Feb 13 12:31:25 RTObject_impl TRACE    : RTObject_impl.on_error(0)
Feb 13 12:31:25 RTObject_impl TRACE    : RTObject_impl.onError(0)
Feb 13 12:31:25 Manager TRACE    : Manager.shutdownOnNoRtcs()
Feb 13 12:31:25 Manager TRACE    : Manager.getComponents()
Feb 13 12:31:25 Manager VERBOSE  : Manager.cleanupComponents()
Feb 13 12:31:25 Manager VERBOSE  : 0 components are marked as finalized.
Feb 13 12:31:25 RTObject_impl TRACE    : RTObject_impl.on_error(0)
Feb 13 12:31:25 RTObject_impl TRACE    : RTObject_impl.onError(0)
Feb 13 12:31:25 RTObject_impl TRACE    : RTObject_impl.on_error(0)
Feb 13 12:31:25 RTObject_impl TRACE    : RTObject_impl.onError(0)
Feb 13 12:31:25 RTObject_impl TRACE    : RTObject_impl.on_error(0)
Feb 13 12:31:25 RTObject_impl TRACE    : RTObject_impl.onError(0)
Feb 13 12:31:25 NamingManager TRACE    : NamingManager.update()
Feb 13 12:31:25 NamingOnCorba TRACE    : isAlive()
Feb 13 12:31:25 RTObject_impl TRACE    : RTObject_impl.on_error(0)
Feb 13 12:31:25 RTObject_impl TRACE    : RTObject_impl.onError(0)
Feb 13 12:31:25 RTObject_impl TRACE    : RTObject_impl.on_error(0)
Feb 13 12:31:25 RTObject_impl TRACE    : RTObject_impl.onError(0)
Feb 13 12:31:25 RTObject_impl TRACE    : RTObject_impl.on_error(0)
Feb 13 12:31:25 RTObject_impl TRACE    : RTObject_impl.onError(0)
Feb 13 12:31:25 RTObject_impl TRACE    : RTObject_impl.on_error(0)
Feb 13 12:31:25 RTObject_impl TRACE    : RTObject_impl.onError(0)
Feb 13 12:31:26 RTObject_impl TRACE    : RTObject_impl.on_error(0)
Feb 13 12:31:26 RTObject_impl TRACE    : RTObject_impl.onError(0)
Feb 13 12:31:26 RTObject_impl TRACE    : RTObject_impl.on_error(0)
Feb 13 12:31:26 RTObject_impl TRACE    : RTObject_impl.onError(0)
Feb 13 12:31:26 RTObject_impl TRACE    : RTObject_impl.on_error(0)
Feb 13 12:31:26 RTObject_impl TRACE    : RTObject_impl.onError(0)
Feb 13 12:31:26 RTObject_impl TRACE    : RTObject_impl.on_error(0)
Feb 13 12:31:26 RTObject_impl TRACE    : RTObject_impl.onError(0)
Feb 13 12:31:26 RTObject_impl TRACE    : RTObject_impl.on_error(0)
Feb 13 12:31:26 RTObject_impl TRACE    : RTObject_impl.onError(0)
Feb 13 12:31:26 RTObject_impl TRACE    : RTObject_impl.on_error(0)
Feb 13 12:31:26 RTObject_impl TRACE    : RTObject_impl.onError(0)
Feb 13 12:31:26 RTObject_impl TRACE    : RTObject_impl.on_error(0)
Feb 13 12:31:26 RTObject_impl TRACE    : RTObject_impl.onError(0)
Feb 13 12:31:26 RTObject_impl TRACE    : RTObject_impl.on_error(0)
Feb 13 12:31:26 RTObject_impl TRACE    : RTObject_impl.onError(0)
Feb 13 12:31:26 RTObject_impl TRACE    : RTObject_impl.on_error(0)
Feb 13 12:31:26 RTObject_impl TRACE    : RTObject_impl.onError(0)
Feb 13 12:31:26 RTObject_impl TRACE    : RTObject_impl.on_error(0)
Feb 13 12:31:26 RTObject_impl TRACE    : RTObject_impl.onError(0)
Feb 13 12:31:26 RTObject_impl TRACE    : RTObject_impl.get_component_profile()
Feb 13 12:31:26 Torque TRACE    : get_port_profile()
Feb 13 12:31:26 RTObject_impl TRACE    : RTObject_impl.on_error(0)
Feb 13 12:31:26 RTObject_impl TRACE    : RTObject_impl.onError(0)
Feb 13 12:31:26 Move TRACE    : get_port_profile()
Feb 13 12:31:26 Time TRACE    : get_port_profile()
Feb 13 12:31:26 Angle TRACE    : get_port_profile()
Feb 13 12:31:26 Load TRACE    : get_port_profile()
Feb 13 12:31:26 Speed TRACE    : get_port_profile()
Feb 13 12:31:26 Temperature TRACE    : get_port_profile()
Feb 13 12:31:26 Voltage TRACE    : get_port_profile()
Feb 13 12:31:26 RTObject_impl TRACE    : RTObject_impl.get_owned_contexts()
Feb 13 12:31:26 RTObject_impl TRACE    : RTObject_impl.get_participating_contexts()
Feb 13 12:31:26 PeriodicExecutionContext TRACE    : PeriodicExecutionContext.get_component_state()
Feb 13 12:31:26 PeriodicExecutionContext TRACE    : PeriodicExecutionContext.is_running()
Feb 13 12:31:26 Configuration_impl TRACE    : Configuration_impl.get_configuration_sets()
Feb 13 12:31:26 Configuration_impl TRACE    : Configuration_impl.get_active_configuration_set()
Feb 13 12:31:26 PeriodicExecutionContext TRACE    : PeriodicExecutionContext.get_profile()
Feb 13 12:31:26 PeriodicExecutionContext TRACE    : PeriodicExecutionContext.is_running()
Feb 13 12:31:26 RTObject_impl TRACE    : RTObject_impl.on_error(0)
Feb 13 12:31:26 RTObject_impl TRACE    : RTObject_impl.onError(0)
Feb 13 12:31:26 RTObject_impl TRACE    : RTObject_impl.on_error(0)
Feb 13 12:31:26 RTObject_impl TRACE    : RTObject_impl.onError(0)
Feb 13 12:31:26 RTObject_impl TRACE    : RTObject_impl.on_error(0)
Feb 13 12:31:26 RTObject_impl TRACE    : RTObject_impl.onError(0)
Feb 13 12:31:26 RTObject_impl TRACE    : RTObject_impl.on_error(0)
Feb 13 12:31:26 RTObject_impl TRACE    : RTObject_impl.onError(0)
Feb 13 12:31:26 RTObject_impl TRACE    : RTObject_impl.on_error(0)
Feb 13 12:31:26 RTObject_impl TRACE    : RTObject_impl.onError(0)
Feb 13 12:31:26 RTObject_impl TRACE    : RTObject_impl.on_error(0)
Feb 13 12:31:26 RTObject_impl TRACE    : RTObject_impl.onError(0)
Feb 13 12:31:26 RTObject_impl TRACE    : RTObject_impl.on_error(0)
Feb 13 12:31:26 RTObject_impl TRACE    : RTObject_impl.onError(0)
Feb 13 12:31:26 RTObject_impl TRACE    : RTObject_impl.on_error(0)
Feb 13 12:31:26 RTObject_impl TRACE    : RTObject_impl.onError(0)
Feb 13 12:31:26 RTObject_impl TRACE    : RTObject_impl.on_error(0)
Feb 13 12:31:26 RTObject_impl TRACE    : RTObject_impl.onError(0)
Feb 13 12:31:26 RTObject_impl TRACE    : RTObject_impl.on_error(0)
Feb 13 12:31:26 RTObject_impl TRACE    : RTObject_impl.onError(0)
Feb 13 12:31:26 RTObject_impl TRACE    : RTObject_impl.on_error(0)
Feb 13 12:31:26 RTObject_impl TRACE    : RTObject_impl.onError(0)
Feb 13 12:31:26 Manager VERBOSE  : Manager.cleanupComponents()
Feb 13 12:31:26 Manager VERBOSE  : 0 components are marked as finalized.
Feb 13 12:31:26 RTObject_impl TRACE    : RTObject_impl.on_error(0)
Feb 13 12:31:26 RTObject_impl TRACE    : RTObject_impl.onError(0)
Feb 13 12:31:26 RTObject_impl TRACE    : RTObject_impl.on_error(0)
Feb 13 12:31:26 RTObject_impl TRACE    : RTObject_impl.onError(0)
Feb 13 12:31:26 RTObject_impl TRACE    : RTObject_impl.on_error(0)
Feb 13 12:31:26 RTObject_impl TRACE    : RTObject_impl.onError(0)
Feb 13 12:31:26 RTObject_impl TRACE    : RTObject_impl.on_error(0)
Feb 13 12:31:26 RTObject_impl TRACE    : RTObject_impl.onError(0)
Feb 13 12:31:26 RTObject_impl TRACE    : RTObject_impl.on_error(0)
Feb 13 12:31:26 RTObject_impl TRACE    : RTObject_impl.onError(0)
Feb 13 12:31:26 RTObject_impl TRACE    : RTObject_impl.on_error(0)
Feb 13 12:31:26 RTObject_impl TRACE    : RTObject_impl.onError(0)
Feb 13 12:31:26 RTObject_impl TRACE    : RTObject_impl.on_error(0)
Feb 13 12:31:26 RTObject_impl TRACE    : RTObject_impl.onError(0)
Feb 13 12:31:27 RTObject_impl TRACE    : RTObject_impl.on_error(0)
Feb 13 12:31:27 RTObject_impl TRACE    : RTObject_impl.onError(0)
Feb 13 12:31:27 RTObject_impl TRACE    : RTObject_impl.on_error(0)
Feb 13 12:31:27 RTObject_impl TRACE    : RTObject_impl.onError(0)
Feb 13 12:31:27 RTObject_impl TRACE    : RTObject_impl.on_error(0)
Feb 13 12:31:27 RTObject_impl TRACE    : RTObject_impl.onError(0)
Feb 13 12:31:27 RTObject_impl TRACE    : RTObject_impl.on_error(0)
Feb 13 12:31:27 RTObject_impl TRACE    : RTObject_impl.onError(0)
Feb 13 12:31:27 RTObject_impl TRACE    : RTObject_impl.on_error(0)
Feb 13 12:31:27 RTObject_impl TRACE    : RTObject_impl.onError(0)
Feb 13 12:31:27 RTObject_impl TRACE    : RTObject_impl.on_error(0)
Feb 13 12:31:27 RTObject_impl TRACE    : RTObject_impl.onError(0)
Feb 13 12:31:27 RTObject_impl TRACE    : RTObject_impl.on_error(0)
Feb 13 12:31:27 RTObject_impl TRACE    : RTObject_impl.onError(0)
Feb 13 12:31:27 RTObject_impl TRACE    : RTObject_impl.on_error(0)
Feb 13 12:31:27 RTObject_impl TRACE    : RTObject_impl.onError(0)
Feb 13 12:31:27 RTObject_impl TRACE    : RTObject_impl.on_error(0)
Feb 13 12:31:27 RTObject_impl TRACE    : RTObject_impl.onError(0)
Feb 13 12:31:27 RTObject_impl TRACE    : RTObject_impl.on_error(0)
Feb 13 12:31:27 RTObject_impl TRACE    : RTObject_impl.onError(0)
Feb 13 12:31:27 RTObject_impl TRACE    : RTObject_impl.get_component_profile()
Feb 13 12:31:27 Torque TRACE    : get_port_profile()
Feb 13 12:31:27 Move TRACE    : get_port_profile()
Feb 13 12:31:27 Time TRACE    : get_port_profile()
Feb 13 12:31:27 Angle TRACE    : get_port_profile()
Feb 13 12:31:27 Load TRACE    : get_port_profile()
Feb 13 12:31:27 Speed TRACE    : get_port_profile()
Feb 13 12:31:27 Temperature TRACE    : get_port_profile()
Feb 13 12:31:27 Voltage TRACE    : get_port_profile()
Feb 13 12:31:27 RTObject_impl TRACE    : RTObject_impl.on_error(0)
Feb 13 12:31:27 RTObject_impl TRACE    : RTObject_impl.onError(0)
Feb 13 12:31:27 RTObject_impl TRACE    : RTObject_impl.get_owned_contexts()
Feb 13 12:31:27 RTObject_impl TRACE    : RTObject_impl.get_participating_contexts()
Feb 13 12:31:27 PeriodicExecutionContext TRACE    : PeriodicExecutionContext.get_component_state()
Feb 13 12:31:27 PeriodicExecutionContext TRACE    : PeriodicExecutionContext.is_running()
Feb 13 12:31:27 Configuration_impl TRACE    : Configuration_impl.get_configuration_sets()
Feb 13 12:31:27 Configuration_impl TRACE    : Configuration_impl.get_active_configuration_set()
Feb 13 12:31:27 PeriodicExecutionContext TRACE    : PeriodicExecutionContext.get_profile()
Feb 13 12:31:27 PeriodicExecutionContext TRACE    : PeriodicExecutionContext.is_running()
Feb 13 12:31:27 RTObject_impl TRACE    : RTObject_impl.on_error(0)
Feb 13 12:31:27 RTObject_impl TRACE    : RTObject_impl.onError(0)
Feb 13 12:31:27 RTObject_impl TRACE    : RTObject_impl.on_error(0)
Feb 13 12:31:27 RTObject_impl TRACE    : RTObject_impl.onError(0)
Feb 13 12:31:27 RTObject_impl TRACE    : RTObject_impl.on_error(0)
Feb 13 12:31:27 RTObject_impl TRACE    : RTObject_impl.onError(0)
Feb 13 12:31:27 RTObject_impl TRACE    : RTObject_impl.on_error(0)
Feb 13 12:31:27 RTObject_impl TRACE    : RTObject_impl.onError(0)
Feb 13 12:31:27 RTObject_impl TRACE    : RTObject_impl.on_error(0)
Feb 13 12:31:27 RTObject_impl TRACE    : RTObject_impl.onError(0)
Feb 13 12:31:27 RTObject_impl TRACE    : RTObject_impl.on_error(0)
Feb 13 12:31:27 RTObject_impl TRACE    : RTObject_impl.onError(0)
Feb 13 12:31:27 RTObject_impl TRACE    : RTObject_impl.on_error(0)
Feb 13 12:31:27 RTObject_impl TRACE    : RTObject_impl.onError(0)
Feb 13 12:31:27 RTObject_impl TRACE    : RTObject_impl.on_error(0)
Feb 13 12:31:27 RTObject_impl TRACE    : RTObject_impl.onError(0)
Feb 13 12:31:27 RTObject_impl TRACE    : RTObject_impl.on_error(0)
Feb 13 12:31:27 RTObject_impl TRACE    : RTObject_impl.onError(0)
Feb 13 12:31:27 RTObject_impl TRACE    : RTObject_impl.on_error(0)
Feb 13 12:31:27 RTObject_impl TRACE    : RTObject_impl.onError(0)
Feb 13 12:31:27 RTObject_impl TRACE    : RTObject_impl.on_error(0)
Feb 13 12:31:27 RTObject_impl TRACE    : RTObject_impl.onError(0)
Feb 13 12:31:27 Manager VERBOSE  : Manager.cleanupComponents()
Feb 13 12:31:27 Manager VERBOSE  : 0 components are marked as finalized.
Feb 13 12:31:27 RTObject_impl TRACE    : RTObject_impl.on_error(0)
Feb 13 12:31:27 RTObject_impl TRACE    : RTObject_impl.onError(0)
Feb 13 12:31:27 RTObject_impl TRACE    : RTObject_impl.on_error(0)
Feb 13 12:31:27 RTObject_impl TRACE    : RTObject_impl.onError(0)
Feb 13 12:31:27 RTObject_impl TRACE    : RTObject_impl.on_error(0)
Feb 13 12:31:27 RTObject_impl TRACE    : RTObject_impl.onError(0)
Feb 13 12:31:27 RTObject_impl TRACE    : RTObject_impl.on_error(0)
Feb 13 12:31:27 RTObject_impl TRACE    : RTObject_impl.onError(0)
Feb 13 12:31:27 RTObject_impl TRACE    : RTObject_impl.exit()
Feb 13 12:31:27 PeriodicExecutionContext TRACE    : PeriodicExecutionContext.deactivate_component()
Feb 13 12:31:27 RTObject_impl TRACE    : RTObject_impl._finalize()
Feb 13 12:31:27 RTObject_impl TRACE    : RTObject_impl.on_finalize()
Feb 13 12:31:27 RTObject_impl TRACE    : RTObject_impl.onFinalize()
Feb 13 12:31:27 RTObject_impl TRACE    : RTObject_impl.finalizePorts()
Feb 13 12:31:27 Torque TRACE    : disconnect_all()
Feb 13 12:31:27 Torque DEBUG    : disconnecting 1 connections.
Feb 13 12:31:27 Torque TRACE    : disconnect(24bba60f-47bb-4bd6-9883-84cf6eb59eeb)
Feb 13 12:31:27 Torque TRACE    : notify_disconnect(24bba60f-47bb-4bd6-9883-84cf6eb59eeb)
Feb 13 12:31:27 Torque TRACE    : unsubscribeInterfaces()
Feb 13 12:31:27 Torque PARANOID : connector_id: 24bba60f-47bb-4bd6-9883-84cf6eb59eeb
Feb 13 12:31:27 InPortConnector TRACE    : profile()
Feb 13 12:31:27 InPortConnector TRACE    : id() = 24bba60f-47bb-4bd6-9883-84cf6eb59eeb
Feb 13 12:31:27 InPortConnector TRACE    : profile()
Feb 13 12:31:27 InPortConnector TRACE    : disconnect()
Feb 13 12:31:27 Torque TRACE    : delete connector: 24bba60f-47bb-4bd6-9883-84cf6eb59eeb
Feb 13 12:31:27 Torque TRACE    : get_port_profile()
Feb 13 12:31:27 Torque TRACE    : get_port_profile()
Feb 13 12:31:27 Move TRACE    : disconnect_all()
Feb 13 12:31:27 Move DEBUG    : disconnecting 1 connections.
Feb 13 12:31:27 Move TRACE    : disconnect(484daadb-d8ee-4e8d-9fcc-ebf310a360ca)
Feb 13 12:31:27 Move TRACE    : notify_disconnect(484daadb-d8ee-4e8d-9fcc-ebf310a360ca)
Feb 13 12:31:27 Move TRACE    : unsubscribeInterfaces()
Feb 13 12:31:27 Move PARANOID : connector_id: 484daadb-d8ee-4e8d-9fcc-ebf310a360ca
Feb 13 12:31:27 InPortConnector TRACE    : profile()
Feb 13 12:31:27 InPortConnector TRACE    : id() = 484daadb-d8ee-4e8d-9fcc-ebf310a360ca
Feb 13 12:31:27 InPortConnector TRACE    : profile()
Feb 13 12:31:27 InPortConnector TRACE    : disconnect()
Feb 13 12:31:27 Move TRACE    : delete connector: 484daadb-d8ee-4e8d-9fcc-ebf310a360ca
Feb 13 12:31:27 Move TRACE    : get_port_profile()
Feb 13 12:31:27 Move TRACE    : get_port_profile()
Feb 13 12:31:27 Time TRACE    : disconnect_all()
Feb 13 12:31:27 Time DEBUG    : disconnecting 0 connections.
Feb 13 12:31:27 Time TRACE    : get_port_profile()
Feb 13 12:31:27 Time TRACE    : get_port_profile()
Feb 13 12:31:27 Angle TRACE    : disconnect_all()
Feb 13 12:31:27 Angle DEBUG    : disconnecting 0 connections.
Feb 13 12:31:27 RTObject_impl TRACE    : RTObject_impl.on_error(0)
Feb 13 12:31:27 RTObject_impl TRACE    : RTObject_impl.onError(0)
Feb 13 12:31:27 Angle TRACE    : get_port_profile()
Feb 13 12:31:27 Angle TRACE    : get_port_profile()
Feb 13 12:31:27 Load TRACE    : disconnect_all()
Feb 13 12:31:27 Load DEBUG    : disconnecting 0 connections.
Feb 13 12:31:27 Load TRACE    : get_port_profile()
Feb 13 12:31:27 Load TRACE    : get_port_profile()
Feb 13 12:31:27 Speed TRACE    : disconnect_all()
Feb 13 12:31:27 Speed DEBUG    : disconnecting 0 connections.
Feb 13 12:31:27 Speed TRACE    : get_port_profile()
Feb 13 12:31:27 Speed TRACE    : get_port_profile()
Feb 13 12:31:27 Temperature TRACE    : disconnect_all()
Feb 13 12:31:27 Temperature DEBUG    : disconnecting 0 connections.
Feb 13 12:31:27 Temperature TRACE    : get_port_profile()
Feb 13 12:31:27 Temperature TRACE    : get_port_profile()
Feb 13 12:31:27 Voltage TRACE    : disconnect_all()
Feb 13 12:31:27 Voltage DEBUG    : disconnecting 0 connections.
Feb 13 12:31:27 Voltage TRACE    : get_port_profile()
Feb 13 12:31:27 Voltage TRACE    : get_port_profile()
Feb 13 12:31:27 RTObject_impl TRACE    : RTObject_impl.finalizeContexts()
Feb 13 12:31:27 PeriodicExecutionContext TRACE    : PeriodicExecutionContext.stop()
Feb 13 12:31:27 RTObject_impl TRACE    : RTObject_impl.on_shutdown(0)
Feb 13 12:31:27 RTObject_impl TRACE    : RTObject_impl.onShutdown(0)
Feb 13 12:31:27 Manager TRACE    : Manager.cleanupComponent()
Feb 13 12:31:27 RTObject_impl TRACE    : RTObject_impl.getInstanceName()
Feb 13 12:31:27 Manager TRACE    : Manager.unregisterComponent(RS40XCB_ARM0)
Feb 13 12:31:27 RTObject_impl TRACE    : RTObject_impl.getInstanceName()
Feb 13 12:31:27 RTObject_impl TRACE    : RTObject_impl.getInstanceName()
Feb 13 12:31:27 RTObject_impl TRACE    : RTObject_impl.getNamingNames()
Feb 13 12:31:27 Manager TRACE    : Unbind name: javatea-desktop.host_cxt/RS40XCB_ARM0.rtc
Feb 13 12:31:27 NamingManager TRACE    : NamingManager.unbindObject(javatea-desktop.host_cxt/RS40XCB_ARM0.rtc)
Feb 13 12:31:27 NamingOnCorba INFO     : unbindObject(name  = javatea-desktop.host_cxt/RS40XCB_ARM0.rtc)
Feb 13 12:31:28 Manager VERBOSE  : Manager.cleanupComponents()
Feb 13 12:31:28 Manager VERBOSE  : 0 components are marked as finalized.
Feb 13 12:31:29 Manager VERBOSE  : Manager.cleanupComponents()
Feb 13 12:31:29 Manager VERBOSE  : 0 components are marked as finalized.
Feb 13 12:31:30 Manager VERBOSE  : Manager.cleanupComponents()
Feb 13 12:31:30 Manager VERBOSE  : 0 components are marked as finalized.
Feb 13 12:31:31 Manager VERBOSE  : Manager.cleanupComponents()
Feb 13 12:31:31 Manager VERBOSE  : 0 components are marked as finalized.
Feb 13 12:31:32 Manager VERBOSE  : Manager.cleanupComponents()
Feb 13 12:31:32 Manager VERBOSE  : 0 components are marked as finalized.
Feb 13 12:31:33 Manager VERBOSE  : Manager.cleanupComponents()
Feb 13 12:31:33 Manager VERBOSE  : 0 components are marked as finalized.
