Feb 13 10:58:03 Manager INFO     : OpenRTM-aist-1.0.0
Feb 13 10:58:03 Manager INFO     : Copyright (C) 2003-2008
Feb 13 10:58:03 Manager INFO     :   Noriaki Ando
Feb 13 10:58:03 Manager INFO     :   Task-intelligence Research Group,
Feb 13 10:58:03 Manager INFO     :   Intelligent Systems Research Institute, AIST
Feb 13 10:58:03 Manager INFO     : Manager starting.
Feb 13 10:58:03 Manager INFO     : Starting local logging.
Feb 13 10:58:03 Manager TRACE    : Manager.initORB()
Feb 13 10:58:03 Manager DEBUG    : corba.args: 
Feb 13 10:58:03 Manager DEBUG    : - config
  - version: 1.0.0
- openrtm
  - version: OpenRTM-aist-1.0.0
- manager
  - instance_name: manager
  - name: manager
  - naming_formats: %h.host_cxt/%n.mgr
  - pid: 1.6.0_26-1845903929
  - refstring_path: /var/log/rtcmanager.ref
  - modules
    - load_path: ./
    - abs_path_allowed: YES
  - is_master: NO
  - corba_servant: YES
  - shutdown_on_nortcs: YES
  - shutdown_auto: YES
  - command: rtcd
  - os
    - name: Linux
    - release: UNKNOWN
    - version: 2.6.32-38-generic-pae
    - arch: i386
    - hostname: javatea-desktop
- os
  - name: 
  - release: 
  - version: 
  - arch: 
  - hostname: 
- logger
  - enable: YES
  - file_name: ./rtc1.6.0_26-1845903929.log
  - date_format: %b %d %H:%M:%S
  - log_level: PARANOID
  - stream_lock: NO
  - master_logger: 
- module
  - conf_path: 
  - load_path: 
- naming
  - enable: YES
  - type: corba
  - formats: %h.host_cxt/%n.rtc
  - update
    - enable: YES
    - interval: 10.0
- timer
  - enable: YES
  - tick: 0.1
- corba
  - args: 
  - endpoint: 
  - id: omniORB
  - nameservers: localhost
  - master_manager: localhost:2810
  - nameservice
    - replace_endpoint: NO
- exec_cxt
  - periodic
    - type: jp.go.aist.rtm.RTC.executionContext.PeriodicExecutionContext
    - rate: 30.0
  - evdriven
    - type: jp.go.aist.rtm.RTC.executionContext.EventDrivenExecutionContext

Feb 13 10:58:03 Manager DEBUG    : corbaloc: corbaloc:iiop:1.2@localhost:2810/manager
Feb 13 10:58:03 Manager PARANOID : ORB options:  -ORBInitRef manager=corbaloc:iiop:1.2@localhost:2810/manager 
Feb 13 10:58:03 InterceptorInitializer TRACE    : post_init
Feb 13 10:58:03 IopIorInterceptor TRACE    : establish_components()
Feb 13 10:58:03 IopIorInterceptor TRACE    : establish_components()
Feb 13 10:58:03 Manager TRACE    : Manager.initNaming()
Feb 13 10:58:03 Manager TRACE    : Register Naming Server: corba localhost
Feb 13 10:58:03 NamingManager TRACE    : NamingManager.registerNameServer(corba, localhost:2809)
Feb 13 10:58:03 NamingManager TRACE    : createNamingObj(method = corba, nameserver = )localhost:2809
Feb 13 10:58:03 Manager TRACE    : Manager.getORB()
Feb 13 10:58:03 CorbaNaming TRACE    : CorbaNaming.CorbaNaming(localhost:2809)
Feb 13 10:58:03 NamingManager INFO     : NameServer connection succeeded: corba/localhost:2809
Feb 13 10:58:03 Manager TRACE    : Manager.initFactories()
Feb 13 10:58:03 InPortCorbaCdrProvider TRACE    : setInterfaceType(corba_cdr)
Feb 13 10:58:03 InPortCorbaCdrProvider TRACE    : setInterfaceType(corba_cdr)
Feb 13 10:58:03 Manager TRACE    : Manager.initExecContext()
Feb 13 10:58:03 Manager TRACE    : Manager.registerECFactory(jp.go.aist.rtm.RTC.executionContext.PeriodicExecutionContext)
Feb 13 10:58:03 Manager TRACE    : Manager.registerECFactory(jp.go.aist.rtm.RTC.executionContext.ExtTrigExecutionContext)
Feb 13 10:58:03 Manager TRACE    : Manager.registerECFactory(jp.go.aist.rtm.RTC.executionContext.OpenHRPExecutionContext)
Feb 13 10:58:03 Manager TRACE    : Manager.initComposite()
Feb 13 10:58:03 Manager TRACE    : Manager.registerFactory(PeriodicECSharedComposite)
Feb 13 10:58:03 ManagerServant TRACE    : This manager is slave.
Feb 13 10:58:03 ManagerServant TRACE    : findManager(host_port = localhost:2810)
Feb 13 10:58:03 ManagerServant DEBUG    : corbaloc: corbaloc:iiop:1.2@localhost:2810/manager
Feb 13 10:58:03 ManagerServant DEBUG    : CORBA SystemException caught (CORBA.org.omg.CORBA.COMM_FAILURE:   vmcid: SUN  minor code: 201  completed: No)
Feb 13 10:58:03 ManagerServant INFO     : Master manager not found.
Feb 13 10:58:03 Manager TRACE    : Manager.activateManager()
Feb 13 10:58:03 Manager TRACE    : Manager.getPOAManager()
Feb 13 10:58:03 Manager TRACE    : Manager.getPOAManager()
Feb 13 10:58:03 Manager TRACE    : POA Manager activated.
Feb 13 10:58:03 Manager TRACE    : Manager.registerFactory(RS40XCB_ARM)
Feb 13 10:58:03 Manager TRACE    : Manager.createComponent(RS40XCB_ARM)
Feb 13 10:58:03 Manager TRACE    : Manager.procComponentArgs(RS40XCB_ARM)
Feb 13 10:58:03 Manager TRACE    : RTC basic propfile vendor:
Feb 13 10:58:03 Manager TRACE    : RTC basic propfile category:
Feb 13 10:58:03 Manager TRACE    : RTC basic propfile implementation_id:RS40XCB_ARM
Feb 13 10:58:03 Manager TRACE    : RTC basic propfile version:
Feb 13 10:58:03 Manager TRACE    : Manager.getORB()
Feb 13 10:58:03 Manager TRACE    : Manager.getPOA()
Feb 13 10:58:03 Manager TRACE    : Manager.getORB()
Feb 13 10:58:03 Manager TRACE    : Manager.getPOA()
Feb 13 10:58:03 Configuration_impl TRACE    : Configuration_impl.getObjRef()
Feb 13 10:58:03 Torque DEBUG    : Port name: Torque
Feb 13 10:58:03 Torque DEBUG    : setting port.port_type: DataIntPort
Feb 13 10:58:03 Torque DEBUG    : setting dataport.data_type: TimedBooleanSeq
Feb 13 10:58:03 Move DEBUG    : Port name: Move
Feb 13 10:58:03 Move DEBUG    : setting port.port_type: DataIntPort
Feb 13 10:58:03 Move DEBUG    : setting dataport.data_type: TimedLongSeq
Feb 13 10:58:03 Time DEBUG    : Port name: Time
Feb 13 10:58:03 Time DEBUG    : setting port.port_type: DataIntPort
Feb 13 10:58:03 Time DEBUG    : setting dataport.data_type: TimedLongSeq
Feb 13 10:58:03 Angle DEBUG    : Port name: Angle
Feb 13 10:58:03 Angle DEBUG    : setting port.port_type: DataOutPort
Feb 13 10:58:03 Angle DEBUG    : setting dataport.data_type: TimedLongSeq
Feb 13 10:58:03 Angle DEBUG    : available subscription_type: new, flush, periodic
Feb 13 10:58:03 Load DEBUG    : Port name: Load
Feb 13 10:58:03 Load DEBUG    : setting port.port_type: DataOutPort
Feb 13 10:58:03 Load DEBUG    : setting dataport.data_type: TimedLongSeq
Feb 13 10:58:03 Load DEBUG    : available subscription_type: new, flush, periodic
Feb 13 10:58:03 Speed DEBUG    : Port name: Speed
Feb 13 10:58:03 Speed DEBUG    : setting port.port_type: DataOutPort
Feb 13 10:58:03 Speed DEBUG    : setting dataport.data_type: TimedLongSeq
Feb 13 10:58:03 Speed DEBUG    : available subscription_type: new, flush, periodic
Feb 13 10:58:03 Temperature DEBUG    : Port name: Temperature
Feb 13 10:58:03 Temperature DEBUG    : setting port.port_type: DataOutPort
Feb 13 10:58:03 Temperature DEBUG    : setting dataport.data_type: TimedLongSeq
Feb 13 10:58:03 Temperature DEBUG    : available subscription_type: new, flush, periodic
Feb 13 10:58:03 Voltage DEBUG    : Port name: Voltage
Feb 13 10:58:03 Voltage DEBUG    : setting port.port_type: DataOutPort
Feb 13 10:58:03 Voltage DEBUG    : setting dataport.data_type: TimedLongSeq
Feb 13 10:58:03 Voltage DEBUG    : available subscription_type: new, flush, periodic
Feb 13 10:58:03 RTObject_impl TRACE    : RTObject_impl.setProperties()
Feb 13 10:58:03 Configuration_impl TRACE    : Configuration_impl.getDeviceProfile()
Feb 13 10:58:03 Configuration_impl TRACE    : Configuration_impl.set_device_profile()
Feb 13 10:58:03 RTObject_impl TRACE    : RTObject_impl.getTypeName()
Feb 13 10:58:03 RTObject_impl TRACE    : RTObject_impl.setInstanceName(RS40XCB_ARM0)
Feb 13 10:58:03 Manager TRACE    : RTC Created: 
Feb 13 10:58:03 RTObject_impl TRACE    : RTObject_impl.getCategory()
Feb 13 10:58:03 RTObject_impl TRACE    : RTObject_impl.getTypeName()
Feb 13 10:58:03 RTObject_impl TRACE    : RTObject_impl.getInstanceName()
Feb 13 10:58:03 RTObject_impl TRACE    : RTObject_impl.setProperties()
Feb 13 10:58:03 Configuration_impl TRACE    : Configuration_impl.getDeviceProfile()
Feb 13 10:58:03 Configuration_impl TRACE    : Configuration_impl.set_device_profile()
Feb 13 10:58:03 RTObject_impl TRACE    : RTObject_impl.setProperties()
Feb 13 10:58:03 Configuration_impl TRACE    : Configuration_impl.getDeviceProfile()
Feb 13 10:58:03 Configuration_impl TRACE    : Configuration_impl.set_device_profile()
Feb 13 10:58:03 RTObject_impl TRACE    : RTObject_impl.getProperties()
Feb 13 10:58:03 RTObject_impl TRACE    : RTObject_impl.getProperties()
Feb 13 10:58:03 RTObject_impl TRACE    : RTObject_impl.getProperties()
Feb 13 10:58:03 RTObject_impl TRACE    : RTObject_impl.getProperties()
Feb 13 10:58:03 RTObject_impl TRACE    : RTObject_impl.initialize()
Feb 13 10:58:03 Manager TRACE    : Manager.createContext(jp.go.aist.rtm.RTC.executionContext.PeriodicExecutionContext?rate=30.0)
Feb 13 10:58:03 Manager TRACE    : ExecutionContext type: jp.go.aist.rtm.RTC.executionContext.PeriodicExecutionContext
Feb 13 10:58:03 Manager TRACE    : Manager.procContextArgs(jp.go.aist.rtm.RTC.executionContext.PeriodicExecutionContext?rate=30.0,)
Feb 13 10:58:03 Manager TRACE    : EC property rate:30.0
Feb 13 10:58:03 PeriodicExecutionContext TRACE    : PeriodicExecutionContext.set_rate(30.0)
Feb 13 10:58:03 PeriodicExecutionContext TRACE    : PeriodicExecutionContext.getObjRef()
Feb 13 10:58:03 PeriodicExecutionContext TRACE    : PeriodicExecutionContext.bindComponent()
Feb 13 10:58:03 RTObject_impl TRACE    : RTObject_impl.getObjRef()
Feb 13 10:58:03 RTObject_impl TRACE    : RTObject_impl.bindContext()
Feb 13 10:58:03 PeriodicExecutionContext DEBUG    : bindComponent() returns id = 0
Feb 13 10:58:03 RTObject_impl TRACE    : RTObject_impl.on_initialize()
Feb 13 10:58:03 RTObject_impl TRACE    : addInPort(Torque)
Feb 13 10:58:03 RTObject_impl TRACE    : addPort(PortBase)
Feb 13 10:58:03 RTObject_impl TRACE    : RTObject_impl.getObjRef()
Feb 13 10:58:03 RTObject_impl TRACE    : RTObject_impl.get_component_profile()
Feb 13 10:58:03 Torque TRACE    : setOwner(RS40XCB_ARM0)
Feb 13 10:58:03 Torque TRACE    : getName() = RS40XCB_ARM0.Torque
Feb 13 10:58:03 Torque TRACE    : get_port_profile()
Feb 13 10:58:03 Torque TRACE    : init()
Feb 13 10:58:03 Torque DEBUG    : single buffer mode.
Feb 13 10:58:03 Torque TRACE    : initProviders()
Feb 13 10:58:03 Torque DEBUG    : available providers: [corba_cdr]
Feb 13 10:58:03 Torque DEBUG    : dataflow_type push is supported
Feb 13 10:58:03 Torque TRACE    : iinitConsumers()
Feb 13 10:58:03 Torque DEBUG    : available consumer: corba_cdr
Feb 13 10:58:03 Torque DEBUG    : dataflow_type pull is supported
Feb 13 10:58:03 RTObject_impl TRACE    : addInPort(Move)
Feb 13 10:58:03 RTObject_impl TRACE    : addPort(PortBase)
Feb 13 10:58:03 RTObject_impl TRACE    : RTObject_impl.getObjRef()
Feb 13 10:58:03 RTObject_impl TRACE    : RTObject_impl.get_component_profile()
Feb 13 10:58:03 Torque TRACE    : get_port_profile()
Feb 13 10:58:03 Move TRACE    : setOwner(RS40XCB_ARM0)
Feb 13 10:58:03 Move TRACE    : getName() = RS40XCB_ARM0.Move
Feb 13 10:58:03 Torque TRACE    : get_port_profile()
Feb 13 10:58:03 Move TRACE    : get_port_profile()
Feb 13 10:58:03 Torque TRACE    : get_port_profile()
Feb 13 10:58:03 Move TRACE    : init()
Feb 13 10:58:03 Move DEBUG    : single buffer mode.
Feb 13 10:58:03 Move TRACE    : initProviders()
Feb 13 10:58:03 Move DEBUG    : available providers: [corba_cdr]
Feb 13 10:58:03 Move DEBUG    : dataflow_type push is supported
Feb 13 10:58:03 Move TRACE    : iinitConsumers()
Feb 13 10:58:03 Move DEBUG    : available consumer: corba_cdr
Feb 13 10:58:03 Move DEBUG    : dataflow_type pull is supported
Feb 13 10:58:03 RTObject_impl TRACE    : addInPort(Time)
Feb 13 10:58:03 RTObject_impl TRACE    : addPort(PortBase)
Feb 13 10:58:03 RTObject_impl TRACE    : RTObject_impl.getObjRef()
Feb 13 10:58:03 RTObject_impl TRACE    : RTObject_impl.get_component_profile()
Feb 13 10:58:03 Torque TRACE    : get_port_profile()
Feb 13 10:58:03 Move TRACE    : get_port_profile()
Feb 13 10:58:03 Time TRACE    : setOwner(RS40XCB_ARM0)
Feb 13 10:58:03 Time TRACE    : getName() = RS40XCB_ARM0.Time
Feb 13 10:58:03 Torque TRACE    : get_port_profile()
Feb 13 10:58:03 Move TRACE    : get_port_profile()
Feb 13 10:58:03 Time TRACE    : get_port_profile()
Feb 13 10:58:03 Torque TRACE    : get_port_profile()
Feb 13 10:58:03 Move TRACE    : get_port_profile()
Feb 13 10:58:03 Time TRACE    : init()
Feb 13 10:58:03 Time DEBUG    : single buffer mode.
Feb 13 10:58:03 Time TRACE    : initProviders()
Feb 13 10:58:03 Time DEBUG    : available providers: [corba_cdr]
Feb 13 10:58:03 Time DEBUG    : dataflow_type push is supported
Feb 13 10:58:03 Time TRACE    : iinitConsumers()
Feb 13 10:58:03 Time DEBUG    : available consumer: corba_cdr
Feb 13 10:58:03 Time DEBUG    : dataflow_type pull is supported
Feb 13 10:58:03 RTObject_impl TRACE    : addOutPort(Angle)
Feb 13 10:58:03 RTObject_impl TRACE    : addPort(PortBase)
Feb 13 10:58:03 RTObject_impl TRACE    : RTObject_impl.getObjRef()
Feb 13 10:58:03 RTObject_impl TRACE    : RTObject_impl.get_component_profile()
Feb 13 10:58:03 Torque TRACE    : get_port_profile()
Feb 13 10:58:03 Move TRACE    : get_port_profile()
Feb 13 10:58:03 Time TRACE    : get_port_profile()
Feb 13 10:58:03 Angle TRACE    : setOwner(RS40XCB_ARM0)
Feb 13 10:58:03 Angle TRACE    : getName() = RS40XCB_ARM0.Angle
Feb 13 10:58:03 Torque TRACE    : get_port_profile()
Feb 13 10:58:03 Move TRACE    : get_port_profile()
Feb 13 10:58:03 Time TRACE    : get_port_profile()
Feb 13 10:58:03 Angle TRACE    : get_port_profile()
Feb 13 10:58:03 Torque TRACE    : get_port_profile()
Feb 13 10:58:03 Move TRACE    : get_port_profile()
Feb 13 10:58:03 Time TRACE    : get_port_profile()
Feb 13 10:58:03 Angle TRACE    : init()
Feb 13 10:58:03 Angle PARANOID : given properties:
Feb 13 10:58:03 Angle DEBUG    : 
Feb 13 10:58:03 Angle PARANOID : updated properties:
Feb 13 10:58:03 Angle DEBUG    : 
Feb 13 10:58:03 Angle TRACE    : initConsumers()
Feb 13 10:58:03 Angle DEBUG    : available InPortConsumer: [corba_cdr]
Feb 13 10:58:03 Angle DEBUG    : dataflow_type pull is supported
Feb 13 10:58:03 Angle TRACE    : initProviders()
Feb 13 10:58:03 Angle DEBUG    : available providers: [corba_cdr]
Feb 13 10:58:03 Angle DEBUG    : dataflow_type pull is supported
Feb 13 10:58:03 RTObject_impl TRACE    : addOutPort(Load)
Feb 13 10:58:03 RTObject_impl TRACE    : addPort(PortBase)
Feb 13 10:58:03 RTObject_impl TRACE    : RTObject_impl.getObjRef()
Feb 13 10:58:03 RTObject_impl TRACE    : RTObject_impl.get_component_profile()
Feb 13 10:58:03 Torque TRACE    : get_port_profile()
Feb 13 10:58:03 Move TRACE    : get_port_profile()
Feb 13 10:58:03 Time TRACE    : get_port_profile()
Feb 13 10:58:03 Angle TRACE    : get_port_profile()
Feb 13 10:58:03 Load TRACE    : setOwner(RS40XCB_ARM0)
Feb 13 10:58:03 Load TRACE    : getName() = RS40XCB_ARM0.Load
Feb 13 10:58:03 Torque TRACE    : get_port_profile()
Feb 13 10:58:03 Move TRACE    : get_port_profile()
Feb 13 10:58:03 Time TRACE    : get_port_profile()
Feb 13 10:58:03 Angle TRACE    : get_port_profile()
Feb 13 10:58:03 Load TRACE    : get_port_profile()
Feb 13 10:58:03 Torque TRACE    : get_port_profile()
Feb 13 10:58:03 Move TRACE    : get_port_profile()
Feb 13 10:58:03 Time TRACE    : get_port_profile()
Feb 13 10:58:03 Angle TRACE    : get_port_profile()
Feb 13 10:58:03 Load TRACE    : init()
Feb 13 10:58:03 Load PARANOID : given properties:
Feb 13 10:58:03 Load DEBUG    : 
Feb 13 10:58:03 Load PARANOID : updated properties:
Feb 13 10:58:03 Load DEBUG    : 
Feb 13 10:58:03 Load TRACE    : initConsumers()
Feb 13 10:58:03 Load DEBUG    : available InPortConsumer: [corba_cdr]
Feb 13 10:58:03 Load DEBUG    : dataflow_type pull is supported
Feb 13 10:58:03 Load TRACE    : initProviders()
Feb 13 10:58:03 Load DEBUG    : available providers: [corba_cdr]
Feb 13 10:58:03 Load DEBUG    : dataflow_type pull is supported
Feb 13 10:58:03 RTObject_impl TRACE    : addOutPort(Speed)
Feb 13 10:58:03 RTObject_impl TRACE    : addPort(PortBase)
Feb 13 10:58:03 RTObject_impl TRACE    : RTObject_impl.getObjRef()
Feb 13 10:58:03 RTObject_impl TRACE    : RTObject_impl.get_component_profile()
Feb 13 10:58:03 Torque TRACE    : get_port_profile()
Feb 13 10:58:03 Move TRACE    : get_port_profile()
Feb 13 10:58:03 Time TRACE    : get_port_profile()
Feb 13 10:58:03 Angle TRACE    : get_port_profile()
Feb 13 10:58:03 Load TRACE    : get_port_profile()
Feb 13 10:58:03 Speed TRACE    : setOwner(RS40XCB_ARM0)
Feb 13 10:58:03 Speed TRACE    : getName() = RS40XCB_ARM0.Speed
Feb 13 10:58:03 Torque TRACE    : get_port_profile()
Feb 13 10:58:03 Move TRACE    : get_port_profile()
Feb 13 10:58:03 Time TRACE    : get_port_profile()
Feb 13 10:58:03 Angle TRACE    : get_port_profile()
Feb 13 10:58:03 Load TRACE    : get_port_profile()
Feb 13 10:58:03 Speed TRACE    : get_port_profile()
Feb 13 10:58:03 Torque TRACE    : get_port_profile()
Feb 13 10:58:03 Move TRACE    : get_port_profile()
Feb 13 10:58:03 Time TRACE    : get_port_profile()
Feb 13 10:58:03 Angle TRACE    : get_port_profile()
Feb 13 10:58:03 Load TRACE    : get_port_profile()
Feb 13 10:58:03 Speed TRACE    : init()
Feb 13 10:58:03 Speed PARANOID : given properties:
Feb 13 10:58:03 Speed DEBUG    : 
Feb 13 10:58:03 Speed PARANOID : updated properties:
Feb 13 10:58:03 Speed DEBUG    : 
Feb 13 10:58:03 Speed TRACE    : initConsumers()
Feb 13 10:58:03 Speed DEBUG    : available InPortConsumer: [corba_cdr]
Feb 13 10:58:03 Speed DEBUG    : dataflow_type pull is supported
Feb 13 10:58:03 Speed TRACE    : initProviders()
Feb 13 10:58:03 Speed DEBUG    : available providers: [corba_cdr]
Feb 13 10:58:03 Speed DEBUG    : dataflow_type pull is supported
Feb 13 10:58:03 RTObject_impl TRACE    : addOutPort(Temperature)
Feb 13 10:58:03 RTObject_impl TRACE    : addPort(PortBase)
Feb 13 10:58:03 RTObject_impl TRACE    : RTObject_impl.getObjRef()
Feb 13 10:58:03 RTObject_impl TRACE    : RTObject_impl.get_component_profile()
Feb 13 10:58:03 Torque TRACE    : get_port_profile()
Feb 13 10:58:03 Move TRACE    : get_port_profile()
Feb 13 10:58:03 Time TRACE    : get_port_profile()
Feb 13 10:58:03 Angle TRACE    : get_port_profile()
Feb 13 10:58:03 Load TRACE    : get_port_profile()
Feb 13 10:58:03 Speed TRACE    : get_port_profile()
Feb 13 10:58:03 Temperature TRACE    : setOwner(RS40XCB_ARM0)
Feb 13 10:58:03 Temperature TRACE    : getName() = RS40XCB_ARM0.Temperature
Feb 13 10:58:03 Torque TRACE    : get_port_profile()
Feb 13 10:58:03 Move TRACE    : get_port_profile()
Feb 13 10:58:03 Time TRACE    : get_port_profile()
Feb 13 10:58:03 Angle TRACE    : get_port_profile()
Feb 13 10:58:03 Load TRACE    : get_port_profile()
Feb 13 10:58:03 Speed TRACE    : get_port_profile()
Feb 13 10:58:03 Temperature TRACE    : get_port_profile()
Feb 13 10:58:03 Torque TRACE    : get_port_profile()
Feb 13 10:58:03 Move TRACE    : get_port_profile()
Feb 13 10:58:03 Time TRACE    : get_port_profile()
Feb 13 10:58:03 Angle TRACE    : get_port_profile()
Feb 13 10:58:03 Load TRACE    : get_port_profile()
Feb 13 10:58:03 Speed TRACE    : get_port_profile()
Feb 13 10:58:03 Temperature TRACE    : init()
Feb 13 10:58:03 Temperature PARANOID : given properties:
Feb 13 10:58:03 Temperature DEBUG    : 
Feb 13 10:58:03 Temperature PARANOID : updated properties:
Feb 13 10:58:03 Temperature DEBUG    : 
Feb 13 10:58:03 Temperature TRACE    : initConsumers()
Feb 13 10:58:03 Temperature DEBUG    : available InPortConsumer: [corba_cdr]
Feb 13 10:58:03 Temperature DEBUG    : dataflow_type pull is supported
Feb 13 10:58:03 Temperature TRACE    : initProviders()
Feb 13 10:58:03 Temperature DEBUG    : available providers: [corba_cdr]
Feb 13 10:58:03 Temperature DEBUG    : dataflow_type pull is supported
Feb 13 10:58:03 RTObject_impl TRACE    : addOutPort(Voltage)
Feb 13 10:58:03 RTObject_impl TRACE    : addPort(PortBase)
Feb 13 10:58:03 RTObject_impl TRACE    : RTObject_impl.getObjRef()
Feb 13 10:58:03 RTObject_impl TRACE    : RTObject_impl.get_component_profile()
Feb 13 10:58:03 Torque TRACE    : get_port_profile()
Feb 13 10:58:03 Move TRACE    : get_port_profile()
Feb 13 10:58:03 Time TRACE    : get_port_profile()
Feb 13 10:58:03 Angle TRACE    : get_port_profile()
Feb 13 10:58:03 Load TRACE    : get_port_profile()
Feb 13 10:58:03 Speed TRACE    : get_port_profile()
Feb 13 10:58:03 Temperature TRACE    : get_port_profile()
Feb 13 10:58:03 Voltage TRACE    : setOwner(RS40XCB_ARM0)
Feb 13 10:58:03 Voltage TRACE    : getName() = RS40XCB_ARM0.Voltage
Feb 13 10:58:03 Torque TRACE    : get_port_profile()
Feb 13 10:58:03 Move TRACE    : get_port_profile()
Feb 13 10:58:03 Time TRACE    : get_port_profile()
Feb 13 10:58:03 Angle TRACE    : get_port_profile()
Feb 13 10:58:03 Load TRACE    : get_port_profile()
Feb 13 10:58:03 Speed TRACE    : get_port_profile()
Feb 13 10:58:03 Temperature TRACE    : get_port_profile()
Feb 13 10:58:03 Voltage TRACE    : get_port_profile()
Feb 13 10:58:03 Torque TRACE    : get_port_profile()
Feb 13 10:58:03 Move TRACE    : get_port_profile()
Feb 13 10:58:03 Time TRACE    : get_port_profile()
Feb 13 10:58:03 Angle TRACE    : get_port_profile()
Feb 13 10:58:03 Load TRACE    : get_port_profile()
Feb 13 10:58:03 Speed TRACE    : get_port_profile()
Feb 13 10:58:03 Temperature TRACE    : get_port_profile()
Feb 13 10:58:03 Voltage TRACE    : init()
Feb 13 10:58:03 Voltage PARANOID : given properties:
Feb 13 10:58:03 Voltage DEBUG    : 
Feb 13 10:58:03 Voltage PARANOID : updated properties:
Feb 13 10:58:03 Voltage DEBUG    : 
Feb 13 10:58:03 Voltage TRACE    : initConsumers()
Feb 13 10:58:03 Voltage DEBUG    : available InPortConsumer: [corba_cdr]
Feb 13 10:58:03 Voltage DEBUG    : dataflow_type pull is supported
Feb 13 10:58:03 Voltage TRACE    : initProviders()
Feb 13 10:58:03 Voltage DEBUG    : available providers: [corba_cdr]
Feb 13 10:58:03 Voltage DEBUG    : dataflow_type pull is supported
Feb 13 10:58:03 RTObject_impl TRACE    : RTObject_impl.bindParameter(portname,/dev/ttyUSB0)
Feb 13 10:58:03 RTObject_impl TRACE    : RTObject_impl.bindParameter(baudrate,115200)
Feb 13 10:58:03 RTObject_impl TRACE    : RTObject_impl.bindParameter(startID,1)
Feb 13 10:58:03 RTObject_impl TRACE    : RTObject_impl.bindParameter(endID,7)
Feb 13 10:58:03 RTObject_impl TRACE    : RTObject_impl.onInitialize()
Feb 13 10:58:03 RTObject_impl DEBUG    : EC[0] starting
Feb 13 10:58:03 PeriodicExecutionContext TRACE    : PeriodicExecutionContext.start()
Feb 13 10:58:03 RTObject_impl TRACE    : RTObject_impl.on_startup(0)
Feb 13 10:58:03 RTObject_impl TRACE    : RTObject_impl.onStartup(0)
Feb 13 10:58:03 PeriodicExecutionContext TRACE    : PeriodicExecutionContext.open()
Feb 13 10:58:03 PeriodicExecutionContext TRACE    : PeriodicExecutionContext.run()
Feb 13 10:58:03 Manager TRACE    : RTC initialization succeeded: 
Feb 13 10:58:03 PeriodicExecutionContext TRACE    : PeriodicExecutionContext.svc()
Feb 13 10:58:03 RTObject_impl TRACE    : RTObject_impl.getInstanceName()
Feb 13 10:58:03 Manager TRACE    : Manager.registerComponent(RS40XCB_ARM0)
Feb 13 10:58:03 RTObject_impl TRACE    : RTObject_impl.getInstanceName()
Feb 13 10:58:03 RTObject_impl TRACE    : RTObject_impl.getNamingNames()
Feb 13 10:58:03 Manager TRACE    : Bind name: javatea-desktop.host_cxt/RS40XCB_ARM0.rtc
Feb 13 10:58:03 NamingManager TRACE    : NamingManager.bindObject(javatea-desktop.host_cxt/RS40XCB_ARM0.rtc)
Feb 13 10:58:03 RTObject_impl TRACE    : RTObject_impl.getObjRef()
Feb 13 10:58:03 CorbaNaming TRACE    : in  CorbaNaming.rebindByString(javatea-desktop.host_cxt/RS40XCB_ARM0.rtc)
Feb 13 10:58:03 CorbaNaming TRACE    : in  CorbaNaming.rebind([Lorg.omg.CosNaming.NameComponent;@7ecd78,true)
Feb 13 10:58:03 CorbaNaming TRACE    :     isNamingContext is false.
Feb 13 10:58:03 CorbaNaming TRACE    : out  CorbaNaming.rebind()
Feb 13 10:58:03 CorbaNaming TRACE    : out CorbaNaming.rebindByString(javatea-desktop.host_cxt/RS40XCB_ARM0.rtc)
Feb 13 10:58:03 Manager TRACE    : Manager.runManager(): blocking mode
Feb 13 10:58:04 Manager VERBOSE  : Manager.cleanupComponents()
Feb 13 10:58:04 Manager VERBOSE  : 0 components are marked as finalized.
Feb 13 10:58:05 Manager VERBOSE  : Manager.cleanupComponents()
Feb 13 10:58:05 Manager VERBOSE  : 0 components are marked as finalized.
Feb 13 10:58:06 Manager VERBOSE  : Manager.cleanupComponents()
Feb 13 10:58:06 Manager VERBOSE  : 0 components are marked as finalized.
Feb 13 10:58:07 Manager VERBOSE  : Manager.cleanupComponents()
Feb 13 10:58:07 Manager VERBOSE  : 0 components are marked as finalized.
Feb 13 10:58:08 Manager VERBOSE  : Manager.cleanupComponents()
Feb 13 10:58:08 Manager VERBOSE  : 0 components are marked as finalized.
Feb 13 10:58:09 Manager VERBOSE  : Manager.cleanupComponents()
Feb 13 10:58:09 Manager VERBOSE  : 0 components are marked as finalized.
Feb 13 10:58:10 Manager VERBOSE  : Manager.cleanupComponents()
Feb 13 10:58:10 Manager VERBOSE  : 0 components are marked as finalized.
Feb 13 10:58:11 Manager VERBOSE  : Manager.cleanupComponents()
Feb 13 10:58:11 Manager VERBOSE  : 0 components are marked as finalized.
Feb 13 10:58:12 Manager VERBOSE  : Manager.cleanupComponents()
Feb 13 10:58:12 Manager VERBOSE  : 0 components are marked as finalized.
Feb 13 10:58:13 Manager TRACE    : Manager.shutdownOnNoRtcs()
Feb 13 10:58:13 Manager TRACE    : Manager.getComponents()
Feb 13 10:58:13 Manager VERBOSE  : Manager.cleanupComponents()
Feb 13 10:58:13 Manager VERBOSE  : 0 components are marked as finalized.
Feb 13 10:58:13 NamingManager TRACE    : NamingManager.update()
Feb 13 10:58:13 NamingOnCorba TRACE    : isAlive()
Feb 13 10:58:14 Manager VERBOSE  : Manager.cleanupComponents()
Feb 13 10:58:14 Manager VERBOSE  : 0 components are marked as finalized.
Feb 13 10:58:15 Manager VERBOSE  : Manager.cleanupComponents()
Feb 13 10:58:15 Manager VERBOSE  : 0 components are marked as finalized.
Feb 13 10:58:16 Manager VERBOSE  : Manager.cleanupComponents()
Feb 13 10:58:16 Manager VERBOSE  : 0 components are marked as finalized.
Feb 13 10:58:17 Manager VERBOSE  : Manager.cleanupComponents()
Feb 13 10:58:17 Manager VERBOSE  : 0 components are marked as finalized.
Feb 13 10:58:18 Manager VERBOSE  : Manager.cleanupComponents()
Feb 13 10:58:18 Manager VERBOSE  : 0 components are marked as finalized.
Feb 13 10:58:19 Manager VERBOSE  : Manager.cleanupComponents()
Feb 13 10:58:19 Manager VERBOSE  : 0 components are marked as finalized.
Feb 13 10:58:20 Manager VERBOSE  : Manager.cleanupComponents()
Feb 13 10:58:20 Manager VERBOSE  : 0 components are marked as finalized.
Feb 13 10:58:21 Manager VERBOSE  : Manager.cleanupComponents()
Feb 13 10:58:21 Manager VERBOSE  : 0 components are marked as finalized.
Feb 13 10:58:21 RTObject_impl TRACE    : RTObject_impl.get_component_profile()
Feb 13 10:58:21 Torque TRACE    : get_port_profile()
Feb 13 10:58:21 Move TRACE    : get_port_profile()
Feb 13 10:58:21 Time TRACE    : get_port_profile()
Feb 13 10:58:21 Angle TRACE    : get_port_profile()
Feb 13 10:58:21 Load TRACE    : get_port_profile()
Feb 13 10:58:21 Speed TRACE    : get_port_profile()
Feb 13 10:58:21 Temperature TRACE    : get_port_profile()
Feb 13 10:58:21 Voltage TRACE    : get_port_profile()
Feb 13 10:58:21 RTObject_impl TRACE    : RTObject_impl.get_configuration()
Feb 13 10:58:21 RTObject_impl TRACE    : RTObject_impl.get_owned_contexts()
Feb 13 10:58:21 RTObject_impl TRACE    : RTObject_impl.get_participating_contexts()
Feb 13 10:58:21 PeriodicExecutionContext TRACE    : PeriodicExecutionContext.get_component_state()
Feb 13 10:58:21 PeriodicExecutionContext TRACE    : PeriodicExecutionContext.is_running()
Feb 13 10:58:21 Configuration_impl TRACE    : Configuration_impl.get_configuration_sets()
Feb 13 10:58:21 Configuration_impl TRACE    : Configuration_impl.get_active_configuration_set()
Feb 13 10:58:21 RTObject_impl TRACE    : RTObject_impl.get_owned_organizations()
Feb 13 10:58:21 PeriodicExecutionContext TRACE    : PeriodicExecutionContext.get_profile()
Feb 13 10:58:21 PeriodicExecutionContext TRACE    : PeriodicExecutionContext.is_running()
Feb 13 10:58:21 RTObject_impl TRACE    : RTObject_impl.get_context_handle()
Feb 13 10:58:21 PeriodicExecutionContext TRACE    : PeriodicExecutionContext.get_profile()
Feb 13 10:58:21 PeriodicExecutionContext TRACE    : PeriodicExecutionContext.is_running()
Feb 13 10:58:21 RTObject_impl TRACE    : RTObject_impl.get_component_profile()
Feb 13 10:58:21 Torque TRACE    : get_port_profile()
Feb 13 10:58:21 Move TRACE    : get_port_profile()
Feb 13 10:58:21 Time TRACE    : get_port_profile()
Feb 13 10:58:21 Angle TRACE    : get_port_profile()
Feb 13 10:58:21 Load TRACE    : get_port_profile()
Feb 13 10:58:21 Speed TRACE    : get_port_profile()
Feb 13 10:58:21 Temperature TRACE    : get_port_profile()
Feb 13 10:58:21 Voltage TRACE    : get_port_profile()
Feb 13 10:58:21 RTObject_impl TRACE    : RTObject_impl.get_owned_contexts()
Feb 13 10:58:21 RTObject_impl TRACE    : RTObject_impl.get_participating_contexts()
Feb 13 10:58:21 PeriodicExecutionContext TRACE    : PeriodicExecutionContext.get_component_state()
Feb 13 10:58:21 PeriodicExecutionContext TRACE    : PeriodicExecutionContext.is_running()
Feb 13 10:58:21 Configuration_impl TRACE    : Configuration_impl.get_configuration_sets()
Feb 13 10:58:21 Configuration_impl TRACE    : Configuration_impl.get_active_configuration_set()
Feb 13 10:58:21 PeriodicExecutionContext TRACE    : PeriodicExecutionContext.get_profile()
Feb 13 10:58:21 PeriodicExecutionContext TRACE    : PeriodicExecutionContext.is_running()
Feb 13 10:58:21 RTObject_impl TRACE    : RTObject_impl.get_context_handle()
Feb 13 10:58:21 PeriodicExecutionContext TRACE    : PeriodicExecutionContext.get_profile()
Feb 13 10:58:21 PeriodicExecutionContext TRACE    : PeriodicExecutionContext.is_running()
Feb 13 10:58:22 RTObject_impl TRACE    : RTObject_impl.get_component_profile()
Feb 13 10:58:22 Torque TRACE    : get_port_profile()
Feb 13 10:58:22 Move TRACE    : get_port_profile()
Feb 13 10:58:22 Time TRACE    : get_port_profile()
Feb 13 10:58:22 Angle TRACE    : get_port_profile()
Feb 13 10:58:22 Load TRACE    : get_port_profile()
Feb 13 10:58:22 Manager VERBOSE  : Manager.cleanupComponents()
Feb 13 10:58:22 Manager VERBOSE  : 0 components are marked as finalized.
Feb 13 10:58:22 Speed TRACE    : get_port_profile()
Feb 13 10:58:22 Temperature TRACE    : get_port_profile()
Feb 13 10:58:22 Voltage TRACE    : get_port_profile()
Feb 13 10:58:22 RTObject_impl TRACE    : RTObject_impl.get_owned_contexts()
Feb 13 10:58:22 RTObject_impl TRACE    : RTObject_impl.get_participating_contexts()
Feb 13 10:58:22 PeriodicExecutionContext TRACE    : PeriodicExecutionContext.get_component_state()
Feb 13 10:58:22 PeriodicExecutionContext TRACE    : PeriodicExecutionContext.is_running()
Feb 13 10:58:22 Configuration_impl TRACE    : Configuration_impl.get_configuration_sets()
Feb 13 10:58:22 Configuration_impl TRACE    : Configuration_impl.get_active_configuration_set()
Feb 13 10:58:22 PeriodicExecutionContext TRACE    : PeriodicExecutionContext.get_profile()
Feb 13 10:58:22 PeriodicExecutionContext TRACE    : PeriodicExecutionContext.is_running()
Feb 13 10:58:23 RTObject_impl TRACE    : RTObject_impl.get_component_profile()
Feb 13 10:58:23 Torque TRACE    : get_port_profile()
Feb 13 10:58:23 Move TRACE    : get_port_profile()
Feb 13 10:58:23 Time TRACE    : get_port_profile()
Feb 13 10:58:23 Angle TRACE    : get_port_profile()
Feb 13 10:58:23 Load TRACE    : get_port_profile()
Feb 13 10:58:23 Speed TRACE    : get_port_profile()
Feb 13 10:58:23 Temperature TRACE    : get_port_profile()
Feb 13 10:58:23 Voltage TRACE    : get_port_profile()
Feb 13 10:58:23 RTObject_impl TRACE    : RTObject_impl.get_owned_contexts()
Feb 13 10:58:23 RTObject_impl TRACE    : RTObject_impl.get_participating_contexts()
Feb 13 10:58:23 PeriodicExecutionContext TRACE    : PeriodicExecutionContext.get_component_state()
Feb 13 10:58:23 PeriodicExecutionContext TRACE    : PeriodicExecutionContext.is_running()
Feb 13 10:58:23 Configuration_impl TRACE    : Configuration_impl.get_configuration_sets()
Feb 13 10:58:23 Configuration_impl TRACE    : Configuration_impl.get_active_configuration_set()
Feb 13 10:58:23 Manager TRACE    : Manager.shutdownOnNoRtcs()
Feb 13 10:58:23 Manager TRACE    : Manager.getComponents()
Feb 13 10:58:23 Manager VERBOSE  : Manager.cleanupComponents()
Feb 13 10:58:23 Manager VERBOSE  : 0 components are marked as finalized.
Feb 13 10:58:23 PeriodicExecutionContext TRACE    : PeriodicExecutionContext.get_profile()
Feb 13 10:58:23 PeriodicExecutionContext TRACE    : PeriodicExecutionContext.is_running()
Feb 13 10:58:23 NamingManager TRACE    : NamingManager.update()
Feb 13 10:58:23 NamingOnCorba TRACE    : isAlive()
Feb 13 10:58:24 RTObject_impl TRACE    : RTObject_impl.get_component_profile()
Feb 13 10:58:24 Torque TRACE    : get_port_profile()
Feb 13 10:58:24 Move TRACE    : get_port_profile()
Feb 13 10:58:24 Time TRACE    : get_port_profile()
Feb 13 10:58:24 Angle TRACE    : get_port_profile()
Feb 13 10:58:24 Load TRACE    : get_port_profile()
Feb 13 10:58:24 Speed TRACE    : get_port_profile()
Feb 13 10:58:24 Temperature TRACE    : get_port_profile()
Feb 13 10:58:24 Voltage TRACE    : get_port_profile()
Feb 13 10:58:24 RTObject_impl TRACE    : RTObject_impl.get_owned_contexts()
Feb 13 10:58:24 RTObject_impl TRACE    : RTObject_impl.get_participating_contexts()
Feb 13 10:58:24 PeriodicExecutionContext TRACE    : PeriodicExecutionContext.get_component_state()
Feb 13 10:58:24 PeriodicExecutionContext TRACE    : PeriodicExecutionContext.is_running()
Feb 13 10:58:24 Configuration_impl TRACE    : Configuration_impl.get_configuration_sets()
Feb 13 10:58:24 Configuration_impl TRACE    : Configuration_impl.get_active_configuration_set()
Feb 13 10:58:24 PeriodicExecutionContext TRACE    : PeriodicExecutionContext.get_profile()
Feb 13 10:58:24 PeriodicExecutionContext TRACE    : PeriodicExecutionContext.is_running()
Feb 13 10:58:24 Manager VERBOSE  : Manager.cleanupComponents()
Feb 13 10:58:24 Manager VERBOSE  : 0 components are marked as finalized.
Feb 13 10:58:25 RTObject_impl TRACE    : RTObject_impl.get_component_profile()
Feb 13 10:58:25 Torque TRACE    : get_port_profile()
Feb 13 10:58:25 Move TRACE    : get_port_profile()
Feb 13 10:58:25 Time TRACE    : get_port_profile()
Feb 13 10:58:25 Angle TRACE    : get_port_profile()
Feb 13 10:58:25 Load TRACE    : get_port_profile()
Feb 13 10:58:25 Speed TRACE    : get_port_profile()
Feb 13 10:58:25 Temperature TRACE    : get_port_profile()
Feb 13 10:58:25 Voltage TRACE    : get_port_profile()
Feb 13 10:58:25 RTObject_impl TRACE    : RTObject_impl.get_owned_contexts()
Feb 13 10:58:25 RTObject_impl TRACE    : RTObject_impl.get_participating_contexts()
Feb 13 10:58:25 PeriodicExecutionContext TRACE    : PeriodicExecutionContext.get_component_state()
Feb 13 10:58:25 PeriodicExecutionContext TRACE    : PeriodicExecutionContext.is_running()
Feb 13 10:58:25 Configuration_impl TRACE    : Configuration_impl.get_configuration_sets()
Feb 13 10:58:25 Configuration_impl TRACE    : Configuration_impl.get_active_configuration_set()
Feb 13 10:58:25 PeriodicExecutionContext TRACE    : PeriodicExecutionContext.get_profile()
Feb 13 10:58:25 PeriodicExecutionContext TRACE    : PeriodicExecutionContext.is_running()
Feb 13 10:58:25 Manager VERBOSE  : Manager.cleanupComponents()
Feb 13 10:58:25 Manager VERBOSE  : 0 components are marked as finalized.
Feb 13 10:58:26 RTObject_impl TRACE    : RTObject_impl.get_component_profile()
Feb 13 10:58:26 Torque TRACE    : get_port_profile()
Feb 13 10:58:26 Move TRACE    : get_port_profile()
Feb 13 10:58:26 Time TRACE    : get_port_profile()
Feb 13 10:58:26 Angle TRACE    : get_port_profile()
Feb 13 10:58:26 Load TRACE    : get_port_profile()
Feb 13 10:58:26 Speed TRACE    : get_port_profile()
Feb 13 10:58:26 Temperature TRACE    : get_port_profile()
Feb 13 10:58:26 Voltage TRACE    : get_port_profile()
Feb 13 10:58:26 RTObject_impl TRACE    : RTObject_impl.get_owned_contexts()
Feb 13 10:58:26 RTObject_impl TRACE    : RTObject_impl.get_participating_contexts()
Feb 13 10:58:26 PeriodicExecutionContext TRACE    : PeriodicExecutionContext.get_component_state()
Feb 13 10:58:26 PeriodicExecutionContext TRACE    : PeriodicExecutionContext.is_running()
Feb 13 10:58:26 Configuration_impl TRACE    : Configuration_impl.get_configuration_sets()
Feb 13 10:58:26 Configuration_impl TRACE    : Configuration_impl.get_active_configuration_set()
Feb 13 10:58:26 PeriodicExecutionContext TRACE    : PeriodicExecutionContext.get_profile()
Feb 13 10:58:26 PeriodicExecutionContext TRACE    : PeriodicExecutionContext.is_running()
Feb 13 10:58:26 Manager VERBOSE  : Manager.cleanupComponents()
Feb 13 10:58:26 Manager VERBOSE  : 0 components are marked as finalized.
Feb 13 10:58:27 RTObject_impl TRACE    : RTObject_impl.get_component_profile()
Feb 13 10:58:27 Torque TRACE    : get_port_profile()
Feb 13 10:58:27 Move TRACE    : get_port_profile()
Feb 13 10:58:27 Time TRACE    : get_port_profile()
Feb 13 10:58:27 Angle TRACE    : get_port_profile()
Feb 13 10:58:27 Load TRACE    : get_port_profile()
Feb 13 10:58:27 Speed TRACE    : get_port_profile()
Feb 13 10:58:27 Temperature TRACE    : get_port_profile()
Feb 13 10:58:27 Voltage TRACE    : get_port_profile()
Feb 13 10:58:27 RTObject_impl TRACE    : RTObject_impl.get_owned_contexts()
Feb 13 10:58:27 RTObject_impl TRACE    : RTObject_impl.get_participating_contexts()
Feb 13 10:58:27 PeriodicExecutionContext TRACE    : PeriodicExecutionContext.get_component_state()
Feb 13 10:58:27 PeriodicExecutionContext TRACE    : PeriodicExecutionContext.is_running()
Feb 13 10:58:27 Configuration_impl TRACE    : Configuration_impl.get_configuration_sets()
Feb 13 10:58:27 Configuration_impl TRACE    : Configuration_impl.get_active_configuration_set()
Feb 13 10:58:27 PeriodicExecutionContext TRACE    : PeriodicExecutionContext.get_profile()
Feb 13 10:58:27 PeriodicExecutionContext TRACE    : PeriodicExecutionContext.is_running()
Feb 13 10:58:27 Manager VERBOSE  : Manager.cleanupComponents()
Feb 13 10:58:27 Manager VERBOSE  : 0 components are marked as finalized.
Feb 13 10:58:28 RTObject_impl TRACE    : RTObject_impl.get_component_profile()
Feb 13 10:58:28 Torque TRACE    : get_port_profile()
Feb 13 10:58:28 Move TRACE    : get_port_profile()
Feb 13 10:58:28 Time TRACE    : get_port_profile()
Feb 13 10:58:28 Angle TRACE    : get_port_profile()
Feb 13 10:58:28 Load TRACE    : get_port_profile()
Feb 13 10:58:28 Speed TRACE    : get_port_profile()
Feb 13 10:58:28 Temperature TRACE    : get_port_profile()
Feb 13 10:58:28 Voltage TRACE    : get_port_profile()
Feb 13 10:58:28 RTObject_impl TRACE    : RTObject_impl.get_owned_contexts()
Feb 13 10:58:28 RTObject_impl TRACE    : RTObject_impl.get_participating_contexts()
Feb 13 10:58:28 PeriodicExecutionContext TRACE    : PeriodicExecutionContext.get_component_state()
Feb 13 10:58:28 PeriodicExecutionContext TRACE    : PeriodicExecutionContext.is_running()
Feb 13 10:58:28 Configuration_impl TRACE    : Configuration_impl.get_configuration_sets()
Feb 13 10:58:28 Configuration_impl TRACE    : Configuration_impl.get_active_configuration_set()
Feb 13 10:58:28 PeriodicExecutionContext TRACE    : PeriodicExecutionContext.get_profile()
Feb 13 10:58:28 PeriodicExecutionContext TRACE    : PeriodicExecutionContext.is_running()
Feb 13 10:58:28 Manager VERBOSE  : Manager.cleanupComponents()
Feb 13 10:58:28 Manager VERBOSE  : 0 components are marked as finalized.
Feb 13 10:58:29 RTObject_impl TRACE    : RTObject_impl.get_component_profile()
Feb 13 10:58:29 Torque TRACE    : get_port_profile()
Feb 13 10:58:29 Move TRACE    : get_port_profile()
Feb 13 10:58:29 Time TRACE    : get_port_profile()
Feb 13 10:58:29 Angle TRACE    : get_port_profile()
Feb 13 10:58:29 Load TRACE    : get_port_profile()
Feb 13 10:58:29 Speed TRACE    : get_port_profile()
Feb 13 10:58:29 Temperature TRACE    : get_port_profile()
Feb 13 10:58:29 Voltage TRACE    : get_port_profile()
Feb 13 10:58:29 RTObject_impl TRACE    : RTObject_impl.get_owned_contexts()
Feb 13 10:58:29 RTObject_impl TRACE    : RTObject_impl.get_participating_contexts()
Feb 13 10:58:29 PeriodicExecutionContext TRACE    : PeriodicExecutionContext.get_component_state()
Feb 13 10:58:29 PeriodicExecutionContext TRACE    : PeriodicExecutionContext.is_running()
Feb 13 10:58:29 Configuration_impl TRACE    : Configuration_impl.get_configuration_sets()
Feb 13 10:58:29 Configuration_impl TRACE    : Configuration_impl.get_active_configuration_set()
Feb 13 10:58:29 PeriodicExecutionContext TRACE    : PeriodicExecutionContext.get_profile()
Feb 13 10:58:29 PeriodicExecutionContext TRACE    : PeriodicExecutionContext.is_running()
Feb 13 10:58:29 Manager VERBOSE  : Manager.cleanupComponents()
Feb 13 10:58:29 Manager VERBOSE  : 0 components are marked as finalized.
Feb 13 10:58:30 RTObject_impl TRACE    : RTObject_impl.get_component_profile()
Feb 13 10:58:30 Torque TRACE    : get_port_profile()
Feb 13 10:58:30 Move TRACE    : get_port_profile()
Feb 13 10:58:30 Time TRACE    : get_port_profile()
Feb 13 10:58:30 Angle TRACE    : get_port_profile()
Feb 13 10:58:30 Load TRACE    : get_port_profile()
Feb 13 10:58:30 Speed TRACE    : get_port_profile()
Feb 13 10:58:30 Temperature TRACE    : get_port_profile()
Feb 13 10:58:30 Voltage TRACE    : get_port_profile()
Feb 13 10:58:30 RTObject_impl TRACE    : RTObject_impl.get_owned_contexts()
Feb 13 10:58:30 RTObject_impl TRACE    : RTObject_impl.get_participating_contexts()
Feb 13 10:58:30 PeriodicExecutionContext TRACE    : PeriodicExecutionContext.get_component_state()
Feb 13 10:58:30 PeriodicExecutionContext TRACE    : PeriodicExecutionContext.is_running()
Feb 13 10:58:30 Configuration_impl TRACE    : Configuration_impl.get_configuration_sets()
Feb 13 10:58:30 Configuration_impl TRACE    : Configuration_impl.get_active_configuration_set()
Feb 13 10:58:30 PeriodicExecutionContext TRACE    : PeriodicExecutionContext.get_profile()
Feb 13 10:58:30 PeriodicExecutionContext TRACE    : PeriodicExecutionContext.is_running()
Feb 13 10:58:30 Manager VERBOSE  : Manager.cleanupComponents()
Feb 13 10:58:30 Manager VERBOSE  : 0 components are marked as finalized.
Feb 13 10:58:31 RTObject_impl TRACE    : RTObject_impl.get_component_profile()
Feb 13 10:58:31 Torque TRACE    : get_port_profile()
Feb 13 10:58:31 Move TRACE    : get_port_profile()
Feb 13 10:58:31 Time TRACE    : get_port_profile()
Feb 13 10:58:31 Angle TRACE    : get_port_profile()
Feb 13 10:58:31 Load TRACE    : get_port_profile()
Feb 13 10:58:31 Speed TRACE    : get_port_profile()
Feb 13 10:58:31 Temperature TRACE    : get_port_profile()
Feb 13 10:58:31 Voltage TRACE    : get_port_profile()
Feb 13 10:58:31 RTObject_impl TRACE    : RTObject_impl.get_owned_contexts()
Feb 13 10:58:31 RTObject_impl TRACE    : RTObject_impl.get_participating_contexts()
Feb 13 10:58:31 PeriodicExecutionContext TRACE    : PeriodicExecutionContext.get_component_state()
Feb 13 10:58:31 PeriodicExecutionContext TRACE    : PeriodicExecutionContext.is_running()
Feb 13 10:58:31 Configuration_impl TRACE    : Configuration_impl.get_configuration_sets()
Feb 13 10:58:31 Configuration_impl TRACE    : Configuration_impl.get_active_configuration_set()
Feb 13 10:58:31 PeriodicExecutionContext TRACE    : PeriodicExecutionContext.get_profile()
Feb 13 10:58:31 PeriodicExecutionContext TRACE    : PeriodicExecutionContext.is_running()
Feb 13 10:58:31 Manager VERBOSE  : Manager.cleanupComponents()
Feb 13 10:58:31 Manager VERBOSE  : 0 components are marked as finalized.
Feb 13 10:58:32 RTObject_impl TRACE    : RTObject_impl.get_component_profile()
Feb 13 10:58:32 Torque TRACE    : get_port_profile()
Feb 13 10:58:32 Move TRACE    : get_port_profile()
Feb 13 10:58:32 Time TRACE    : get_port_profile()
Feb 13 10:58:32 Angle TRACE    : get_port_profile()
Feb 13 10:58:32 Load TRACE    : get_port_profile()
Feb 13 10:58:32 Speed TRACE    : get_port_profile()
Feb 13 10:58:32 Temperature TRACE    : get_port_profile()
Feb 13 10:58:32 Voltage TRACE    : get_port_profile()
Feb 13 10:58:32 RTObject_impl TRACE    : RTObject_impl.get_owned_contexts()
Feb 13 10:58:32 RTObject_impl TRACE    : RTObject_impl.get_participating_contexts()
Feb 13 10:58:32 PeriodicExecutionContext TRACE    : PeriodicExecutionContext.get_component_state()
Feb 13 10:58:32 PeriodicExecutionContext TRACE    : PeriodicExecutionContext.is_running()
Feb 13 10:58:32 Configuration_impl TRACE    : Configuration_impl.get_configuration_sets()
Feb 13 10:58:32 Configuration_impl TRACE    : Configuration_impl.get_active_configuration_set()
Feb 13 10:58:32 PeriodicExecutionContext TRACE    : PeriodicExecutionContext.get_profile()
Feb 13 10:58:32 PeriodicExecutionContext TRACE    : PeriodicExecutionContext.is_running()
Feb 13 10:58:32 Manager VERBOSE  : Manager.cleanupComponents()
Feb 13 10:58:32 Manager VERBOSE  : 0 components are marked as finalized.
Feb 13 10:58:33 RTObject_impl TRACE    : RTObject_impl.get_component_profile()
Feb 13 10:58:33 Torque TRACE    : get_port_profile()
Feb 13 10:58:33 Move TRACE    : get_port_profile()
Feb 13 10:58:33 Time TRACE    : get_port_profile()
Feb 13 10:58:33 Angle TRACE    : get_port_profile()
Feb 13 10:58:33 Load TRACE    : get_port_profile()
Feb 13 10:58:33 Speed TRACE    : get_port_profile()
Feb 13 10:58:33 Temperature TRACE    : get_port_profile()
Feb 13 10:58:33 Voltage TRACE    : get_port_profile()
Feb 13 10:58:33 RTObject_impl TRACE    : RTObject_impl.get_owned_contexts()
Feb 13 10:58:33 RTObject_impl TRACE    : RTObject_impl.get_participating_contexts()
Feb 13 10:58:33 PeriodicExecutionContext TRACE    : PeriodicExecutionContext.get_component_state()
Feb 13 10:58:33 PeriodicExecutionContext TRACE    : PeriodicExecutionContext.is_running()
Feb 13 10:58:33 Configuration_impl TRACE    : Configuration_impl.get_configuration_sets()
Feb 13 10:58:33 Configuration_impl TRACE    : Configuration_impl.get_active_configuration_set()
Feb 13 10:58:33 PeriodicExecutionContext TRACE    : PeriodicExecutionContext.get_profile()
Feb 13 10:58:33 PeriodicExecutionContext TRACE    : PeriodicExecutionContext.is_running()
Feb 13 10:58:33 Manager TRACE    : Manager.shutdownOnNoRtcs()
Feb 13 10:58:33 Manager TRACE    : Manager.getComponents()
Feb 13 10:58:33 Manager VERBOSE  : Manager.cleanupComponents()
Feb 13 10:58:33 Manager VERBOSE  : 0 components are marked as finalized.
Feb 13 10:58:33 NamingManager TRACE    : NamingManager.update()
Feb 13 10:58:33 NamingOnCorba TRACE    : isAlive()
Feb 13 10:58:34 RTObject_impl TRACE    : RTObject_impl.get_component_profile()
Feb 13 10:58:34 Torque TRACE    : get_port_profile()
Feb 13 10:58:34 Move TRACE    : get_port_profile()
Feb 13 10:58:34 Time TRACE    : get_port_profile()
Feb 13 10:58:34 Angle TRACE    : get_port_profile()
Feb 13 10:58:34 Load TRACE    : get_port_profile()
Feb 13 10:58:34 Speed TRACE    : get_port_profile()
Feb 13 10:58:34 Temperature TRACE    : get_port_profile()
Feb 13 10:58:34 Voltage TRACE    : get_port_profile()
Feb 13 10:58:34 RTObject_impl TRACE    : RTObject_impl.get_owned_contexts()
Feb 13 10:58:34 RTObject_impl TRACE    : RTObject_impl.get_participating_contexts()
Feb 13 10:58:34 PeriodicExecutionContext TRACE    : PeriodicExecutionContext.get_component_state()
Feb 13 10:58:34 PeriodicExecutionContext TRACE    : PeriodicExecutionContext.is_running()
Feb 13 10:58:34 Configuration_impl TRACE    : Configuration_impl.get_configuration_sets()
Feb 13 10:58:34 Configuration_impl TRACE    : Configuration_impl.get_active_configuration_set()
Feb 13 10:58:34 PeriodicExecutionContext TRACE    : PeriodicExecutionContext.get_profile()
Feb 13 10:58:34 PeriodicExecutionContext TRACE    : PeriodicExecutionContext.is_running()
Feb 13 10:58:34 Manager VERBOSE  : Manager.cleanupComponents()
Feb 13 10:58:34 Manager VERBOSE  : 0 components are marked as finalized.
Feb 13 10:58:35 RTObject_impl TRACE    : RTObject_impl.get_component_profile()
Feb 13 10:58:35 Torque TRACE    : get_port_profile()
Feb 13 10:58:35 Move TRACE    : get_port_profile()
Feb 13 10:58:35 Time TRACE    : get_port_profile()
Feb 13 10:58:35 Angle TRACE    : get_port_profile()
Feb 13 10:58:35 Load TRACE    : get_port_profile()
Feb 13 10:58:35 Speed TRACE    : get_port_profile()
Feb 13 10:58:35 Temperature TRACE    : get_port_profile()
Feb 13 10:58:35 Voltage TRACE    : get_port_profile()
Feb 13 10:58:35 RTObject_impl TRACE    : RTObject_impl.get_owned_contexts()
Feb 13 10:58:35 RTObject_impl TRACE    : RTObject_impl.get_participating_contexts()
Feb 13 10:58:35 PeriodicExecutionContext TRACE    : PeriodicExecutionContext.get_component_state()
Feb 13 10:58:35 PeriodicExecutionContext TRACE    : PeriodicExecutionContext.is_running()
Feb 13 10:58:35 Configuration_impl TRACE    : Configuration_impl.get_configuration_sets()
Feb 13 10:58:35 Configuration_impl TRACE    : Configuration_impl.get_active_configuration_set()
Feb 13 10:58:35 PeriodicExecutionContext TRACE    : PeriodicExecutionContext.get_profile()
Feb 13 10:58:35 PeriodicExecutionContext TRACE    : PeriodicExecutionContext.is_running()
Feb 13 10:58:35 Manager VERBOSE  : Manager.cleanupComponents()
Feb 13 10:58:35 Manager VERBOSE  : 0 components are marked as finalized.
Feb 13 10:58:36 RTObject_impl TRACE    : RTObject_impl.get_component_profile()
Feb 13 10:58:36 Torque TRACE    : get_port_profile()
Feb 13 10:58:36 Move TRACE    : get_port_profile()
Feb 13 10:58:36 Time TRACE    : get_port_profile()
Feb 13 10:58:36 Angle TRACE    : get_port_profile()
Feb 13 10:58:36 Load TRACE    : get_port_profile()
Feb 13 10:58:36 Speed TRACE    : get_port_profile()
Feb 13 10:58:36 Temperature TRACE    : get_port_profile()
Feb 13 10:58:36 Voltage TRACE    : get_port_profile()
Feb 13 10:58:36 RTObject_impl TRACE    : RTObject_impl.get_owned_contexts()
Feb 13 10:58:36 RTObject_impl TRACE    : RTObject_impl.get_participating_contexts()
Feb 13 10:58:36 PeriodicExecutionContext TRACE    : PeriodicExecutionContext.get_component_state()
Feb 13 10:58:36 PeriodicExecutionContext TRACE    : PeriodicExecutionContext.is_running()
Feb 13 10:58:36 Configuration_impl TRACE    : Configuration_impl.get_configuration_sets()
Feb 13 10:58:36 Configuration_impl TRACE    : Configuration_impl.get_active_configuration_set()
Feb 13 10:58:36 PeriodicExecutionContext TRACE    : PeriodicExecutionContext.get_profile()
Feb 13 10:58:36 PeriodicExecutionContext TRACE    : PeriodicExecutionContext.is_running()
Feb 13 10:58:36 Manager VERBOSE  : Manager.cleanupComponents()
Feb 13 10:58:36 Manager VERBOSE  : 0 components are marked as finalized.
Feb 13 10:58:37 RTObject_impl TRACE    : RTObject_impl.get_component_profile()
Feb 13 10:58:37 Torque TRACE    : get_port_profile()
Feb 13 10:58:37 Move TRACE    : get_port_profile()
Feb 13 10:58:37 Time TRACE    : get_port_profile()
Feb 13 10:58:37 Angle TRACE    : get_port_profile()
Feb 13 10:58:37 Load TRACE    : get_port_profile()
Feb 13 10:58:37 Speed TRACE    : get_port_profile()
Feb 13 10:58:37 Temperature TRACE    : get_port_profile()
Feb 13 10:58:37 Voltage TRACE    : get_port_profile()
Feb 13 10:58:37 RTObject_impl TRACE    : RTObject_impl.get_owned_contexts()
Feb 13 10:58:37 RTObject_impl TRACE    : RTObject_impl.get_participating_contexts()
Feb 13 10:58:37 PeriodicExecutionContext TRACE    : PeriodicExecutionContext.get_component_state()
Feb 13 10:58:37 PeriodicExecutionContext TRACE    : PeriodicExecutionContext.is_running()
Feb 13 10:58:37 Configuration_impl TRACE    : Configuration_impl.get_configuration_sets()
Feb 13 10:58:37 Configuration_impl TRACE    : Configuration_impl.get_active_configuration_set()
Feb 13 10:58:37 PeriodicExecutionContext TRACE    : PeriodicExecutionContext.get_profile()
Feb 13 10:58:37 PeriodicExecutionContext TRACE    : PeriodicExecutionContext.is_running()
Feb 13 10:58:37 Manager VERBOSE  : Manager.cleanupComponents()
Feb 13 10:58:37 Manager VERBOSE  : 0 components are marked as finalized.
Feb 13 10:58:38 RTObject_impl TRACE    : RTObject_impl.get_component_profile()
Feb 13 10:58:38 Torque TRACE    : get_port_profile()
Feb 13 10:58:38 Move TRACE    : get_port_profile()
Feb 13 10:58:38 Time TRACE    : get_port_profile()
Feb 13 10:58:38 Angle TRACE    : get_port_profile()
Feb 13 10:58:38 Load TRACE    : get_port_profile()
Feb 13 10:58:38 Speed TRACE    : get_port_profile()
Feb 13 10:58:38 Temperature TRACE    : get_port_profile()
Feb 13 10:58:38 Voltage TRACE    : get_port_profile()
Feb 13 10:58:38 RTObject_impl TRACE    : RTObject_impl.get_owned_contexts()
Feb 13 10:58:38 RTObject_impl TRACE    : RTObject_impl.get_participating_contexts()
Feb 13 10:58:38 PeriodicExecutionContext TRACE    : PeriodicExecutionContext.get_component_state()
Feb 13 10:58:38 PeriodicExecutionContext TRACE    : PeriodicExecutionContext.is_running()
Feb 13 10:58:38 Configuration_impl TRACE    : Configuration_impl.get_configuration_sets()
Feb 13 10:58:38 Configuration_impl TRACE    : Configuration_impl.get_active_configuration_set()
Feb 13 10:58:38 PeriodicExecutionContext TRACE    : PeriodicExecutionContext.get_profile()
Feb 13 10:58:38 PeriodicExecutionContext TRACE    : PeriodicExecutionContext.is_running()
Feb 13 10:58:38 Manager VERBOSE  : Manager.cleanupComponents()
Feb 13 10:58:38 Manager VERBOSE  : 0 components are marked as finalized.
Feb 13 10:58:39 RTObject_impl TRACE    : RTObject_impl.get_component_profile()
Feb 13 10:58:39 Torque TRACE    : get_port_profile()
Feb 13 10:58:39 Move TRACE    : get_port_profile()
Feb 13 10:58:39 Time TRACE    : get_port_profile()
Feb 13 10:58:39 Angle TRACE    : get_port_profile()
Feb 13 10:58:39 Load TRACE    : get_port_profile()
Feb 13 10:58:39 Speed TRACE    : get_port_profile()
Feb 13 10:58:39 Temperature TRACE    : get_port_profile()
Feb 13 10:58:39 Voltage TRACE    : get_port_profile()
Feb 13 10:58:39 RTObject_impl TRACE    : RTObject_impl.get_owned_contexts()
Feb 13 10:58:39 RTObject_impl TRACE    : RTObject_impl.get_participating_contexts()
Feb 13 10:58:39 PeriodicExecutionContext TRACE    : PeriodicExecutionContext.get_component_state()
Feb 13 10:58:39 PeriodicExecutionContext TRACE    : PeriodicExecutionContext.is_running()
Feb 13 10:58:39 Configuration_impl TRACE    : Configuration_impl.get_configuration_sets()
Feb 13 10:58:39 Configuration_impl TRACE    : Configuration_impl.get_active_configuration_set()
Feb 13 10:58:39 PeriodicExecutionContext TRACE    : PeriodicExecutionContext.get_profile()
Feb 13 10:58:39 PeriodicExecutionContext TRACE    : PeriodicExecutionContext.is_running()
Feb 13 10:58:39 Manager VERBOSE  : Manager.cleanupComponents()
Feb 13 10:58:39 Manager VERBOSE  : 0 components are marked as finalized.
Feb 13 10:58:40 RTObject_impl TRACE    : RTObject_impl.get_component_profile()
Feb 13 10:58:40 Torque TRACE    : get_port_profile()
Feb 13 10:58:40 Move TRACE    : get_port_profile()
Feb 13 10:58:40 Time TRACE    : get_port_profile()
Feb 13 10:58:40 Angle TRACE    : get_port_profile()
Feb 13 10:58:40 Load TRACE    : get_port_profile()
Feb 13 10:58:40 Speed TRACE    : get_port_profile()
Feb 13 10:58:40 Temperature TRACE    : get_port_profile()
Feb 13 10:58:40 Voltage TRACE    : get_port_profile()
Feb 13 10:58:40 RTObject_impl TRACE    : RTObject_impl.get_owned_contexts()
Feb 13 10:58:40 RTObject_impl TRACE    : RTObject_impl.get_participating_contexts()
Feb 13 10:58:40 PeriodicExecutionContext TRACE    : PeriodicExecutionContext.get_component_state()
Feb 13 10:58:40 PeriodicExecutionContext TRACE    : PeriodicExecutionContext.is_running()
Feb 13 10:58:40 Configuration_impl TRACE    : Configuration_impl.get_configuration_sets()
Feb 13 10:58:40 Configuration_impl TRACE    : Configuration_impl.get_active_configuration_set()
Feb 13 10:58:40 PeriodicExecutionContext TRACE    : PeriodicExecutionContext.get_profile()
Feb 13 10:58:40 PeriodicExecutionContext TRACE    : PeriodicExecutionContext.is_running()
Feb 13 10:58:40 Manager VERBOSE  : Manager.cleanupComponents()
Feb 13 10:58:40 Manager VERBOSE  : 0 components are marked as finalized.
Feb 13 10:58:41 RTObject_impl TRACE    : RTObject_impl.get_component_profile()
Feb 13 10:58:41 Torque TRACE    : get_port_profile()
Feb 13 10:58:41 Move TRACE    : get_port_profile()
Feb 13 10:58:41 Time TRACE    : get_port_profile()
Feb 13 10:58:41 Angle TRACE    : get_port_profile()
Feb 13 10:58:41 Load TRACE    : get_port_profile()
Feb 13 10:58:41 Speed TRACE    : get_port_profile()
Feb 13 10:58:41 Temperature TRACE    : get_port_profile()
Feb 13 10:58:41 Voltage TRACE    : get_port_profile()
Feb 13 10:58:41 RTObject_impl TRACE    : RTObject_impl.get_owned_contexts()
Feb 13 10:58:41 RTObject_impl TRACE    : RTObject_impl.get_participating_contexts()
Feb 13 10:58:41 PeriodicExecutionContext TRACE    : PeriodicExecutionContext.get_component_state()
Feb 13 10:58:41 PeriodicExecutionContext TRACE    : PeriodicExecutionContext.is_running()
Feb 13 10:58:41 Configuration_impl TRACE    : Configuration_impl.get_configuration_sets()
Feb 13 10:58:41 Configuration_impl TRACE    : Configuration_impl.get_active_configuration_set()
Feb 13 10:58:41 PeriodicExecutionContext TRACE    : PeriodicExecutionContext.get_profile()
Feb 13 10:58:41 PeriodicExecutionContext TRACE    : PeriodicExecutionContext.is_running()
Feb 13 10:58:41 Manager VERBOSE  : Manager.cleanupComponents()
Feb 13 10:58:41 Manager VERBOSE  : 0 components are marked as finalized.
Feb 13 10:58:42 RTObject_impl TRACE    : RTObject_impl.get_component_profile()
Feb 13 10:58:42 Torque TRACE    : get_port_profile()
Feb 13 10:58:42 Move TRACE    : get_port_profile()
Feb 13 10:58:42 Time TRACE    : get_port_profile()
Feb 13 10:58:42 Angle TRACE    : get_port_profile()
Feb 13 10:58:42 Load TRACE    : get_port_profile()
Feb 13 10:58:42 Speed TRACE    : get_port_profile()
Feb 13 10:58:42 Temperature TRACE    : get_port_profile()
Feb 13 10:58:42 Voltage TRACE    : get_port_profile()
Feb 13 10:58:42 RTObject_impl TRACE    : RTObject_impl.get_owned_contexts()
Feb 13 10:58:42 RTObject_impl TRACE    : RTObject_impl.get_participating_contexts()
Feb 13 10:58:42 PeriodicExecutionContext TRACE    : PeriodicExecutionContext.get_component_state()
Feb 13 10:58:42 PeriodicExecutionContext TRACE    : PeriodicExecutionContext.is_running()
Feb 13 10:58:42 Configuration_impl TRACE    : Configuration_impl.get_configuration_sets()
Feb 13 10:58:42 Configuration_impl TRACE    : Configuration_impl.get_active_configuration_set()
Feb 13 10:58:42 PeriodicExecutionContext TRACE    : PeriodicExecutionContext.get_profile()
Feb 13 10:58:42 PeriodicExecutionContext TRACE    : PeriodicExecutionContext.is_running()
Feb 13 10:58:42 Manager VERBOSE  : Manager.cleanupComponents()
Feb 13 10:58:42 Manager VERBOSE  : 0 components are marked as finalized.
Feb 13 10:58:43 RTObject_impl TRACE    : RTObject_impl.get_component_profile()
Feb 13 10:58:43 Torque TRACE    : get_port_profile()
Feb 13 10:58:43 Move TRACE    : get_port_profile()
Feb 13 10:58:43 Time TRACE    : get_port_profile()
Feb 13 10:58:43 Angle TRACE    : get_port_profile()
Feb 13 10:58:43 Load TRACE    : get_port_profile()
Feb 13 10:58:43 Speed TRACE    : get_port_profile()
Feb 13 10:58:43 Temperature TRACE    : get_port_profile()
Feb 13 10:58:43 Voltage TRACE    : get_port_profile()
Feb 13 10:58:43 RTObject_impl TRACE    : RTObject_impl.get_owned_contexts()
Feb 13 10:58:43 RTObject_impl TRACE    : RTObject_impl.get_participating_contexts()
Feb 13 10:58:43 PeriodicExecutionContext TRACE    : PeriodicExecutionContext.get_component_state()
Feb 13 10:58:43 PeriodicExecutionContext TRACE    : PeriodicExecutionContext.is_running()
Feb 13 10:58:43 Configuration_impl TRACE    : Configuration_impl.get_configuration_sets()
Feb 13 10:58:43 Configuration_impl TRACE    : Configuration_impl.get_active_configuration_set()
Feb 13 10:58:43 PeriodicExecutionContext TRACE    : PeriodicExecutionContext.get_profile()
Feb 13 10:58:43 PeriodicExecutionContext TRACE    : PeriodicExecutionContext.is_running()
Feb 13 10:58:43 Manager TRACE    : Manager.shutdownOnNoRtcs()
Feb 13 10:58:43 Manager TRACE    : Manager.getComponents()
Feb 13 10:58:43 Manager VERBOSE  : Manager.cleanupComponents()
Feb 13 10:58:43 Manager VERBOSE  : 0 components are marked as finalized.
Feb 13 10:58:43 NamingManager TRACE    : NamingManager.update()
Feb 13 10:58:43 NamingOnCorba TRACE    : isAlive()
Feb 13 10:58:44 Manager VERBOSE  : Manager.cleanupComponents()
Feb 13 10:58:44 Manager VERBOSE  : 0 components are marked as finalized.
Feb 13 10:58:45 Manager VERBOSE  : Manager.cleanupComponents()
Feb 13 10:58:45 Manager VERBOSE  : 0 components are marked as finalized.
Feb 13 10:58:46 Manager VERBOSE  : Manager.cleanupComponents()
Feb 13 10:58:46 Manager VERBOSE  : 0 components are marked as finalized.
Feb 13 10:58:47 Manager VERBOSE  : Manager.cleanupComponents()
Feb 13 10:58:47 Manager VERBOSE  : 0 components are marked as finalized.
Feb 13 10:58:48 Manager VERBOSE  : Manager.cleanupComponents()
Feb 13 10:58:48 Manager VERBOSE  : 0 components are marked as finalized.
Feb 13 10:58:49 Manager VERBOSE  : Manager.cleanupComponents()
Feb 13 10:58:49 Manager VERBOSE  : 0 components are marked as finalized.
Feb 13 10:58:50 Manager VERBOSE  : Manager.cleanupComponents()
Feb 13 10:58:50 Manager VERBOSE  : 0 components are marked as finalized.
Feb 13 10:58:51 Manager VERBOSE  : Manager.cleanupComponents()
Feb 13 10:58:51 Manager VERBOSE  : 0 components are marked as finalized.
